Energy-E_F (eV)    DOS (1/eV)    PDOS (1/eV)  of atom type W  S  
     -4.99000     71.15480     23.50779     47.64701
     -4.98000     64.11679     22.00350     42.11329
     -4.97000     57.76926     20.62385     37.14542
     -4.96000     53.59279     19.07218     34.52061
     -4.95000     77.48670     26.62181     50.86489
     -4.94000     78.21325     28.47486     49.73839
     -4.93000    113.86699     42.92352     70.94347
     -4.92000    177.60521     65.54027    112.06494
     -4.91000    151.83378     55.30665     96.52713
     -4.90000     54.89350     20.60860     34.28491
     -4.89000     46.06014     17.10420     28.95594
     -4.88000     66.83965     21.40738     45.43227
     -4.87000     84.35193     27.94227     56.40966
     -4.86000     62.29590     23.12328     39.17262
     -4.85000     66.67942     25.70915     40.97027
     -4.84000    140.76876     52.66906     88.09970
     -4.83000    238.70437     86.67103    152.03334
     -4.82000    186.78535     68.28464    118.50072
     -4.81000    164.98662     60.45939    104.52723
     -4.80000    156.38428     56.61986     99.76442
     -4.79000    219.93088     78.98054    140.95033
     -4.78000    357.61127    130.93967    226.67160
     -4.77000    441.95276    167.35820    274.59456
     -4.76000    332.14814    125.65599    206.49215
     -4.75000    272.61942     98.40639    174.21303
     -4.74000    243.39795     84.92899    158.46896
     -4.73000    191.80253     67.26015    124.54238
     -4.72000    175.23256     62.24177    112.99079
     -4.71000    207.31234     74.09748    133.21486
     -4.70000    167.04552     60.93837    106.10715
     -4.69000    158.60139     59.31175     99.28964
     -4.68000    217.33037     80.06088    137.26950
     -4.67000    238.94204     84.83842    154.10363
     -4.66000    224.86220     79.26083    145.60137
     -4.65000    261.90077     96.19564    165.70513
     -4.64000    260.04839     97.54637    162.50202
     -4.63000    203.17383     74.01317    129.16066
     -4.62000    161.24136     58.36561    102.87576
     -4.61000    234.56066     82.98237    151.57830
     -4.60000    265.82375     94.80855    171.01521
     -4.59000    288.47236    104.71748    183.75488
     -4.58000    256.50948     93.65009    162.85938
     -4.57000    277.53498     98.51267    179.02231
     -4.56000    293.99470    103.82534    190.16936
     -4.55000    248.35246     92.45389    155.89857
     -4.54000    272.36671    106.66457    165.70215
     -4.53000    327.15771    133.48960    193.66810
     -4.52000    575.24007    237.26736    337.97271
     -4.51000    697.16477    281.46152    415.70324
     -4.50000    685.71506    274.73322    410.98183
     -4.49000    707.93594    285.01691    422.91903
     -4.48000    560.32714    225.72076    334.60638
     -4.47000    444.49313    177.06683    267.42629
     -4.46000    426.71027    171.37564    255.33463
     -4.45000    358.79046    144.81131    213.97914
     -4.44000    283.78272    108.65569    175.12703
     -4.43000    399.07529    148.77882    250.29648
     -4.42000    357.57952    132.85403    224.72549
     -4.41000    438.26646    163.07140    275.19505
     -4.40000    470.64130    175.43945    295.20185
     -4.39000    317.24554    118.26087    198.98467
     -4.38000    242.43974     91.23438    151.20536
     -4.37000    287.64959    109.44863    178.20095
     -4.36000    330.75297    124.61615    206.13682
     -4.35000    365.94181    134.73981    231.20201
     -4.34000    385.33180    140.99415    244.33765
     -4.33000    276.08820    101.06545    175.02275
     -4.32000    136.69175     51.57262     85.11914
     -4.31000    149.19027     55.77130     93.41896
     -4.30000    180.69905     66.43894    114.26011
     -4.29000    189.82949     70.72611    119.10337
     -4.28000    137.38834     53.02090     84.36744
     -4.27000    106.76491     40.98574     65.77917
     -4.26000    150.34014     58.19224     92.14790
     -4.25000    121.65818     46.52837     75.12982
     -4.24000     89.83729     33.15338     56.68391
     -4.23000     88.27559     34.46612     53.80947
     -4.22000     57.89991     22.83800     35.06191
     -4.21000     55.72292     21.54988     34.17304
     -4.20000     68.30242     28.16155     40.14088
     -4.19000     84.08652     37.91252     46.17400
     -4.18000     54.02976     24.71496     29.31480
     -4.17000     48.76516     20.83021     27.93495
     -4.16000     65.53907     25.45869     40.08038
     -4.15000    100.15993     39.75904     60.40089
     -4.14000    102.13383     43.50138     58.63245
     -4.13000     67.41543     32.13417     35.28126
     -4.12000     38.50394     18.87920     19.62474
     -4.11000     88.94816     41.35884     47.58932
     -4.10000     93.34750     45.21867     48.12883
     -4.09000     25.24422     11.89097     13.35325
     -4.08000     58.40110     23.33885     35.06225
     -4.07000     97.23364     39.35121     57.88243
     -4.06000    157.30678     62.99983     94.30695
     -4.05000    124.00946     49.74275     74.26671
     -4.04000     74.17245     29.70761     44.46484
     -4.03000     87.35645     36.19495     51.16150
     -4.02000     65.40969     24.28006     41.12963
     -4.01000     32.01754     10.92229     21.09525
     -4.00000      3.92352      1.32197      2.60155
     -3.99000      3.95877      1.20303      2.75574
     -3.98000     34.64850     10.66195     23.98655
     -3.97000     85.35367     27.49041     57.86325
     -3.96000    150.76492     51.20971     99.55520
     -3.95000    152.37000     54.63125     97.73875
     -3.94000    104.32999     39.47486     64.85513
     -3.93000     99.63689     41.06421     58.57268
     -3.92000    144.06514     60.52455     83.54059
     -3.91000     73.66361     31.59025     42.07336
     -3.90000     54.31584     18.11766     36.19818
     -3.89000     73.74093     22.42655     51.31438
     -3.88000     64.19107     20.48572     43.70535
     -3.87000    121.35846     42.36155     78.99690
     -3.86000    149.95961     53.67181     96.28779
     -3.85000    132.31242     46.35646     85.95596
     -3.84000     87.63700     32.63411     55.00289
     -3.83000     92.96704     40.20929     52.75775
     -3.82000     62.56514     28.64629     33.91885
     -3.81000     78.37262     27.78388     50.58874
     -3.80000    112.31605     37.48351     74.83254
     -3.79000     33.70101     11.40454     22.29647
     -3.78000     63.53626     21.92842     41.60784
     -3.77000    183.63782     66.03842    117.59940
     -3.76000    170.78942     59.69755    111.09187
     -3.75000    127.15439     39.91116     87.24323
     -3.74000     72.64651     24.32610     48.32041
     -3.73000    106.30993     46.88325     59.42669
     -3.72000    102.36704     47.85620     54.51084
     -3.71000     31.13393     12.20253     18.93140
     -3.70000     97.50889     28.28977     69.21912
     -3.69000    232.76400     73.46397    159.30002
     -3.68000    315.90757    103.84495    212.06262
     -3.67000    300.49371     98.94563    201.54808
     -3.66000    225.53549     72.36177    153.17373
     -3.65000    211.75916     66.57781    145.18136
     -3.64000    241.40249     79.45321    161.94928
     -3.63000    364.06827    127.28619    236.78208
     -3.62000    357.43518    130.46311    226.97207
     -3.61000    260.61684     86.09015    174.52669
     -3.60000    320.61912    100.25719    220.36192
     -3.59000    467.04906    137.50816    329.54091
     -3.58000    548.23339    160.11456    388.11883
     -3.57000    408.75046    128.10232    280.64814
     -3.56000    319.56740    106.57161    212.99579
     -3.55000    556.98153    192.08726    364.89427
     -3.54000    808.38033    285.63069    522.74963
     -3.53000    611.92784    223.01778    388.91007
     -3.52000    544.56987    201.87928    342.69058
     -3.51000    597.13159    212.82792    384.30367
     -3.50000    781.63513    281.70234    499.93279
     -3.49000    638.42321    255.59769    382.82552
     -3.48000    386.23060    156.27443    229.95617
     -3.47000    312.06525    115.05176    197.01348
     -3.46000    324.14438    114.54765    209.59673
     -3.45000    290.59837    102.03000    188.56837
     -3.44000    290.59771    115.36480    175.23291
     -3.43000    365.28501    153.69847    211.58654
     -3.42000    339.99694    133.86185    206.13509
     -3.41000    267.25364     92.03099    175.22265
     -3.40000    222.62929     66.98242    155.64687
     -3.39000    255.15389     88.01145    167.14244
     -3.38000    245.33417     96.05701    149.27715
     -3.37000    267.52367     87.51406    180.00961
     -3.36000    261.16920     82.78383    178.38537
     -3.35000    220.85059     77.42420    143.42639
     -3.34000    208.98715     79.70826    129.27889
     -3.33000    260.09323    107.78187    152.31137
     -3.32000    283.41656    123.13306    160.28350
     -3.31000    234.91425    103.64608    131.26817
     -3.30000    171.37804     66.18714    105.19090
     -3.29000    181.07634     58.87626    122.20008
     -3.28000    129.64033     43.67283     85.96749
     -3.27000    128.45500     53.78461     74.67039
     -3.26000    138.34933     67.33124     71.01808
     -3.25000    185.93245     93.52888     92.40358
     -3.24000    136.47755     65.63459     70.84296
     -3.23000     99.95931     40.87538     59.08393
     -3.22000     95.23290     36.58048     58.65242
     -3.21000     82.89031     31.59651     51.29380
     -3.20000    156.84892     62.07915     94.76977
     -3.19000    147.23523     60.26541     86.96983
     -3.18000    119.26230     56.25452     63.00778
     -3.17000    150.41648     74.91711     75.49937
     -3.16000    181.73722     84.77970     96.95752
     -3.15000    127.25202     56.39236     70.85966
     -3.14000    111.20798     45.14575     66.06223
     -3.13000    191.46014     77.18589    114.27425
     -3.12000    188.68371     71.69176    116.99195
     -3.11000    179.96122     65.26844    114.69279
     -3.10000    127.48341     51.13410     76.34931
     -3.09000    103.97011     38.79460     65.17551
     -3.08000    121.05855     43.83819     77.22035
     -3.07000    125.63520     50.04229     75.59292
     -3.06000    120.09654     50.36801     69.72853
     -3.05000    122.73154     46.86154     75.87000
     -3.04000     89.98117     34.74885     55.23232
     -3.03000     56.37502     22.84302     33.53200
     -3.02000     81.22036     38.14880     43.07156
     -3.01000    100.84639     45.49556     55.35083
     -3.00000    113.00031     47.12861     65.87170
     -2.99000    114.93241     48.23687     66.69554
     -2.98000     97.97472     44.39896     53.57576
     -2.97000    179.19564     85.12853     94.06711
     -2.96000    193.04905     89.06798    103.98108
     -2.95000    158.14462     71.26154     86.88308
     -2.94000     84.94204     37.56960     47.37244
     -2.93000    113.34424     51.14607     62.19817
     -2.92000    126.16487     54.23508     71.92978
     -2.91000    151.94019     67.57637     84.36382
     -2.90000    142.33843     61.28889     81.04954
     -2.89000    100.82074     43.29476     57.52597
     -2.88000    162.48057     72.31131     90.16925
     -2.87000    187.56755     68.46922    119.09833
     -2.86000    293.35667     86.16031    207.19636
     -2.85000    227.11297     73.96238    153.15059
     -2.84000    190.25631     85.46123    104.79508
     -2.83000    244.27525    102.19248    142.08278
     -2.82000    204.55582     73.23242    131.32340
     -2.81000     76.13440     27.98377     48.15064
     -2.80000     64.44203     28.41586     36.02616
     -2.79000     97.87569     47.42939     50.44630
     -2.78000    145.24560     73.13053     72.11507
     -2.77000    204.41350     96.00729    108.40621
     -2.76000    204.68745     87.43046    117.25699
     -2.75000    119.88167     48.86157     71.02010
     -2.74000    112.29886     53.77176     58.52710
     -2.73000     96.85226     48.24315     48.60911
     -2.72000    117.89300     52.90331     64.98969
     -2.71000     96.36402     38.36548     57.99854
     -2.70000    150.81401     64.22537     86.58864
     -2.69000    246.83997    111.16936    135.67061
     -2.68000    142.88413     61.96403     80.92010
     -2.67000     20.05633      8.38263     11.67370
     -2.66000     29.80497     13.99425     15.81071
     -2.65000    105.92234     50.23511     55.68723
     -2.64000    133.22483     63.14959     70.07524
     -2.63000    154.12418     68.94282     85.18136
     -2.62000    137.44837     50.99255     86.45582
     -2.61000    168.90329     63.13342    105.76988
     -2.60000    331.83678    121.91085    209.92593
     -2.59000    277.27401     90.20311    187.07090
     -2.58000    132.98824     51.01911     81.96913
     -2.57000    113.89304     55.39638     58.49666
     -2.56000    124.06784     59.52864     64.53920
     -2.55000    104.46821     49.26767     55.20054
     -2.54000     92.13889     42.71358     49.42530
     -2.53000     67.86671     29.96065     37.90606
     -2.52000     64.59003     28.04550     36.54454
     -2.51000    163.61993     69.60318     94.01675
     -2.50000    311.35216    131.35772    179.99444
     -2.49000    222.30349     96.37748    125.92601
     -2.48000    158.16331     72.98090     85.18240
     -2.47000     93.38950     41.86388     51.52562
     -2.46000    141.15941     55.22464     85.93477
     -2.45000    189.03171     71.42447    117.60724
     -2.44000     92.70902     38.17066     54.53836
     -2.43000     55.17502     24.35169     30.82334
     -2.42000     87.26930     33.98491     53.28439
     -2.41000    110.40097     41.33250     69.06847
     -2.40000    182.62124     69.52961    113.09164
     -2.39000    416.88429    158.52891    258.35538
     -2.38000    365.50640    136.18909    229.31731
     -2.37000    311.18678    104.72918    206.45760
     -2.36000    299.29130     96.16386    203.12744
     -2.35000    281.08562     94.29595    186.78967
     -2.34000    348.13613    112.37164    235.76449
     -2.33000    474.24265    150.85970    323.38295
     -2.32000    338.48839    107.57059    230.91780
     -2.31000    229.20404     79.90708    149.29696
     -2.30000    271.88402     92.34984    179.53418
     -2.29000    219.74864     73.55519    146.19345
     -2.28000    198.73280     67.49370    131.23911
     -2.27000    220.39749     59.73986    160.65763
     -2.26000    147.60044     36.58614    111.01430
     -2.25000     85.71054     30.22509     55.48546
     -2.24000    153.75249     58.22539     95.52710
     -2.23000    306.58691    108.75413    197.83278
     -2.22000    392.22591    129.71799    262.50792
     -2.21000    376.77344    111.18034    265.59310
     -2.20000    354.14479    101.13770    253.00709
     -2.19000    380.82227    103.04544    277.77682
     -2.18000    401.91426     94.75867    307.15560
     -2.17000    484.69967    104.99699    379.70269
     -2.16000    610.82084    121.00594    489.81490
     -2.15000    556.43688    106.22262    450.21426
     -2.14000    419.05401     78.92548    340.12853
     -2.13000    351.33480     66.85593    284.47887
     -2.12000    285.42690     59.12530    226.30161
     -2.11000    385.78269     79.33347    306.44922
     -2.10000    459.54041     90.56748    368.97293
     -2.09000    356.93328     79.23571    277.69758
     -2.08000    318.25333     84.02170    234.23163
     -2.07000    370.51050     92.12626    278.38424
     -2.06000    488.69027    111.14421    377.54606
     -2.05000    368.66853     90.69949    277.96904
     -2.04000    196.95388     49.39741    147.55647
     -2.03000    206.33022     47.15541    159.17481
     -2.02000    233.72274     47.69286    186.02988
     -2.01000    256.10138     49.04291    207.05848
     -2.00000    325.20350     66.51157    258.69193
     -1.99000    329.53879     72.17174    257.36705
     -1.98000    249.86760     54.19252    195.67507
     -1.97000    221.39541     48.50976    172.88565
     -1.96000    216.50412     64.52397    151.98015
     -1.95000    298.04844     94.43312    203.61533
     -1.94000    218.50973     56.16013    162.34960
     -1.93000    183.30922     38.80823    144.50099
     -1.92000    258.32246     55.90583    202.41663
     -1.91000    279.95678     57.31849    222.63829
     -1.90000    244.24449     41.79233    202.45216
     -1.89000    267.92350     45.80594    222.11756
     -1.88000    212.48205     40.46493    172.01712
     -1.87000    208.69328     44.51753    164.17576
     -1.86000    299.87264     68.86393    231.00871
     -1.85000    363.69755     80.23827    283.45928
     -1.84000    311.98929     63.07913    248.91016
     -1.83000    179.91836     37.67529    142.24307
     -1.82000    141.79723     29.68006    112.11718
     -1.81000    134.31894     24.48515    109.83378
     -1.80000    123.30532     27.03138     96.27394
     -1.79000    206.84151     47.32456    159.51694
     -1.78000    189.23485     39.62015    149.61470
     -1.77000    197.83470     46.02364    151.81106
     -1.76000    222.11368     45.74066    176.37302
     -1.75000    208.68142     34.09065    174.59078
     -1.74000    159.38607     26.17274    133.21333
     -1.73000    149.58553     29.21200    120.37353
     -1.72000    177.35689     37.00500    140.35190
     -1.71000    189.00051     43.21541    145.78511
     -1.70000    230.54247     41.69876    188.84372
     -1.69000    244.61090     38.67011    205.94079
     -1.68000    230.02164     41.38487    188.63678
     -1.67000    185.47989     35.13405    150.34584
     -1.66000    131.05453     24.66507    106.38946
     -1.65000    175.11546     35.02733    140.08813
     -1.64000    187.59918     39.70015    147.89903
     -1.63000    153.21200     30.92546    122.28654
     -1.62000    179.84461     27.00822    152.83640
     -1.61000    187.22880     24.96210    162.26670
     -1.60000    203.55779     35.60717    167.95062
     -1.59000    254.34476     42.75181    211.59296
     -1.58000    193.00968     28.65617    164.35351
     -1.57000     69.62746      9.59559     60.03187
     -1.56000     97.09824     18.15881     78.93943
     -1.55000    206.96278     36.56083    170.40195
     -1.54000    255.34713     41.03861    214.30852
     -1.53000    221.14332     34.17087    186.97245
     -1.52000    210.93394     30.81406    180.11988
     -1.51000    226.15224     33.17726    192.97498
     -1.50000    192.66207     27.95611    164.70596
     -1.49000    283.82194     43.99857    239.82337
     -1.48000    286.74970     43.88964    242.86005
     -1.47000    270.76858     38.97328    231.79530
     -1.46000    268.21153     40.13465    228.07687
     -1.45000    282.74743     44.15876    238.58867
     -1.44000    299.46494     44.77111    254.69383
     -1.43000    177.83536     24.83701    152.99835
     -1.42000    135.02877     15.83683    119.19193
     -1.41000    212.80536     26.76370    186.04166
     -1.40000    269.45986     33.04013    236.41973
     -1.39000    244.27196     28.03701    216.23496
     -1.38000    204.50789     25.09637    179.41152
     -1.37000    157.20710     20.34752    136.85958
     -1.36000    125.08932     14.25236    110.83696
     -1.35000    153.29958     17.02995    136.26962
     -1.34000     82.27695      9.13543     73.14152
     -1.33000     13.21381      1.44076     11.77305
     -1.32000      0.40643      0.04384      0.36259
     -1.31000      0.04434      0.03138      0.01296
     -1.30000      2.63937      1.94010      0.69927
     -1.29000     24.54403     18.04084      6.50319
     -1.28000     36.09205     26.50798      9.58407
     -1.27000     22.47262     16.12996      6.34265
     -1.26000     51.75638     36.45319     15.30319
     -1.25000     88.88734     61.76246     27.12487
     -1.24000    111.90614     78.19631     33.70983
     -1.23000    122.82870     84.94138     37.88731
     -1.22000     83.41052     55.94570     27.46482
     -1.21000     20.07321     13.28540      6.78781
     -1.20000      3.09317      2.11091      0.98226
     -1.19000     37.95604     26.21300     11.74304
     -1.18000    134.82549     92.22975     42.59574
     -1.17000    104.38995     70.74611     33.64385
     -1.16000     92.06142     63.34163     28.71979
     -1.15000    165.62756    113.34875     52.27881
     -1.14000    123.80835     83.25293     40.55542
     -1.13000     50.27145     33.35716     16.91429
     -1.12000     57.74845     36.24465     21.50380
     -1.11000     69.58813     43.66478     25.92335
     -1.10000     65.32929     43.98041     21.34889
     -1.09000    147.97656    102.39534     45.58122
     -1.08000    184.51847    126.57650     57.94197
     -1.07000    146.06347     99.00581     47.05766
     -1.06000    101.18251     64.67008     36.51242
     -1.05000    156.46652     96.12237     60.34415
     -1.04000    153.96672     95.30664     58.66007
     -1.03000    136.58106     88.30009     48.28096
     -1.02000    161.79725    110.85025     50.94700
     -1.01000    214.70688    147.66816     67.03872
     -1.00000    227.61210    154.05573     73.55637
     -0.99000    157.94061    102.99912     54.94149
     -0.98000    145.79578     93.42309     52.37269
     -0.97000    224.63622    148.85858     75.77764
     -0.96000    249.07151    170.75889     78.31262
     -0.95000    188.97715    130.26118     58.71597
     -0.94000    219.35648    145.22676     74.12972
     -0.93000    315.79261    207.18082    108.61180
     -0.92000    268.73008    178.72780     90.00228
     -0.91000    249.72623    174.99877     74.72747
     -0.90000    344.49019    244.34969    100.14050
     -0.89000    335.01444    236.22862     98.78583
     -0.88000    291.16804    201.11884     90.04920
     -0.87000    261.50231    177.06162     84.44069
     -0.86000    261.67940    178.91122     82.76818
     -0.85000    222.05932    152.77519     69.28413
     -0.84000    203.25544    139.85320     63.40224
     -0.83000    256.87910    174.48232     82.39678
     -0.82000    318.60629    213.35272    105.25357
     -0.81000    306.04968    210.14917     95.90051
     -0.80000    245.54891    167.79644     77.75247
     -0.79000    236.48703    160.44219     76.04484
     -0.78000    179.13601    122.42520     56.71081
     -0.77000     99.99927     67.41558     32.58368
     -0.76000     99.86729     66.69308     33.17421
     -0.75000    128.32210     87.36763     40.95448
     -0.74000    188.77777    129.31293     59.46484
     -0.73000    247.98251    168.11183     79.87068
     -0.72000    342.60447    237.44435    105.16012
     -0.71000    232.21238    164.56091     67.65146
     -0.70000     47.91042     34.24122     13.66920
     -0.69000     37.70264     25.23643     12.46622
     -0.68000    163.28182    110.47118     52.81063
     -0.67000    208.00642    142.39737     65.60905
     -0.66000    165.68492    113.05250     52.63242
     -0.65000    170.78821    116.37829     54.40992
     -0.64000    205.17474    143.19628     61.97846
     -0.63000    192.15869    135.31605     56.84265
     -0.62000     90.28860     63.41050     26.87810
     -0.61000    119.29654     83.99372     35.30281
     -0.60000    118.22903     82.94905     35.27998
     -0.59000    117.98290     82.00762     35.97528
     -0.58000    137.47631     96.08728     41.38903
     -0.57000     99.36822     71.31866     28.04956
     -0.56000    150.68132    109.15966     41.52166
     -0.55000    253.31207    184.50425     68.80782
     -0.54000    202.79444    147.86911     54.92534
     -0.53000     88.62673     62.56151     26.06522
     -0.52000    127.73280     88.23540     39.49740
     -0.51000    103.35273     71.93306     31.41967
     -0.50000     69.35393     49.43021     19.92372
     -0.49000     76.65713     55.61511     21.04202
     -0.48000     72.06692     52.53154     19.53537
     -0.47000    107.99610     77.12819     30.86790
     -0.46000    128.83006     91.40189     37.42817
     -0.45000    110.20920     81.23826     28.97094
     -0.44000     67.66576     51.65829     16.00746
     -0.43000     57.53267     41.92334     15.60933
     -0.42000    143.46620    102.80752     40.65868
     -0.41000    105.30252     75.18699     30.11553
     -0.40000    115.43822     81.92150     33.51673
     -0.39000    152.72904    108.85793     43.87111
     -0.38000    177.15289    127.83663     49.31626
     -0.37000     95.67869     70.48779     25.19090
     -0.36000     38.44521     29.51186      8.93336
     -0.35000     78.69102     61.16300     17.52802
     -0.34000     86.81266     67.81640     18.99626
     -0.33000     88.39091     67.94650     20.44441
     -0.32000     82.12531     57.84790     24.27742
     -0.31000    119.14160     83.30739     35.83421
     -0.30000     74.20029     53.07881     21.12148
     -0.29000     28.55370     20.63684      7.91686
     -0.28000     75.90758     54.76694     21.14063
     -0.27000    130.44139     94.35563     36.08577
     -0.26000     98.41389     70.73537     27.67852
     -0.25000     62.18805     43.37383     18.81422
     -0.24000     80.79378     55.92831     24.86548
     -0.23000    137.62202     99.57386     38.04817
     -0.22000    171.76177    125.70109     46.06068
     -0.21000     89.48055     64.72261     24.75794
     -0.20000     42.51164     30.62889     11.88276
     -0.19000     25.11426     17.39195      7.72231
     -0.18000     69.86515     47.74253     22.12262
     -0.17000    101.08021     73.64298     27.43723
     -0.16000     85.11957     65.26840     19.85118
     -0.15000     64.19065     46.13288     18.05777
     -0.14000     93.28360     67.29217     25.99144
     -0.13000     95.09591     71.26205     23.83386
     -0.12000     74.74225     54.34921     20.39304
     -0.11000     89.39394     59.71510     29.67884
     -0.10000     91.67220     60.66416     31.00804
     -0.09000     69.54988     48.14684     21.40304
     -0.08000     92.61922     71.25261     21.36660
     -0.07000     89.27710     65.63365     23.64345
     -0.06000     65.33761     43.45717     21.88044
     -0.05000     47.05666     30.86457     16.19209
     -0.04000     78.03196     52.14503     25.88693
     -0.03000    127.85852     88.84221     39.01631
     -0.02000     76.21815     52.81709     23.40105
     -0.01000     58.21251     37.86128     20.35123
     -0.00000     53.98787     34.78467     19.20320
      0.01000     17.09172     10.99634      6.09538
      0.02000      1.23300      0.79287      0.44013
      0.03000      0.01450      0.00933      0.00518
      0.04000      0.00002      0.00002      0.00001
      0.05000      0.00000      0.00000      0.00000
      0.06000      0.00000      0.00000      0.00000
      0.07000      0.00000      0.00000      0.00000
      0.08000      0.00000      0.00000      0.00000
      0.09000      0.00000      0.00000      0.00000
      0.10000      0.00000      0.00000      0.00000
      0.11000      0.00000      0.00000      0.00000
      0.12000      0.00000      0.00000      0.00000
      0.13000      0.00000      0.00000      0.00000
      0.14000      0.00000      0.00000      0.00000
      0.15000      0.00000      0.00000      0.00000
      0.16000      0.00000      0.00000      0.00000
      0.17000      0.00000      0.00000      0.00000
      0.18000      0.00000      0.00000      0.00000
      0.19000      0.00000      0.00000      0.00000
      0.20000      0.00000      0.00000      0.00000
      0.21000      0.00000      0.00000      0.00000
      0.22000      0.00000      0.00000      0.00000
      0.23000      0.00000      0.00000      0.00000
      0.24000      0.00000      0.00000      0.00000
      0.25000      0.00000      0.00000      0.00000
      0.26000      0.00000      0.00000      0.00000
      0.27000      0.00000      0.00000      0.00000
      0.28000      0.00000      0.00000      0.00000
      0.29000      0.00000      0.00000      0.00000
      0.30000      0.00000      0.00000      0.00000
      0.31000      0.00000      0.00000      0.00000
      0.32000      0.00000      0.00000      0.00000
      0.33000      0.00000      0.00000      0.00000
      0.34000      0.00000      0.00000      0.00000
      0.35000      0.00000      0.00000      0.00000
      0.36000      0.00000      0.00000      0.00000
      0.37000      0.00000      0.00000      0.00000
      0.38000      0.00000      0.00000      0.00000
      0.39000      0.00000      0.00000      0.00000
      0.40000      0.00000      0.00000      0.00000
      0.41000      0.00000      0.00000      0.00000
      0.42000      0.00000      0.00000      0.00000
      0.43000      0.00000      0.00000      0.00000
      0.44000      0.00000      0.00000      0.00000
      0.45000      0.00000      0.00000      0.00000
      0.46000      0.00000      0.00000      0.00000
      0.47000      0.00000      0.00000      0.00000
      0.48000      0.00000      0.00000      0.00000
      0.49000      0.00000      0.00000      0.00000
      0.50000      0.00000      0.00000      0.00000
      0.51000      0.00000      0.00000      0.00000
      0.52000      0.00000      0.00000      0.00000
      0.53000      0.00000      0.00000      0.00000
      0.54000      0.00000      0.00000      0.00000
      0.55000      0.00000      0.00000      0.00000
      0.56000      0.00000      0.00000      0.00000
      0.57000      0.00000      0.00000      0.00000
      0.58000      0.00000      0.00000      0.00000
      0.59000      0.00000      0.00000      0.00000
      0.60000      0.00000      0.00000      0.00000
      0.61000      0.00000      0.00000      0.00000
      0.62000      0.00000      0.00000      0.00000
      0.63000      0.00000      0.00000      0.00000
      0.64000      0.00000      0.00000      0.00000
      0.65000      0.00000      0.00000      0.00000
      0.66000      0.00000      0.00000      0.00000
      0.67000      0.00000      0.00000      0.00000
      0.68000      0.00000      0.00000      0.00000
      0.69000      0.00000      0.00000      0.00000
      0.70000      0.00000      0.00000      0.00000
      0.71000      0.00000      0.00000      0.00000
      0.72000      0.00000      0.00000      0.00000
      0.73000      0.00000      0.00000      0.00000
      0.74000      0.00000      0.00000      0.00000
      0.75000      0.00000      0.00000      0.00000
      0.76000      0.00000      0.00000      0.00000
      0.77000      0.00000      0.00000      0.00000
      0.78000      0.00000      0.00000      0.00000
      0.79000      0.00000      0.00000      0.00000
      0.80000      0.00000      0.00000      0.00000
      0.81000      0.00000      0.00000      0.00000
      0.82000      0.00000      0.00000      0.00000
      0.83000      0.00000      0.00000      0.00000
      0.84000      0.00000      0.00000      0.00000
      0.85000      0.00000      0.00000      0.00000
      0.86000      0.00000      0.00000      0.00000
      0.87000      0.00000      0.00000      0.00000
      0.88000      0.00000      0.00000      0.00000
      0.89000      0.00000      0.00000      0.00000
      0.90000      0.00000      0.00000      0.00000
      0.91000      0.00000      0.00000      0.00000
      0.92000      0.00000      0.00000      0.00000
      0.93000      0.00000      0.00000      0.00000
      0.94000      0.00000      0.00000      0.00000
      0.95000      0.00000      0.00000      0.00000
      0.96000      0.00000      0.00000      0.00000
      0.97000      0.00000      0.00000      0.00000
      0.98000      0.00000      0.00000      0.00000
      0.99000      0.00000      0.00000      0.00000
      1.00000      0.00000      0.00000      0.00000
      1.01000      0.00000      0.00000      0.00000
      1.02000      0.00000      0.00000      0.00000
      1.03000      0.00000      0.00000      0.00000
      1.04000      0.00000      0.00000      0.00000
      1.05000      0.00000      0.00000      0.00000
      1.06000      0.00000      0.00000      0.00000
      1.07000      0.00000      0.00000      0.00000
      1.08000      0.00000      0.00000      0.00000
      1.09000      0.00000      0.00000      0.00000
      1.10000      0.00000      0.00000      0.00000
      1.11000      0.00000      0.00000      0.00000
      1.12000      0.00000      0.00000      0.00000
      1.13000      0.00000      0.00000      0.00000
      1.14000      0.00000      0.00000      0.00000
      1.15000      0.00000      0.00000      0.00000
      1.16000      0.00000      0.00000      0.00000
      1.17000      0.00000      0.00000      0.00000
      1.18000      0.00000      0.00000      0.00000
      1.19000      0.00000      0.00000      0.00000
      1.20000      0.00000      0.00000      0.00000
      1.21000      0.00000      0.00000      0.00000
      1.22000      0.00000      0.00000      0.00000
      1.23000      0.00000      0.00000      0.00000
      1.24000      0.00000      0.00000      0.00000
      1.25000      0.00000      0.00000      0.00000
      1.26000      0.00000      0.00000      0.00000
      1.27000      0.00000      0.00000      0.00000
      1.28000      0.00000      0.00000      0.00000
      1.29000      0.00000      0.00000      0.00000
      1.30000      0.00000      0.00000      0.00000
      1.31000      0.00005      0.00004      0.00002
      1.32000      0.03745      0.02710      0.01035
      1.33000      3.51214      2.54117      0.97097
      1.34000     46.87913     33.91729     12.96183
      1.35000    115.67640     83.67915     31.99725
      1.36000     95.10252     68.77912     26.32340
      1.37000     20.91213     15.12239      5.78974
      1.38000      0.72823      0.52660      0.20163
      1.39000      0.00351      0.00254      0.00097
      1.40000      0.00000      0.00000      0.00000
      1.41000      0.00000      0.00000      0.00000
      1.42000      0.00000      0.00000      0.00000
      1.43000      0.00000      0.00000      0.00000
      1.44000      0.00000      0.00000      0.00000
      1.45000      0.00000      0.00000      0.00000
      1.46000      0.00000      0.00000      0.00000
      1.47000      0.00000      0.00000      0.00000
      1.48000      0.00000      0.00000      0.00000
      1.49000      0.00000      0.00000      0.00000
      1.50000      0.00000      0.00000      0.00000
      1.51000      0.00000      0.00000      0.00000
      1.52000      0.00000      0.00000      0.00000
      1.53000      0.00000      0.00000      0.00000
      1.54000      0.00000      0.00000      0.00000
      1.55000      0.00000      0.00000      0.00000
      1.56000      0.00000      0.00000      0.00000
      1.57000      0.00000      0.00000      0.00000
      1.58000      0.00000      0.00000      0.00000
      1.59000      0.00000      0.00000      0.00000
      1.60000      0.00000      0.00000      0.00000
      1.61000      0.00000      0.00000      0.00000
      1.62000      0.00000      0.00000      0.00000
      1.63000      0.00000      0.00000      0.00000
      1.64000      0.00000      0.00000      0.00000
      1.65000      0.00000      0.00000      0.00000
      1.66000      0.00000      0.00000      0.00000
      1.67000      0.00000      0.00000      0.00000
      1.68000      0.00000      0.00000      0.00000
      1.69000      0.00000      0.00000      0.00000
      1.70000      0.00000      0.00000      0.00000
      1.71000      0.00000      0.00000      0.00000
      1.72000      0.00000      0.00000      0.00000
      1.73000      0.00000      0.00000      0.00000
      1.74000      0.00000      0.00000      0.00000
      1.75000      0.00000      0.00000      0.00000
      1.76000      0.00000      0.00000      0.00000
      1.77000      0.00000      0.00000      0.00000
      1.78000      0.00000      0.00000      0.00000
      1.79000      0.00000      0.00000      0.00000
      1.80000      0.00000      0.00000      0.00000
      1.81000      0.00000      0.00000      0.00000
      1.82000      0.00000      0.00000      0.00000
      1.83000      0.00000      0.00000      0.00000
      1.84000      0.00000      0.00000      0.00000
      1.85000      0.00001      0.00001      0.00000
      1.86000      0.00683      0.00620      0.00064
      1.87000      0.77505      0.70294      0.07211
      1.88000     13.18975     11.96294      1.22681
      1.89000     37.00564     33.56514      3.44050
      1.90000     18.21112     16.51875      1.69236
      1.91000      1.50294      1.36332      0.13963
      1.92000      0.01891      0.01715      0.00176
      1.93000      0.00748      0.00674      0.00074
      1.94000      0.95444      0.86025      0.09420
      1.95000     19.41682     17.49472      1.92210
      1.96000     69.10829     62.24379      6.86450
      1.97000     46.16065     41.55954      4.60110
      1.98000      5.65754      5.09174      0.56579
      1.99000      0.11597      0.10434      0.01163
      2.00000      0.02116      0.01883      0.00233
      2.01000      1.68771      1.50113      0.18658
      2.02000     22.77374     20.23052      2.54322
      2.03000     63.63714     56.36753      7.26961
      2.04000     45.20004     39.88316      5.31688
      2.05000      9.99763      8.00266      1.99497
      2.06000     38.97699     19.85722     19.11977
      2.07000    115.45357     59.82862     55.62495
      2.08000     93.41159     59.63907     33.77252
      2.09000    137.09798     94.59635     42.50163
      2.10000    205.66331    114.92321     90.74011
      2.11000    169.61916     86.84964     82.76952
      2.12000    125.76976     61.81688     63.95288
      2.13000    137.95101     67.79478     70.15623
      2.14000    102.17889     53.49341     48.68548
      2.15000    199.82289    110.51546     89.30743
      2.16000    193.25207    106.91019     86.34187
      2.17000    127.92519     68.07021     59.85498
      2.18000    159.72466     88.04155     71.68310
      2.19000    130.29081     88.76041     41.53041
      2.20000    113.35783     71.54855     41.80928
      2.21000    152.53702     76.44649     76.09053
      2.22000    243.58907    123.49115    120.09792
      2.23000    242.04923    128.10624    113.94299
      2.24000    254.50453    145.12932    109.37521
      2.25000    199.69734    120.17110     79.52625
      2.26000    169.66710     88.26525     81.40185
      2.27000    201.35304    100.19559    101.15744
      2.28000    187.70279     92.95132     94.75147
      2.29000    182.58995    101.62528     80.96466
      2.30000    211.31110    128.40901     82.90209
      2.31000    168.03788     97.02636     71.01152
      2.32000    190.45380    108.31310     82.14070
      2.33000    395.61133    217.72913    177.88220
      2.34000    527.47135    266.37280    261.09855
      2.35000    248.56454    121.55926    127.00529
      2.36000    115.55266     58.19706     57.35560
      2.37000    156.65842     77.69687     78.96155
      2.38000    213.86126    105.60176    108.25950
      2.39000    199.26933    100.60058     98.66875
      2.40000    181.92807    102.42380     79.50426
      2.41000    280.47601    170.18647    110.28954
      2.42000    305.28019    181.60868    123.67151
      2.43000    245.02662    148.81608     96.21054
      2.44000    112.94200     68.40865     44.53335
      2.45000    154.79283     84.11704     70.67580
      2.46000    273.46331    151.35119    122.11212
      2.47000    170.25576    100.17598     70.07978
      2.48000    129.77983     83.65420     46.12563
      2.49000    165.65521     98.23146     67.42375
      2.50000    290.37738    174.57007    115.80730
      2.51000    361.78035    222.80091    138.97944
      2.52000    314.27438    191.56821    122.70616
      2.53000    276.34903    170.76199    105.58704
      2.54000    180.28528    112.93936     67.34592
      2.55000    162.25082    105.43652     56.81429
      2.56000    206.61353    128.86177     77.75175
      2.57000    207.46708    122.08889     85.37819
      2.58000    167.70793    106.35122     61.35671
      2.59000    144.01968     90.31378     53.70590
      2.60000     91.88019     54.78635     37.09384
      2.61000     65.50110     39.93928     25.56181
      2.62000    185.19289    122.80491     62.38798
      2.63000    279.27008    178.92806    100.34202
      2.64000    318.79807    200.96837    117.82970
      2.65000    377.25104    240.40567    136.84537
      2.66000    257.97509    159.67898     98.29610
      2.67000    311.20153    181.54081    129.66072
      2.68000    347.15489    196.73281    150.42208
      2.69000    248.90218    134.61969    114.28249
      2.70000    382.19496    215.34967    166.84529
      2.71000    573.99788    317.53953    256.45835
      2.72000    550.45317    301.76563    248.68754
      2.73000    414.58280    239.07431    175.50849
      2.74000    413.04432    272.19398    140.85034
      2.75000    417.80510    267.17480    150.63030
      2.76000    354.11791    210.28866    143.82925
      2.77000    390.09034    232.70689    157.38346
      2.78000    450.51091    272.71057    177.80034
      2.79000    458.68238    270.41205    188.27034
      2.80000    498.52623    282.55401    215.97222
      2.81000    630.57946    349.35090    281.22856
      2.82000    478.79983    276.67932    202.12051
      2.83000    324.67396    205.58467    119.08930
      2.84000    316.82284    200.24897    116.57388
      2.85000    434.43398    284.95259    149.48140
      2.86000    625.01312    411.02335    213.98978
      2.87000    677.52640    436.48414    241.04226
      2.88000    481.17253    301.89630    179.27623
      2.89000    276.77976    159.88988    116.88988
      2.90000    247.26487    136.07726    111.18761
      2.91000    323.33048    186.87205    136.45843
      2.92000    330.18661    192.90313    137.28348
      2.93000    313.52719    200.69971    112.82748
      2.94000    363.12009    252.77345    110.34664
      2.95000    411.10927    276.00941    135.09986
      2.96000    449.90347    291.01750    158.88597
      2.97000    314.91298    192.68295    122.23003
      2.98000    270.47877    165.22929    105.24948
      2.99000    327.29249    216.69095    110.60153
      3.00000    306.69674    199.74587    106.95088
      3.01000    350.15117    248.40061    101.75056
      3.02000    323.64988    242.45288     81.19700
      3.03000    330.48433    214.25896    116.22538
      3.04000    323.12307    209.40197    113.72109
      3.05000    278.55138    189.77788     88.77350
      3.06000    326.73302    223.95387    102.77915
      3.07000    380.54407    267.14834    113.39573
      3.08000    319.96096    242.56168     77.39928
      3.09000    227.76644    168.35006     59.41638
      3.10000    215.26946    143.61711     71.65235
      3.11000    227.87961    154.24265     73.63696
      3.12000    207.47021    146.21491     61.25530
      3.13000    202.25020    143.47459     58.77561
      3.14000    215.32371    147.79969     67.52401
      3.15000    169.96591    107.30620     62.65971
      3.16000    159.86555     93.57372     66.29184
      3.17000    145.29478     95.49480     49.79998
      3.18000    140.88806    100.68301     40.20506
      3.19000    201.01835    142.73487     58.28349
      3.20000    283.07341    199.11531     83.95810
      3.21000    248.83461    176.92706     71.90755
      3.22000    226.03355    165.41307     60.62048
      3.23000    185.96779    130.36006     55.60773
      3.24000    129.91066     92.71701     37.19365
      3.25000    169.54094    120.06311     49.47783
      3.26000    228.51207    147.58874     80.92332
      3.27000    271.38353    176.34058     95.04296
      3.28000    227.19315    157.50177     69.69138
      3.29000    340.59294    245.79892     94.79402
      3.30000    327.68484    234.53897     93.14586
      3.31000    208.89102    145.87109     63.01993
      3.32000    215.57104    147.95576     67.61529
      3.33000    226.12535    149.74660     76.37875
      3.34000    202.84033    136.37906     66.46127
      3.35000    184.48845    129.61263     54.87582
      3.36000    177.07159    124.59624     52.47535
      3.37000    138.50658     95.04310     43.46348
      3.38000    218.07071    160.09435     57.97636
      3.39000    335.71345    253.77115     81.94230
      3.40000    379.14261    278.64458    100.49803
      3.41000    457.73952    331.80907    125.93044
      3.42000    383.59514    274.37246    109.22268
      3.43000    273.74608    174.30308     99.44299
      3.44000    256.87714    146.96942    109.90771
      3.45000    250.00103    129.69678    120.30425
      3.46000    201.56617    104.60631     96.95986
      3.47000    269.09071    163.92793    105.16279
      3.48000    436.73410    279.27069    157.46341
      3.49000    388.10997    258.78296    129.32701
      3.50000    297.14127    182.75022    114.39104
      3.51000    290.86638    166.09431    124.77207
      3.52000    303.95498    165.76802    138.18696
      3.53000    382.84646    191.37778    191.46869
      3.54000    522.58449    251.67124    270.91324
      3.55000    427.90700    235.02996    192.87703
      3.56000    325.77735    214.86090    110.91645
      3.57000    349.50606    228.29660    121.20947
      3.58000    405.77254    268.41226    137.36027
      3.59000    371.95168    255.73113    116.22055
      3.60000    415.86795    270.57057    145.29738
      3.61000    370.18775    210.52002    159.66773
      3.62000    317.65711    175.21373    142.44338
      3.63000    276.24902    161.13464    115.11438
      3.64000    207.39049    112.73118     94.65930
      3.65000    167.47369     87.39182     80.08187
      3.66000     86.14616     45.68566     40.46050
      3.67000     79.27618     46.14083     33.13535
      3.68000    168.95943    103.07845     65.88098
      3.69000    179.87610    109.28602     70.59008
      3.70000    215.84105    113.20574    102.63531
      3.71000    271.83484    143.86325    127.97159
      3.72000    257.60097    148.46064    109.14033
      3.73000    284.85529    162.89562    121.95967
      3.74000    269.37764    156.52010    112.85754
      3.75000    184.56550    107.47821     77.08729
      3.76000    121.80192     69.76814     52.03378
      3.77000     65.46334     38.29756     27.16578
      3.78000     79.16436     48.64241     30.52195
      3.79000    153.88223     97.03917     56.84307
      3.80000    148.05900     86.78494     61.27406
      3.81000    138.79440     73.12640     65.66800
      3.82000    175.15171    100.40241     74.74930
      3.83000    208.85604    116.72033     92.13571
      3.84000    249.61920    135.44698    114.17222
      3.85000    311.24004    177.98449    133.25555
      3.86000    334.93706    192.00910    142.92796
      3.87000    322.93145    182.02429    140.90716
      3.88000    218.14890    125.65417     92.49473
      3.89000    197.99584    109.51101     88.48484
      3.90000    159.18501     85.94077     73.24425
      3.91000     72.76336     41.03446     31.72890
      3.92000     57.26049     31.95134     25.30915
      3.93000    142.88797     74.89321     67.99476
      3.94000    190.96363     96.80809     94.15554
      3.95000    146.94801     73.74715     73.20086
      3.96000     94.04999     48.63283     45.41716
      3.97000    162.45421     95.14862     67.30559
      3.98000    261.92737    149.42953    112.49784
      3.99000    190.92444    104.11332     86.81112
      4.00000    119.96672     69.18378     50.78294
      4.01000    104.38266     58.44228     45.94038
      4.02000    168.71775     89.58691     79.13084
      4.03000    247.37250    134.84212    112.53038
      4.04000    236.47144    133.32151    103.14993
      4.05000    244.38678    132.69325    111.69352
      4.06000    132.82052     72.52679     60.29374
      4.07000    143.16155     81.17336     61.98818
      4.08000    214.52309    123.74107     90.78202
      4.09000    212.95203    122.61440     90.33763
      4.10000    146.13656     83.79424     62.34233
      4.11000    143.55286     85.06323     58.48964
      4.12000    144.10551     79.75402     64.35149
      4.13000    127.80874     65.83063     61.97811
      4.14000     98.55089     48.72488     49.82601
      4.15000     96.43325     50.86402     45.56923
      4.16000    106.30059     58.13710     48.16348
      4.17000    149.83778     81.77238     68.06540
      4.18000    230.40520    115.90334    114.50186
      4.19000    234.32424    116.82998    117.49427
      4.20000    159.98892     79.87061     80.11831
      4.21000    120.30591     65.22646     55.07945
      4.22000    102.03676     55.12083     46.91592
      4.23000     80.89055     39.21665     41.67390
      4.24000     25.30385     11.92131     13.38254
      4.25000      6.34806      3.47761      2.87045
      4.26000     36.16224     20.46549     15.69675
      4.27000     64.11679     34.64744     29.46935
      4.28000     74.87797     37.59642     37.28155
      4.29000     80.39607     38.93914     41.45693
      4.30000     32.17420     15.29747     16.87673
      4.31000     56.18554     26.13270     30.05285
      4.32000     95.31966     44.01092     51.30874
      4.33000     81.59326     37.72044     43.87282
      4.34000    105.47336     49.83880     55.63456
      4.35000     87.20505     42.60701     44.59804
      4.36000     52.98880     26.57683     26.41198
      4.37000     68.87858     33.91735     34.96123
      4.38000    110.43289     54.46786     55.96504
      4.39000     37.07082     18.31790     18.75292
      4.40000      2.15016      1.05925      1.09091
      4.41000      3.19720      1.50576      1.69144
      4.42000     32.65522     15.32761     17.32762
      4.43000     81.89143     38.05148     43.83995
      4.44000     98.03665     45.12046     52.91619
      4.45000     66.63728     30.64485     35.99243
      4.46000     80.95727     37.71736     43.23991
      4.47000    153.32851     71.12962     82.19889
      4.48000    151.87112     70.07194     81.79918
      4.49000     49.24683     22.90370     26.34313
      4.50000     72.56720     35.47001     37.09719
      4.51000    106.27063     52.10047     54.17016
      4.52000     87.81475     41.95907     45.85568
      4.53000     62.03683     29.02374     33.01309
      4.54000     72.19010     33.91085     38.27925
      4.55000    128.91747     60.97503     67.94244
      4.56000    103.66778     49.22284     54.44494
      4.57000     96.48880     45.72819     50.76060
      4.58000    117.29262     56.08294     61.20968
      4.59000     94.36753     46.65682     47.71071
      4.60000     78.17171     37.99383     40.17789
      4.61000     78.21050     36.42049     41.79001
      4.62000     94.91509     43.54286     51.37223
      4.63000    150.70598     68.38597     82.32001
      4.64000    166.81274     74.62491     92.18783
      4.65000    179.72731     81.77246     97.95485
      4.66000    234.70852    111.45465    123.25387
      4.67000    243.84574    116.58544    127.26029
      4.68000    117.76165     55.71333     62.04832
      4.69000    152.74173     70.47205     82.26968
      4.70000    236.20453    108.52097    127.68355
      4.71000    165.52863     76.64212     88.88651
      4.72000    185.62738     87.43760     98.18978
      4.73000    308.76655    147.61900    161.14756
      4.74000    348.83212    165.41919    183.41293
      4.75000    304.60526    141.29380    163.31146
      4.76000    279.08383    129.10968    149.97414
      4.77000    286.37432    133.07508    153.29925
      4.78000    327.79474    149.10946    178.68527
      4.79000    270.37759    126.63232    143.74527
      4.80000    189.52411     96.20247     93.32165
      4.81000    169.35023     86.64961     82.70062
      4.82000    203.82780     99.28389    104.54390
      4.83000    280.91884    140.22989    140.68895
      4.84000    392.88850    199.09655    193.79195
      4.85000    279.15987    139.50691    139.65295
      4.86000    285.96959    134.79457    151.17503
      4.87000    234.70106    113.82342    120.87764
      4.88000    109.63841     56.86040     52.77801
      4.89000    113.15983     56.74398     56.41585
      4.90000    149.59322     75.29520     74.29802
      4.91000    202.45148    105.13079     97.32069
      4.92000    214.32431    116.35097     97.97334
      4.93000    165.60438     91.48435     74.12002
      4.94000    151.15363     83.06749     68.08614
      4.95000    136.97254     73.02121     63.95133
      4.96000    115.93767     59.85857     56.07910
      4.97000    113.48539     58.30457     55.18082
      4.98000    114.36562     58.65741     55.70821
      4.99000     73.52169     38.30943     35.21226
      5.00000     83.00355     44.14217     38.86138
      5.01000     38.28593     20.50730     17.77863
      5.02000     40.61900     22.70811     17.91089
      5.03000    124.90593     69.82326     55.08267
      5.04000    162.91695     91.06259     71.85436
      5.05000    151.93665     86.04525     65.89140
      5.06000    182.76654    102.85571     79.91082
      5.07000    228.39126    128.25330    100.13796
      5.08000    159.04665     92.65873     66.38792
      5.09000    107.74454     70.67914     37.06540
      5.10000     47.38172     32.26228     15.11944
      5.11000     42.17768     29.37861     12.79907
      5.12000     60.01912     36.79270     23.22643
      5.13000     87.38292     48.77088     38.61203
      5.14000    140.59007     80.84314     59.74693
      5.15000    116.36328     67.72988     48.63340
      5.16000     91.91333     53.42171     38.49162
      5.17000     65.60679     45.75099     19.85580
      5.18000    124.85016     87.10171     37.74844
      5.19000    134.21363     83.83508     50.37855
      5.20000    175.83246    101.99872     73.83373
      5.21000    245.69123    144.74376    100.94747
      5.22000    114.76113     68.49456     46.26657
      5.23000     12.20806      7.25913      4.94893
      5.24000     38.80423     22.23923     16.56500
      5.25000    145.55689     85.05744     60.49946
      5.26000    158.02779     94.19696     63.83083
      5.27000    101.20454     58.71555     42.48899
      5.28000     68.19830     40.09979     28.09852
      5.29000     70.60506     45.07967     25.52565
      5.30000    112.34501     76.59330     35.79826
      5.31000     83.24610     63.75519     20.65853
      5.32000     48.16693     49.91140      2.36468
