Energy-E_F (eV)    DOS (1/eV)    PDOS (1/eV)  of atom type W  S  
     -5.32427    153.05123      0.00000      0.00000
     -5.31427    183.58289      0.00000      0.00000
     -5.30427    187.39504      0.00000      0.00000
     -5.29427    213.43616      0.00000      0.00000
     -5.28427    237.05772      0.00000      0.00000
     -5.27427    237.99720      0.00000      0.00000
     -5.26427    257.34925      0.00000      0.00000
     -5.25427    269.09057      0.00000      0.00000
     -5.24427    287.66887      0.00000      0.00000
     -5.23427    333.98050      0.00000      0.00000
     -5.22427    286.95031      0.00000      0.00000
     -5.21427    301.82294      0.00000      0.00000
     -5.20427    337.03468      0.00000      0.00000
     -5.19427    338.00610      0.00000      0.00000
     -5.18427    361.27043      0.00000      0.00000
     -5.17427    433.02902      0.00000      0.00000
     -5.16427    501.34980      0.00000      0.00000
     -5.15427    547.88009      0.00000      0.00000
     -5.14427    539.40584      0.00000      0.00000
     -5.13427    551.82641      0.00000      0.00000
     -5.12427    552.83341      0.00000      0.00000
     -5.11427    512.83334      0.00000      0.00000
     -5.10427    472.09430      0.00000      0.00000
     -5.09427    417.24091      0.00000      0.00000
     -5.08427    409.07218      0.00000      0.00000
     -5.07427    402.80128      0.00000      0.00000
     -5.06427    362.11722      0.00000      0.00000
     -5.05427    387.23734      0.00000      0.00000
     -5.04427    391.17380      0.00000      0.00000
     -5.03427    317.17748      0.00000      0.00000
     -5.02427    287.00062      0.00000      0.00000
     -5.01427    265.98232      0.00000      0.00000
     -5.00427    184.18271      0.00000      0.00000
     -4.99427    162.37239      0.00000      0.00000
     -4.98427    172.55644      0.00000      0.00000
     -4.97427    114.96775      0.00000      0.00000
     -4.96427     92.20198      0.00000      0.00000
     -4.95427     75.84426      0.00000      0.00000
     -4.94427     42.35683      0.00000      0.00000
     -4.93427     57.83736      0.00000      0.00000
     -4.92427     83.24031      0.00000      0.00000
     -4.91427     55.62960      0.00000      0.00000
     -4.90427     33.89256      0.00000      0.00000
     -4.89427     79.25179      0.00000      0.00000
     -4.88427     98.33889      0.00000      0.00000
     -4.87427     59.87729      0.00000      0.00000
     -4.86427     39.81427      0.00000      0.00000
     -4.85427     73.40243      0.00000      0.00000
     -4.84427     61.14808      0.00000      0.00000
     -4.83427     55.69106      0.00000      0.00000
     -4.82427     69.24911      0.00000      0.00000
     -4.81427     60.05823      0.00000      0.00000
     -4.80427     67.44816      0.00000      0.00000
     -4.79427     87.50198      0.00000      0.00000
     -4.78427     64.97023      0.00000      0.00000
     -4.77427     68.22569      0.00000      0.00000
     -4.76427     91.06558      0.00000      0.00000
     -4.75427     84.76385      0.00000      0.00000
     -4.74427     93.13388      0.00000      0.00000
     -4.73427    108.97372      0.00000      0.00000
     -4.72427    128.57122      0.00000      0.00000
     -4.71427    118.66297      0.00000      0.00000
     -4.70427     76.97023      0.00000      0.00000
     -4.69427     94.78459      0.00000      0.00000
     -4.68427    108.13494      0.00000      0.00000
     -4.67427    111.55211      0.00000      0.00000
     -4.66427    120.68894      0.00000      0.00000
     -4.65427    114.58433      0.00000      0.00000
     -4.64427     95.85426      0.00000      0.00000
     -4.63427     96.40042      0.00000      0.00000
     -4.62427    110.66831      0.00000      0.00000
     -4.61427    126.25772      0.00000      0.00000
     -4.60427    112.22803      0.00000      0.00000
     -4.59427    103.04268      0.00000      0.00000
     -4.58427    118.63674      0.00000      0.00000
     -4.57427    107.32467      0.00000      0.00000
     -4.56427     92.18815      0.00000      0.00000
     -4.55427    128.59035      0.00000      0.00000
     -4.54427    112.70772      0.00000      0.00000
     -4.53427    113.98287      0.00000      0.00000
     -4.52427    152.94124      0.00000      0.00000
     -4.51427    151.37793      0.00000      0.00000
     -4.50427    127.94455      0.00000      0.00000
     -4.49427    133.98394      0.00000      0.00000
     -4.48427    141.42458      0.00000      0.00000
     -4.47427    152.22360      0.00000      0.00000
     -4.46427    145.43514      0.00000      0.00000
     -4.45427    115.50773      0.00000      0.00000
     -4.44427     98.98917      0.00000      0.00000
     -4.43427    103.39614      0.00000      0.00000
     -4.42427    134.66421      0.00000      0.00000
     -4.41427    145.04391      0.00000      0.00000
     -4.40427    118.02467      0.00000      0.00000
     -4.39427    124.43603      0.00000      0.00000
     -4.38427    147.44354      0.00000      0.00000
     -4.37427    140.40730      0.00000      0.00000
     -4.36427    162.82361      0.00000      0.00000
     -4.35427    201.43440      0.00000      0.00000
     -4.34427    250.01594      0.00000      0.00000
     -4.33427    248.57328      0.00000      0.00000
     -4.32427    261.86559      0.00000      0.00000
     -4.31427    280.52852      0.00000      0.00000
     -4.30427    258.53967      0.00000      0.00000
     -4.29427    264.44820      0.00000      0.00000
     -4.28427    284.42341      0.00000      0.00000
     -4.27427    252.69358      0.00000      0.00000
     -4.26427    205.44829      0.00000      0.00000
     -4.25427    225.17548      0.00000      0.00000
     -4.24427    265.31655      0.00000      0.00000
     -4.23427    237.11278      0.00000      0.00000
     -4.22427    227.74494      0.00000      0.00000
     -4.21427    239.56211      0.00000      0.00000
     -4.20427    276.59478      0.00000      0.00000
     -4.19427    315.56128      0.00000      0.00000
     -4.18427    317.85748      0.00000      0.00000
     -4.17427    295.93209      0.00000      0.00000
     -4.16427    310.80852      0.00000      0.00000
     -4.15427    338.06743      0.00000      0.00000
     -4.14427    377.42187      0.00000      0.00000
     -4.13427    352.69043      0.00000      0.00000
     -4.12427    346.18373      0.00000      0.00000
     -4.11427    356.09888      0.00000      0.00000
     -4.10427    323.80329      0.00000      0.00000
     -4.09427    300.45312      0.00000      0.00000
     -4.08427    279.35580      0.00000      0.00000
     -4.07427    251.36231      0.00000      0.00000
     -4.06427    265.74881      0.00000      0.00000
     -4.05427    247.04826      0.00000      0.00000
     -4.04427    242.49134      0.00000      0.00000
     -4.03427    253.57247      0.00000      0.00000
     -4.02427    248.84780      0.00000      0.00000
     -4.01427    281.04019      0.00000      0.00000
     -4.00427    254.72101      0.00000      0.00000
     -3.99427    264.73382      0.00000      0.00000
     -3.98427    242.96852      0.00000      0.00000
     -3.97427    257.41033      0.00000      0.00000
     -3.96427    249.07254      0.00000      0.00000
     -3.95427    242.86538      0.00000      0.00000
     -3.94427    232.50238      0.00000      0.00000
     -3.93427    164.12214      0.00000      0.00000
     -3.92427    160.79622      0.00000      0.00000
     -3.91427    191.48934      0.00000      0.00000
     -3.90427    214.40682      0.00000      0.00000
     -3.89427    226.12876      0.00000      0.00000
     -3.88427    197.71115      0.00000      0.00000
     -3.87427    139.45959      0.00000      0.00000
     -3.86427    161.20400      0.00000      0.00000
     -3.85427    184.63091      0.00000      0.00000
     -3.84427    180.91794      0.00000      0.00000
     -3.83427    199.18959      0.00000      0.00000
     -3.82427    190.53309      0.00000      0.00000
     -3.81427    141.73414      0.00000      0.00000
     -3.80427    136.23438      0.00000      0.00000
     -3.79427    165.08004      0.00000      0.00000
     -3.78427    163.83151      0.00000      0.00000
     -3.77427    143.27025      0.00000      0.00000
     -3.76427    130.71014      0.00000      0.00000
     -3.75427    120.07246      0.00000      0.00000
     -3.74427    106.61516      0.00000      0.00000
     -3.73427     91.02101      0.00000      0.00000
     -3.72427     94.19562      0.00000      0.00000
     -3.71427    119.80970      0.00000      0.00000
     -3.70427    165.05603      0.00000      0.00000
     -3.69427    170.67470      0.00000      0.00000
     -3.68427    162.79808      0.00000      0.00000
     -3.67427    132.92225      0.00000      0.00000
     -3.66427    128.66770      0.00000      0.00000
     -3.65427    145.76413      0.00000      0.00000
     -3.64427    168.11990      0.00000      0.00000
     -3.63427    173.62282      0.00000      0.00000
     -3.62427    172.72171      0.00000      0.00000
     -3.61427    179.06667      0.00000      0.00000
     -3.60427    136.60819      0.00000      0.00000
     -3.59427     96.85634      0.00000      0.00000
     -3.58427    101.59366      0.00000      0.00000
     -3.57427    131.87965      0.00000      0.00000
     -3.56427    153.85756      0.00000      0.00000
     -3.55427    143.79439      0.00000      0.00000
     -3.54427    130.66771      0.00000      0.00000
     -3.53427     76.90389      0.00000      0.00000
     -3.52427     68.02779      0.00000      0.00000
     -3.51427    126.17669      0.00000      0.00000
     -3.50427    140.82566      0.00000      0.00000
     -3.49427    119.04972      0.00000      0.00000
     -3.48427    105.46374      0.00000      0.00000
     -3.47427    133.02033      0.00000      0.00000
     -3.46427    137.22440      0.00000      0.00000
     -3.45427    126.11326      0.00000      0.00000
     -3.44427    129.52584      0.00000      0.00000
     -3.43427    112.06047      0.00000      0.00000
     -3.42427     98.38676      0.00000      0.00000
     -3.41427    113.11845      0.00000      0.00000
     -3.40427    109.48743      0.00000      0.00000
     -3.39427    109.86123      0.00000      0.00000
     -3.38427    137.84095      0.00000      0.00000
     -3.37427    116.56097      0.00000      0.00000
     -3.36427     94.34529      0.00000      0.00000
     -3.35427     97.79218      0.00000      0.00000
     -3.34427    106.61735      0.00000      0.00000
     -3.33427    120.66533      0.00000      0.00000
     -3.32427    129.28405      0.00000      0.00000
     -3.31427    122.06773      0.00000      0.00000
     -3.30427    127.30843      0.00000      0.00000
     -3.29427    125.56485      0.00000      0.00000
     -3.28427    128.41468      0.00000      0.00000
     -3.27427    144.26918      0.00000      0.00000
     -3.26427    149.19910      0.00000      0.00000
     -3.25427    107.28027      0.00000      0.00000
     -3.24427    115.16586      0.00000      0.00000
     -3.23427    146.07241      0.00000      0.00000
     -3.22427    172.04985      0.00000      0.00000
     -3.21427    172.35794      0.00000      0.00000
     -3.20427    144.80056      0.00000      0.00000
     -3.19427    141.53037      0.00000      0.00000
     -3.18427    177.89306      0.00000      0.00000
     -3.17427    194.32474      0.00000      0.00000
     -3.16427    173.31315      0.00000      0.00000
     -3.15427    175.10156      0.00000      0.00000
     -3.14427    200.77304      0.00000      0.00000
     -3.13427    205.87826      0.00000      0.00000
     -3.12427    194.61559      0.00000      0.00000
     -3.11427    219.97589      0.00000      0.00000
     -3.10427    216.54585      0.00000      0.00000
     -3.09427    207.99577      0.00000      0.00000
     -3.08427    213.65480      0.00000      0.00000
     -3.07427    201.02058      0.00000      0.00000
     -3.06427    175.73910      0.00000      0.00000
     -3.05427    190.80571      0.00000      0.00000
     -3.04427    259.93385      0.00000      0.00000
     -3.03427    276.00879      0.00000      0.00000
     -3.02427    257.22458      0.00000      0.00000
     -3.01427    242.90465      0.00000      0.00000
     -3.00427    304.24607      0.00000      0.00000
     -2.99427    385.69012      0.00000      0.00000
     -2.98427    383.46566      0.00000      0.00000
     -2.97427    400.84006      0.00000      0.00000
     -2.96427    486.21464      0.00000      0.00000
     -2.95427    499.11321      0.00000      0.00000
     -2.94427    437.27075      0.00000      0.00000
     -2.93427    406.65260      0.00000      0.00000
     -2.92427    417.29181      0.00000      0.00000
     -2.91427    454.93042      0.00000      0.00000
     -2.90427    456.58050      0.00000      0.00000
     -2.89427    447.39925      0.00000      0.00000
     -2.88427    443.41664      0.00000      0.00000
     -2.87427    434.93128      0.00000      0.00000
     -2.86427    415.02149      0.00000      0.00000
     -2.85427    422.14239      0.00000      0.00000
     -2.84427    466.55056      0.00000      0.00000
     -2.83427    467.96898      0.00000      0.00000
     -2.82427    422.41185      0.00000      0.00000
     -2.81427    410.65439      0.00000      0.00000
     -2.80427    399.73148      0.00000      0.00000
     -2.79427    400.70769      0.00000      0.00000
     -2.78427    402.16501      0.00000      0.00000
     -2.77427    371.41113      0.00000      0.00000
     -2.76427    351.54567      0.00000      0.00000
     -2.75427    298.08310      0.00000      0.00000
     -2.74427    266.31340      0.00000      0.00000
     -2.73427    303.30393      0.00000      0.00000
     -2.72427    316.72729      0.00000      0.00000
     -2.71427    278.91098      0.00000      0.00000
     -2.70427    240.93790      0.00000      0.00000
     -2.69427    258.46518      0.00000      0.00000
     -2.68427    301.01082      0.00000      0.00000
     -2.67427    328.59499      0.00000      0.00000
     -2.66427    345.66597      0.00000      0.00000
     -2.65427    312.01233      0.00000      0.00000
     -2.64427    284.82287      0.00000      0.00000
     -2.63427    325.69709      0.00000      0.00000
     -2.62427    351.79220      0.00000      0.00000
     -2.61427    333.48137      0.00000      0.00000
     -2.60427    347.28846      0.00000      0.00000
     -2.59427    364.97894      0.00000      0.00000
     -2.58427    379.02617      0.00000      0.00000
     -2.57427    361.56156      0.00000      0.00000
     -2.56427    300.47427      0.00000      0.00000
     -2.55427    294.04713      0.00000      0.00000
     -2.54427    289.76713      0.00000      0.00000
     -2.53427    300.67588      0.00000      0.00000
     -2.52427    308.07882      0.00000      0.00000
     -2.51427    290.86979      0.00000      0.00000
     -2.50427    260.60627      0.00000      0.00000
     -2.49427    239.50293      0.00000      0.00000
     -2.48427    219.15676      0.00000      0.00000
     -2.47427    219.13222      0.00000      0.00000
     -2.46427    241.24311      0.00000      0.00000
     -2.45427    209.54680      0.00000      0.00000
     -2.44427    206.01049      0.00000      0.00000
     -2.43427    196.02255      0.00000      0.00000
     -2.42427    195.31575      0.00000      0.00000
     -2.41427    215.13705      0.00000      0.00000
     -2.40427    232.39693      0.00000      0.00000
     -2.39427    261.13491      0.00000      0.00000
     -2.38427    300.33825      0.00000      0.00000
     -2.37427    323.48465      0.00000      0.00000
     -2.36427    316.11784      0.00000      0.00000
     -2.35427    354.47033      0.00000      0.00000
     -2.34427    419.19696      0.00000      0.00000
     -2.33427    387.34854      0.00000      0.00000
     -2.32427    338.84285      0.00000      0.00000
     -2.31427    268.97567      0.00000      0.00000
     -2.30427    227.06590      0.00000      0.00000
     -2.29427    212.26704      0.00000      0.00000
     -2.28427    155.81377      0.00000      0.00000
     -2.27427    177.10364      0.00000      0.00000
     -2.26427    200.90100      0.00000      0.00000
     -2.25427    172.35631      0.00000      0.00000
     -2.24427    160.11484      0.00000      0.00000
     -2.23427    180.45062      0.00000      0.00000
     -2.22427    210.78664      0.00000      0.00000
     -2.21427    175.87591      0.00000      0.00000
     -2.20427    155.22831      0.00000      0.00000
     -2.19427    172.63106      0.00000      0.00000
     -2.18427    184.88005      0.00000      0.00000
     -2.17427    145.77174      0.00000      0.00000
     -2.16427    152.53570      0.00000      0.00000
     -2.15427    214.73272      0.00000      0.00000
     -2.14427    178.20151      0.00000      0.00000
     -2.13427    144.40773      0.00000      0.00000
     -2.12427    154.20074      0.00000      0.00000
     -2.11427    128.89565      0.00000      0.00000
     -2.10427    112.91587      0.00000      0.00000
     -2.09427    113.48953      0.00000      0.00000
     -2.08427     84.95976      0.00000      0.00000
     -2.07427     50.50274      0.00000      0.00000
     -2.06427     28.81451      0.00000      0.00000
     -2.05427     10.71440      0.00000      0.00000
     -2.04427      1.26424      0.00000      0.00000
     -2.03427      0.02466      0.00000      0.00000
     -2.02427      0.00007      0.00000      0.00000
     -2.01427      0.00000      0.00000      0.00000
     -2.00427      0.00000      0.00000      0.00000
     -1.99427      0.00000      0.00000      0.00000
     -1.98427      0.00000      0.00000      0.00000
     -1.97427      0.00000      0.00000      0.00000
     -1.96427      0.00000      0.00000      0.00000
     -1.95427      0.00003      0.00000      0.00000
     -1.94427      0.01428      0.00000      0.00000
     -1.93427      1.02777      0.00000      0.00000
     -1.92427     11.02768      0.00000      0.00000
     -1.91427     18.32732      0.00000      0.00000
     -1.90427      4.76814      0.00000      0.00000
     -1.89427      0.18921      0.00000      0.00000
     -1.88427      0.00110      0.00000      0.00000
     -1.87427      0.00000      0.00000      0.00000
     -1.86427      0.00000      0.00000      0.00000
     -1.85427      0.00000      0.00000      0.00000
     -1.84427      0.00000      0.00000      0.00000
     -1.83427      0.00000      0.00000      0.00000
     -1.82427      0.00000      0.00000      0.00000
     -1.81427      0.00000      0.00000      0.00000
     -1.80427      0.00000      0.00000      0.00000
     -1.79427      0.00000      0.00000      0.00000
     -1.78427      0.00000      0.00000      0.00000
     -1.77427      0.00000      0.00000      0.00000
     -1.76427      0.00000      0.00000      0.00000
     -1.75427      0.00000      0.00000      0.00000
     -1.74427      0.00000      0.00000      0.00000
     -1.73427      0.00000      0.00000      0.00000
     -1.72427      0.00000      0.00000      0.00000
     -1.71427      0.00003      0.00000      0.00000
     -1.70427      0.01628      0.00000      0.00000
     -1.69427      1.31652      0.00000      0.00000
     -1.68427     18.22620      0.00000      0.00000
     -1.67427     63.00175      0.00000      0.00000
     -1.66427     84.03906      0.00000      0.00000
     -1.65427     76.44179      0.00000      0.00000
     -1.64427     83.25456      0.00000      0.00000
     -1.63427     86.65153      0.00000      0.00000
     -1.62427     62.11307      0.00000      0.00000
     -1.61427     75.02967      0.00000      0.00000
     -1.60427     89.62194      0.00000      0.00000
     -1.59427     63.57796      0.00000      0.00000
     -1.58427     56.20748      0.00000      0.00000
     -1.57427     79.57367      0.00000      0.00000
     -1.56427     87.32234      0.00000      0.00000
     -1.55427     98.47775      0.00000      0.00000
     -1.54427    111.77391      0.00000      0.00000
     -1.53427    101.19259      0.00000      0.00000
     -1.52427    108.42884      0.00000      0.00000
     -1.51427    112.67894      0.00000      0.00000
     -1.50427    124.45089      0.00000      0.00000
     -1.49427     92.06582      0.00000      0.00000
     -1.48427     78.68081      0.00000      0.00000
     -1.47427     84.40753      0.00000      0.00000
     -1.46427     90.59182      0.00000      0.00000
     -1.45427     98.73051      0.00000      0.00000
     -1.44427    157.04812      0.00000      0.00000
     -1.43427    161.87170      0.00000      0.00000
     -1.42427    165.45342      0.00000      0.00000
     -1.41427    183.50717      0.00000      0.00000
     -1.40427    180.84794      0.00000      0.00000
     -1.39427    177.91925      0.00000      0.00000
     -1.38427    193.99748      0.00000      0.00000
     -1.37427    173.73495      0.00000      0.00000
     -1.36427    185.18544      0.00000      0.00000
     -1.35427    206.79520      0.00000      0.00000
     -1.34427    183.02347      0.00000      0.00000
     -1.33427    195.97991      0.00000      0.00000
     -1.32427    174.19644      0.00000      0.00000
     -1.31427    157.26229      0.00000      0.00000
     -1.30427    156.51025      0.00000      0.00000
     -1.29427    147.13038      0.00000      0.00000
     -1.28427    148.33025      0.00000      0.00000
     -1.27427    159.39245      0.00000      0.00000
     -1.26427    170.39091      0.00000      0.00000
     -1.25427    180.88160      0.00000      0.00000
     -1.24427    177.94573      0.00000      0.00000
     -1.23427    156.87646      0.00000      0.00000
     -1.22427    118.87693      0.00000      0.00000
     -1.21427    113.55253      0.00000      0.00000
     -1.20427    115.38948      0.00000      0.00000
     -1.19427    108.76290      0.00000      0.00000
     -1.18427    142.21386      0.00000      0.00000
     -1.17427    188.00575      0.00000      0.00000
     -1.16427    174.07362      0.00000      0.00000
     -1.15427    140.48733      0.00000      0.00000
     -1.14427    119.36807      0.00000      0.00000
     -1.13427    137.88046      0.00000      0.00000
     -1.12427    145.59924      0.00000      0.00000
     -1.11427    141.13561      0.00000      0.00000
     -1.10427    130.22189      0.00000      0.00000
     -1.09427    153.02602      0.00000      0.00000
     -1.08427    154.85120      0.00000      0.00000
     -1.07427    132.81119      0.00000      0.00000
     -1.06427    134.94398      0.00000      0.00000
     -1.05427    179.37926      0.00000      0.00000
     -1.04427    195.87460      0.00000      0.00000
     -1.03427    184.13153      0.00000      0.00000
     -1.02427    181.54597      0.00000      0.00000
     -1.01427    210.57336      0.00000      0.00000
     -1.00427    196.72575      0.00000      0.00000
     -0.99427    169.22224      0.00000      0.00000
     -0.98427    217.17298      0.00000      0.00000
     -0.97427    196.85147      0.00000      0.00000
     -0.96427    154.67319      0.00000      0.00000
     -0.95427    165.26947      0.00000      0.00000
     -0.94427    164.45442      0.00000      0.00000
     -0.93427    149.48845      0.00000      0.00000
     -0.92427    111.13423      0.00000      0.00000
     -0.91427     95.45427      0.00000      0.00000
     -0.90427    101.91140      0.00000      0.00000
     -0.89427    123.65171      0.00000      0.00000
     -0.88427    105.61090      0.00000      0.00000
     -0.87427     94.65745      0.00000      0.00000
     -0.86427    129.55299      0.00000      0.00000
     -0.85427    141.40577      0.00000      0.00000
     -0.84427    122.11947      0.00000      0.00000
     -0.83427    133.46992      0.00000      0.00000
     -0.82427    143.91838      0.00000      0.00000
     -0.81427    134.37802      0.00000      0.00000
     -0.80427    122.79563      0.00000      0.00000
     -0.79427    108.78739      0.00000      0.00000
     -0.78427    105.51709      0.00000      0.00000
     -0.77427    134.33448      0.00000      0.00000
     -0.76427    126.33522      0.00000      0.00000
     -0.75427    108.60483      0.00000      0.00000
     -0.74427    119.69515      0.00000      0.00000
     -0.73427    112.18069      0.00000      0.00000
     -0.72427    102.70855      0.00000      0.00000
     -0.71427    128.84717      0.00000      0.00000
     -0.70427    114.88045      0.00000      0.00000
     -0.69427     81.32614      0.00000      0.00000
     -0.68427     58.65144      0.00000      0.00000
     -0.67427     70.80855      0.00000      0.00000
     -0.66427    110.93010      0.00000      0.00000
     -0.65427    110.55131      0.00000      0.00000
     -0.64427    104.95176      0.00000      0.00000
     -0.63427    107.20897      0.00000      0.00000
     -0.62427     87.87407      0.00000      0.00000
     -0.61427     87.42984      0.00000      0.00000
     -0.60427     95.21180      0.00000      0.00000
     -0.59427     68.29634      0.00000      0.00000
     -0.58427     73.90060      0.00000      0.00000
     -0.57427     68.28041      0.00000      0.00000
     -0.56427     62.61436      0.00000      0.00000
     -0.55427     66.04700      0.00000      0.00000
     -0.54427     69.84099      0.00000      0.00000
     -0.53427     74.34153      0.00000      0.00000
     -0.52427     82.42898      0.00000      0.00000
     -0.51427     76.82385      0.00000      0.00000
     -0.50427     82.37118      0.00000      0.00000
     -0.49427     99.09440      0.00000      0.00000
     -0.48427     86.01789      0.00000      0.00000
     -0.47427    102.06760      0.00000      0.00000
     -0.46427    108.93546      0.00000      0.00000
     -0.45427     80.77527      0.00000      0.00000
     -0.44427     74.95876      0.00000      0.00000
     -0.43427     73.89226      0.00000      0.00000
     -0.42427     60.04855      0.00000      0.00000
     -0.41427     65.62778      0.00000      0.00000
     -0.40427     61.54561      0.00000      0.00000
     -0.39427     62.23170      0.00000      0.00000
     -0.38427     71.09370      0.00000      0.00000
     -0.37427     71.47114      0.00000      0.00000
     -0.36427     61.01350      0.00000      0.00000
     -0.35427     44.21124      0.00000      0.00000
     -0.34427     65.30489      0.00000      0.00000
     -0.33427     86.86831      0.00000      0.00000
     -0.32427     72.75222      0.00000      0.00000
     -0.31427     81.86271      0.00000      0.00000
     -0.30427     85.14872      0.00000      0.00000
     -0.29427     71.34114      0.00000      0.00000
     -0.28427     69.24992      0.00000      0.00000
     -0.27427     63.51677      0.00000      0.00000
     -0.26427     45.80507      0.00000      0.00000
     -0.25427     50.70434      0.00000      0.00000
     -0.24427     35.36366      0.00000      0.00000
     -0.23427      6.72000      0.00000      0.00000
     -0.22427      0.28631      0.00000      0.00000
     -0.21427      0.00209      0.00000      0.00000
     -0.20427      0.01151      0.00000      0.00000
     -0.19427      0.99764      0.00000      0.00000
     -0.18427     11.81504      0.00000      0.00000
     -0.17427     22.67715      0.00000      0.00000
     -0.16427     22.66899      0.00000      0.00000
     -0.15427     11.58408      0.00000      0.00000
     -0.14427      1.69209      0.00000      0.00000
     -0.13427     10.37632      0.00000      0.00000
     -0.12427     24.09214      0.00000      0.00000
     -0.11427     41.83209      0.00000      0.00000
     -0.10427     59.87173      0.00000      0.00000
     -0.09427     31.85656      0.00000      0.00000
     -0.08427     23.18843      0.00000      0.00000
     -0.07427     24.73732      0.00000      0.00000
     -0.06427     24.54338      0.00000      0.00000
     -0.05427      6.90693      0.00000      0.00000
     -0.04427     11.62667      0.00000      0.00000
     -0.03427     20.76681      0.00000      0.00000
     -0.02427     19.57235      0.00000      0.00000
     -0.01427     19.27211      0.00000      0.00000
     -0.00427     19.93327      0.00000      0.00000
      0.00573     16.17663      0.00000      0.00000
      0.01573     18.99214      0.00000      0.00000
      0.02573     15.17882      0.00000      0.00000
      0.03573     10.64675      0.00000      0.00000
      0.04573      5.85682      0.00000      0.00000
      0.05573      2.75778      0.00000      0.00000
      0.06573      9.52577      0.00000      0.00000
      0.07573      5.39112      0.00000      0.00000
      0.08573      0.41316      0.00000      0.00000
      0.09573      0.00429      0.00000      0.00000
      0.10573      0.00001      0.00000      0.00000
      0.11573      0.00000      0.00000      0.00000
      0.12573      0.00000      0.00000      0.00000
      0.13573      0.00000      0.00000      0.00000
      0.14573      0.00000      0.00000      0.00000
      0.15573      0.00000      0.00000      0.00000
      0.16573      0.00000      0.00000      0.00000
      0.17573      0.00000      0.00000      0.00000
      0.18573      0.00000      0.00000      0.00000
      0.19573      0.00000      0.00000      0.00000
      0.20573      0.00000      0.00000      0.00000
      0.21573      0.00000      0.00000      0.00000
      0.22573      0.00000      0.00000      0.00000
      0.23573      0.00000      0.00000      0.00000
      0.24573      0.00000      0.00000      0.00000
      0.25573      0.00000      0.00000      0.00000
      0.26573      0.00000      0.00000      0.00000
      0.27573      0.00000      0.00000      0.00000
      0.28573      0.00000      0.00000      0.00000
      0.29573      0.00000      0.00000      0.00000
      0.30573      0.00000      0.00000      0.00000
      0.31573      0.00000      0.00000      0.00000
      0.32573      0.00000      0.00000      0.00000
      0.33573      0.00000      0.00000      0.00000
      0.34573      0.00000      0.00000      0.00000
      0.35573      0.00000      0.00000      0.00000
      0.36573      0.00000      0.00000      0.00000
      0.37573      0.00000      0.00000      0.00000
      0.38573      0.00000      0.00000      0.00000
      0.39573      0.00000      0.00000      0.00000
      0.40573      0.00000      0.00000      0.00000
      0.41573      0.00000      0.00000      0.00000
      0.42573      0.00000      0.00000      0.00000
      0.43573      0.00000      0.00000      0.00000
      0.44573      0.00000      0.00000      0.00000
      0.45573      0.00000      0.00000      0.00000
      0.46573      0.00000      0.00000      0.00000
      0.47573      0.00000      0.00000      0.00000
      0.48573      0.00000      0.00000      0.00000
      0.49573      0.00000      0.00000      0.00000
      0.50573      0.00000      0.00000      0.00000
      0.51573      0.00000      0.00000      0.00000
      0.52573      0.00000      0.00000      0.00000
      0.53573      0.00000      0.00000      0.00000
      0.54573      0.00000      0.00000      0.00000
      0.55573      0.00000      0.00000      0.00000
      0.56573      0.00000      0.00000      0.00000
      0.57573      0.00000      0.00000      0.00000
      0.58573      0.00000      0.00000      0.00000
      0.59573      0.00000      0.00000      0.00000
      0.60573      0.00000      0.00000      0.00000
      0.61573      0.00000      0.00000      0.00000
      0.62573      0.00000      0.00000      0.00000
      0.63573      0.00000      0.00000      0.00000
      0.64573      0.00000      0.00000      0.00000
      0.65573      0.00000      0.00000      0.00000
      0.66573      0.00000      0.00000      0.00000
      0.67573      0.00000      0.00000      0.00000
      0.68573      0.00000      0.00000      0.00000
      0.69573      0.00000      0.00000      0.00000
      0.70573      0.00000      0.00000      0.00000
      0.71573      0.00000      0.00000      0.00000
      0.72573      0.00000      0.00000      0.00000
      0.73573      0.00000      0.00000      0.00000
      0.74573      0.00000      0.00000      0.00000
      0.75573      0.00000      0.00000      0.00000
      0.76573      0.00000      0.00000      0.00000
      0.77573      0.00000      0.00000      0.00000
      0.78573      0.00000      0.00000      0.00000
      0.79573      0.00000      0.00000      0.00000
      0.80573      0.00000      0.00000      0.00000
      0.81573      0.00000      0.00000      0.00000
      0.82573      0.00000      0.00000      0.00000
      0.83573      0.00000      0.00000      0.00000
      0.84573      0.00000      0.00000      0.00000
      0.85573      0.00000      0.00000      0.00000
      0.86573      0.00000      0.00000      0.00000
      0.87573      0.00000      0.00000      0.00000
      0.88573      0.00000      0.00000      0.00000
      0.89573      0.00000      0.00000      0.00000
      0.90573      0.00000      0.00000      0.00000
      0.91573      0.00000      0.00000      0.00000
      0.92573      0.00000      0.00000      0.00000
      0.93573      0.00000      0.00000      0.00000
      0.94573      0.00000      0.00000      0.00000
      0.95573      0.00000      0.00000      0.00000
      0.96573      0.00000      0.00000      0.00000
      0.97573      0.00000      0.00000      0.00000
      0.98573      0.00000      0.00000      0.00000
      0.99573      0.00000      0.00000      0.00000
      1.00573      0.00000      0.00000      0.00000
      1.01573      0.00000      0.00000      0.00000
      1.02573      0.00000      0.00000      0.00000
      1.03573      0.00000      0.00000      0.00000
      1.04573      0.00000      0.00000      0.00000
      1.05573      0.00000      0.00000      0.00000
      1.06573      0.00000      0.00000      0.00000
      1.07573      0.00000      0.00000      0.00000
      1.08573      0.00000      0.00000      0.00000
      1.09573      0.00000      0.00000      0.00000
      1.10573      0.00000      0.00000      0.00000
      1.11573      0.00000      0.00000      0.00000
      1.12573      0.00000      0.00000      0.00000
      1.13573      0.00000      0.00000      0.00000
      1.14573      0.00000      0.00000      0.00000
      1.15573      0.00000      0.00000      0.00000
      1.16573      0.00000      0.00000      0.00000
      1.17573      0.00000      0.00000      0.00000
      1.18573      0.00000      0.00000      0.00000
      1.19573      0.00000      0.00000      0.00000
      1.20573      0.00000      0.00000      0.00000
      1.21573      0.00000      0.00000      0.00000
      1.22573      0.00000      0.00000      0.00000
      1.23573      0.00000      0.00000      0.00000
      1.24573      0.00000      0.00000      0.00000
      1.25573      0.00000      0.00000      0.00000
      1.26573      0.00000      0.00000      0.00000
      1.27573      0.00000      0.00000      0.00000
      1.28573      0.00000      0.00000      0.00000
      1.29573      0.00000      0.00000      0.00000
      1.30573      0.00000      0.00000      0.00000
      1.31573      0.00000      0.00000      0.00000
      1.32573      0.00000      0.00000      0.00000
      1.33573      0.00000      0.00000      0.00000
      1.34573      0.00000      0.00000      0.00000
      1.35573      0.00000      0.00000      0.00000
      1.36573      0.00000      0.00000      0.00000
      1.37573      0.00000      0.00000      0.00000
      1.38573      0.00000      0.00000      0.00000
      1.39573      0.00000      0.00000      0.00000
      1.40573      0.00000      0.00000      0.00000
      1.41573      0.00000      0.00000      0.00000
      1.42573      0.00000      0.00000      0.00000
      1.43573      0.00000      0.00000      0.00000
      1.44573      0.00000      0.00000      0.00000
      1.45573      0.00000      0.00000      0.00000
      1.46573      0.00000      0.00000      0.00000
      1.47573      0.00000      0.00000      0.00000
      1.48573      0.00000      0.00000      0.00000
      1.49573      0.00000      0.00000      0.00000
      1.50573      0.00000      0.00000      0.00000
      1.51573      0.00000      0.00000      0.00000
      1.52573      0.00000      0.00000      0.00000
      1.53573      0.00000      0.00000      0.00000
      1.54573      0.00000      0.00000      0.00000
      1.55573      0.00000      0.00000      0.00000
      1.56573      0.00000      0.00000      0.00000
      1.57573      0.00000      0.00000      0.00000
      1.58573      0.00000      0.00000      0.00000
      1.59573      0.00000      0.00000      0.00000
      1.60573      0.00000      0.00000      0.00000
      1.61573      0.00000      0.00000      0.00000
      1.62573      0.00000      0.00000      0.00000
      1.63573      0.00000      0.00000      0.00000
      1.64573      0.00000      0.00000      0.00000
      1.65573      0.00000      0.00000      0.00000
      1.66573      0.00000      0.00000      0.00000
      1.67573      0.00019      0.00000      0.00000
      1.68573      0.05159      0.00000      0.00000
      1.69573      1.93413      0.00000      0.00000
      1.70573     12.17289      0.00000      0.00000
      1.71573     23.43405      0.00000      0.00000
      1.72573     14.03256      0.00000      0.00000
      1.73573      2.86137      0.00000      0.00000
      1.74573      8.58511      0.00000      0.00000
      1.75573      6.87621      0.00000      0.00000
      1.76573      0.74709      0.00000      0.00000
      1.77573      0.01099      0.00000      0.00000
      1.78573      0.00002      0.00000      0.00000
      1.79573      0.00000      0.00000      0.00000
      1.80573      0.00000      0.00000      0.00000
      1.81573      0.00000      0.00000      0.00000
      1.82573      0.00000      0.00000      0.00000
      1.83573      0.00000      0.00000      0.00000
      1.84573      0.00000      0.00000      0.00000
      1.85573      0.00000      0.00000      0.00000
      1.86573      0.00000      0.00000      0.00000
      1.87573      0.00000      0.00000      0.00000
      1.88573      0.00000      0.00000      0.00000
      1.89573      0.00000      0.00000      0.00000
      1.90573      0.00085      0.00000      0.00000
      1.91573      0.14617      0.00000      0.00000
      1.92573      3.82570      0.00000      0.00000
      1.93573     21.36124      0.00000      0.00000
      1.94573     39.72673      0.00000      0.00000
      1.95573     21.26995      0.00000      0.00000
      1.96573      8.80807      0.00000      0.00000
      1.97573     21.34392      0.00000      0.00000
      1.98573     16.79759      0.00000      0.00000
      1.99573      7.37418      0.00000      0.00000
      2.00573      0.76028      0.00000      0.00000
      2.01573      0.01122      0.00000      0.00000
      2.02573      0.00002      0.00000      0.00000
      2.03573      0.00000      0.00000      0.00000
      2.04573      0.00000      0.00000      0.00000
      2.05573      0.00000      0.00000      0.00000
      2.06573      0.00000      0.00000      0.00000
      2.07573      0.00000      0.00000      0.00000
      2.08573      0.00000      0.00000      0.00000
      2.09573      0.00000      0.00000      0.00000
      2.10573      0.00000      0.00000      0.00000
      2.11573      0.00000      0.00000      0.00000
      2.12573      0.00000      0.00000      0.00000
      2.13573      0.00003      0.00000      0.00000
      2.14573      0.01231      0.00000      0.00000
      2.15573      0.82803      0.00000      0.00000
      2.16573      8.91251      0.00000      0.00000
      2.17573     25.59834      0.00000      0.00000
      2.18573     27.42054      0.00000      0.00000
      2.19573      7.52818      0.00000      0.00000
      2.20573      0.40313      0.00000      0.00000
      2.21573      0.00349      0.00000      0.00000
      2.22573      0.00000      0.00000      0.00000
      2.23573      0.00000      0.00000      0.00000
      2.24573      0.00000      0.00000      0.00000
      2.25573      0.00000      0.00000      0.00000
      2.26573      0.00000      0.00000      0.00000
      2.27573      0.00000      0.00000      0.00000
      2.28573      0.00000      0.00000      0.00000
      2.29573      0.00000      0.00000      0.00000
      2.30573      0.00000      0.00000      0.00000
      2.31573      0.00000      0.00000      0.00000
      2.32573      0.00000      0.00000      0.00000
      2.33573      0.00000      0.00000      0.00000
      2.34573      0.00000      0.00000      0.00000
      2.35573      0.00000      0.00000      0.00000
      2.36573      0.00000      0.00000      0.00000
      2.37573      0.00000      0.00000      0.00000
      2.38573      0.00000      0.00000      0.00000
      2.39573      0.00000      0.00000      0.00000
      2.40573      0.00000      0.00000      0.00000
      2.41573      0.00000      0.00000      0.00000
      2.42573      0.00000      0.00000      0.00000
      2.43573      0.00000      0.00000      0.00000
      2.44573      0.00000      0.00000      0.00000
      2.45573      0.00000      0.00000      0.00000
      2.46573      0.00004      0.00000      0.00000
      2.47573      0.01609      0.00000      0.00000
      2.48573      0.94646      0.00000      0.00000
      2.49573      7.82446      0.00000      0.00000
      2.50573     12.97274      0.00000      0.00000
      2.51573     11.04986      0.00000      0.00000
      2.52573      6.59658      0.00000      0.00000
      2.53573     22.82467      0.00000      0.00000
      2.54573     64.82581      0.00000      0.00000
      2.55573     88.95280      0.00000      0.00000
      2.56573     81.23225      0.00000      0.00000
      2.57573     86.75428      0.00000      0.00000
      2.58573     76.44518      0.00000      0.00000
      2.59573     59.07767      0.00000      0.00000
      2.60573     51.15665      0.00000      0.00000
      2.61573     58.48359      0.00000      0.00000
      2.62573     72.53585      0.00000      0.00000
      2.63573     85.81040      0.00000      0.00000
      2.64573     88.13709      0.00000      0.00000
      2.65573     96.78802      0.00000      0.00000
      2.66573    100.28341      0.00000      0.00000
      2.67573    106.66435      0.00000      0.00000
      2.68573    101.44605      0.00000      0.00000
      2.69573    112.22565      0.00000      0.00000
      2.70573    109.04689      0.00000      0.00000
      2.71573    116.57371      0.00000      0.00000
      2.72573     87.99676      0.00000      0.00000
      2.73573     75.07702      0.00000      0.00000
      2.74573    109.44106      0.00000      0.00000
      2.75573    136.21430      0.00000      0.00000
      2.76573    158.57718      0.00000      0.00000
      2.77573    182.87132      0.00000      0.00000
      2.78573    199.88205      0.00000      0.00000
      2.79573    208.96431      0.00000      0.00000
      2.80573    208.78572      0.00000      0.00000
      2.81573    238.60741      0.00000      0.00000
      2.82573    264.15860      0.00000      0.00000
      2.83573    256.00589      0.00000      0.00000
      2.84573    236.66948      0.00000      0.00000
      2.85573    255.24867      0.00000      0.00000
      2.86573    247.24087      0.00000      0.00000
      2.87573    227.27337      0.00000      0.00000
      2.88573    214.61961      0.00000      0.00000
      2.89573    242.16436      0.00000      0.00000
      2.90573    226.33094      0.00000      0.00000
      2.91573    201.11767      0.00000      0.00000
      2.92573    232.68684      0.00000      0.00000
      2.93573    258.52318      0.00000      0.00000
      2.94573    245.24957      0.00000      0.00000
      2.95573    221.55511      0.00000      0.00000
      2.96573    204.58211      0.00000      0.00000
      2.97573    189.14169      0.00000      0.00000
      2.98573    211.66337      0.00000      0.00000
      2.99573    221.65948      0.00000      0.00000
      3.00573    233.79067      0.00000      0.00000
      3.01573    235.27661      0.00000      0.00000
      3.02573    218.95853      0.00000      0.00000
      3.03573    202.91276      0.00000      0.00000
      3.04573    225.30122      0.00000      0.00000
      3.05573    243.38066      0.00000      0.00000
      3.06573    208.04962      0.00000      0.00000
      3.07573    175.40973      0.00000      0.00000
      3.08573    208.94533      0.00000      0.00000
      3.09573    232.33327      0.00000      0.00000
      3.10573    249.23721      0.00000      0.00000
      3.11573    277.79859      0.00000      0.00000
      3.12573    285.21396      0.00000      0.00000
      3.13573    283.05421      0.00000      0.00000
      3.14573    281.38069      0.00000      0.00000
      3.15573    266.89864      0.00000      0.00000
      3.16573    285.72512      0.00000      0.00000
      3.17573    324.56594      0.00000      0.00000
      3.18573    329.80484      0.00000      0.00000
      3.19573    331.88438      0.00000      0.00000
      3.20573    338.03778      0.00000      0.00000
      3.21573    338.78605      0.00000      0.00000
      3.22573    351.80563      0.00000      0.00000
      3.23573    347.99160      0.00000      0.00000
      3.24573    363.39274      0.00000      0.00000
      3.25573    333.61922      0.00000      0.00000
      3.26573    298.20174      0.00000      0.00000
      3.27573    268.85809      0.00000      0.00000
      3.28573    269.90683      0.00000      0.00000
      3.29573    287.12933      0.00000      0.00000
      3.30573    286.27214      0.00000      0.00000
      3.31573    310.78392      0.00000      0.00000
      3.32573    302.98056      0.00000      0.00000
      3.33573    319.60604      0.00000      0.00000
      3.34573    348.97450      0.00000      0.00000
      3.35573    346.76841      0.00000      0.00000
      3.36573    319.00789      0.00000      0.00000
      3.37573    291.17310      0.00000      0.00000
      3.38573    284.51863      0.00000      0.00000
      3.39573    289.47690      0.00000      0.00000
      3.40573    267.14956      0.00000      0.00000
      3.41573    233.80816      0.00000      0.00000
      3.42573    204.05199      0.00000      0.00000
      3.43573    210.45789      0.00000      0.00000
      3.44573    229.35283      0.00000      0.00000
      3.45573    197.89877      0.00000      0.00000
      3.46573    190.66415      0.00000      0.00000
      3.47573    177.68033      0.00000      0.00000
      3.48573    180.12201      0.00000      0.00000
      3.49573    212.89625      0.00000      0.00000
      3.50573    207.20356      0.00000      0.00000
      3.51573    183.31749      0.00000      0.00000
      3.52573    193.00616      0.00000      0.00000
      3.53573    187.44076      0.00000      0.00000
      3.54573    185.58072      0.00000      0.00000
      3.55573    169.16892      0.00000      0.00000
      3.56573    175.04289      0.00000      0.00000
      3.57573    199.32179      0.00000      0.00000
      3.58573    187.88399      0.00000      0.00000
      3.59573    206.09237      0.00000      0.00000
      3.60573    232.68822      0.00000      0.00000
      3.61573    232.08186      0.00000      0.00000
      3.62573    236.71099      0.00000      0.00000
      3.63573    233.77286      0.00000      0.00000
      3.64573    230.39121      0.00000      0.00000
      3.65573    236.24711      0.00000      0.00000
      3.66573    258.66153      0.00000      0.00000
      3.67573    279.82728      0.00000      0.00000
      3.68573    291.39353      0.00000      0.00000
      3.69573    309.67603      0.00000      0.00000
      3.70573    276.51330      0.00000      0.00000
      3.71573    261.36877      0.00000      0.00000
      3.72573    270.25685      0.00000      0.00000
      3.73573    270.26427      0.00000      0.00000
      3.74573    238.75040      0.00000      0.00000
      3.75573    176.92684      0.00000      0.00000
      3.76573    134.90950      0.00000      0.00000
      3.77573    135.83666      0.00000      0.00000
      3.78573    141.16003      0.00000      0.00000
      3.79573    155.87649      0.00000      0.00000
      3.80573    188.33853      0.00000      0.00000
      3.81573    182.58596      0.00000      0.00000
      3.82573    170.38641      0.00000      0.00000
      3.83573    165.62552      0.00000      0.00000
      3.84573    178.20669      0.00000      0.00000
      3.85573    180.16531      0.00000      0.00000
      3.86573    161.53429      0.00000      0.00000
      3.87573    156.10483      0.00000      0.00000
      3.88573    160.03078      0.00000      0.00000
      3.89573    141.21223      0.00000      0.00000
      3.90573    126.41488      0.00000      0.00000
      3.91573    129.25529      0.00000      0.00000
      3.92573    177.72909      0.00000      0.00000
      3.93573    203.56371      0.00000      0.00000
      3.94573    219.62054      0.00000      0.00000
      3.95573    243.04969      0.00000      0.00000
      3.96573    269.09928      0.00000      0.00000
      3.97573    277.41843      0.00000      0.00000
      3.98573    208.60933      0.00000      0.00000
      3.99573    190.02511      0.00000      0.00000
      4.00573    239.08981      0.00000      0.00000
      4.01573    290.20705      0.00000      0.00000
      4.02573    310.62526      0.00000      0.00000
      4.03573    321.02082      0.00000      0.00000
      4.04573    298.19614      0.00000      0.00000
      4.05573    282.79293      0.00000      0.00000
      4.06573    316.01623      0.00000      0.00000
      4.07573    358.21313      0.00000      0.00000
      4.08573    344.93566      0.00000      0.00000
      4.09573    328.85447      0.00000      0.00000
      4.10573    345.76124      0.00000      0.00000
      4.11573    323.30842      0.00000      0.00000
      4.12573    299.01995      0.00000      0.00000
      4.13573    292.96078      0.00000      0.00000
      4.14573    274.56950      0.00000      0.00000
      4.15573    306.42727      0.00000      0.00000
      4.16573    318.96686      0.00000      0.00000
      4.17573    308.69375      0.00000      0.00000
      4.18573    301.07921      0.00000      0.00000
      4.19573    262.17623      0.00000      0.00000
      4.20573    276.00321      0.00000      0.00000
      4.21573    284.12327      0.00000      0.00000
      4.22573    277.62511      0.00000      0.00000
      4.23573    299.48303      0.00000      0.00000
      4.24573    337.21549      0.00000      0.00000
      4.25573    321.73388      0.00000      0.00000
      4.26573    266.60436      0.00000      0.00000
      4.27573    265.04351      0.00000      0.00000
      4.28573    280.79163      0.00000      0.00000
      4.29573    269.22329      0.00000      0.00000
      4.30573    268.28366      0.00000      0.00000
      4.31573    248.10505      0.00000      0.00000
      4.32573    237.54180      0.00000      0.00000
      4.33573    273.61712      0.00000      0.00000
      4.34573    299.59849      0.00000      0.00000
      4.35573    277.41654      0.00000      0.00000
      4.36573    255.67574      0.00000      0.00000
      4.37573    234.64158      0.00000      0.00000
      4.38573    230.29238      0.00000      0.00000
      4.39573    249.02152      0.00000      0.00000
      4.40573    257.44075      0.00000      0.00000
      4.41573    246.18616      0.00000      0.00000
      4.42573    218.94130      0.00000      0.00000
      4.43573    261.54447      0.00000      0.00000
      4.44573    275.38529      0.00000      0.00000
      4.45573    252.44767      0.00000      0.00000
      4.46573    236.87502      0.00000      0.00000
      4.47573    225.67919      0.00000      0.00000
      4.48573    215.11813      0.00000      0.00000
      4.49573    248.19566      0.00000      0.00000
      4.50573    239.79110      0.00000      0.00000
      4.51573    197.99908      0.00000      0.00000
      4.52573    196.54040      0.00000      0.00000
      4.53573    215.68751      0.00000      0.00000
      4.54573    234.69278      0.00000      0.00000
      4.55573    208.63272      0.00000      0.00000
      4.56573    185.64080      0.00000      0.00000
      4.57573    191.74043      0.00000      0.00000
      4.58573    194.76882      0.00000      0.00000
      4.59573    148.87430      0.00000      0.00000
      4.60573    137.05454      0.00000      0.00000
      4.61573    125.44255      0.00000      0.00000
      4.62573    145.10927      0.00000      0.00000
      4.63573    149.60982      0.00000      0.00000
      4.64573    137.43764      0.00000      0.00000
      4.65573    130.67501      0.00000      0.00000
      4.66573    140.38795      0.00000      0.00000
      4.67573    155.63840      0.00000      0.00000
      4.68573    155.72559      0.00000      0.00000
      4.69573    134.23589      0.00000      0.00000
      4.70573    140.89263      0.00000      0.00000
      4.71573    170.78244      0.00000      0.00000
      4.72573    189.90104      0.00000      0.00000
      4.73573    189.77848      0.00000      0.00000
      4.74573    181.55061      0.00000      0.00000
      4.75573    171.19766      0.00000      0.00000
      4.76573    186.40411      0.00000      0.00000
      4.77573    173.38233      0.00000      0.00000
      4.78573    133.45318      0.00000      0.00000
      4.79573    125.06412      0.00000      0.00000
      4.80573    143.78490      0.00000      0.00000
      4.81573    161.52500      0.00000      0.00000
      4.82573    167.89985      0.00000      0.00000
      4.83573    164.55106      0.00000      0.00000
      4.84573    158.10636      0.00000      0.00000
      4.85573    156.15909      0.00000      0.00000
      4.86573    155.61583      0.00000      0.00000
      4.87573    175.33182      0.00000      0.00000
      4.88573    174.25797      0.00000      0.00000
      4.89573    121.31674      0.00000      0.00000
      4.90573    126.68733      0.00000      0.00000
      4.91573    161.87133      0.00000      0.00000
      4.92573    157.04162      0.00000      0.00000
      4.93573    166.60399      0.00000      0.00000
      4.94573    151.64523      0.00000      0.00000
      4.95573    144.32464      0.00000      0.00000
      4.96573    190.89145      0.00000      0.00000
      4.97573    225.83807      0.00000      0.00000
      4.98573    190.07765      0.00000      0.00000
