Energy-E_F (eV)    DOS (1/eV)    PDOS (1/eV)  of atom type W  S  
     -5.24662    237.60063     88.07317    149.52746
     -5.23662    218.94017     79.24798    139.69219
     -5.22662    171.26811     61.08163    110.18647
     -5.21662    178.42654     64.00071    114.42583
     -5.20662    228.86937     82.53336    146.33601
     -5.19662    248.82049     90.52387    158.29661
     -5.18662    239.57355     87.15638    152.41717
     -5.17662    271.89312    101.74967    170.14344
     -5.16662    269.46786    100.83302    168.63485
     -5.15662    224.71060     83.45298    141.25763
     -5.14662    210.24421     79.50732    130.73689
     -5.13662    233.24237     88.81303    144.42934
     -5.12662    232.19580     89.31652    142.87928
     -5.11662    233.45712     89.80478    143.65234
     -5.10662    218.07300     83.57557    134.49743
     -5.09662    212.41341     83.51690    128.89651
     -5.08662    310.49421    123.21146    187.28275
     -5.07662    509.21429    203.94211    305.27217
     -5.06662    507.13404    204.50772    302.62632
     -5.05662    486.55647    193.79074    292.76574
     -5.04662    543.29668    214.45613    328.84055
     -5.03662    550.96938    219.30482    331.66456
     -5.02662    500.48755    197.13994    303.34761
     -5.01662    443.17095    172.29675    270.87420
     -5.00662    438.41803    168.94584    269.47218
     -4.99662    465.06380    179.72519    285.33861
     -4.98662    424.81091    164.06301    260.74790
     -4.97662    461.74296    175.55149    286.19146
     -4.96662    412.62162    157.81392    254.80771
     -4.95662    447.67463    172.62195    275.05268
     -4.94662    457.11248    171.46778    285.64471
     -4.93662    260.38617     96.86424    163.52194
     -4.92662    267.06047    100.51366    166.54681
     -4.91662    278.34233    104.85710    173.48523
     -4.90662    137.62134     52.17619     85.44515
     -4.89662    134.73638     51.81611     82.92027
     -4.88662    165.61723     65.39101    100.22621
     -4.87662     79.27161     33.19917     46.07244
     -4.86662     72.64924     28.82525     43.82398
     -4.85662    128.65144     50.27849     78.37295
     -4.84662     99.67018     38.09852     61.57166
     -4.83662     64.27358     23.64911     40.62447
     -4.82662     45.94730     17.21253     28.73477
     -4.81662     70.70892     26.89654     43.81238
     -4.80662     98.15979     37.53369     60.62609
     -4.79662     59.84589     22.78986     37.05603
     -4.78662     47.23477     18.48327     28.75150
     -4.77662     61.19951     24.87646     36.32305
     -4.76662     47.94369     19.31546     28.62823
     -4.75662     58.38060     22.80812     35.57249
     -4.74662     75.01538     29.47994     45.53543
     -4.73662     38.75156     15.43179     23.31977
     -4.72662     23.71366      9.27176     14.44190
     -4.71662     26.46724      9.96785     16.49939
     -4.70662     53.88708     21.04464     32.84244
     -4.69662     35.57774     14.47177     21.10597
     -4.68662     48.72135     19.20964     29.51172
     -4.67662    110.49135     39.87172     70.61963
     -4.66662    112.65142     39.32934     73.32209
     -4.65662     89.80608     31.28200     58.52408
     -4.64662    128.41698     46.54735     81.86963
     -4.63662    106.84997     38.19998     68.64999
     -4.62662    114.09421     42.06162     72.03259
     -4.61662    100.09139     36.91884     63.17255
     -4.60662    104.65261     38.39449     66.25812
     -4.59662    118.53365     44.86628     73.66737
     -4.58662     88.09054     32.97304     55.11751
     -4.57662     67.95557     26.16882     41.78675
     -4.56662     83.06661     33.48870     49.57792
     -4.55662     82.53523     35.34735     47.18787
     -4.54662     76.21685     30.80597     45.41087
     -4.53662     64.87958     24.77837     40.10121
     -4.52662     63.21960     24.29093     38.92867
     -4.51662     97.54079     36.89175     60.64904
     -4.50662    121.27376     41.64415     79.62962
     -4.49662    135.47761     45.91986     89.55776
     -4.48662    104.17519     35.08383     69.09136
     -4.47662     89.54083     32.98496     56.55587
     -4.46662     85.73708     34.44990     51.28717
     -4.45662    124.98798     51.81536     73.17262
     -4.44662    129.37056     50.23573     79.13483
     -4.43662     93.36440     34.71092     58.65348
     -4.42662     65.21921     26.09544     39.12376
     -4.41662     97.05734     38.46764     58.58970
     -4.40662    109.44695     41.62910     67.81785
     -4.39662     91.91287     32.29355     59.61932
     -4.38662     40.69920     13.17801     27.52120
     -4.37662     76.60414     24.83327     51.77086
     -4.36662    126.63043     44.10801     82.52242
     -4.35662    102.89038     36.17754     66.71284
     -4.34662    133.38692     45.43015     87.95677
     -4.33662    115.60096     38.95679     76.64417
     -4.32662     62.01616     21.60225     40.41391
     -4.31662     79.95024     28.87471     51.07553
     -4.30662    114.82497     43.55215     71.27282
     -4.29662     79.97596     29.11206     50.86390
     -4.28662     64.44765     21.35848     43.08916
     -4.27662    125.68830     40.33770     85.35060
     -4.26662    215.98751     66.01881    149.96870
     -4.25662    257.81156     77.64555    180.16601
     -4.24662    268.88525     83.15710    185.72814
     -4.23662    337.63103    110.13605    227.49498
     -4.22662    378.38873    119.95452    258.43420
     -4.21662    415.74811    129.55761    286.19049
     -4.20662    349.56518    108.42483    241.14034
     -4.19662    370.96472    116.27036    254.69436
     -4.18662    339.43465    105.56688    233.86777
     -4.17662    297.68345     88.23145    209.45200
     -4.16662    300.72082     87.98513    212.73569
     -4.15662    329.52477    101.75446    227.77031
     -4.14662    389.51948    119.92139    269.59809
     -4.13662    338.55031     97.79522    240.75509
     -4.12662    317.01537     98.64240    218.37297
     -4.11662    389.84514    121.73021    268.11493
     -4.10662    396.17094    123.55320    272.61774
     -4.09662    347.07434    113.11515    233.95919
     -4.08662    436.41619    148.01942    288.39677
     -4.07662    458.83532    159.77053    299.06479
     -4.06662    388.71053    138.07190    250.63863
     -4.05662    303.95074    108.03350    195.91724
     -4.04662    420.15838    148.04090    272.11748
     -4.03662    541.81910    196.97610    344.84300
     -4.02662    387.25874    142.26864    244.99011
     -4.01662    266.92731     93.63295    173.29436
     -4.00662    205.27738     73.07298    132.20440
     -3.99662    215.63092     84.50760    131.12332
     -3.98662    247.07870    101.56672    145.51198
     -3.97662    204.32962     83.98015    120.34947
     -3.96662    213.98278     87.20930    126.77348
     -3.95662    268.60592    108.28003    160.32589
     -3.94662    252.22746     98.51992    153.70754
     -3.93662    260.19089    106.67014    153.52075
     -3.92662    237.20846    103.33061    133.87785
     -3.91662    243.33711    105.21703    138.12008
     -3.90662    276.53374    112.14271    164.39103
     -3.89662    269.97416    107.28084    162.69332
     -3.88662    263.82234    109.97987    153.84247
     -3.87662    277.96564    112.73360    165.23204
     -3.86662    252.72777    101.16119    151.56657
     -3.85662    189.96976     77.04817    112.92158
     -3.84662    160.28100     67.26167     93.01933
     -3.83662    161.11765     65.57533     95.54232
     -3.82662    106.51499     40.74954     65.76546
     -3.81662     87.41279     35.56506     51.84772
     -3.80662    104.39568     44.11630     60.27938
     -3.79662    151.01769     61.65784     89.35984
     -3.78662    160.10676     63.64355     96.46321
     -3.77662    173.91376     69.43056    104.48321
     -3.76662    190.52300     72.38893    118.13407
     -3.75662    131.41796     53.45088     77.96708
     -3.74662    160.33248     71.51130     88.82118
     -3.73662    215.88694     94.86157    121.02537
     -3.72662    205.62892     83.97815    121.65077
     -3.71662    129.98096     54.52331     75.45765
     -3.70662     91.56861     39.62962     51.93899
     -3.69662     99.51309     43.04764     56.46545
     -3.68662    102.84135     44.98667     57.85468
     -3.67662    143.60365     59.22127     84.38238
     -3.66662    176.06390     69.85894    106.20496
     -3.65662    130.35362     50.61714     79.73649
     -3.64662     65.25699     25.39009     39.86690
     -3.63662     31.21093     12.44676     18.76416
     -3.62662    110.65656     46.27599     64.38058
     -3.61662    168.80900     71.45615     97.35285
     -3.60662    145.06320     60.06216     85.00104
     -3.59662    134.42384     58.57945     75.84440
     -3.58662    114.88619     52.91699     61.96920
     -3.57662    107.91825     48.69329     59.22496
     -3.56662     99.29999     45.63219     53.66780
     -3.55662     68.08282     34.51572     33.56710
     -3.54662     53.58800     25.92289     27.66511
     -3.53662    118.18719     50.78406     67.40313
     -3.52662    161.27335     66.37579     94.89756
     -3.51662    181.61312     69.24976    112.36335
     -3.50662    189.81025     68.87798    120.93226
     -3.49662    139.65397     47.76919     91.88478
     -3.48662     94.06981     29.16897     64.90083
     -3.47662    144.92268     58.89809     86.02459
     -3.46662    228.70683     98.62646    130.08036
     -3.45662    216.14367     89.64585    126.49782
     -3.44662    160.60801     65.93991     94.66809
     -3.43662    142.25340     57.70112     84.55228
     -3.42662     84.81129     33.86902     50.94226
     -3.41662     72.31035     29.35858     42.95178
     -3.40662    116.11825     48.18539     67.93286
     -3.39662     87.97585     35.31048     52.66537
     -3.38662     65.87897     24.69829     41.18068
     -3.37662    104.40353     40.12072     64.28281
     -3.36662    191.13495     76.65048    114.48447
     -3.35662    198.81074     80.92828    117.88247
     -3.34662    131.00088     51.96813     79.03275
     -3.33662     81.48229     33.52519     47.95710
     -3.32662     57.98765     26.05762     31.93003
     -3.31662    100.85745     47.36751     53.48994
     -3.30662    112.35839     48.71606     63.64233
     -3.29662    130.09111     51.00083     79.09029
     -3.28662    152.57889     59.70865     92.87025
     -3.27662    113.97056     45.28132     68.68924
     -3.26662     96.97294     40.21317     56.75977
     -3.25662     77.58627     35.89520     41.69106
     -3.24662     82.52479     43.75637     38.76842
     -3.23662    118.52889     61.66422     56.86467
     -3.22662     93.85443     48.82350     45.03093
     -3.21662     99.40606     45.57824     53.82782
     -3.20662    159.23875     59.53974     99.69901
     -3.19662    133.56706     48.66163     84.90543
     -3.18662     87.90333     34.40407     53.49926
     -3.17662    140.00890     59.44932     80.55958
     -3.16662    114.73262     48.27934     66.45328
     -3.15662    160.12125     63.18871     96.93254
     -3.14662    186.72911     74.34723    112.38188
     -3.13662    175.60450     75.62450     99.98000
     -3.12662    181.21268     80.35393    100.85874
     -3.11662    144.99662     61.94186     83.05475
     -3.10662    210.68032     86.75007    123.93025
     -3.09662    187.63883     76.44432    111.19452
     -3.08662    110.19194     47.30843     62.88351
     -3.07662    123.81460     51.45354     72.36106
     -3.06662    144.73001     55.68264     89.04737
     -3.05662    108.62534     37.49441     71.13093
     -3.04662    115.98598     38.52976     77.45622
     -3.03662    136.13163     51.95910     84.17254
     -3.02662    175.26768     75.53094     99.73674
     -3.01662    191.69845     85.46397    106.23448
     -3.00662    153.51745     65.76191     87.75554
     -2.99662    188.22737     74.31752    113.90985
     -2.98662    153.88153     64.52493     89.35660
     -2.97662    121.42185     51.59295     69.82890
     -2.96662    118.16875     48.69595     69.47280
     -2.95662    146.23638     54.72018     91.51620
     -2.94662    157.88159     57.33507    100.54652
     -2.93662    225.36719     76.03179    149.33540
     -2.92662    214.12467     69.88898    144.23569
     -2.91662    227.01588     74.83358    152.18230
     -2.90662    275.10902     89.73485    185.37417
     -2.89662    389.65210    125.96006    263.69204
     -2.88662    337.98747     98.41050    239.57696
     -2.87662    378.02283     93.53922    284.48361
     -2.86662    469.28964    117.07851    352.21113
     -2.85662    420.22159     96.90887    323.31273
     -2.84662    462.88159    120.16475    342.71685
     -2.83662    541.65712    156.74883    384.90830
     -2.82662    486.84069    134.06383    352.77687
     -2.81662    490.12390    139.55204    350.57186
     -2.80662    508.76076    138.00017    370.76058
     -2.79662    508.17496    134.08416    374.09081
     -2.78662    511.30156    127.83957    383.46199
     -2.77662    629.60737    168.53089    461.07648
     -2.76662    578.69866    153.63893    425.05973
     -2.75662    563.96572    145.58024    418.38547
     -2.74662    555.98785    149.64724    406.34061
     -2.73662    484.03888    124.03627    360.00261
     -2.72662    369.30351     87.87625    281.42726
     -2.71662    374.97890     96.34166    278.63724
     -2.70662    440.03079    122.01722    318.01357
     -2.69662    391.00828    104.17103    286.83725
     -2.68662    343.29914     93.52271    249.77643
     -2.67662    331.42831     88.11820    243.31012
     -2.66662    328.84182     87.38532    241.45650
     -2.65662    330.97340     95.28261    235.69080
     -2.64662    310.53280     77.93283    232.59997
     -2.63662    334.41229     68.68308    265.72921
     -2.62662    316.74532     70.60915    246.13616
     -2.61662    357.75781     90.01988    267.73792
     -2.60662    365.45628     91.81766    273.63862
     -2.59662    437.70902    107.57237    330.13665
     -2.58662    452.58768    112.25382    340.33386
     -2.57662    393.85573    101.27716    292.57857
     -2.56662    305.59569     74.82738    230.76831
     -2.55662    312.29018     70.05375    242.23643
     -2.54662    316.55580     68.73248    247.82331
     -2.53662    394.88812     92.99113    301.89700
     -2.52662    554.80344    137.78052    417.02292
     -2.51662    585.37345    146.00359    439.36987
     -2.50662    477.95980    109.97762    367.98219
     -2.49662    383.71158     90.42786    293.28372
     -2.48662    337.67471     88.65280    249.02191
     -2.47662    391.92298    104.91729    287.00569
     -2.46662    440.90307    119.21433    321.68873
     -2.45662    404.30826    110.95739    293.35087
     -2.44662    338.71253     80.59348    258.11905
     -2.43662    301.52938     65.15515    236.37424
     -2.42662    316.31878     75.58118    240.73760
     -2.41662    348.59917     86.64834    261.95083
     -2.40662    328.97826     77.34259    251.63567
     -2.39662    315.79303     70.67163    245.12141
     -2.38662    301.28526     61.85310    239.43217
     -2.37662    334.50098     67.35294    267.14804
     -2.36662    248.42202     49.14818    199.27384
     -2.35662    146.25216     28.85667    117.39549
     -2.34662    122.48699     31.50492     90.98207
     -2.33662    206.20004     45.24176    160.95827
     -2.32662    296.23317     57.25843    238.97474
     -2.31662    315.64504     65.11405    250.53098
     -2.30662    238.43162     50.46689    187.96473
     -2.29662    281.52557     50.82436    230.70121
     -2.28662    336.27797     57.75183    278.52614
     -2.27662    367.81797     62.82701    304.99096
     -2.26662    401.40449     65.23996    336.16453
     -2.25662    368.71720     59.44611    309.27110
     -2.24662    321.38181     54.09687    267.28494
     -2.23662    217.35759     35.41637    181.94123
     -2.22662     81.49144     11.78718     69.70427
     -2.21662     69.40946     15.05565     54.35381
     -2.20662     85.21472     22.65731     62.55742
     -2.19662     91.21509     20.37412     70.84097
     -2.18662    138.78910     22.97323    115.81587
     -2.17662    185.52394     28.52934    156.99459
     -2.16662    119.12315     19.04091    100.08224
     -2.15662     60.50408      9.23930     51.26479
     -2.14662    116.71211     18.41845     98.29365
     -2.13662    227.39903     38.56963    188.82940
     -2.12662    285.19832     55.04744    230.15088
     -2.11662    204.98971     40.72706    164.26266
     -2.10662    155.91870     26.87397    129.04473
     -2.09662    157.67065     22.03186    135.63879
     -2.08662    127.84478     19.08828    108.75650
     -2.07662    142.47092     23.20802    119.26290
     -2.06662    132.35074     23.43494    108.91579
     -2.05662     84.28236     15.31008     68.97227
     -2.04662     45.17973      8.75455     36.42518
     -2.03662     11.96608      2.07674      9.88934
     -2.02662      0.63524      0.09940      0.53584
     -2.01662      0.00512      0.00076      0.00436
     -2.00662      0.00001      0.00000      0.00000
     -1.99662      0.00000      0.00000      0.00000
     -1.98662      0.00000      0.00000      0.00000
     -1.97662      0.00000      0.00000      0.00000
     -1.96662      0.00000      0.00000      0.00000
     -1.95662      0.00000      0.00000      0.00000
     -1.94662      0.00000      0.00000      0.00000
     -1.93662      0.00000      0.00000      0.00000
     -1.92662      0.00000      0.00000      0.00000
     -1.91662      0.00000      0.00000      0.00000
     -1.90662      0.00000      0.00000      0.00000
     -1.89662      0.00000      0.00000      0.00000
     -1.88662      0.00000      0.00000      0.00000
     -1.87662      0.00000      0.00000      0.00000
     -1.86662      0.00000      0.00000      0.00000
     -1.85662      0.00000      0.00000      0.00000
     -1.84662      0.00001      0.00000      0.00001
     -1.83662      0.00660      0.00217      0.00444
     -1.82662      0.69866      0.22914      0.46952
     -1.81662     10.00339      3.28082      6.72256
     -1.80662     19.38388      6.35736     13.02653
     -1.79662      5.08330      1.66718      3.41612
     -1.78662      0.18041      0.05917      0.12124
     -1.77662      0.00087      0.00028      0.00058
     -1.76662      0.00000      0.00000      0.00000
     -1.75662      0.00000      0.00000      0.00000
     -1.74662      0.00000      0.00000      0.00000
     -1.73662      0.00000      0.00000      0.00000
     -1.72662      0.00000      0.00000      0.00000
     -1.71662      0.00000      0.00000      0.00000
     -1.70662      0.00000      0.00000      0.00000
     -1.69662      0.00000      0.00000      0.00000
     -1.68662      0.00000      0.00000      0.00000
     -1.67662      0.00000      0.00000      0.00000
     -1.66662      0.00000      0.00000      0.00000
     -1.65662      0.00000      0.00000      0.00000
     -1.64662      0.00000      0.00000      0.00000
     -1.63662      0.00000      0.00000      0.00000
     -1.62662      0.00000      0.00000      0.00000
     -1.61662      0.00000      0.00000      0.00000
     -1.60662      0.00000      0.00000      0.00000
     -1.59662      0.00000      0.00000      0.00000
     -1.58662      0.00000      0.00000      0.00000
     -1.57662      0.00006      0.00004      0.00002
     -1.56662      0.03373      0.02300      0.01073
     -1.55662      2.54822      1.73897      0.80925
     -1.54662     27.06370     18.46395      8.59974
     -1.53662     54.58843     37.08531     17.50311
     -1.52662     80.98230     55.19006     25.79224
     -1.51662     98.26880     67.51187     30.75693
     -1.50662     72.55425     50.33434     22.21992
     -1.49662     65.42607     45.41586     20.01021
     -1.48662     89.99669     60.11971     29.87698
     -1.47662    158.47948    104.48487     53.99461
     -1.46662    161.18622    107.84925     53.33697
     -1.45662     88.15977     60.82438     27.33539
     -1.44662     73.39401     50.13616     23.25785
     -1.43662    113.50199     74.38243     39.11957
     -1.42662    148.49801     96.68821     51.80980
     -1.41662    151.17625     98.12098     53.05527
     -1.40662    183.34143    118.79794     64.54350
     -1.39662    112.41579     73.31716     39.09863
     -1.38662     52.14399     33.57170     18.57229
     -1.37662    102.93066     64.69863     38.23203
     -1.36662    180.20562    112.89702     67.30861
     -1.35662    205.35850    131.30755     74.05095
     -1.34662    174.83906    117.07845     57.76062
     -1.33662     70.81181     48.27907     22.53274
     -1.32662      8.08596      5.44858      2.63738
     -1.31662     29.27189     18.57820     10.69369
     -1.30662    139.26096     90.73810     48.52286
     -1.29662    181.75354    122.42038     59.33316
     -1.28662    138.48621     94.98885     43.49737
     -1.27662    161.22850    107.74606     53.48244
     -1.26662    122.10709     79.12759     42.97951
     -1.25662     96.65645     61.37603     35.28042
     -1.24662    116.22806     75.58655     40.64150
     -1.23662    136.17674     90.69211     45.48463
     -1.22662    133.06634     89.18883     43.87752
     -1.21662    173.00891    118.22227     54.78664
     -1.20662    196.66093    135.09780     61.56313
     -1.19662    154.62029    106.55134     48.06894
     -1.18662    171.61553    117.84121     53.77432
     -1.17662    227.49198    154.62535     72.86663
     -1.16662    231.36304    155.54681     75.81624
     -1.15662    246.43125    164.41742     82.01382
     -1.14662    179.09919    120.09574     59.00345
     -1.13662    179.19548    121.73181     57.46367
     -1.12662    231.99064    157.64960     74.34103
     -1.11662    269.63882    186.15039     83.48843
     -1.10662    287.62001    199.35969     88.26033
     -1.09662    325.96527    223.57104    102.39423
     -1.08662    270.15069    187.41875     82.73193
     -1.07662    224.80738    157.71127     67.09611
     -1.06662    253.30360    175.86161     77.44199
     -1.05662    258.79550    181.25783     77.53767
     -1.04662    235.07738    163.66100     71.41638
     -1.03662    197.60232    136.56953     61.03279
     -1.02662    202.50477    139.36232     63.14245
     -1.01662    203.44872    139.62773     63.82098
     -1.00662    171.30029    117.41819     53.88210
     -0.99662    174.97396    118.10035     56.87361
     -0.98662    238.05471    161.95321     76.10149
     -0.97662    209.29877    143.68387     65.61490
     -0.96662    126.81966     86.79780     40.02185
     -0.95662    145.07411     98.28465     46.78945
     -0.94662    162.50024    110.47821     52.02202
     -0.93662    118.97338     82.89999     36.07339
     -0.92662    142.27500    100.62311     41.65189
     -0.91662    163.48010    115.84235     47.63775
     -0.90662     98.61656     69.23260     29.38396
     -0.89662     71.19089     49.23909     21.95180
     -0.88662    137.12618     96.96792     40.15825
     -0.87662    181.44239    128.19607     53.24632
     -0.86662    128.10333     89.11889     38.98444
     -0.85662     65.43030     45.55407     19.87623
     -0.84662    135.47720     95.65229     39.82490
     -0.83662    196.82954    138.64355     58.18599
     -0.82662    104.63675     73.65945     30.97730
     -0.81662     67.54654     47.77051     19.77603
     -0.80662    126.54597     90.34247     36.20350
     -0.79662    144.64280    102.92141     41.72140
     -0.78662     77.25668     54.29968     22.95700
     -0.77662    119.77068     84.07233     35.69835
     -0.76662    153.51298    109.02063     44.49235
     -0.75662     92.34464     65.67798     26.66666
     -0.74662     96.34844     67.92068     28.42776
     -0.73662    105.40969     75.66928     29.74041
     -0.72662    129.89694     94.08782     35.80912
     -0.71662    125.65740     91.08563     34.57176
     -0.70662    101.13432     73.48276     27.65156
     -0.69662    135.77980     98.32209     37.45770
     -0.68662    126.89885     92.02252     34.87632
     -0.67662     93.28588     67.59885     25.68703
     -0.66662     98.37526     70.48589     27.88937
     -0.65662    110.03648     78.28903     31.74744
     -0.64662     67.91576     48.25120     19.66456
     -0.63662     34.52379     24.76290      9.76090
     -0.62662     50.73452     35.49459     15.23992
     -0.61662     79.61821     56.00387     23.61435
     -0.60662    110.85261     78.72079     32.13183
     -0.59662    174.74061    124.89850     49.84211
     -0.58662    150.22774    108.08797     42.13977
     -0.57662    112.04285     80.71872     31.32413
     -0.56662     99.34427     73.72830     25.61597
     -0.55662     70.10207     52.75280     17.34927
     -0.54662     39.65099     29.39004     10.26095
     -0.53662     69.15140     49.55261     19.59879
     -0.52662    113.68416     81.02154     32.66261
     -0.51662    104.92821     73.39869     31.52952
     -0.50662     63.92408     45.03720     18.88688
     -0.49662     58.17597     43.46008     14.71589
     -0.48662     81.20741     60.51348     20.69393
     -0.47662     64.58860     47.53942     17.04918
     -0.46662     72.10502     53.77849     18.32653
     -0.45662    136.33187    102.19029     34.14158
     -0.44662    114.82726     84.26171     30.56555
     -0.43662     91.20474     67.14592     24.05882
     -0.42662    102.15791     75.45877     26.69914
     -0.41662    127.68398     92.72052     34.96346
     -0.40662    112.03416     81.48166     30.55251
     -0.39662    113.19551     80.19351     33.00200
     -0.38662     85.99652     60.29505     25.70147
     -0.37662     54.15629     38.76182     15.39447
     -0.36662     20.56912     14.65283      5.91629
     -0.35662     32.76136     22.62476     10.13659
     -0.34662     75.88250     53.08502     22.79748
     -0.33662     73.42579     51.65513     21.77066
     -0.32662     41.88243     29.41193     12.47051
     -0.31662     46.79446     31.11488     15.67958
     -0.30662     49.63085     32.82066     16.81019
     -0.29662     33.78110     22.51848     11.26263
     -0.28662     26.64851     17.96688      8.68163
     -0.27662     38.93053     27.10611     11.82442
     -0.26662     86.58981     62.25584     24.33398
     -0.25662     71.20527     51.21378     19.99149
     -0.24662     80.73899     58.33594     22.40306
     -0.23662     73.94576     51.48664     22.45913
     -0.22662     66.43203     46.91374     19.51829
     -0.21662     97.22007     68.44767     28.77240
     -0.20662     81.24053     58.33881     22.90172
     -0.19662     50.58768     36.69091     13.89677
     -0.18662     45.34289     31.78056     13.56233
     -0.17662     20.00318     13.89058      6.11261
     -0.16662     27.09971     21.50817      5.59153
     -0.15662     38.08634     30.54290      7.54343
     -0.14662     37.65668     30.19330      7.46338
     -0.13662     32.03550     25.69307      6.34244
     -0.12662      5.37025      4.22443      1.14582
     -0.11662     11.56860      7.90457      3.66403
     -0.10662     38.48133     27.56658     10.91475
     -0.09662     37.42923     26.82422     10.60501
     -0.08662     24.12004     17.14319      6.97685
     -0.07662     21.73097     17.00240      4.72857
     -0.06662      7.23593      5.73593      1.50000
     -0.05662      1.24557      0.86506      0.38051
     -0.04662     15.76261     10.32978      5.43283
     -0.03662     39.37837     25.79306     13.58531
     -0.02662     13.98644      9.15682      4.82962
     -0.01662      1.96352      1.27916      0.68436
     -0.00662     12.88174      8.37078      4.51096
      0.00338     17.78832     11.55913      6.22919
      0.01338      3.32563      2.16105      1.16458
      0.02338      0.08414      0.05468      0.02947
      0.03338      0.00045      0.00029      0.00016
      0.04338      0.05517      0.03578      0.01939
      0.05338      2.60388      1.68883      0.91506
      0.06338     16.79524     10.89211      5.90313
      0.07338     19.33564     12.51276      6.82288
      0.08338     20.99977     13.51129      7.48848
      0.09338     10.18869      6.55098      3.63771
      0.10338      0.72345      0.46515      0.25831
      0.11338      0.00697      0.00448      0.00249
      0.12338      0.00001      0.00001      0.00000
      0.13338      0.00000      0.00000      0.00000
      0.14338      0.00000      0.00000      0.00000
      0.15338      0.00000      0.00000      0.00000
      0.16338      0.00000      0.00000      0.00000
      0.17338      0.00000      0.00000      0.00000
      0.18338      0.00000      0.00000      0.00000
      0.19338      0.00000      0.00000      0.00000
      0.20338      0.00000      0.00000      0.00000
      0.21338      0.00000      0.00000      0.00000
      0.22338      0.00000      0.00000      0.00000
      0.23338      0.00000      0.00000      0.00000
      0.24338      0.00000      0.00000      0.00000
      0.25338      0.00000      0.00000      0.00000
      0.26338      0.00000      0.00000      0.00000
      0.27338      0.00000      0.00000      0.00000
      0.28338      0.00000      0.00000      0.00000
      0.29338      0.00000      0.00000      0.00000
      0.30338      0.00000      0.00000      0.00000
      0.31338      0.00000      0.00000      0.00000
      0.32338      0.00000      0.00000      0.00000
      0.33338      0.00000      0.00000      0.00000
      0.34338      0.00000      0.00000      0.00000
      0.35338      0.00000      0.00000      0.00000
      0.36338      0.00000      0.00000      0.00000
      0.37338      0.00000      0.00000      0.00000
      0.38338      0.00000      0.00000      0.00000
      0.39338      0.00000      0.00000      0.00000
      0.40338      0.00000      0.00000      0.00000
      0.41338      0.00000      0.00000      0.00000
      0.42338      0.00000      0.00000      0.00000
      0.43338      0.00000      0.00000      0.00000
      0.44338      0.00000      0.00000      0.00000
      0.45338      0.00000      0.00000      0.00000
      0.46338      0.00000      0.00000      0.00000
      0.47338      0.00000      0.00000      0.00000
      0.48338      0.00000      0.00000      0.00000
      0.49338      0.00000      0.00000      0.00000
      0.50338      0.00000      0.00000      0.00000
      0.51338      0.00000      0.00000      0.00000
      0.52338      0.00000      0.00000      0.00000
      0.53338      0.00000      0.00000      0.00000
      0.54338      0.00000      0.00000      0.00000
      0.55338      0.00000      0.00000      0.00000
      0.56338      0.00000      0.00000      0.00000
      0.57338      0.00000      0.00000      0.00000
      0.58338      0.00000      0.00000      0.00000
      0.59338      0.00000      0.00000      0.00000
      0.60338      0.00000      0.00000      0.00000
      0.61338      0.00000      0.00000      0.00000
      0.62338      0.00000      0.00000      0.00000
      0.63338      0.00000      0.00000      0.00000
      0.64338      0.00000      0.00000      0.00000
      0.65338      0.00000      0.00000      0.00000
      0.66338      0.00000      0.00000      0.00000
      0.67338      0.00000      0.00000      0.00000
      0.68338      0.00000      0.00000      0.00000
      0.69338      0.00000      0.00000      0.00000
      0.70338      0.00000      0.00000      0.00000
      0.71338      0.00000      0.00000      0.00000
      0.72338      0.00000      0.00000      0.00000
      0.73338      0.00000      0.00000      0.00000
      0.74338      0.00000      0.00000      0.00000
      0.75338      0.00000      0.00000      0.00000
      0.76338      0.00000      0.00000      0.00000
      0.77338      0.00000      0.00000      0.00000
      0.78338      0.00000      0.00000      0.00000
      0.79338      0.00000      0.00000      0.00000
      0.80338      0.00000      0.00000      0.00000
      0.81338      0.00000      0.00000      0.00000
      0.82338      0.00000      0.00000      0.00000
      0.83338      0.00000      0.00000      0.00000
      0.84338      0.00000      0.00000      0.00000
      0.85338      0.00000      0.00000      0.00000
      0.86338      0.00000      0.00000      0.00000
      0.87338      0.00000      0.00000      0.00000
      0.88338      0.00000      0.00000      0.00000
      0.89338      0.00000      0.00000      0.00000
      0.90338      0.00000      0.00000      0.00000
      0.91338      0.00000      0.00000      0.00000
      0.92338      0.00000      0.00000      0.00000
      0.93338      0.00000      0.00000      0.00000
      0.94338      0.00000      0.00000      0.00000
      0.95338      0.00000      0.00000      0.00000
      0.96338      0.00000      0.00000      0.00000
      0.97338      0.00000      0.00000      0.00000
      0.98338      0.00000      0.00000      0.00000
      0.99338      0.00000      0.00000      0.00000
      1.00338      0.00000      0.00000      0.00000
      1.01338      0.00000      0.00000      0.00000
      1.02338      0.00000      0.00000      0.00000
      1.03338      0.00000      0.00000      0.00000
      1.04338      0.00000      0.00000      0.00000
      1.05338      0.00000      0.00000      0.00000
      1.06338      0.00000      0.00000      0.00000
      1.07338      0.00000      0.00000      0.00000
      1.08338      0.00000      0.00000      0.00000
      1.09338      0.00000      0.00000      0.00000
      1.10338      0.00000      0.00000      0.00000
      1.11338      0.00000      0.00000      0.00000
      1.12338      0.00000      0.00000      0.00000
      1.13338      0.00000      0.00000      0.00000
      1.14338      0.00000      0.00000      0.00000
      1.15338      0.00000      0.00000      0.00000
      1.16338      0.00000      0.00000      0.00000
      1.17338      0.00000      0.00000      0.00000
      1.18338      0.00000      0.00000      0.00000
      1.19338      0.00000      0.00000      0.00000
      1.20338      0.00000      0.00000      0.00000
      1.21338      0.00000      0.00000      0.00000
      1.22338      0.00000      0.00000      0.00000
      1.23338      0.00000      0.00000      0.00000
      1.24338      0.00000      0.00000      0.00000
      1.25338      0.00000      0.00000      0.00000
      1.26338      0.00000      0.00000      0.00000
      1.27338      0.00000      0.00000      0.00000
      1.28338      0.00000      0.00000      0.00000
      1.29338      0.00000      0.00000      0.00000
      1.30338      0.00000      0.00000      0.00000
      1.31338      0.00000      0.00000      0.00000
      1.32338      0.00000      0.00000      0.00000
      1.33338      0.00000      0.00000      0.00000
      1.34338      0.00000      0.00000      0.00000
      1.35338      0.00000      0.00000      0.00000
      1.36338      0.00000      0.00000      0.00000
      1.37338      0.00000      0.00000      0.00000
      1.38338      0.00000      0.00000      0.00000
      1.39338      0.00000      0.00000      0.00000
      1.40338      0.00000      0.00000      0.00000
      1.41338      0.00000      0.00000      0.00000
      1.42338      0.00000      0.00000      0.00000
      1.43338      0.00000      0.00000      0.00000
      1.44338      0.00000      0.00000      0.00000
      1.45338      0.00000      0.00000      0.00000
      1.46338      0.00000      0.00000      0.00000
      1.47338      0.00000      0.00000      0.00000
      1.48338      0.00000      0.00000      0.00000
      1.49338      0.00000      0.00000      0.00000
      1.50338      0.00000      0.00000      0.00000
      1.51338      0.00000      0.00000      0.00000
      1.52338      0.00000      0.00000      0.00000
      1.53338      0.00000      0.00000      0.00000
      1.54338      0.00000      0.00000      0.00000
      1.55338      0.00000      0.00000      0.00000
      1.56338      0.00000      0.00000      0.00000
      1.57338      0.00000      0.00000      0.00000
      1.58338      0.00000      0.00000      0.00000
      1.59338      0.00000      0.00000      0.00000
      1.60338      0.00000      0.00000      0.00000
      1.61338      0.00000      0.00000      0.00000
      1.62338      0.00000      0.00000      0.00000
      1.63338      0.00000      0.00000      0.00000
      1.64338      0.00000      0.00000      0.00000
      1.65338      0.00000      0.00000      0.00000
      1.66338      0.00000      0.00000      0.00000
      1.67338      0.00000      0.00000      0.00000
      1.68338      0.00000      0.00000      0.00000
      1.69338      0.00000      0.00000      0.00000
      1.70338      0.00000      0.00000      0.00000
      1.71338      0.00000      0.00000      0.00000
      1.72338      0.00000      0.00000      0.00000
      1.73338      0.00000      0.00000      0.00000
      1.74338      0.00000      0.00000      0.00000
      1.75338      0.00000      0.00000      0.00000
      1.76338      0.00000      0.00000      0.00000
      1.77338      0.00000      0.00000      0.00000
      1.78338      0.00000      0.00000      0.00000
      1.79338      0.00000      0.00000      0.00000
      1.80338      0.00000      0.00000      0.00000
      1.81338      0.00000      0.00000      0.00000
      1.82338      0.00000      0.00000      0.00000
      1.83338      0.00000      0.00000      0.00000
      1.84338      0.00000      0.00000      0.00000
      1.85338      0.00000      0.00000      0.00000
      1.86338      0.00052      0.00038      0.00014
      1.87338      0.12691      0.09175      0.03515
      1.88338      4.19304      3.03155      1.16149
      1.89338     18.75721     13.56140      5.19581
      1.90338     12.13767      8.77589      3.36177
      1.91338     11.50853      8.32601      3.18251
      1.92338     19.14712     13.85306      5.29407
      1.93338      4.68486      3.38953      1.29534
      1.94338      0.16384      0.11853      0.04531
      1.95338      0.83038      0.60021      0.23017
      1.96338     10.80318      7.80865      2.99454
      1.97338     19.31629     13.96213      5.35415
      1.98338     11.00762      7.95943      3.04818
      1.99338     20.01919     14.47935      5.53985
      2.00338      8.26191      5.97564      2.28626
      2.01338      0.46478      0.33616      0.12862
      2.02338      0.00354      0.00256      0.00098
      2.03338      0.00000      0.00000      0.00000
      2.04338      0.00000      0.00000      0.00000
      2.05338      0.00000      0.00000      0.00000
      2.06338      0.00000      0.00000      0.00000
      2.07338      0.00000      0.00000      0.00000
      2.08338      0.00000      0.00000      0.00000
      2.09338      0.00000      0.00000      0.00000
      2.10338      0.00000      0.00000      0.00000
      2.11338      0.00000      0.00000      0.00000
      2.12338      0.00074      0.00053      0.00020
      2.13338      0.19670      0.14232      0.05438
      2.14338      7.19861      5.20877      1.98984
      2.15338     36.27711     26.25037     10.02674
      2.16338     31.08466     22.49201      8.59265
      2.17338     36.04978     26.07851      9.97127
      2.18338     27.26163     19.72265      7.53897
      2.19338      3.28826      2.37913      0.90913
      2.20338      0.05823      0.04213      0.01610
      2.21338      0.00015      0.00011      0.00004
      2.22338      0.00000      0.00000      0.00000
      2.23338      0.00000      0.00000      0.00000
      2.24338      0.00000      0.00000      0.00000
      2.25338      0.00000      0.00000      0.00000
      2.26338      0.00000      0.00000      0.00000
      2.27338      0.00000      0.00000      0.00000
      2.28338      0.00000      0.00000      0.00000
      2.29338      0.00000      0.00000      0.00000
      2.30338      0.00000      0.00000      0.00000
      2.31338      0.00000      0.00000      0.00000
      2.32338      0.00000      0.00000      0.00000
      2.33338      0.00000      0.00000      0.00000
      2.34338      0.00000      0.00000      0.00000
      2.35338      0.00000      0.00000      0.00000
      2.36338      0.00000      0.00000      0.00000
      2.37338      0.00000      0.00000      0.00000
      2.38338      0.00000      0.00000      0.00000
      2.39338      0.00000      0.00000      0.00000
      2.40338      0.00000      0.00000      0.00000
      2.41338      0.00000      0.00000      0.00000
      2.42338      0.00000      0.00000      0.00000
      2.43338      0.00000      0.00000      0.00000
      2.44338      0.00000      0.00000      0.00000
      2.45338      0.00000      0.00000      0.00000
      2.46338      0.00000      0.00000      0.00000
      2.47338      0.00000      0.00000      0.00000
      2.48338      0.00000      0.00000      0.00000
      2.49338      0.00000      0.00000      0.00000
      2.50338      0.00000      0.00000      0.00000
      2.51338      0.00000      0.00000      0.00000
      2.52338      0.00000      0.00000      0.00000
      2.53338      0.00000      0.00000      0.00000
      2.54338      0.00000      0.00000      0.00000
      2.55338      0.00000      0.00000      0.00000
      2.56338      0.00000      0.00000      0.00000
      2.57338      0.00000      0.00000      0.00000
      2.58338      0.00000      0.00000      0.00000
      2.59338      0.00000      0.00000      0.00000
      2.60338      0.00000      0.00000      0.00000
      2.61338      0.00000      0.00000      0.00000
      2.62338      0.00000      0.00000      0.00000
      2.63338      0.00000      0.00000      0.00000
      2.64338      0.00000      0.00000      0.00000
      2.65338      0.00000      0.00000      0.00000
      2.66338      0.00000      0.00000      0.00000
      2.67338      0.00000      0.00000      0.00000
      2.68338      0.00000      0.00000      0.00000
      2.69338      0.00000      0.00000      0.00000
      2.70338      0.00000      0.00000      0.00000
      2.71338      0.00000      0.00000      0.00000
      2.72338      0.00000      0.00000      0.00000
      2.73338      0.00000      0.00000      0.00000
      2.74338      0.00139      0.00068      0.00071
      2.75338      0.24920      0.12148      0.12772
      2.76338      6.11051      2.98278      3.12774
      2.77338     23.93669     12.06508     11.87161
      2.78338     48.50481     29.43191     19.07290
      2.79338    106.60004     66.98404     39.61600
      2.80338    151.15423     81.99733     69.15691
      2.81338    174.69683     86.65362     88.04321
      2.82338    164.59869     79.22119     85.37749
      2.83338    158.42191     75.77949     82.64243
      2.84338    176.90569     91.85067     85.05502
      2.85338    237.13536    145.79903     91.33633
      2.86338    207.87517    124.58866     83.28651
      2.87338    109.88035     56.66303     53.21732
      2.88338    107.83070     53.47325     54.35745
      2.89338    127.27512     63.74472     63.53040
      2.90338    151.22610     84.56393     66.66217
      2.91338    235.66421    144.24829     91.41592
      2.92338    275.22170    153.13794    122.08376
      2.93338    256.87101    123.23754    133.63347
      2.94338    203.18275     97.71458    105.46817
      2.95338    214.11691    112.30662    101.81029
      2.96338    338.72559    195.52230    143.20329
      2.97338    390.36613    217.77003    172.59610
      2.98338    283.23106    151.86259    131.36847
      2.99338    154.52235     81.56764     72.95472
      3.00338    156.53097     78.83729     77.69368
      3.01338    168.42717     83.62936     84.79781
      3.02338    182.51645     90.41651     92.09994
      3.03338    126.45714     63.33456     63.12258
      3.04338    171.52009     89.98338     81.53671
      3.05338    283.37578    161.44439    121.93138
      3.06338    327.80095    197.02739    130.77356
      3.07338    299.09121    173.09153    125.99968
      3.08338    195.71792    108.65849     87.05943
      3.09338    165.00376     96.64833     68.35543
      3.10338    208.43271    123.49168     84.94103
      3.11338    163.36297    105.23057     58.13240
      3.12338    186.49231    122.88724     63.60507
      3.13338    210.60327    130.79581     79.80746
      3.14338    212.06931    124.62483     87.44448
      3.15338    189.65124    103.24284     86.40839
      3.16338    200.48868    107.20560     93.28307
      3.17338    233.83741    127.55265    106.28476
      3.18338    153.46618     84.88187     68.58431
      3.19338    141.56522     80.34381     61.22140
      3.20338    123.90314     71.59214     52.31100
      3.21338    186.86531    110.18021     76.68509
      3.22338    255.79828    154.74016    101.05812
      3.23338    246.62934    149.24093     97.38840
      3.24338    207.76577    127.87859     79.88718
      3.25338    205.79936    126.90937     78.88999
      3.26338    252.30184    151.09711    101.20473
      3.27338    222.58871    129.63611     92.95260
      3.28338    253.39714    147.52171    105.87543
      3.29338    315.54076    188.94206    126.59869
      3.30338    337.25075    198.02607    139.22467
      3.31338    313.45820    181.33390    132.12430
      3.32338    325.38979    192.20391    133.18588
      3.33338    293.45586    175.98413    117.47173
      3.34338    297.67095    177.41195    120.25900
      3.35338    293.07489    165.17048    127.90442
      3.36338    360.43901    202.76216    157.67685
      3.37338    400.71345    229.54968    171.16377
      3.38338    289.82965    170.20792    119.62173
      3.39338    255.82833    151.87258    103.95575
      3.40338    364.65863    215.91913    148.73950
      3.41338    426.93656    252.20716    174.72940
      3.42338    338.89730    202.03490    136.86240
      3.43338    251.94192    152.34772     99.59421
      3.44338    243.80891    149.87318     93.93574
      3.45338    255.96577    152.50842    103.45735
      3.46338    264.43583    160.17810    104.25774
      3.47338    349.79943    211.02826    138.77117
      3.48338    436.08495    254.63285    181.45210
      3.49338    345.50468    200.17353    145.33115
      3.50338    266.31013    160.94024    105.36990
      3.51338    264.33156    163.61810    100.71346
      3.52338    303.82903    176.49618    127.33285
      3.53338    371.44135    213.21517    158.22618
      3.54338    390.31828    223.38597    166.93231
      3.55338    365.44539    220.37104    145.07434
      3.56338    297.16283    178.28686    118.87597
      3.57338    331.01444    190.48331    140.53113
      3.58338    361.89328    212.32076    149.57252
      3.59338    398.68877    234.71655    163.97223
      3.60338    403.48279    242.85648    160.62631
      3.61338    303.72260    187.20804    116.51456
      3.62338    286.21390    177.90121    108.31269
      3.63338    384.57977    242.62733    141.95244
      3.64338    401.14402    249.60676    151.53725
      3.65338    253.37926    155.39834     97.98092
      3.66338    280.81190    180.05110    100.76080
      3.67338    299.30588    196.96734    102.33854
      3.68338    316.78289    211.63681    105.14608
      3.69338    297.73684    200.31302     97.42381
      3.70338    311.59295    210.33459    101.25836
      3.71338    288.48562    192.17843     96.30719
      3.72338    286.38732    184.34282    102.04450
      3.73338    266.08589    170.86728     95.21861
      3.74338    211.79831    136.86665     74.93166
      3.75338    218.77882    144.79523     73.98359
      3.76338    243.69644    164.91717     78.77926
      3.77338    274.26905    195.50952     78.75953
      3.78338    278.33442    201.36086     76.97356
      3.79338    209.73104    147.27976     62.45128
      3.80338    122.71161     84.76637     37.94524
      3.81338    111.06770     78.67889     32.38881
      3.82338    168.32744    115.93221     52.39523
      3.83338    162.87584    106.87798     55.99785
      3.84338    137.20465     96.09454     41.11011
      3.85338    185.60280    128.18287     57.41994
      3.86338    297.40633    202.83793     94.56840
      3.87338    308.78490    218.70450     90.08040
      3.88338    239.70613    167.29105     72.41507
      3.89338    183.90135    127.84347     56.05787
      3.90338    123.08953     91.54739     31.54214
      3.91338    162.13681    123.63744     38.49936
      3.92338    178.99426    130.71592     48.27834
      3.93338    169.36628    118.28209     51.08419
      3.94338    117.58767     80.21705     37.37062
      3.95338    105.78645     76.48659     29.29986
      3.96338     88.75878     63.69363     25.06515
      3.97338    111.85346     80.29715     31.55631
      3.98338    140.07238    105.73163     34.34075
      3.99338    116.95437     88.22511     28.72927
      4.00338    177.13651    124.06580     53.07071
      4.01338    237.67885    166.23022     71.44863
      4.02338    217.44572    152.27473     65.17099
      4.03338    234.78014    161.56984     73.21031
      4.04338    226.09397    153.43381     72.66016
      4.05338    195.94500    132.44038     63.50462
      4.06338    161.63569    108.15285     53.48284
      4.07338    168.01249    114.33904     53.67346
      4.08338    145.56880     99.81905     45.74975
      4.09338    121.74241     81.98111     39.76130
      4.10338    157.68163    108.60167     49.07996
      4.11338    190.69594    134.04033     56.65561
      4.12338    196.48749    137.85653     58.63096
      4.13338    188.94893    127.44406     61.50487
      4.14338    187.62225    126.38889     61.23336
      4.15338    193.13722    133.57783     59.55939
      4.16338    178.42914    121.99470     56.43443
      4.17338    205.20730    136.06021     69.14709
      4.18338    229.98528    153.42317     76.56211
      4.19338    115.93714     79.68366     36.25348
      4.20338    138.86736     96.84612     42.02125
      4.21338    198.62451    133.26505     65.35946
      4.22338    170.78174    111.26691     59.51483
      4.23338    224.73665    143.54744     81.18922
      4.24338    251.34252    163.25452     88.08800
      4.25338    307.96933    202.88535    105.08398
      4.26338    339.78433    232.24267    107.54166
      4.27338    280.45836    197.03002     83.42834
      4.28338    184.72392    128.65987     56.06405
      4.29338    207.42781    135.90526     71.52255
      4.30338    278.59914    178.23176    100.36737
      4.31338    344.27524    220.56364    123.71161
      4.32338    513.63904    325.86490    187.77415
      4.33338    504.87528    311.70064    193.17464
      4.34338    424.57590    262.59078    161.98511
      4.35338    428.50895    268.27676    160.23219
      4.36338    517.76310    312.57586    205.18724
      4.37338    583.60183    345.68121    237.92062
      4.38338    446.57399    265.57298    181.00102
      4.39338    366.62534    215.47229    151.15305
      4.40338    411.24637    240.02127    171.22510
      4.41338    478.91554    273.76992    205.14562
      4.42338    429.54886    263.20322    166.34565
      4.43338    302.52263    198.83838    103.68424
      4.44338    325.06645    213.03159    112.03486
      4.45338    427.37399    276.41476    150.95923
      4.46338    441.32842    271.90514    169.42329
      4.47338    432.30576    257.22735    175.07841
      4.48338    415.89803    244.59347    171.30456
      4.49338    430.67375    260.76785    169.90590
      4.50338    392.97389    244.83854    148.13536
      4.51338    334.51659    221.35742    113.15917
      4.52338    239.10876    158.75675     80.35201
      4.53338    252.50408    156.37532     96.12876
      4.54338    303.95650    177.31004    126.64646
      4.55338    345.28574    200.40114    144.88459
      4.56338    309.31898    179.67812    129.64085
      4.57338    227.66034    132.30384     95.35650
      4.58338    229.43826    135.91698     93.52128
      4.59338    315.77790    186.10448    129.67342
      4.60338    374.17756    214.67355    159.50401
      4.61338    348.77321    204.55078    144.22243
      4.62338    341.93884    204.73297    137.20587
      4.63338    241.63990    139.63506    102.00484
      4.64338    137.41866     75.55915     61.85951
      4.65338    185.32827    106.12360     79.20467
      4.66338    253.94305    140.64708    113.29597
      4.67338    196.25613    103.83628     92.41985
      4.68338    202.14552    112.78593     89.35959
      4.69338    165.47155     95.83865     69.63290
      4.70338    140.48058     83.15884     57.32174
      4.71338    144.47138     82.14865     62.32273
      4.72338    167.96925     88.28847     79.68077
      4.73338    163.85340     87.52788     76.32552
      4.74338    146.22643     78.07849     68.14793
      4.75338    203.67830    109.94886     93.72944
      4.76338    189.81862    106.28798     83.53064
      4.77338    193.71693    110.04973     83.66720
      4.78338    202.13723    112.16389     89.97334
      4.79338    184.58434    106.59225     77.99209
      4.80338    156.98037     89.05233     67.92804
      4.81338    163.06176     88.78959     74.27217
      4.82338    185.14734    104.54254     80.60481
      4.83338    189.57631    109.91327     79.66304
      4.84338    209.02288    119.29033     89.73255
      4.85338    227.47856    128.12353     99.35503
      4.86338    228.98627    128.06310    100.92317
      4.87338    260.38360    145.73445    114.64915
      4.88338    258.41696    141.06189    117.35507
      4.89338    219.46797    119.18205    100.28592
      4.90338    173.80996     89.32670     84.48326
      4.91338    159.72724     78.95451     80.77273
      4.92338    136.09065     69.21024     66.88041
      4.93338    173.04122     86.49231     86.54891
      4.94338    119.65843     61.63721     58.02122
      4.95338     54.69153     29.40715     25.28438
      4.96338     79.76542     41.59050     38.17492
      4.97338     72.73004     36.36394     36.36609
      4.98338     49.95646     25.75448     24.20197
      4.99338     17.89567      9.68323      8.21244
      5.00338     46.82002     24.77413     22.04589
      5.01338     72.32559     36.54825     35.77733
      5.02338     66.81138     31.54944     35.26194
      5.03338    118.67849     57.50568     61.17282
      5.04338    122.71492     62.87791     59.83701
      5.05338     93.17487     46.77225     46.40261
      5.06338    154.53976     75.24050     79.29926
