Energy-E_F (eV)    DOS (1/eV)    PDOS (1/eV)  of atom type W  S  
     -5.10957     73.86171      0.00000      0.00000
     -5.09957    106.75659      0.00000      0.00000
     -5.08957     99.68620      0.00000      0.00000
     -5.07957     92.29594      0.00000      0.00000
     -5.06957    128.39287      0.00000      0.00000
     -5.05957    115.79257      0.00000      0.00000
     -5.04957     97.10701      0.00000      0.00000
     -5.03957     86.32284      0.00000      0.00000
     -5.02957     75.28727      0.00000      0.00000
     -5.01957     91.21400      0.00000      0.00000
     -5.00957     88.41397      0.00000      0.00000
     -4.99957    126.12133      0.00000      0.00000
     -4.98957    140.96806      0.00000      0.00000
     -4.97957    139.59807      0.00000      0.00000
     -4.96957    156.20734      0.00000      0.00000
     -4.95957    142.99993      0.00000      0.00000
     -4.94957    275.38928      0.00000      0.00000
     -4.93957    350.72872      0.00000      0.00000
     -4.92957    364.90846      0.00000      0.00000
     -4.91957    392.14621      0.00000      0.00000
     -4.90957    396.18196      0.00000      0.00000
     -4.89957    363.78057      0.00000      0.00000
     -4.88957    366.06667      0.00000      0.00000
     -4.87957    308.42593      0.00000      0.00000
     -4.86957    217.08070      0.00000      0.00000
     -4.85957    170.36968      0.00000      0.00000
     -4.84957    151.40928      0.00000      0.00000
     -4.83957    167.23039      0.00000      0.00000
     -4.82957    174.87525      0.00000      0.00000
     -4.81957    148.21643      0.00000      0.00000
     -4.80957    150.78979      0.00000      0.00000
     -4.79957    129.07839      0.00000      0.00000
     -4.78957    116.77605      0.00000      0.00000
     -4.77957     88.73200      0.00000      0.00000
     -4.76957     45.44348      0.00000      0.00000
     -4.75957     71.06320      0.00000      0.00000
     -4.74957     59.83151      0.00000      0.00000
     -4.73957     32.44184      0.00000      0.00000
     -4.72957     34.01299      0.00000      0.00000
     -4.71957     74.37141      0.00000      0.00000
     -4.70957    190.70803      0.00000      0.00000
     -4.69957    310.08648      0.00000      0.00000
     -4.68957    413.54607      0.00000      0.00000
     -4.67957    449.59310      0.00000      0.00000
     -4.66957    493.02659      0.00000      0.00000
     -4.65957    683.84458      0.00000      0.00000
     -4.64957    804.96121      0.00000      0.00000
     -4.63957    766.66615      0.00000      0.00000
     -4.62957    632.95456      0.00000      0.00000
     -4.61957    506.02128      0.00000      0.00000
     -4.60957    498.93416      0.00000      0.00000
     -4.59957    603.05307      0.00000      0.00000
     -4.58957    515.52348      0.00000      0.00000
     -4.57957    374.39343      0.00000      0.00000
     -4.56957    334.63349      0.00000      0.00000
     -4.55957    395.45821      0.00000      0.00000
     -4.54957    404.04714      0.00000      0.00000
     -4.53957    348.11780      0.00000      0.00000
     -4.52957    317.01487      0.00000      0.00000
     -4.51957    353.67405      0.00000      0.00000
     -4.50957    389.54902      0.00000      0.00000
     -4.49957    284.45865      0.00000      0.00000
     -4.48957    241.49834      0.00000      0.00000
     -4.47957    262.38842      0.00000      0.00000
     -4.46957    305.20968      0.00000      0.00000
     -4.45957    285.31741      0.00000      0.00000
     -4.44957    182.51181      0.00000      0.00000
     -4.43957    140.83269      0.00000      0.00000
     -4.42957    143.43882      0.00000      0.00000
     -4.41957    101.52308      0.00000      0.00000
     -4.40957     81.97329      0.00000      0.00000
     -4.39957    109.19883      0.00000      0.00000
     -4.38957    107.31452      0.00000      0.00000
     -4.37957     87.69033      0.00000      0.00000
     -4.36957     92.66429      0.00000      0.00000
     -4.35957     79.76109      0.00000      0.00000
     -4.34957     88.89076      0.00000      0.00000
     -4.33957     91.33350      0.00000      0.00000
     -4.32957     67.93438      0.00000      0.00000
     -4.31957     57.28109      0.00000      0.00000
     -4.30957     79.41816      0.00000      0.00000
     -4.29957     96.24784      0.00000      0.00000
     -4.28957     77.52963      0.00000      0.00000
     -4.27957     83.43620      0.00000      0.00000
     -4.26957     47.00492      0.00000      0.00000
     -4.25957     58.70779      0.00000      0.00000
     -4.24957     98.39863      0.00000      0.00000
     -4.23957     99.29438      0.00000      0.00000
     -4.22957     59.51693      0.00000      0.00000
     -4.21957     61.03565      0.00000      0.00000
     -4.20957     99.77486      0.00000      0.00000
     -4.19957    112.89464      0.00000      0.00000
     -4.18957    116.71998      0.00000      0.00000
     -4.17957     85.34375      0.00000      0.00000
     -4.16957     86.95856      0.00000      0.00000
     -4.15957     96.08657      0.00000      0.00000
     -4.14957    100.49176      0.00000      0.00000
     -4.13957     52.31969      0.00000      0.00000
     -4.12957     28.74647      0.00000      0.00000
     -4.11957     54.39816      0.00000      0.00000
     -4.10957    115.85843      0.00000      0.00000
     -4.09957    160.07975      0.00000      0.00000
     -4.08957    169.73656      0.00000      0.00000
     -4.07957    125.73262      0.00000      0.00000
     -4.06957     69.46458      0.00000      0.00000
     -4.05957     75.39359      0.00000      0.00000
     -4.04957     97.49089      0.00000      0.00000
     -4.03957     98.67022      0.00000      0.00000
     -4.02957    157.10908      0.00000      0.00000
     -4.01957    141.20738      0.00000      0.00000
     -4.00957    115.45690      0.00000      0.00000
     -3.99957     99.67096      0.00000      0.00000
     -3.98957     84.71289      0.00000      0.00000
     -3.97957    129.69378      0.00000      0.00000
     -3.96957    174.42632      0.00000      0.00000
     -3.95957    167.20210      0.00000      0.00000
     -3.94957    141.03142      0.00000      0.00000
     -3.93957    100.05446      0.00000      0.00000
     -3.92957     56.92271      0.00000      0.00000
     -3.91957    103.81742      0.00000      0.00000
     -3.90957    181.20863      0.00000      0.00000
     -3.89957    172.51758      0.00000      0.00000
     -3.88957    158.05588      0.00000      0.00000
     -3.87957    171.52498      0.00000      0.00000
     -3.86957    170.04323      0.00000      0.00000
     -3.85957    206.53997      0.00000      0.00000
     -3.84957    192.27403      0.00000      0.00000
     -3.83957    131.43867      0.00000      0.00000
     -3.82957    129.39462      0.00000      0.00000
     -3.81957    195.47480      0.00000      0.00000
     -3.80957    263.28967      0.00000      0.00000
     -3.79957    284.25671      0.00000      0.00000
     -3.78957    317.81408      0.00000      0.00000
     -3.77957    296.07532      0.00000      0.00000
     -3.76957    252.79731      0.00000      0.00000
     -3.75957    222.78058      0.00000      0.00000
     -3.74957    307.81721      0.00000      0.00000
     -3.73957    394.20450      0.00000      0.00000
     -3.72957    329.76680      0.00000      0.00000
     -3.71957    273.61528      0.00000      0.00000
     -3.70957    258.83314      0.00000      0.00000
     -3.69957    338.51188      0.00000      0.00000
     -3.68957    325.84510      0.00000      0.00000
     -3.67957    306.23675      0.00000      0.00000
     -3.66957    303.10088      0.00000      0.00000
     -3.65957    369.58605      0.00000      0.00000
     -3.64957    484.00757      0.00000      0.00000
     -3.63957    587.26397      0.00000      0.00000
     -3.62957    618.26807      0.00000      0.00000
     -3.61957    546.47233      0.00000      0.00000
     -3.60957    394.54757      0.00000      0.00000
     -3.59957    346.87561      0.00000      0.00000
     -3.58957    330.68255      0.00000      0.00000
     -3.57957    329.63626      0.00000      0.00000
     -3.56957    299.15983      0.00000      0.00000
     -3.55957    255.48798      0.00000      0.00000
     -3.54957    233.38690      0.00000      0.00000
     -3.53957    252.88318      0.00000      0.00000
     -3.52957    283.98666      0.00000      0.00000
     -3.51957    253.16754      0.00000      0.00000
     -3.50957    230.08230      0.00000      0.00000
     -3.49957    188.24437      0.00000      0.00000
     -3.48957    119.50691      0.00000      0.00000
     -3.47957    159.32191      0.00000      0.00000
     -3.46957    194.80887      0.00000      0.00000
     -3.45957    252.79617      0.00000      0.00000
     -3.44957    300.60656      0.00000      0.00000
     -3.43957    318.39256      0.00000      0.00000
     -3.42957    262.92027      0.00000      0.00000
     -3.41957    149.28997      0.00000      0.00000
     -3.40957    143.33379      0.00000      0.00000
     -3.39957    188.39014      0.00000      0.00000
     -3.38957    231.16292      0.00000      0.00000
     -3.37957    248.21196      0.00000      0.00000
     -3.36957    203.88805      0.00000      0.00000
     -3.35957    177.65281      0.00000      0.00000
     -3.34957    222.05075      0.00000      0.00000
     -3.33957    234.00785      0.00000      0.00000
     -3.32957    220.47310      0.00000      0.00000
     -3.31957    182.81417      0.00000      0.00000
     -3.30957    141.37721      0.00000      0.00000
     -3.29957    137.35387      0.00000      0.00000
     -3.28957    169.38804      0.00000      0.00000
     -3.27957    185.04797      0.00000      0.00000
     -3.26957    145.91769      0.00000      0.00000
     -3.25957    119.65911      0.00000      0.00000
     -3.24957    113.81885      0.00000      0.00000
     -3.23957    125.58860      0.00000      0.00000
     -3.22957    157.76148      0.00000      0.00000
     -3.21957    179.71011      0.00000      0.00000
     -3.20957    181.06547      0.00000      0.00000
     -3.19957    150.20569      0.00000      0.00000
     -3.18957    118.92273      0.00000      0.00000
     -3.17957    106.86196      0.00000      0.00000
     -3.16957    118.78092      0.00000      0.00000
     -3.15957    130.10783      0.00000      0.00000
     -3.14957    166.52472      0.00000      0.00000
     -3.13957    166.26268      0.00000      0.00000
     -3.12957    153.02712      0.00000      0.00000
     -3.11957    141.19718      0.00000      0.00000
     -3.10957    114.14975      0.00000      0.00000
     -3.09957    140.85569      0.00000      0.00000
     -3.08957    161.60968      0.00000      0.00000
     -3.07957    138.41411      0.00000      0.00000
     -3.06957    110.41268      0.00000      0.00000
     -3.05957     69.51065      0.00000      0.00000
     -3.04957     95.99149      0.00000      0.00000
     -3.03957     84.03193      0.00000      0.00000
     -3.02957     90.07889      0.00000      0.00000
     -3.01957     60.55394      0.00000      0.00000
     -3.00957     64.96110      0.00000      0.00000
     -2.99957    114.34385      0.00000      0.00000
     -2.98957    173.60474      0.00000      0.00000
     -2.97957    220.80982      0.00000      0.00000
     -2.96957    216.14298      0.00000      0.00000
     -2.95957    241.38901      0.00000      0.00000
     -2.94957    234.51272      0.00000      0.00000
     -2.93957    221.60657      0.00000      0.00000
     -2.92957    144.02668      0.00000      0.00000
     -2.91957    125.81669      0.00000      0.00000
     -2.90957    100.72995      0.00000      0.00000
     -2.89957     75.94548      0.00000      0.00000
     -2.88957    105.99003      0.00000      0.00000
     -2.87957    112.20511      0.00000      0.00000
     -2.86957    146.84183      0.00000      0.00000
     -2.85957    120.32601      0.00000      0.00000
     -2.84957     95.91981      0.00000      0.00000
     -2.83957    125.71837      0.00000      0.00000
     -2.82957    151.82464      0.00000      0.00000
     -2.81957    182.22218      0.00000      0.00000
     -2.80957    164.04908      0.00000      0.00000
     -2.79957    152.16730      0.00000      0.00000
     -2.78957    129.40810      0.00000      0.00000
     -2.77957     76.78156      0.00000      0.00000
     -2.76957     90.49743      0.00000      0.00000
     -2.75957    208.72029      0.00000      0.00000
     -2.74957    249.05324      0.00000      0.00000
     -2.73957    245.59693      0.00000      0.00000
     -2.72957    275.40974      0.00000      0.00000
     -2.71957    295.33537      0.00000      0.00000
     -2.70957    238.03169      0.00000      0.00000
     -2.69957    249.46820      0.00000      0.00000
     -2.68957    290.57741      0.00000      0.00000
     -2.67957    244.18518      0.00000      0.00000
     -2.66957    157.09280      0.00000      0.00000
     -2.65957    142.50639      0.00000      0.00000
     -2.64957    140.54016      0.00000      0.00000
     -2.63957    108.47715      0.00000      0.00000
     -2.62957    145.48391      0.00000      0.00000
     -2.61957    171.19614      0.00000      0.00000
     -2.60957    130.65852      0.00000      0.00000
     -2.59957    169.11838      0.00000      0.00000
     -2.58957    147.33962      0.00000      0.00000
     -2.57957     98.66975      0.00000      0.00000
     -2.56957    118.75267      0.00000      0.00000
     -2.55957    161.54253      0.00000      0.00000
     -2.54957    181.07711      0.00000      0.00000
     -2.53957    202.13497      0.00000      0.00000
     -2.52957    139.30438      0.00000      0.00000
     -2.51957    135.03005      0.00000      0.00000
     -2.50957    186.75453      0.00000      0.00000
     -2.49957    203.85471      0.00000      0.00000
     -2.48957    185.22580      0.00000      0.00000
     -2.47957    181.61459      0.00000      0.00000
     -2.46957    178.49080      0.00000      0.00000
     -2.45957    230.57196      0.00000      0.00000
     -2.44957    246.99151      0.00000      0.00000
     -2.43957    190.70785      0.00000      0.00000
     -2.42957    182.96189      0.00000      0.00000
     -2.41957    233.59572      0.00000      0.00000
     -2.40957    181.75809      0.00000      0.00000
     -2.39957    220.55733      0.00000      0.00000
     -2.38957    326.78480      0.00000      0.00000
     -2.37957    340.14796      0.00000      0.00000
     -2.36957    360.90911      0.00000      0.00000
     -2.35957    410.89748      0.00000      0.00000
     -2.34957    410.28653      0.00000      0.00000
     -2.33957    408.92731      0.00000      0.00000
     -2.32957    455.10725      0.00000      0.00000
     -2.31957    580.65961      0.00000      0.00000
     -2.30957    662.44250      0.00000      0.00000
     -2.29957    595.69450      0.00000      0.00000
     -2.28957    514.49218      0.00000      0.00000
     -2.27957    427.29795      0.00000      0.00000
     -2.26957    333.57725      0.00000      0.00000
     -2.25957    264.07011      0.00000      0.00000
     -2.24957    297.58904      0.00000      0.00000
     -2.23957    331.15225      0.00000      0.00000
     -2.22957    352.50883      0.00000      0.00000
     -2.21957    330.57666      0.00000      0.00000
     -2.20957    324.67437      0.00000      0.00000
     -2.19957    361.49797      0.00000      0.00000
     -2.18957    363.29377      0.00000      0.00000
     -2.17957    402.08899      0.00000      0.00000
     -2.16957    390.69243      0.00000      0.00000
     -2.15957    308.72335      0.00000      0.00000
     -2.14957    276.76777      0.00000      0.00000
     -2.13957    192.34414      0.00000      0.00000
     -2.12957    157.15135      0.00000      0.00000
     -2.11957    175.23651      0.00000      0.00000
     -2.10957    166.08685      0.00000      0.00000
     -2.09957    160.64562      0.00000      0.00000
     -2.08957    179.02905      0.00000      0.00000
     -2.07957    251.04292      0.00000      0.00000
     -2.06957    201.04752      0.00000      0.00000
     -2.05957    169.59051      0.00000      0.00000
     -2.04957    174.68434      0.00000      0.00000
     -2.03957    129.23672      0.00000      0.00000
     -2.02957    120.29728      0.00000      0.00000
     -2.01957    106.38796      0.00000      0.00000
     -2.00957    125.44638      0.00000      0.00000
     -1.99957    133.72612      0.00000      0.00000
     -1.98957    190.50008      0.00000      0.00000
     -1.97957    221.98051      0.00000      0.00000
     -1.96957    210.78715      0.00000      0.00000
     -1.95957    183.23978      0.00000      0.00000
     -1.94957    179.41066      0.00000      0.00000
     -1.93957    225.36720      0.00000      0.00000
     -1.92957    210.08693      0.00000      0.00000
     -1.91957    181.28662      0.00000      0.00000
     -1.90957    154.43536      0.00000      0.00000
     -1.89957    142.66338      0.00000      0.00000
     -1.88957    175.50936      0.00000      0.00000
     -1.87957    205.66525      0.00000      0.00000
     -1.86957    240.96173      0.00000      0.00000
     -1.85957    246.55622      0.00000      0.00000
     -1.84957    222.05108      0.00000      0.00000
     -1.83957    186.95458      0.00000      0.00000
     -1.82957    191.36497      0.00000      0.00000
     -1.81957    250.18443      0.00000      0.00000
     -1.80957    297.00625      0.00000      0.00000
     -1.79957    221.02935      0.00000      0.00000
     -1.78957    170.12286      0.00000      0.00000
     -1.77957    194.45294      0.00000      0.00000
     -1.76957    196.46056      0.00000      0.00000
     -1.75957    220.89240      0.00000      0.00000
     -1.74957    236.53202      0.00000      0.00000
     -1.73957    217.95711      0.00000      0.00000
     -1.72957    192.26113      0.00000      0.00000
     -1.71957    195.99793      0.00000      0.00000
     -1.70957    259.30855      0.00000      0.00000
     -1.69957    244.30865      0.00000      0.00000
     -1.68957    174.41066      0.00000      0.00000
     -1.67957    158.62977      0.00000      0.00000
     -1.66957    181.43824      0.00000      0.00000
     -1.65957    222.73656      0.00000      0.00000
     -1.64957    214.33844      0.00000      0.00000
     -1.63957    212.93283      0.00000      0.00000
     -1.62957    210.70582      0.00000      0.00000
     -1.61957    196.82833      0.00000      0.00000
     -1.60957    206.91303      0.00000      0.00000
     -1.59957    239.87019      0.00000      0.00000
     -1.58957    288.58654      0.00000      0.00000
     -1.57957    332.21690      0.00000      0.00000
     -1.56957    312.39891      0.00000      0.00000
     -1.55957    241.68416      0.00000      0.00000
     -1.54957    190.52988      0.00000      0.00000
     -1.53957    175.60322      0.00000      0.00000
     -1.52957    198.34600      0.00000      0.00000
     -1.51957    255.42025      0.00000      0.00000
     -1.50957    265.12844      0.00000      0.00000
     -1.49957    225.37188      0.00000      0.00000
     -1.48957    173.15660      0.00000      0.00000
     -1.47957    118.79290      0.00000      0.00000
     -1.46957    160.42830      0.00000      0.00000
     -1.45957    141.56433      0.00000      0.00000
     -1.44957     81.66136      0.00000      0.00000
     -1.43957     33.39367      0.00000      0.00000
     -1.42957      4.76868      0.00000      0.00000
     -1.41957      0.15632      0.00000      0.00000
     -1.40957      1.65967      0.00000      0.00000
     -1.39957     16.88270      0.00000      0.00000
     -1.38957     37.94148      0.00000      0.00000
     -1.37957     55.47791      0.00000      0.00000
     -1.36957    109.33508      0.00000      0.00000
     -1.35957    106.06902      0.00000      0.00000
     -1.34957     91.62672      0.00000      0.00000
     -1.33957     78.07585      0.00000      0.00000
     -1.32957     84.74690      0.00000      0.00000
     -1.31957    122.46262      0.00000      0.00000
     -1.30957    130.86485      0.00000      0.00000
     -1.29957    102.23409      0.00000      0.00000
     -1.28957     65.77263      0.00000      0.00000
     -1.27957     82.72714      0.00000      0.00000
     -1.26957    106.84744      0.00000      0.00000
     -1.25957    132.87197      0.00000      0.00000
     -1.24957    172.73428      0.00000      0.00000
     -1.23957    157.44661      0.00000      0.00000
     -1.22957    157.20668      0.00000      0.00000
     -1.21957    192.84112      0.00000      0.00000
     -1.20957    234.08879      0.00000      0.00000
     -1.19957    283.75710      0.00000      0.00000
     -1.18957    270.83690      0.00000      0.00000
     -1.17957    219.13034      0.00000      0.00000
     -1.16957    207.43814      0.00000      0.00000
     -1.15957    168.51298      0.00000      0.00000
     -1.14957    176.27810      0.00000      0.00000
     -1.13957    180.30941      0.00000      0.00000
     -1.12957    214.22448      0.00000      0.00000
     -1.11957    221.48468      0.00000      0.00000
     -1.10957    178.10921      0.00000      0.00000
     -1.09957    156.74175      0.00000      0.00000
     -1.08957    138.74654      0.00000      0.00000
     -1.07957    141.62776      0.00000      0.00000
     -1.06957    145.94958      0.00000      0.00000
     -1.05957    136.72204      0.00000      0.00000
     -1.04957    177.10651      0.00000      0.00000
     -1.03957    229.47191      0.00000      0.00000
     -1.02957    206.21298      0.00000      0.00000
     -1.01957    177.58405      0.00000      0.00000
     -1.00957    143.42219      0.00000      0.00000
     -0.99957    130.96008      0.00000      0.00000
     -0.98957    108.61862      0.00000      0.00000
     -0.97957    138.71049      0.00000      0.00000
     -0.96957    166.38494      0.00000      0.00000
     -0.95957    173.77186      0.00000      0.00000
     -0.94957    179.25522      0.00000      0.00000
     -0.93957    200.50319      0.00000      0.00000
     -0.92957    179.64550      0.00000      0.00000
     -0.91957    144.09438      0.00000      0.00000
     -0.90957    149.04967      0.00000      0.00000
     -0.89957    170.96587      0.00000      0.00000
     -0.88957    220.53805      0.00000      0.00000
     -0.87957    259.18950      0.00000      0.00000
     -0.86957    256.22169      0.00000      0.00000
     -0.85957    208.44961      0.00000      0.00000
     -0.84957    213.93295      0.00000      0.00000
     -0.83957    210.97058      0.00000      0.00000
     -0.82957    203.55337      0.00000      0.00000
     -0.81957    162.10540      0.00000      0.00000
     -0.80957    161.34397      0.00000      0.00000
     -0.79957    188.34576      0.00000      0.00000
     -0.78957    198.09712      0.00000      0.00000
     -0.77957    176.55616      0.00000      0.00000
     -0.76957    118.04624      0.00000      0.00000
     -0.75957    125.14938      0.00000      0.00000
     -0.74957    148.74657      0.00000      0.00000
     -0.73957    154.03428      0.00000      0.00000
     -0.72957    168.14241      0.00000      0.00000
     -0.71957    121.73314      0.00000      0.00000
     -0.70957    110.33525      0.00000      0.00000
     -0.69957    120.02575      0.00000      0.00000
     -0.68957    173.36971      0.00000      0.00000
     -0.67957    199.33424      0.00000      0.00000
     -0.66957    154.11261      0.00000      0.00000
     -0.65957    166.66590      0.00000      0.00000
     -0.64957    134.41625      0.00000      0.00000
     -0.63957     81.13819      0.00000      0.00000
     -0.62957     60.56736      0.00000      0.00000
     -0.61957     93.04624      0.00000      0.00000
     -0.60957    123.87732      0.00000      0.00000
     -0.59957    146.06133      0.00000      0.00000
     -0.58957    142.01921      0.00000      0.00000
     -0.57957     95.89684      0.00000      0.00000
     -0.56957    115.29546      0.00000      0.00000
     -0.55957    124.59940      0.00000      0.00000
     -0.54957    113.94980      0.00000      0.00000
     -0.53957    113.28949      0.00000      0.00000
     -0.52957     93.63414      0.00000      0.00000
     -0.51957     70.94798      0.00000      0.00000
     -0.50957     96.05585      0.00000      0.00000
     -0.49957    141.35755      0.00000      0.00000
     -0.48957    161.84526      0.00000      0.00000
     -0.47957    175.07055      0.00000      0.00000
     -0.46957    112.83695      0.00000      0.00000
     -0.45957     54.29083      0.00000      0.00000
     -0.44957     59.13116      0.00000      0.00000
     -0.43957     90.80336      0.00000      0.00000
     -0.42957     90.51493      0.00000      0.00000
     -0.41957     78.61342      0.00000      0.00000
     -0.40957     65.37486      0.00000      0.00000
     -0.39957    111.68590      0.00000      0.00000
     -0.38957    102.13539      0.00000      0.00000
     -0.37957     86.09072      0.00000      0.00000
     -0.36957     89.14400      0.00000      0.00000
     -0.35957     97.00197      0.00000      0.00000
     -0.34957     99.99870      0.00000      0.00000
     -0.33957     53.77310      0.00000      0.00000
     -0.32957     50.26677      0.00000      0.00000
     -0.31957     65.82865      0.00000      0.00000
     -0.30957     87.49227      0.00000      0.00000
     -0.29957     92.43265      0.00000      0.00000
     -0.28957    101.16389      0.00000      0.00000
     -0.27957     93.00152      0.00000      0.00000
     -0.26957     71.21290      0.00000      0.00000
     -0.25957     75.61169      0.00000      0.00000
     -0.24957     72.45719      0.00000      0.00000
     -0.23957     55.26504      0.00000      0.00000
     -0.22957     47.12442      0.00000      0.00000
     -0.21957     80.88196      0.00000      0.00000
     -0.20957    106.23938      0.00000      0.00000
     -0.19957     83.12829      0.00000      0.00000
     -0.18957     56.72605      0.00000      0.00000
     -0.17957     52.06405      0.00000      0.00000
     -0.16957     74.13723      0.00000      0.00000
     -0.15957     81.47670      0.00000      0.00000
     -0.14957     76.59454      0.00000      0.00000
     -0.13957     97.09201      0.00000      0.00000
     -0.12957     77.78088      0.00000      0.00000
     -0.11957     44.45834      0.00000      0.00000
     -0.10957     57.33275      0.00000      0.00000
     -0.09957     45.26318      0.00000      0.00000
     -0.08957     11.76882      0.00000      0.00000
     -0.07957     12.55926      0.00000      0.00000
     -0.06957     41.32541      0.00000      0.00000
     -0.05957     35.16580      0.00000      0.00000
     -0.04957     30.12106      0.00000      0.00000
     -0.03957     19.20404      0.00000      0.00000
     -0.02957      3.04034      0.00000      0.00000
     -0.01957      0.67348      0.00000      0.00000
     -0.00957     12.80931      0.00000      0.00000
      0.00043     39.09646      0.00000      0.00000
      0.01043     17.12321      0.00000      0.00000
      0.02043      1.07316      0.00000      0.00000
      0.03043      0.00957      0.00000      0.00000
      0.04043      0.01166      0.00000      0.00000
      0.05043      0.97881      0.00000      0.00000
      0.06043     11.43094      0.00000      0.00000
      0.07043     18.58926      0.00000      0.00000
      0.08043      4.21128      0.00000      0.00000
      0.09043      0.13274      0.00000      0.00000
      0.10043      0.00058      0.00000      0.00000
      0.11043      0.00000      0.00000      0.00000
      0.12043      0.00000      0.00000      0.00000
      0.13043      0.00000      0.00000      0.00000
      0.14043      0.00000      0.00000      0.00000
      0.15043      0.00000      0.00000      0.00000
      0.16043      0.00000      0.00000      0.00000
      0.17043      0.00000      0.00000      0.00000
      0.18043      0.00000      0.00000      0.00000
      0.19043      0.00000      0.00000      0.00000
      0.20043      0.00000      0.00000      0.00000
      0.21043      0.00000      0.00000      0.00000
      0.22043      0.00000      0.00000      0.00000
      0.23043      0.00000      0.00000      0.00000
      0.24043      0.00000      0.00000      0.00000
      0.25043      0.00000      0.00000      0.00000
      0.26043      0.00000      0.00000      0.00000
      0.27043      0.00000      0.00000      0.00000
      0.28043      0.00000      0.00000      0.00000
      0.29043      0.00000      0.00000      0.00000
      0.30043      0.00000      0.00000      0.00000
      0.31043      0.00000      0.00000      0.00000
      0.32043      0.00000      0.00000      0.00000
      0.33043      0.00000      0.00000      0.00000
      0.34043      0.00000      0.00000      0.00000
      0.35043      0.00000      0.00000      0.00000
      0.36043      0.00000      0.00000      0.00000
      0.37043      0.00000      0.00000      0.00000
      0.38043      0.00000      0.00000      0.00000
      0.39043      0.00000      0.00000      0.00000
      0.40043      0.00000      0.00000      0.00000
      0.41043      0.00000      0.00000      0.00000
      0.42043      0.00000      0.00000      0.00000
      0.43043      0.00000      0.00000      0.00000
      0.44043      0.00000      0.00000      0.00000
      0.45043      0.00000      0.00000      0.00000
      0.46043      0.00000      0.00000      0.00000
      0.47043      0.00000      0.00000      0.00000
      0.48043      0.00000      0.00000      0.00000
      0.49043      0.00000      0.00000      0.00000
      0.50043      0.00000      0.00000      0.00000
      0.51043      0.00000      0.00000      0.00000
      0.52043      0.00000      0.00000      0.00000
      0.53043      0.00000      0.00000      0.00000
      0.54043      0.00000      0.00000      0.00000
      0.55043      0.00000      0.00000      0.00000
      0.56043      0.00000      0.00000      0.00000
      0.57043      0.00000      0.00000      0.00000
      0.58043      0.00000      0.00000      0.00000
      0.59043      0.00000      0.00000      0.00000
      0.60043      0.00000      0.00000      0.00000
      0.61043      0.00000      0.00000      0.00000
      0.62043      0.00000      0.00000      0.00000
      0.63043      0.00000      0.00000      0.00000
      0.64043      0.00000      0.00000      0.00000
      0.65043      0.00000      0.00000      0.00000
      0.66043      0.00000      0.00000      0.00000
      0.67043      0.00000      0.00000      0.00000
      0.68043      0.00000      0.00000      0.00000
      0.69043      0.00000      0.00000      0.00000
      0.70043      0.00000      0.00000      0.00000
      0.71043      0.00000      0.00000      0.00000
      0.72043      0.00000      0.00000      0.00000
      0.73043      0.00000      0.00000      0.00000
      0.74043      0.00000      0.00000      0.00000
      0.75043      0.00000      0.00000      0.00000
      0.76043      0.00000      0.00000      0.00000
      0.77043      0.00000      0.00000      0.00000
      0.78043      0.00000      0.00000      0.00000
      0.79043      0.00000      0.00000      0.00000
      0.80043      0.00000      0.00000      0.00000
      0.81043      0.00000      0.00000      0.00000
      0.82043      0.00000      0.00000      0.00000
      0.83043      0.00000      0.00000      0.00000
      0.84043      0.00000      0.00000      0.00000
      0.85043      0.00000      0.00000      0.00000
      0.86043      0.00000      0.00000      0.00000
      0.87043      0.00000      0.00000      0.00000
      0.88043      0.00000      0.00000      0.00000
      0.89043      0.00000      0.00000      0.00000
      0.90043      0.00000      0.00000      0.00000
      0.91043      0.00000      0.00000      0.00000
      0.92043      0.00000      0.00000      0.00000
      0.93043      0.00000      0.00000      0.00000
      0.94043      0.00000      0.00000      0.00000
      0.95043      0.00000      0.00000      0.00000
      0.96043      0.00000      0.00000      0.00000
      0.97043      0.00000      0.00000      0.00000
      0.98043      0.00000      0.00000      0.00000
      0.99043      0.00000      0.00000      0.00000
      1.00043      0.00000      0.00000      0.00000
      1.01043      0.00000      0.00000      0.00000
      1.02043      0.00000      0.00000      0.00000
      1.03043      0.00000      0.00000      0.00000
      1.04043      0.00000      0.00000      0.00000
      1.05043      0.00000      0.00000      0.00000
      1.06043      0.00027      0.00000      0.00000
      1.07043      0.09949      0.00000      0.00000
      1.08043      4.97967      0.00000      0.00000
      1.09043     37.41600      0.00000      0.00000
      1.10043     61.96558      0.00000      0.00000
      1.11043     33.17798      0.00000      0.00000
      1.12043      3.70726      0.00000      0.00000
      1.13043      0.06115      0.00000      0.00000
      1.14043      0.00014      0.00000      0.00000
      1.15043      0.00000      0.00000      0.00000
      1.16043      0.00000      0.00000      0.00000
      1.17043      0.00000      0.00000      0.00000
      1.18043      0.00000      0.00000      0.00000
      1.19043      0.00000      0.00000      0.00000
      1.20043      0.00000      0.00000      0.00000
      1.21043      0.00000      0.00000      0.00000
      1.22043      0.00000      0.00000      0.00000
      1.23043      0.00000      0.00000      0.00000
      1.24043      0.00000      0.00000      0.00000
      1.25043      0.00000      0.00000      0.00000
      1.26043      0.00000      0.00000      0.00000
      1.27043      0.00000      0.00000      0.00000
      1.28043      0.00000      0.00000      0.00000
      1.29043      0.00000      0.00000      0.00000
      1.30043      0.00288      0.00000      0.00000
      1.31043      0.50210      0.00000      0.00000
      1.32043     12.44515      0.00000      0.00000
      1.33043     51.25731      0.00000      0.00000
      1.34043     57.13983      0.00000      0.00000
      1.35043     18.95556      0.00000      0.00000
      1.36043      1.11993      0.00000      0.00000
      1.37043      0.00947      0.00000      0.00000
      1.38043      0.00001      0.00000      0.00000
      1.39043      0.00000      0.00000      0.00000
      1.40043      0.00000      0.00000      0.00000
      1.41043      0.00000      0.00000      0.00000
      1.42043      0.00000      0.00000      0.00000
      1.43043      0.00000      0.00000      0.00000
      1.44043      0.00000      0.00000      0.00000
      1.45043      0.00000      0.00000      0.00000
      1.46043      0.00000      0.00000      0.00000
      1.47043      0.00000      0.00000      0.00000
      1.48043      0.00000      0.00000      0.00000
      1.49043      0.00000      0.00000      0.00000
      1.50043      0.00000      0.00000      0.00000
      1.51043      0.00000      0.00000      0.00000
      1.52043      0.00000      0.00000      0.00000
      1.53043      0.00000      0.00000      0.00000
      1.54043      0.00000      0.00000      0.00000
      1.55043      0.00000      0.00000      0.00000
      1.56043      0.00000      0.00000      0.00000
      1.57043      0.00000      0.00000      0.00000
      1.58043      0.00000      0.00000      0.00000
      1.59043      0.00000      0.00000      0.00000
      1.60043      0.00000      0.00000      0.00000
      1.61043      0.00000      0.00000      0.00000
      1.62043      0.00000      0.00000      0.00000
      1.63043      0.00000      0.00000      0.00000
      1.64043      0.00000      0.00000      0.00000
      1.65043      0.00026      0.00000      0.00000
      1.66043      0.06774      0.00000      0.00000
      1.67043      2.56791      0.00000      0.00000
      1.68043     15.19597      0.00000      0.00000
      1.69043     15.00314      0.00000      0.00000
      1.70043      3.19087      0.00000      0.00000
      1.71043      9.09733      0.00000      0.00000
      1.72043     18.60970      0.00000      0.00000
      1.73043      6.65510      0.00000      0.00000
      1.74043      3.58383      0.00000      0.00000
      1.75043     32.01868      0.00000      0.00000
      1.76043     91.01050      0.00000      0.00000
      1.77043    100.98025      0.00000      0.00000
      1.78043     78.41831      0.00000      0.00000
      1.79043     65.16722      0.00000      0.00000
      1.80043     37.13806      0.00000      0.00000
      1.81043     48.51966      0.00000      0.00000
      1.82043     85.31910      0.00000      0.00000
      1.83043     73.91531      0.00000      0.00000
      1.84043     71.07366      0.00000      0.00000
      1.85043     99.11400      0.00000      0.00000
      1.86043    148.79075      0.00000      0.00000
      1.87043    122.64716      0.00000      0.00000
      1.88043     99.60479      0.00000      0.00000
      1.89043     90.15321      0.00000      0.00000
      1.90043    104.09822      0.00000      0.00000
      1.91043     81.76342      0.00000      0.00000
      1.92043     75.11800      0.00000      0.00000
      1.93043     44.13041      0.00000      0.00000
      1.94043     23.68271      0.00000      0.00000
      1.95043     59.15241      0.00000      0.00000
      1.96043    107.28962      0.00000      0.00000
      1.97043    129.31620      0.00000      0.00000
      1.98043    119.04377      0.00000      0.00000
      1.99043    112.50139      0.00000      0.00000
      2.00043     96.36009      0.00000      0.00000
      2.01043     69.86194      0.00000      0.00000
      2.02043    107.27672      0.00000      0.00000
      2.03043    163.20064      0.00000      0.00000
      2.04043    199.16609      0.00000      0.00000
      2.05043    220.86309      0.00000      0.00000
      2.06043    202.12006      0.00000      0.00000
      2.07043    255.10729      0.00000      0.00000
      2.08043    261.10296      0.00000      0.00000
      2.09043    249.70521      0.00000      0.00000
      2.10043    272.82553      0.00000      0.00000
      2.11043    240.26061      0.00000      0.00000
      2.12043    231.43648      0.00000      0.00000
      2.13043    307.71861      0.00000      0.00000
      2.14043    355.35078      0.00000      0.00000
      2.15043    283.35153      0.00000      0.00000
      2.16043    255.32347      0.00000      0.00000
      2.17043    256.07939      0.00000      0.00000
      2.18043    243.35387      0.00000      0.00000
      2.19043    230.75247      0.00000      0.00000
      2.20043    263.29183      0.00000      0.00000
      2.21043    253.29398      0.00000      0.00000
      2.22043    180.98870      0.00000      0.00000
      2.23043    190.88919      0.00000      0.00000
      2.24043    271.79653      0.00000      0.00000
      2.25043    302.79580      0.00000      0.00000
      2.26043    229.58995      0.00000      0.00000
      2.27043    208.04907      0.00000      0.00000
      2.28043    208.86530      0.00000      0.00000
      2.29043    216.63609      0.00000      0.00000
      2.30043    259.97457      0.00000      0.00000
      2.31043    254.73922      0.00000      0.00000
      2.32043    211.48598      0.00000      0.00000
      2.33043    229.56133      0.00000      0.00000
      2.34043    302.11235      0.00000      0.00000
      2.35043    265.83298      0.00000      0.00000
      2.36043    256.99156      0.00000      0.00000
      2.37043    243.13672      0.00000      0.00000
      2.38043    248.63244      0.00000      0.00000
      2.39043    258.76260      0.00000      0.00000
      2.40043    279.40185      0.00000      0.00000
      2.41043    298.39215      0.00000      0.00000
      2.42043    250.84836      0.00000      0.00000
      2.43043    283.86966      0.00000      0.00000
      2.44043    291.36152      0.00000      0.00000
      2.45043    235.06195      0.00000      0.00000
      2.46043    265.49954      0.00000      0.00000
      2.47043    302.20061      0.00000      0.00000
      2.48043    315.89980      0.00000      0.00000
      2.49043    366.80508      0.00000      0.00000
      2.50043    371.81241      0.00000      0.00000
      2.51043    423.01950      0.00000      0.00000
      2.52043    496.63708      0.00000      0.00000
      2.53043    413.89774      0.00000      0.00000
      2.54043    301.73129      0.00000      0.00000
      2.55043    296.80261      0.00000      0.00000
      2.56043    373.41326      0.00000      0.00000
      2.57043    439.37907      0.00000      0.00000
      2.58043    421.97418      0.00000      0.00000
      2.59043    342.06128      0.00000      0.00000
      2.60043    326.27272      0.00000      0.00000
      2.61043    309.76314      0.00000      0.00000
      2.62043    310.00338      0.00000      0.00000
      2.63043    370.98758      0.00000      0.00000
      2.64043    304.29773      0.00000      0.00000
      2.65043    241.85156      0.00000      0.00000
      2.66043    224.99016      0.00000      0.00000
      2.67043    265.47974      0.00000      0.00000
      2.68043    298.08459      0.00000      0.00000
      2.69043    274.10197      0.00000      0.00000
      2.70043    241.24166      0.00000      0.00000
      2.71043    234.00856      0.00000      0.00000
      2.72043    223.49353      0.00000      0.00000
      2.73043    237.09771      0.00000      0.00000
      2.74043    223.98864      0.00000      0.00000
      2.75043    163.80229      0.00000      0.00000
      2.76043    155.63412      0.00000      0.00000
      2.77043    166.09422      0.00000      0.00000
      2.78043    123.81926      0.00000      0.00000
      2.79043    121.01071      0.00000      0.00000
      2.80043    145.94949      0.00000      0.00000
      2.81043    182.12950      0.00000      0.00000
      2.82043    212.78560      0.00000      0.00000
      2.83043    196.87423      0.00000      0.00000
      2.84043    230.77728      0.00000      0.00000
      2.85043    276.01436      0.00000      0.00000
      2.86043    286.69085      0.00000      0.00000
      2.87043    263.36863      0.00000      0.00000
      2.88043    280.85018      0.00000      0.00000
      2.89043    323.91153      0.00000      0.00000
      2.90043    365.06859      0.00000      0.00000
      2.91043    348.01167      0.00000      0.00000
      2.92043    282.86126      0.00000      0.00000
      2.93043    256.17576      0.00000      0.00000
      2.94043    261.14561      0.00000      0.00000
      2.95043    257.34490      0.00000      0.00000
      2.96043    258.93076      0.00000      0.00000
      2.97043    275.30574      0.00000      0.00000
      2.98043    255.41314      0.00000      0.00000
      2.99043    246.31001      0.00000      0.00000
      3.00043    243.02511      0.00000      0.00000
      3.01043    213.26612      0.00000      0.00000
      3.02043    212.41976      0.00000      0.00000
      3.03043    189.29912      0.00000      0.00000
      3.04043    176.38495      0.00000      0.00000
      3.05043    228.31067      0.00000      0.00000
      3.06043    238.89799      0.00000      0.00000
      3.07043    265.74369      0.00000      0.00000
      3.08043    267.53926      0.00000      0.00000
      3.09043    253.45479      0.00000      0.00000
      3.10043    304.55356      0.00000      0.00000
      3.11043    376.45211      0.00000      0.00000
      3.12043    367.37121      0.00000      0.00000
      3.13043    434.90816      0.00000      0.00000
      3.14043    444.34445      0.00000      0.00000
      3.15043    422.05338      0.00000      0.00000
      3.16043    481.19283      0.00000      0.00000
      3.17043    487.24805      0.00000      0.00000
      3.18043    378.31348      0.00000      0.00000
      3.19043    313.72570      0.00000      0.00000
      3.20043    400.52608      0.00000      0.00000
      3.21043    398.67464      0.00000      0.00000
      3.22043    376.84813      0.00000      0.00000
      3.23043    381.10753      0.00000      0.00000
      3.24043    274.18401      0.00000      0.00000
      3.25043    186.05152      0.00000      0.00000
      3.26043    207.73628      0.00000      0.00000
      3.27043    237.52431      0.00000      0.00000
      3.28043    302.05424      0.00000      0.00000
      3.29043    319.01968      0.00000      0.00000
      3.30043    299.22805      0.00000      0.00000
      3.31043    246.20986      0.00000      0.00000
      3.32043    253.76507      0.00000      0.00000
      3.33043    307.30093      0.00000      0.00000
      3.34043    278.77508      0.00000      0.00000
      3.35043    212.31873      0.00000      0.00000
      3.36043    193.55749      0.00000      0.00000
      3.37043    218.85146      0.00000      0.00000
      3.38043    204.09001      0.00000      0.00000
      3.39043    199.01548      0.00000      0.00000
      3.40043    171.76147      0.00000      0.00000
      3.41043    162.64482      0.00000      0.00000
      3.42043    182.04732      0.00000      0.00000
      3.43043    192.14610      0.00000      0.00000
      3.44043    172.71545      0.00000      0.00000
      3.45043    201.31171      0.00000      0.00000
      3.46043    273.88906      0.00000      0.00000
      3.47043    301.05387      0.00000      0.00000
      3.48043    278.98212      0.00000      0.00000
      3.49043    241.06841      0.00000      0.00000
      3.50043    154.50854      0.00000      0.00000
      3.51043    139.99391      0.00000      0.00000
      3.52043    184.45856      0.00000      0.00000
      3.53043    183.76644      0.00000      0.00000
      3.54043    196.74119      0.00000      0.00000
      3.55043    207.93416      0.00000      0.00000
      3.56043    225.28269      0.00000      0.00000
      3.57043    294.19328      0.00000      0.00000
      3.58043    308.27228      0.00000      0.00000
      3.59043    233.06206      0.00000      0.00000
      3.60043    190.14963      0.00000      0.00000
      3.61043    166.49797      0.00000      0.00000
      3.62043    194.01603      0.00000      0.00000
      3.63043    198.91746      0.00000      0.00000
      3.64043    191.75864      0.00000      0.00000
      3.65043    191.30065      0.00000      0.00000
      3.66043    177.35799      0.00000      0.00000
      3.67043    157.57302      0.00000      0.00000
      3.68043    160.31413      0.00000      0.00000
      3.69043    141.25495      0.00000      0.00000
      3.70043    156.75640      0.00000      0.00000
      3.71043    208.98307      0.00000      0.00000
      3.72043    223.88910      0.00000      0.00000
      3.73043    218.45498      0.00000      0.00000
      3.74043    186.58248      0.00000      0.00000
      3.75043     79.30825      0.00000      0.00000
      3.76043     54.03002      0.00000      0.00000
      3.77043    101.83672      0.00000      0.00000
      3.78043     99.16856      0.00000      0.00000
      3.79043     93.80882      0.00000      0.00000
      3.80043     95.28674      0.00000      0.00000
      3.81043    101.60583      0.00000      0.00000
      3.82043     95.47057      0.00000      0.00000
      3.83043    128.39057      0.00000      0.00000
      3.84043    171.21891      0.00000      0.00000
      3.85043    195.84747      0.00000      0.00000
      3.86043    180.66320      0.00000      0.00000
      3.87043    127.48258      0.00000      0.00000
      3.88043    116.43020      0.00000      0.00000
      3.89043    155.10896      0.00000      0.00000
      3.90043    228.88458      0.00000      0.00000
      3.91043    194.78179      0.00000      0.00000
      3.92043    135.88472      0.00000      0.00000
      3.93043    111.69675      0.00000      0.00000
      3.94043    117.20283      0.00000      0.00000
      3.95043    130.91856      0.00000      0.00000
      3.96043    128.54973      0.00000      0.00000
      3.97043    113.30724      0.00000      0.00000
      3.98043     97.29157      0.00000      0.00000
      3.99043    130.59025      0.00000      0.00000
      4.00043    190.90776      0.00000      0.00000
      4.01043    201.40823      0.00000      0.00000
      4.02043    222.51852      0.00000      0.00000
      4.03043    184.60516      0.00000      0.00000
      4.04043     98.61076      0.00000      0.00000
      4.05043     96.81900      0.00000      0.00000
      4.06043    169.53164      0.00000      0.00000
      4.07043    211.99746      0.00000      0.00000
      4.08043    171.87700      0.00000      0.00000
      4.09043    106.23374      0.00000      0.00000
      4.10043    123.59032      0.00000      0.00000
      4.11043    158.84533      0.00000      0.00000
      4.12043    144.73063      0.00000      0.00000
      4.13043    147.83896      0.00000      0.00000
      4.14043    150.46427      0.00000      0.00000
      4.15043    160.41845      0.00000      0.00000
      4.16043    175.70473      0.00000      0.00000
      4.17043    164.11070      0.00000      0.00000
      4.18043    195.62381      0.00000      0.00000
      4.19043    148.69785      0.00000      0.00000
      4.20043     55.18068      0.00000      0.00000
      4.21043     69.41241      0.00000      0.00000
      4.22043    126.79971      0.00000      0.00000
      4.23043    111.94482      0.00000      0.00000
      4.24043     56.89504      0.00000      0.00000
      4.25043     89.16517      0.00000      0.00000
      4.26043     98.15494      0.00000      0.00000
      4.27043     97.01781      0.00000      0.00000
      4.28043    126.08181      0.00000      0.00000
      4.29043    115.01920      0.00000      0.00000
      4.30043     92.24359      0.00000      0.00000
      4.31043     92.67033      0.00000      0.00000
      4.32043     95.69227      0.00000      0.00000
      4.33043     91.18296      0.00000      0.00000
      4.34043     93.14742      0.00000      0.00000
      4.35043     97.87293      0.00000      0.00000
      4.36043     64.31208      0.00000      0.00000
      4.37043     43.85899      0.00000      0.00000
      4.38043     53.98348      0.00000      0.00000
      4.39043     50.34672      0.00000      0.00000
      4.40043     62.48627      0.00000      0.00000
      4.41043     50.63516      0.00000      0.00000
      4.42043     98.43963      0.00000      0.00000
      4.43043     91.30999      0.00000      0.00000
      4.44043     50.10783      0.00000      0.00000
      4.45043     64.65422      0.00000      0.00000
      4.46043     92.22667      0.00000      0.00000
      4.47043     96.98652      0.00000      0.00000
      4.48043     92.64662      0.00000      0.00000
      4.49043    130.75706      0.00000      0.00000
      4.50043    123.38927      0.00000      0.00000
      4.51043    118.53361      0.00000      0.00000
      4.52043    125.80091      0.00000      0.00000
      4.53043    101.68896      0.00000      0.00000
      4.54043    137.88224      0.00000      0.00000
      4.55043    148.42078      0.00000      0.00000
      4.56043    140.13679      0.00000      0.00000
      4.57043    136.15006      0.00000      0.00000
      4.58043    137.70685      0.00000      0.00000
      4.59043    157.01829      0.00000      0.00000
      4.60043    167.85315      0.00000      0.00000
      4.61043    199.79963      0.00000      0.00000
      4.62043    224.50008      0.00000      0.00000
      4.63043    226.90109      0.00000      0.00000
      4.64043    213.75296      0.00000      0.00000
      4.65043    177.61013      0.00000      0.00000
      4.66043    154.84157      0.00000      0.00000
      4.67043    190.57373      0.00000      0.00000
      4.68043    225.74118      0.00000      0.00000
      4.69043    227.98150      0.00000      0.00000
      4.70043    185.62576      0.00000      0.00000
      4.71043    223.51259      0.00000      0.00000
      4.72043    259.59748      0.00000      0.00000
      4.73043    265.51132      0.00000      0.00000
      4.74043    222.08341      0.00000      0.00000
      4.75043    222.54584      0.00000      0.00000
      4.76043    249.71511      0.00000      0.00000
      4.77043    258.63813      0.00000      0.00000
      4.78043    268.32023      0.00000      0.00000
      4.79043    271.84167      0.00000      0.00000
      4.80043    283.97304      0.00000      0.00000
      4.81043    327.18594      0.00000      0.00000
      4.82043    260.11855      0.00000      0.00000
      4.83043    178.55823      0.00000      0.00000
      4.84043    145.06835      0.00000      0.00000
      4.85043    167.85011      0.00000      0.00000
      4.86043    186.41374      0.00000      0.00000
      4.87043    155.08275      0.00000      0.00000
      4.88043    134.84745      0.00000      0.00000
      4.89043    146.43724      0.00000      0.00000
      4.90043     90.90332      0.00000      0.00000
      4.91043     65.74006      0.00000      0.00000
      4.92043    107.63123      0.00000      0.00000
      4.93043    178.06024      0.00000      0.00000
      4.94043    174.79929      0.00000      0.00000
      4.95043    164.35255      0.00000      0.00000
      4.96043    154.29344      0.00000      0.00000
      4.97043    203.30700      0.00000      0.00000
      4.98043    184.32455      0.00000      0.00000
      4.99043    157.30238      0.00000      0.00000
      5.00043    185.72583      0.00000      0.00000
      5.01043    153.05902      0.00000      0.00000
      5.02043    152.19273      0.00000      0.00000
      5.03043    137.69878      0.00000      0.00000
      5.04043    127.99881      0.00000      0.00000
      5.05043    134.22710      0.00000      0.00000
      5.06043    126.32821      0.00000      0.00000
      5.07043    125.86431      0.00000      0.00000
      5.08043    154.65408      0.00000      0.00000
      5.09043    110.09877      0.00000      0.00000
      5.10043    108.35384      0.00000      0.00000
      5.11043    117.78874      0.00000      0.00000
      5.12043    118.08177      0.00000      0.00000
      5.13043    145.16944      0.00000      0.00000
      5.14043    155.52541      0.00000      0.00000
      5.15043     67.90997      0.00000      0.00000
      5.16043     67.58767      0.00000      0.00000
      5.17043     79.90683      0.00000      0.00000
      5.18043     77.12434      0.00000      0.00000
      5.19043    128.38755      0.00000      0.00000
      5.20043    168.19997      0.00000      0.00000
