Energy-E_F (eV)    DOS (1/eV)    PDOS (1/eV)  of atom type W  S  
     -5.27019    243.97777     89.71217    154.26560
     -5.26019    230.33492     84.82371    145.51121
     -5.25019    189.13958     69.52142    119.61817
     -5.24019    168.88333     60.86071    108.02261
     -5.23019    201.06698     72.30414    128.76284
     -5.22019    223.48603     81.60350    141.88253
     -5.21019    261.00046     97.08663    163.91383
     -5.20019    309.22401    116.88136    192.34265
     -5.19019    320.91574    123.78978    197.12597
     -5.18019    325.12008    128.36327    196.75681
     -5.17019    398.77371    158.97083    239.80289
     -5.16019    468.99444    186.92346    282.07098
     -5.15019    481.28365    191.62708    289.65657
     -5.14019    544.72559    216.34501    328.38058
     -5.13019    615.67173    244.47248    371.19925
     -5.12019    595.38530    236.09212    359.29319
     -5.11019    569.58715    225.30745    344.27970
     -5.10019    584.35770    231.72752    352.63018
     -5.09019    567.62132    224.30985    343.31146
     -5.08019    525.46822    205.03235    320.43588
     -5.07019    509.05363    196.36273    312.69089
     -5.06019    526.99012    201.99235    324.99777
     -5.05019    548.76326    208.91675    339.84651
     -5.04019    569.60103    214.74177    354.85927
     -5.03019    537.59049    201.54566    336.04483
     -5.02019    477.59525    177.66384    299.93141
     -5.01019    431.82547    158.91960    272.90587
     -5.00019    310.13268    113.71902    196.41365
     -4.99019    228.20649     83.97236    144.23412
     -4.98019    220.75916     81.63771    139.12145
     -4.97019    173.27694     64.27589    109.00105
     -4.96019    135.64619     50.86886     84.77733
     -4.95019    141.81439     54.27434     87.54005
     -4.94019    122.21336     47.40013     74.81323
     -4.93019     98.83381     38.83235     60.00146
     -4.92019     88.19449     35.05678     53.13770
     -4.91019     81.86005     32.87211     48.98794
     -4.90019     83.45905     33.96683     49.49222
     -4.89019     84.16664     34.52726     49.63938
     -4.88019     75.42190     30.88252     44.53937
     -4.87019     76.79663     31.99447     44.80216
     -4.86019     85.88732     35.65702     50.23030
     -4.85019     87.15417     34.82637     52.32779
     -4.84019     97.36703     38.43857     58.92847
     -4.83019     93.58957     38.00779     55.58179
     -4.82019     86.18099     34.95175     51.22924
     -4.81019     74.44129     29.50256     44.93874
     -4.80019     62.67297     26.23375     36.43922
     -4.79019     59.22985     26.41075     32.81911
     -4.78019     49.12558     21.93706     27.18851
     -4.77019     51.38932     22.36884     29.02049
     -4.76019     62.56838     27.56033     35.00805
     -4.75019     60.90812     26.19857     34.70955
     -4.74019     67.74205     27.07691     40.66514
     -4.73019    112.28112     42.46703     69.81409
     -4.72019    148.66665     55.04469     93.62197
     -4.71019    145.89434     53.20821     92.68613
     -4.70019    142.51884     52.18839     90.33045
     -4.69019    140.34732     52.57341     87.77391
     -4.68019    123.46830     44.94096     78.52734
     -4.67019    127.29490     44.50757     82.78733
     -4.66019    133.85282     47.92508     85.92774
     -4.65019    129.87026     47.52627     82.34399
     -4.64019    118.86536     45.56033     73.30503
     -4.63019    131.32759     52.71064     78.61694
     -4.62019    138.90061     55.35300     83.54761
     -4.61019    144.02096     55.40323     88.61773
     -4.60019    128.29891     49.08992     79.20900
     -4.59019     99.44392     38.39914     61.04478
     -4.58019     82.95175     31.32305     51.62870
     -4.57019     76.62879     28.03962     48.58916
     -4.56019     71.47499     24.95206     46.52293
     -4.55019     77.04026     25.79937     51.24090
     -4.54019     95.31867     31.66643     63.65224
     -4.53019     98.97207     32.32446     66.64761
     -4.52019    103.53856     33.91747     69.62110
     -4.51019    126.10658     42.33436     83.77222
     -4.50019    143.98100     49.91514     94.06585
     -4.49019    141.81967     50.18808     91.63159
     -4.48019    133.18842     47.72853     85.45989
     -4.47019    119.87517     46.79877     73.07640
     -4.46019    117.58468     48.86823     68.71645
     -4.45019    123.81956     52.51090     71.30865
     -4.44019    107.69036     46.38809     61.30228
     -4.43019     69.20574     30.11247     39.09327
     -4.42019     61.43813     27.66298     33.77515
     -4.41019     78.85275     33.35682     45.49594
     -4.40019     91.18835     36.00429     55.18407
     -4.39019    100.57192     39.06788     61.50404
     -4.38019    112.14832     42.12708     70.02124
     -4.37019    118.15192     43.04295     75.10896
     -4.36019    133.86255     46.77376     87.08879
     -4.35019    177.31503     57.65864    119.65639
     -4.34019    239.33626     75.27505    164.06120
     -4.33019    309.86691     95.99587    213.87104
     -4.32019    406.95731    124.22425    282.73306
     -4.31019    509.77105    154.70725    355.06380
     -4.30019    585.38587    176.32778    409.05809
     -4.29019    588.66528    175.18792    413.47737
     -4.28019    563.84652    168.20015    395.64637
     -4.27019    521.82109    155.67100    366.15009
     -4.26019    475.28465    139.22993    336.05472
     -4.25019    490.58142    143.54596    347.03546
     -4.24019    525.23875    155.17648    370.06227
     -4.23019    510.34246    153.31719    357.02527
     -4.22019    446.06788    137.36509    308.70280
     -4.21019    405.53680    128.84919    276.68761
     -4.20019    371.46285    121.82746    249.63539
     -4.19019    390.25551    128.06085    262.19466
     -4.18019    474.10182    155.63980    318.46202
     -4.17019    530.77319    172.63673    358.13646
     -4.16019    543.65517    175.18760    368.46757
     -4.15019    507.39545    171.17498    336.22047
     -4.14019    472.08335    169.92529    302.15806
     -4.13019    450.35089    168.86102    281.48987
     -4.12019    352.14977    136.91339    215.23638
     -4.11019    281.98029    114.29380    167.68649
     -4.10019    274.88447    113.92074    160.96373
     -4.09019    248.12514    102.86737    145.25777
     -4.08019    267.28428    111.01785    156.26643
     -4.07019    333.17891    142.47718    190.70173
     -4.06019    352.07980    152.22276    199.85704
     -4.05019    338.72535    144.06425    194.66110
     -4.04019    341.55721    145.24817    196.30904
     -4.03019    291.07903    123.85264    167.22640
     -4.02019    222.00427     93.87904    128.12523
     -4.01019    190.67367     81.17552    109.49814
     -4.00019    190.81496     81.48089    109.33407
     -3.99019    226.00935     95.79640    130.21294
     -3.98019    272.08729    116.37750    155.70979
     -3.97019    281.77369    122.32602    159.44766
     -3.96019    280.91908    123.41139    157.50770
     -3.95019    248.42331    107.88219    140.54112
     -3.94019    212.24411     90.69338    121.55073
     -3.93019    195.54034     82.75619    112.78415
     -3.92019    207.81298     84.81674    122.99624
     -3.91019    220.41224     88.14487    132.26737
     -3.90019    202.79062     81.39892    121.39170
     -3.89019    174.05437     70.86318    103.19119
     -3.88019    111.58801     46.14426     65.44376
     -3.87019     71.49938     31.20073     40.29864
     -3.86019    117.92700     53.63717     64.28983
     -3.85019    180.93397     81.92386     99.01011
     -3.84019    221.62095     99.10838    122.51257
     -3.83019    246.66319    107.02706    139.63613
     -3.82019    202.98094     83.30794    119.67299
     -3.81019    158.22150     60.41858     97.80292
     -3.80019    141.25984     53.26689     87.99295
     -3.79019    127.14677     46.99146     80.15531
     -3.78019    104.16876     35.82341     68.34535
     -3.77019    103.38907     34.43343     68.95564
     -3.76019    144.96389     49.25414     95.70975
     -3.75019    203.86668     72.63455    131.23213
     -3.74019    256.37585     95.11905    161.25680
     -3.73019    282.01814    106.52016    175.49798
     -3.72019    260.16944     98.33620    161.83324
     -3.71019    185.19681     70.63205    114.56476
     -3.70019    123.77013     48.51882     75.25131
     -3.69019    106.44332     44.68827     61.75505
     -3.68019    129.47102     57.98106     71.48996
     -3.67019    178.63626     80.53626     98.10001
     -3.66019    214.96086     96.25857    118.70229
     -3.65019    228.41328    102.00150    126.41178
     -3.64019    214.57982     95.45895    119.12087
     -3.63019    200.06480     88.97623    111.08857
     -3.62019    174.64492     77.79645     96.84847
     -3.61019    157.43999     68.61549     88.82450
     -3.60019    158.91791     66.78096     92.13694
     -3.59019    145.96292     60.69069     85.27222
     -3.58019    129.94623     52.59163     77.35460
     -3.57019    108.11691     41.39069     66.72622
     -3.56019     83.98427     30.45663     53.52765
     -3.55019     75.67771     26.66764     49.01007
     -3.54019     94.63206     35.15172     59.48034
     -3.53019    107.85748     42.41405     65.44343
     -3.52019     96.80119     39.23408     57.56711
     -3.51019    100.03212     41.63640     58.39571
     -3.50019     87.41315     35.87733     51.53582
     -3.49019     63.01719     23.52810     39.48909
     -3.48019     49.77272     16.58854     33.18418
     -3.47019     53.88850     16.83240     37.05610
     -3.46019     85.44193     30.13067     55.31126
     -3.45019    139.05633     52.87215     86.18418
     -3.44019    197.39556     75.41641    121.97915
     -3.43019    244.55310     94.55560    149.99750
     -3.42019    252.50643     98.61843    153.88800
     -3.41019    232.79980     94.26349    138.53631
     -3.40019    207.00948     90.54103    116.46845
     -3.39019    182.25320     84.04960     98.20360
     -3.38019    195.79667     90.85579    104.94088
     -3.37019    183.87652     84.45431     99.42221
     -3.36019    133.34139     59.41731     73.92408
     -3.35019    106.08873     43.48874     62.59998
     -3.34019     89.67937     33.65257     56.02679
     -3.33019     84.40337     31.61047     52.79291
     -3.32019     87.98456     34.68746     53.29710
     -3.31019    107.19399     43.91335     63.28064
     -3.30019    130.23816     56.34532     73.89285
     -3.29019    128.42220     57.65229     70.76991
     -3.28019    126.09605     55.81554     70.28051
     -3.27019    149.14836     65.49391     83.65445
     -3.26019    161.91034     70.95356     90.95678
     -3.25019    159.94455     68.39053     91.55402
     -3.24019    176.97720     77.11608     99.86112
     -3.23019    194.12103     84.63807    109.48296
     -3.22019    194.96387     82.53263    112.43124
     -3.21019    182.55231     76.36829    106.18402
     -3.20019    160.75724     65.80727     94.94997
     -3.19019    174.86213     71.34587    103.51626
     -3.18019    193.82291     80.61974    113.20318
     -3.17019    177.46060     71.18928    106.27132
     -3.16019    206.77206     77.21223    129.55983
     -3.15019    290.18970    107.32458    182.86512
     -3.14019    347.40933    124.09120    223.31812
     -3.13019    403.12793    139.04562    264.08231
     -3.12019    431.11754    146.23911    284.87844
     -3.11019    372.89733    126.08771    246.80962
     -3.10019    317.30985    106.64108    210.66878
     -3.09019    298.58903     97.67578    200.91325
     -3.08019    247.49838     84.01258    163.48580
     -3.07019    214.28048     81.46889    132.81160
     -3.06019    185.80949     73.66475    112.14474
     -3.05019    178.72913     71.50798    107.22114
     -3.04019    203.99181     82.64977    121.34204
     -3.03019    198.14060     79.05263    119.08797
     -3.02019    213.56128     84.88991    128.67138
     -3.01019    261.90173    100.64872    161.25301
     -3.00019    287.89551    101.55619    186.33932
     -2.99019    323.49438    108.68072    214.81366
     -2.98019    360.99330    112.54142    248.45188
     -2.97019    385.82043    106.76697    279.05345
     -2.96019    448.32594    112.35295    335.97299
     -2.95019    559.97792    133.23797    426.73995
     -2.94019    728.20323    176.07196    552.13127
     -2.93019    860.13159    214.41178    645.71981
     -2.92019    857.16785    220.54523    636.62262
     -2.91019    806.74430    219.42794    587.31635
     -2.90019    793.55278    228.08382    565.46896
     -2.89019    760.75406    216.27973    544.47433
     -2.88019    698.15855    195.89314    502.26540
     -2.87019    646.52261    189.46656    457.05605
     -2.86019    559.26170    166.33609    392.92561
     -2.85019    484.35023    138.66266    345.68758
     -2.84019    513.22985    147.32174    365.90811
     -2.83019    551.75860    160.36808    391.39052
     -2.82019    557.23742    154.66053    402.57688
     -2.81019    586.37124    154.92539    431.44585
     -2.80019    565.49520    145.34662    420.14858
     -2.79019    433.08126    111.95472    321.12653
     -2.78019    318.20795     85.72428    232.48367
     -2.77019    279.62026     75.54378    204.07647
     -2.76019    294.52911     76.14036    218.38875
     -2.75019    320.02319     81.46862    238.55457
     -2.74019    329.80564     83.78031    246.02532
     -2.73019    350.93506     85.02918    265.90587
     -2.72019    398.42706     89.53064    308.89642
     -2.71019    415.06616     90.63407    324.43209
     -2.70019    372.00574     84.62480    287.38094
     -2.69019    320.43041     72.31322    248.11719
     -2.68019    348.13363     73.26301    274.87062
     -2.67019    410.64068     85.06642    325.57426
     -2.66019    411.02079     88.50867    322.51212
     -2.65019    363.91329     87.02343    276.88985
     -2.64019    315.43535     82.38646    233.04889
     -2.63019    312.11915     77.78096    234.33819
     -2.62019    318.93478     70.46651    248.46827
     -2.61019    321.51080     66.72263    254.78817
     -2.60019    307.39383     67.43759    239.95624
     -2.59019    276.66415     66.50933    210.15482
     -2.58019    235.51457     58.89419    176.62038
     -2.57019    202.36239     47.78460    154.57779
     -2.56019    219.07364     46.71717    172.35647
     -2.55019    216.90236     42.69455    174.20781
     -2.54019    182.81758     35.24913    147.56845
     -2.53019    177.10857     34.50596    142.60261
     -2.52019    223.25600     42.16807    181.08793
     -2.51019    275.36136     51.24515    224.11621
     -2.50019    294.93936     57.42807    237.51129
     -2.49019    279.12843     58.30910    220.81933
     -2.48019    229.94347     51.24647    178.69699
     -2.47019    172.77514     41.10086    131.67428
     -2.46019    156.64426     37.38429    119.25997
     -2.45019    169.24811     34.73791    134.51020
     -2.44019    199.16174     36.44659    162.71515
     -2.43019    241.85366     46.85799    194.99567
     -2.42019    294.27178     61.29301    232.97877
     -2.41019    359.63645     77.52999    282.10646
     -2.40019    424.60129     90.00804    334.59325
     -2.39019    455.65590     89.79064    365.86526
     -2.38019    395.99517     73.79519    322.19998
     -2.37019    290.86849     52.23531    238.63318
     -2.36019    200.92124     36.17848    164.74275
     -2.35019    165.71277     31.21661    134.49616
     -2.34019    179.24268     32.38390    146.85879
     -2.33019    187.66942     32.47812    155.19130
     -2.32019    232.51012     40.48466    192.02547
     -2.31019    294.57010     53.10881    241.46128
     -2.30019    321.15953     56.09067    265.06886
     -2.29019    351.80401     57.55285    294.25115
     -2.28019    398.52864     64.68125    333.84738
     -2.27019    426.02814     71.23085    354.79730
     -2.26019    374.12128     64.34015    309.78113
     -2.25019    298.63639     50.81107    247.82532
     -2.24019    249.02248     39.95301    209.06946
     -2.23019    257.36290     38.98515    218.37774
     -2.22019    306.50029     46.14750    260.35279
     -2.21019    341.19421     51.80528    289.38893
     -2.20019    349.51365     52.29465    297.21900
     -2.19019    329.95808     49.24951    280.70857
     -2.18019    302.05495     45.87433    256.18062
     -2.17019    219.48453     33.99062    185.49390
     -2.16019    145.08322     23.56212    121.52109
     -2.15019     76.28984     12.84061     63.44924
     -2.14019     20.23222      3.43981     16.79241
     -2.13019      2.23704      0.37926      1.85778
     -2.12019      0.09805      0.01647      0.08158
     -2.11019      0.00165      0.00027      0.00138
     -2.10019      0.00000      0.00000      0.00000
     -2.09019      0.00000      0.00000      0.00000
     -2.08019      0.00000      0.00000      0.00000
     -2.07019      0.00000      0.00000      0.00000
     -2.06019      0.00000      0.00000      0.00000
     -2.05019      0.00000      0.00000      0.00000
     -2.04019      0.00000      0.00000      0.00000
     -2.03019      0.00000      0.00000      0.00000
     -2.02019      0.00000      0.00000      0.00000
     -2.01019      0.00000      0.00000      0.00000
     -2.00019      0.00000      0.00000      0.00000
     -1.99019      0.00000      0.00000      0.00000
     -1.98019      0.00000      0.00000      0.00000
     -1.97019      0.00000      0.00000      0.00000
     -1.96019      0.00000      0.00000      0.00000
     -1.95019      0.00000      0.00000      0.00000
     -1.94019      0.00000      0.00000      0.00000
     -1.93019      0.00000      0.00000      0.00000
     -1.92019      0.00000      0.00000      0.00000
     -1.91019      0.00000      0.00000      0.00000
     -1.90019      0.00000      0.00000      0.00000
     -1.89019      0.00000      0.00000      0.00000
     -1.88019      0.00000      0.00000      0.00000
     -1.87019      0.00000      0.00000      0.00000
     -1.86019      0.00000      0.00000      0.00000
     -1.85019      0.00000      0.00000      0.00000
     -1.84019      0.00000      0.00000      0.00000
     -1.83019      0.00000      0.00000      0.00000
     -1.82019      0.00000      0.00000      0.00000
     -1.81019      0.00000      0.00000      0.00000
     -1.80019      0.00000      0.00000      0.00000
     -1.79019      0.00000      0.00000      0.00000
     -1.78019      0.00000      0.00000      0.00000
     -1.77019      0.00000      0.00000      0.00000
     -1.76019      0.00000      0.00000      0.00000
     -1.75019      0.00000      0.00000      0.00000
     -1.74019      0.00000      0.00000      0.00000
     -1.73019      0.00000      0.00000      0.00000
     -1.72019      0.00000      0.00000      0.00000
     -1.71019      0.00000      0.00000      0.00000
     -1.70019      0.00000      0.00000      0.00000
     -1.69019      0.00000      0.00000      0.00000
     -1.68019      0.00000      0.00000      0.00000
     -1.67019      0.00000      0.00000      0.00000
     -1.66019      0.00000      0.00000      0.00000
     -1.65019      0.00000      0.00000      0.00000
     -1.64019      0.00000      0.00000      0.00000
     -1.63019      0.00000      0.00000      0.00000
     -1.62019      0.00000      0.00000      0.00000
     -1.61019      0.00000      0.00000      0.00000
     -1.60019      0.00000      0.00000      0.00000
     -1.59019      0.00000      0.00000      0.00000
     -1.58019      0.00000      0.00000      0.00000
     -1.57019      0.00000      0.00000      0.00000
     -1.56019      0.00000      0.00000      0.00000
     -1.55019      0.00000      0.00000      0.00000
     -1.54019      0.00518      0.00373      0.00145
     -1.53019      0.19014      0.13680      0.05334
     -1.52019      2.68882      1.93111      0.75771
     -1.51019     15.71054     11.23117      4.47937
     -1.50019     42.46312     30.06329     12.39983
     -1.49019     62.85725     43.74936     19.10789
     -1.48019     75.42926     51.12628     24.30298
     -1.47019    110.62392     73.63750     36.98642
     -1.46019    157.29982    104.44540     52.85442
     -1.45019    182.41315    121.43626     60.97688
     -1.44019    165.53554    110.87695     54.65859
     -1.43019    126.96058     86.36377     40.59682
     -1.42019    110.91984     76.61479     34.30505
     -1.41019    129.46545     89.10027     40.36518
     -1.40019    145.16259     99.10999     46.05260
     -1.39019    114.63603     77.26153     37.37449
     -1.38019     78.35444     51.09560     27.25885
     -1.37019     90.26873     56.80471     33.46403
     -1.36019    127.13536     79.73102     47.40434
     -1.35019    139.23830     87.57449     51.66381
     -1.34019    121.54920     76.83432     44.71487
     -1.33019    111.91463     71.46574     40.44890
     -1.32019    127.00658     81.44064     45.56594
     -1.31019    161.65460    104.25036     57.40424
     -1.30019    210.36275    136.48981     73.87295
     -1.29019    215.87995    141.47764     74.40230
     -1.28019    205.14409    135.61630     69.52779
     -1.27019    204.26502    135.62572     68.63931
     -1.26019    169.87348    115.03331     54.84018
     -1.25019    115.90107     80.54823     35.35285
     -1.24019    102.67571     72.16079     30.51492
     -1.23019    112.62364     78.67464     33.94900
     -1.22019    122.98572     83.51070     39.47502
     -1.21019    154.66739    102.34467     52.32273
     -1.20019    188.36680    123.20301     65.16379
     -1.19019    199.59078    130.51924     69.07154
     -1.18019    165.45496    108.68200     56.77296
     -1.17019    140.97397     93.49725     47.47672
     -1.16019    151.77336    101.81365     49.95971
     -1.15019    180.41399    121.41268     59.00131
     -1.14019    201.78279    136.78916     64.99363
     -1.13019    221.10156    150.62787     70.47369
     -1.12019    270.59367    182.85758     87.73609
     -1.11019    306.71972    206.60748    100.11224
     -1.10019    266.65194    180.41554     86.23640
     -1.09019    209.24342    142.45601     66.78741
     -1.08019    204.11373    140.40340     63.71033
     -1.07019    251.68594    174.67940     77.00653
     -1.06019    344.26481    238.63892    105.62590
     -1.05019    424.23333    292.63635    131.59698
     -1.04019    447.12942    307.50738    139.62204
     -1.03019    436.68676    300.16717    136.51959
     -1.02019    391.03297    268.60374    122.42923
     -1.01019    312.76833    214.81001     97.95832
     -1.00019    217.57940    148.51634     69.06306
     -0.99019    155.05143    104.75467     50.29676
     -0.98019    177.39816    120.92168     56.47648
     -0.97019    227.67869    156.98434     70.69434
     -0.96019    243.92489    167.86526     76.05963
     -0.95019    216.63808    147.69015     68.94793
     -0.94019    160.06876    108.57737     51.49139
     -0.93019     95.39273     65.23768     30.15506
     -0.92019     90.99022     63.54347     27.44675
     -0.91019    122.50454     86.17678     36.32777
     -0.90019    162.27387    114.27402     47.99985
     -0.89019    212.91887    149.22443     63.69444
     -0.88019    224.46229    156.34124     68.12105
     -0.87019    209.80095    145.87743     63.92352
     -0.86019    229.89505    160.67057     69.22448
     -0.85019    243.79852    171.11880     72.67972
     -0.84019    184.87810    129.65841     55.21969
     -0.83019    111.67239     77.55722     34.11517
     -0.82019     95.43847     66.31361     29.12487
     -0.81019    121.27761     85.68070     35.59691
     -0.80019    145.54127    103.88966     41.65161
     -0.79019    157.39962    112.82669     44.57292
     -0.78019    140.98311    101.06350     39.91961
     -0.77019    110.39926     78.71560     31.68366
     -0.76019    107.74431     76.33202     31.41229
     -0.75019    100.86693     71.12848     29.73845
     -0.74019     90.46808     63.50132     26.96677
     -0.73019    105.32952     74.07798     31.25154
     -0.72019    107.17870     76.03315     31.14555
     -0.71019    106.75043     76.67697     30.07346
     -0.70019    120.28288     86.53308     33.74980
     -0.69019    119.94078     85.77524     34.16554
     -0.68019    129.65445     92.85428     36.80016
     -0.67019    210.24164    152.10973     58.13190
     -0.66019    315.22322    228.41609     86.80713
     -0.65019    316.88468    228.14737     88.73731
     -0.64019    197.66055    140.98508     56.67547
     -0.63019     71.07424     50.29934     20.77489
     -0.62019     13.15342      9.26880      3.88462
     -0.61019      1.11634      0.78618      0.33016
     -0.60019      0.87169      0.63527      0.23642
     -0.59019     10.53672      7.68666      2.85006
     -0.58019     58.40182     42.51796     15.88386
     -0.57019    153.55003    111.46164     42.08839
     -0.56019    202.72821    146.79286     55.93535
     -0.55019    144.82236    104.53486     40.28749
     -0.54019     76.45770     54.48967     21.96803
     -0.53019     42.99049     30.22894     12.76155
     -0.52019     41.82571     29.95119     11.87452
     -0.51019     95.52930     68.98669     26.54260
     -0.50019    164.58760    118.66635     45.92126
     -0.49019    194.45107    140.24325     54.20782
     -0.48019    165.47736    119.90175     45.57561
     -0.47019    124.89852     90.02928     34.86924
     -0.46019    112.67136     79.62840     33.04295
     -0.45019    111.83678     78.27374     33.56304
     -0.44019    126.08503     89.01269     37.07234
     -0.43019    122.81209     87.78302     35.02907
     -0.42019     89.32657     65.40777     23.91880
     -0.41019     72.88035     55.38238     17.49796
     -0.40019     71.38488     55.17267     16.21220
     -0.39019     80.25290     61.78872     18.46418
     -0.38019     98.03802     74.42092     23.61709
     -0.37019     93.31693     69.45782     23.85911
     -0.36019     84.85290     61.08539     23.76751
     -0.35019     93.31632     66.23833     27.07798
     -0.34019     85.58915     60.62226     24.96689
     -0.33019     56.82777     39.86492     16.96285
     -0.32019     32.87272     22.63834     10.23438
     -0.31019     38.37066     25.98242     12.38824
     -0.30019     57.59811     39.30685     18.29127
     -0.29019     74.93368     53.05912     21.87456
     -0.28019     96.39188     69.36084     27.03104
     -0.27019     93.82160     67.09238     26.72922
     -0.26019     68.66038     50.74420     17.91619
     -0.25019     52.39484     39.66133     12.73351
     -0.24019     49.92651     35.15536     14.77115
     -0.23019     64.76161     43.39988     21.36173
     -0.22019     83.98465     57.10559     26.87906
     -0.21019    114.98460     81.07817     33.90644
     -0.20019    141.61664    101.27750     40.33914
     -0.19019    127.39990     90.37853     37.02137
     -0.18019     87.38403     60.59010     26.79393
     -0.17019     54.06547     36.09353     17.97194
     -0.16019     32.59381     22.03416     10.55966
     -0.15019     36.79017     28.29103      8.49914
     -0.14019     66.22192     52.86989     13.35203
     -0.13019     65.14651     52.13208     13.01443
     -0.12019     31.40203     24.71668      6.68535
     -0.11019     19.63026     13.63234      5.99791
     -0.10019     30.27979     19.95586     10.32393
     -0.09019     32.29157     21.43635     10.85522
     -0.08019     24.95680     17.68668      7.27011
     -0.07019     30.69667     24.17808      6.51859
     -0.06019     37.53643     30.13321      7.40322
     -0.05019     27.22523     21.06745      6.15778
     -0.04019     29.97600     20.35028      9.62572
     -0.03019     40.60199     26.53475     14.06724
     -0.02019     26.35353     17.17341      9.18012
     -0.01019     17.07549     11.13820      5.93728
     -0.00019     20.36337     13.29130      7.07207
      0.00981     12.33566      8.05195      4.28371
      0.01981      2.80213      1.82906      0.97307
      0.02981      0.28035      0.18293      0.09742
      0.03981      0.94878      0.61777      0.33101
      0.04981      7.41252      4.82281      2.58970
      0.05981     23.95405     15.56041      8.39365
      0.06981     34.89893     22.61265     12.28628
      0.07981     24.17107     15.62164      8.54943
      0.08981      7.55555      4.87522      2.68033
      0.09981      0.97047      0.62573      0.34474
      0.10981      0.04807      0.03099      0.01709
      0.11981      0.00089      0.00057      0.00032
      0.12981      0.00000      0.00000      0.00000
      0.13981      0.00000      0.00000      0.00000
      0.14981      0.00000      0.00000      0.00000
      0.15981      0.00000      0.00000      0.00000
      0.16981      0.00000      0.00000      0.00000
      0.17981      0.00000      0.00000      0.00000
      0.18981      0.00000      0.00000      0.00000
      0.19981      0.00000      0.00000      0.00000
      0.20981      0.00000      0.00000      0.00000
      0.21981      0.00000      0.00000      0.00000
      0.22981      0.00000      0.00000      0.00000
      0.23981      0.00000      0.00000      0.00000
      0.24981      0.00000      0.00000      0.00000
      0.25981      0.00000      0.00000      0.00000
      0.26981      0.00000      0.00000      0.00000
      0.27981      0.00000      0.00000      0.00000
      0.28981      0.00000      0.00000      0.00000
      0.29981      0.00000      0.00000      0.00000
      0.30981      0.00000      0.00000      0.00000
      0.31981      0.00000      0.00000      0.00000
      0.32981      0.00000      0.00000      0.00000
      0.33981      0.00000      0.00000      0.00000
      0.34981      0.00000      0.00000      0.00000
      0.35981      0.00000      0.00000      0.00000
      0.36981      0.00000      0.00000      0.00000
      0.37981      0.00000      0.00000      0.00000
      0.38981      0.00000      0.00000      0.00000
      0.39981      0.00000      0.00000      0.00000
      0.40981      0.00000      0.00000      0.00000
      0.41981      0.00000      0.00000      0.00000
      0.42981      0.00000      0.00000      0.00000
      0.43981      0.00000      0.00000      0.00000
      0.44981      0.00000      0.00000      0.00000
      0.45981      0.00000      0.00000      0.00000
      0.46981      0.00000      0.00000      0.00000
      0.47981      0.00000      0.00000      0.00000
      0.48981      0.00000      0.00000      0.00000
      0.49981      0.00000      0.00000      0.00000
      0.50981      0.00000      0.00000      0.00000
      0.51981      0.00000      0.00000      0.00000
      0.52981      0.00000      0.00000      0.00000
      0.53981      0.00000      0.00000      0.00000
      0.54981      0.00000      0.00000      0.00000
      0.55981      0.00000      0.00000      0.00000
      0.56981      0.00000      0.00000      0.00000
      0.57981      0.00000      0.00000      0.00000
      0.58981      0.00000      0.00000      0.00000
      0.59981      0.00000      0.00000      0.00000
      0.60981      0.00000      0.00000      0.00000
      0.61981      0.00000      0.00000      0.00000
      0.62981      0.00000      0.00000      0.00000
      0.63981      0.00000      0.00000      0.00000
      0.64981      0.00000      0.00000      0.00000
      0.65981      0.00000      0.00000      0.00000
      0.66981      0.00000      0.00000      0.00000
      0.67981      0.00000      0.00000      0.00000
      0.68981      0.00000      0.00000      0.00000
      0.69981      0.00000      0.00000      0.00000
      0.70981      0.00000      0.00000      0.00000
      0.71981      0.00000      0.00000      0.00000
      0.72981      0.00000      0.00000      0.00000
      0.73981      0.00000      0.00000      0.00000
      0.74981      0.00000      0.00000      0.00000
      0.75981      0.00000      0.00000      0.00000
      0.76981      0.00000      0.00000      0.00000
      0.77981      0.00000      0.00000      0.00000
      0.78981      0.00000      0.00000      0.00000
      0.79981      0.00000      0.00000      0.00000
      0.80981      0.00000      0.00000      0.00000
      0.81981      0.00000      0.00000      0.00000
      0.82981      0.00000      0.00000      0.00000
      0.83981      0.00000      0.00000      0.00000
      0.84981      0.00000      0.00000      0.00000
      0.85981      0.00000      0.00000      0.00000
      0.86981      0.00000      0.00000      0.00000
      0.87981      0.00000      0.00000      0.00000
      0.88981      0.00000      0.00000      0.00000
      0.89981      0.00000      0.00000      0.00000
      0.90981      0.00000      0.00000      0.00000
      0.91981      0.00000      0.00000      0.00000
      0.92981      0.00000      0.00000      0.00000
      0.93981      0.00000      0.00000      0.00000
      0.94981      0.00000      0.00000      0.00000
      0.95981      0.00000      0.00000      0.00000
      0.96981      0.00000      0.00000      0.00000
      0.97981      0.00000      0.00000      0.00000
      0.98981      0.00000      0.00000      0.00000
      0.99981      0.00000      0.00000      0.00000
      1.00981      0.00000      0.00000      0.00000
      1.01981      0.00000      0.00000      0.00000
      1.02981      0.00000      0.00000      0.00000
      1.03981      0.00000      0.00000      0.00000
      1.04981      0.00000      0.00000      0.00000
      1.05981      0.00000      0.00000      0.00000
      1.06981      0.00000      0.00000      0.00000
      1.07981      0.00000      0.00000      0.00000
      1.08981      0.00000      0.00000      0.00000
      1.09981      0.00000      0.00000      0.00000
      1.10981      0.00000      0.00000      0.00000
      1.11981      0.00000      0.00000      0.00000
      1.12981      0.00000      0.00000      0.00000
      1.13981      0.00000      0.00000      0.00000
      1.14981      0.00000      0.00000      0.00000
      1.15981      0.00000      0.00000      0.00000
      1.16981      0.00000      0.00000      0.00000
      1.17981      0.00000      0.00000      0.00000
      1.18981      0.00000      0.00000      0.00000
      1.19981      0.00000      0.00000      0.00000
      1.20981      0.00000      0.00000      0.00000
      1.21981      0.00000      0.00000      0.00000
      1.22981      0.00000      0.00000      0.00000
      1.23981      0.00000      0.00000      0.00000
      1.24981      0.00000      0.00000      0.00000
      1.25981      0.00000      0.00000      0.00000
      1.26981      0.00000      0.00000      0.00000
      1.27981      0.00000      0.00000      0.00000
      1.28981      0.00000      0.00000      0.00000
      1.29981      0.00000      0.00000      0.00000
      1.30981      0.00000      0.00000      0.00000
      1.31981      0.00000      0.00000      0.00000
      1.32981      0.00000      0.00000      0.00000
      1.33981      0.00000      0.00000      0.00000
      1.34981      0.00000      0.00000      0.00000
      1.35981      0.00000      0.00000      0.00000
      1.36981      0.00000      0.00000      0.00000
      1.37981      0.00000      0.00000      0.00000
      1.38981      0.00000      0.00000      0.00000
      1.39981      0.00000      0.00000      0.00000
      1.40981      0.00000      0.00000      0.00000
      1.41981      0.00000      0.00000      0.00000
      1.42981      0.00000      0.00000      0.00000
      1.43981      0.00000      0.00000      0.00000
      1.44981      0.00000      0.00000      0.00000
      1.45981      0.00000      0.00000      0.00000
      1.46981      0.00000      0.00000      0.00000
      1.47981      0.00000      0.00000      0.00000
      1.48981      0.00000      0.00000      0.00000
      1.49981      0.00000      0.00000      0.00000
      1.50981      0.00000      0.00000      0.00000
      1.51981      0.00000      0.00000      0.00000
      1.52981      0.00000      0.00000      0.00000
      1.53981      0.00000      0.00000      0.00000
      1.54981      0.00000      0.00000      0.00000
      1.55981      0.00000      0.00000      0.00000
      1.56981      0.00000      0.00000      0.00000
      1.57981      0.00000      0.00000      0.00000
      1.58981      0.00000      0.00000      0.00000
      1.59981      0.00000      0.00000      0.00000
      1.60981      0.00000      0.00000      0.00000
      1.61981      0.00000      0.00000      0.00000
      1.62981      0.00000      0.00000      0.00000
      1.63981      0.00000      0.00000      0.00000
      1.64981      0.00000      0.00000      0.00000
      1.65981      0.00000      0.00000      0.00000
      1.66981      0.00000      0.00000      0.00000
      1.67981      0.00000      0.00000      0.00000
      1.68981      0.00000      0.00000      0.00000
      1.69981      0.00000      0.00000      0.00000
      1.70981      0.00000      0.00000      0.00000
      1.71981      0.00000      0.00000      0.00000
      1.72981      0.00000      0.00000      0.00000
      1.73981      0.00000      0.00000      0.00000
      1.74981      0.00000      0.00000      0.00000
      1.75981      0.00000      0.00000      0.00000
      1.76981      0.00000      0.00000      0.00000
      1.77981      0.00000      0.00000      0.00000
      1.78981      0.00000      0.00000      0.00000
      1.79981      0.00000      0.00000      0.00000
      1.80981      0.00000      0.00000      0.00000
      1.81981      0.00000      0.00000      0.00000
      1.82981      0.00000      0.00000      0.00000
      1.83981      0.00000      0.00000      0.00000
      1.84981      0.00000      0.00000      0.00000
      1.85981      0.00000      0.00000      0.00000
      1.86981      0.00000      0.00000      0.00000
      1.87981      0.00000      0.00000      0.00000
      1.88981      0.00000      0.00000      0.00000
      1.89981      0.00000      0.00000      0.00000
      1.90981      0.00000      0.00000      0.00000
      1.91981      0.00000      0.00000      0.00000
      1.92981      0.00000      0.00000      0.00000
      1.93981      0.00000      0.00000      0.00000
      1.94981      0.00000      0.00000      0.00000
      1.95981      0.00000      0.00000      0.00000
      1.96981      0.00000      0.00000      0.00000
      1.97981      0.00000      0.00000      0.00000
      1.98981      0.00000      0.00000      0.00000
      1.99981      0.00000      0.00000      0.00000
      2.00981      0.00057      0.00041      0.00016
      2.01981      0.04507      0.03262      0.01245
      2.02981      1.30773      0.94638      0.36136
      2.03981     13.99825     10.13015      3.86810
      2.04981     56.20366     40.67243     15.53122
      2.05981     94.01749     68.03154     25.98595
      2.06981     98.52356     71.27518     27.24838
      2.07981     86.86934     62.83209     24.03725
      2.08981     40.88315     29.56910     11.31405
      2.09981      7.61066      5.50442      2.10624
      2.10981      0.52678      0.38100      0.14579
      2.11981      0.01344      0.00972      0.00372
      2.12981      0.00000      0.00000      0.00000
      2.13981      0.00000      0.00000      0.00000
      2.14981      0.00000      0.00000      0.00000
      2.15981      0.00000      0.00000      0.00000
      2.16981      0.00000      0.00000      0.00000
      2.17981      0.00000      0.00000      0.00000
      2.18981      0.00000      0.00000      0.00000
      2.19981      0.00000      0.00000      0.00000
      2.20981      0.00000      0.00000      0.00000
      2.21981      0.00000      0.00000      0.00000
      2.22981      0.00000      0.00000      0.00000
      2.23981      0.00000      0.00000      0.00000
      2.24981      0.00000      0.00000      0.00000
      2.25981      0.00000      0.00000      0.00000
      2.26981      0.00000      0.00000      0.00000
      2.27981      0.00000      0.00000      0.00000
      2.28981      0.00000      0.00000      0.00000
      2.29981      0.00000      0.00000      0.00000
      2.30981      0.00000      0.00000      0.00000
      2.31981      0.00000      0.00000      0.00000
      2.32981      0.00000      0.00000      0.00000
      2.33981      0.00000      0.00000      0.00000
      2.34981      0.00000      0.00000      0.00000
      2.35981      0.00000      0.00000      0.00000
      2.36981      0.00000      0.00000      0.00000
      2.37981      0.00000      0.00000      0.00000
      2.38981      0.00000      0.00000      0.00000
      2.39981      0.00000      0.00000      0.00000
      2.40981      0.00000      0.00000      0.00000
      2.41981      0.00000      0.00000      0.00000
      2.42981      0.00000      0.00000      0.00000
      2.43981      0.00000      0.00000      0.00000
      2.44981      0.00000      0.00000      0.00000
      2.45981      0.00000      0.00000      0.00000
      2.46981      0.00000      0.00000      0.00000
      2.47981      0.00000      0.00000      0.00000
      2.48981      0.00000      0.00000      0.00000
      2.49981      0.00000      0.00000      0.00000
      2.50981      0.00000      0.00000      0.00000
      2.51981      0.00000      0.00000      0.00000
      2.52981      0.00000      0.00000      0.00000
      2.53981      0.00000      0.00000      0.00000
      2.54981      0.00000      0.00000      0.00000
      2.55981      0.00000      0.00000      0.00000
      2.56981      0.00000      0.00000      0.00000
      2.57981      0.00000      0.00000      0.00000
      2.58981      0.00000      0.00000      0.00000
      2.59981      0.00000      0.00000      0.00000
      2.60981      0.00000      0.00000      0.00000
      2.61981      0.00000      0.00000      0.00000
      2.62981      0.00000      0.00000      0.00000
      2.63981      0.00000      0.00000      0.00000
      2.64981      0.00000      0.00000      0.00000
      2.65981      0.00000      0.00000      0.00000
      2.66981      0.00000      0.00000      0.00000
      2.67981      0.00000      0.00000      0.00000
      2.68981      0.00000      0.00000      0.00000
      2.69981      0.00000      0.00000      0.00000
      2.70981      0.00000      0.00000      0.00000
      2.71981      0.00000      0.00000      0.00000
      2.72981      0.00000      0.00000      0.00000
      2.73981      0.00000      0.00000      0.00000
      2.74981      0.00000      0.00000      0.00000
      2.75981      0.00000      0.00000      0.00000
      2.76981      0.00074      0.00038      0.00036
      2.77981      0.04425      0.02250      0.02176
      2.78981      0.99586      0.50545      0.49041
      2.79981      9.29027      4.69779      4.59249
      2.80981     40.55759     20.37908     20.17851
      2.81981     94.68526     47.27507     47.41019
      2.82981    137.63126     68.52515     69.10611
      2.83981    167.29746     83.85712     83.44034
      2.84981    181.39616     95.73526     85.66090
      2.85981    172.41422    100.52231     71.89191
      2.86981    155.23989     91.46506     63.77483
      2.87981    121.20234     65.71506     55.48728
      2.88981    130.57535     66.49970     64.07565
      2.89981    208.66620    105.81111    102.85508
      2.90981    271.97452    137.75521    134.21931
      2.91981    259.40808    131.04474    128.36334
      2.92981    251.86456    131.36360    120.50097
      2.93981    270.44850    151.39336    119.05514
      2.94981    254.21603    148.20210    106.01394
      2.95981    191.47439    109.09122     82.38317
      2.96981    181.21051     98.03430     83.17621
      2.97981    239.55089    130.59348    108.95741
      2.98981    257.87758    141.56829    116.30930
      2.99981    182.26761     99.94301     82.32460
      3.00981    140.15607     80.24517     59.91090
      3.01981    144.24345     85.47154     58.77190
      3.02981    149.54720     87.25631     62.29089
      3.03981    184.53502    103.72762     80.80741
      3.04981    239.87631    132.80016    107.07615
      3.05981    278.34304    150.00334    128.33971
      3.06981    281.02425    149.01689    132.00736
      3.07981    293.67176    160.48493    133.18684
      3.08981    299.15731    164.14563    135.01168
      3.09981    286.27753    153.42273    132.85481
      3.10981    286.06385    155.88262    130.18123
      3.11981    296.18345    165.52402    130.65943
      3.12981    266.86430    150.90142    115.96287
      3.13981    272.01337    153.63002    118.38335
      3.14981    301.54188    171.37494    130.16694
      3.15981    289.45711    169.03601    120.42110
      3.16981    273.02319    161.50098    111.52220
      3.17981    254.93316    149.32470    105.60846
      3.18981    201.87463    121.67787     80.19675
      3.19981    150.70415     94.72792     55.97623
      3.20981    132.27736     80.92512     51.35224
      3.21981    133.60198     77.53412     56.06786
      3.22981    177.79051    100.31028     77.48023
      3.23981    212.58986    120.84692     91.74293
      3.24981    209.29683    120.91108     88.38575
      3.25981    210.97919    122.31660     88.66259
      3.26981    214.88444    127.05396     87.83048
      3.27981    204.31833    122.98819     81.33014
      3.28981    179.49269    111.12238     68.37031
      3.29981    125.89397     81.18257     44.71140
      3.30981    100.85570     63.22250     37.63320
      3.31981    131.42065     78.35830     53.06236
      3.32981    164.30119     97.08218     67.21901
      3.33981    196.69140    116.36770     80.32370
      3.34981    229.72405    134.22862     95.49543
      3.35981    249.90040    145.53825    104.36215
      3.36981    271.36986    166.63031    104.73955
      3.37981    301.53170    192.99295    108.53874
      3.38981    307.17885    195.00244    112.17641
      3.39981    311.42535    188.81218    122.61318
      3.40981    316.02225    184.23759    131.78466
      3.41981    304.85445    173.55362    131.30083
      3.42981    323.93693    179.65418    144.28275
      3.43981    369.65213    205.88250    163.76963
      3.44981    400.46097    228.76038    171.70059
      3.45981    441.61042    258.15146    183.45896
      3.46981    458.04192    269.29256    188.74935
      3.47981    420.40605    247.20117    173.20488
      3.48981    389.54628    230.50104    159.04524
      3.49981    349.18782    206.71301    142.47481
      3.50981    329.71220    194.91026    134.80194
      3.51981    382.59764    225.95690    156.64074
      3.52981    445.64651    265.19010    180.45641
      3.53981    444.44530    269.33209    175.11320
      3.54981    385.60132    236.31421    149.28711
      3.55981    342.41723    207.41998    134.99725
      3.56981    291.26399    171.89903    119.36496
      3.57981    227.55697    131.13542     96.42154
      3.58981    222.07207    130.36200     91.71006
      3.59981    223.73451    134.74281     88.99170
      3.60981    194.37541    116.53596     77.83945
      3.61981    176.09000    104.25599     71.83401
      3.62981    211.82575    124.15342     87.67233
      3.63981    256.62846    148.46512    108.16334
      3.64981    259.23192    151.76280    107.46912
      3.65981    242.38143    143.09462     99.28680
      3.66981    278.21677    163.96864    114.24813
      3.67981    369.24931    221.33847    147.91084
      3.68981    472.72261    287.59152    185.13109
      3.69981    536.37187    327.70908    208.66279
      3.70981    562.25281    345.58393    216.66889
      3.71981    608.59100    378.54838    230.04262
      3.72981    619.83796    389.28632    230.55164
      3.73981    550.92735    346.06917    204.85818
      3.74981    458.51300    286.71281    171.80019
      3.75981    392.13200    240.14161    151.99039
      3.76981    329.64545    196.22273    133.42272
      3.77981    287.08591    170.52718    116.55873
      3.78981    315.26289    193.09833    122.16456
      3.79981    366.42277    228.11916    138.30361
      3.80981    364.72246    228.52481    136.19765
      3.81981    359.60966    231.87654    127.73312
      3.82981    379.29414    248.14262    131.15152
      3.83981    338.82670    216.84915    121.97755
      3.84981    253.17868    157.91355     95.26512
      3.85981    189.35487    120.01487     69.34001
      3.86981    176.60257    114.89013     61.71244
      3.87981    178.23126    117.77491     60.45635
      3.88981    181.91018    123.97073     57.93945
      3.89981    187.25389    131.35782     55.89607
      3.90981    202.47371    143.91763     58.55608
      3.91981    258.18430    182.10424     76.08006
      3.92981    271.12871    188.92716     82.20155
      3.93981    228.30251    157.66232     70.64019
      3.94981    246.90623    170.82601     76.08021
      3.95981    304.82641    213.54332     91.28309
      3.96981    329.73666    231.84094     97.89572
      3.97981    315.03044    221.17259     93.85785
      3.98981    269.25148    189.26320     79.98828
      3.99981    209.01386    144.08981     64.92405
      4.00981    130.27769     86.89114     43.38655
      4.01981    112.80789     75.96761     36.84028
      4.02981    138.33915     96.30081     42.03834
      4.03981    182.69906    130.87944     51.81962
      4.04981    248.57494    179.02712     69.54782
      4.05981    243.45501    175.99035     67.46466
      4.06981    209.91019    152.78844     57.12176
      4.07981    208.28437    149.53281     58.75156
      4.08981    221.85320    157.60976     64.24344
      4.09981    248.06965    177.81434     70.25531
      4.10981    294.38441    213.00046     81.38395
      4.11981    352.84007    256.06292     96.77715
      4.12981    351.92277    253.10646     98.81631
      4.13981    307.02163    218.11109     88.91054
      4.14981    283.39461    201.92480     81.46981
      4.15981    259.68225    187.55699     72.12526
      4.16981    212.53586    152.87715     59.65871
      4.17981    176.12356    124.26114     51.86242
      4.18981    138.70452     96.26231     42.44222
      4.19981    108.70976     72.09315     36.61662
      4.20981    121.82451     76.63172     45.19279
      4.21981    158.27997    101.02744     57.25253
      4.22981    239.61850    156.10559     83.51291
      4.23981    303.85128    198.87443    104.97685
      4.24981    307.91800    205.63804    102.27997
      4.25981    332.82591    227.03889    105.78701
      4.26981    356.52579    247.48988    109.03592
      4.27981    320.49837    229.57803     90.92034
      4.28981    259.16636    191.41678     67.74957
      4.29981    206.01467    151.97560     54.03907
      4.30981    141.96253    101.84950     40.11303
      4.31981     96.06913     65.10882     30.96031
      4.32981    106.21304     70.41634     35.79671
      4.33981    145.18560     96.05283     49.13277
      4.34981    189.83701    125.22599     64.61101
      4.35981    231.51980    155.16904     76.35076
      4.36981    290.21150    196.88631     93.32519
      4.37981    387.44375    259.12848    128.31527
      4.38981    427.14730    281.86177    145.28553
      4.39981    448.85400    292.09440    156.75959
      4.40981    482.86937    306.64752    176.22185
      4.41981    441.49806    272.00611    169.49195
      4.42981    389.20513    238.50385    150.70128
      4.43981    410.40157    258.24745    152.15412
      4.44981    447.14529    287.64676    159.49853
      4.45981    421.32101    272.19963    149.12138
      4.46981    408.00789    260.98590    147.02199
      4.47981    454.92862    290.89838    164.03024
      4.48981    489.91514    303.27534    186.63980
      4.49981    492.33753    292.09015    200.24738
      4.50981    487.72686    283.00160    204.72526
      4.51981    453.56068    260.48181    193.07886
      4.52981    403.90430    236.30961    167.59469
      4.53981    397.60233    233.68583    163.91649
      4.54981    411.90075    242.66183    169.23892
      4.55981    439.02456    261.95728    177.06728
      4.56981    449.97755    267.49451    182.48304
      4.57981    421.03100    249.72841    171.30259
      4.58981    428.70301    254.86693    173.83608
      4.59981    443.79275    266.32043    177.47231
      4.60981    444.98873    274.77441    170.21431
      4.61981    433.02832    273.41250    159.61582
      4.62981    338.92978    212.17480    126.75498
      4.63981    249.29052    155.56466     93.72585
      4.64981    209.72126    133.71682     76.00444
      4.65981    172.92812    104.04268     68.88544
      4.66981    166.24052     88.80842     77.43210
      4.67981    203.72260    106.02132     97.70129
      4.68981    233.62145    127.57558    106.04587
      4.69981    232.32620    132.67938     99.64682
      4.70981    227.74352    133.32537     94.41816
      4.71981    275.34776    166.72198    108.62577
      4.72981    298.33927    178.94489    119.39438
      4.73981    297.66601    171.69876    125.96725
      4.74981    337.19583    192.82787    144.36796
      4.75981    301.54390    172.56640    128.97751
      4.76981    228.50631    128.02662    100.47970
      4.77981    215.98663    119.92206     96.06457
      4.78981    204.34408    111.84757     92.49651
      4.79981    163.78862     87.06808     76.72054
      4.80981    152.50543     83.08269     69.42274
      4.81981    155.41254     91.83811     63.57442
      4.82981    151.66896     94.35621     57.31275
      4.83981    211.84536    129.39253     82.45284
      4.84981    272.33989    162.22772    110.11217
      4.85981    277.64358    162.72817    114.91541
      4.86981    306.24681    176.27027    129.97653
      4.87981    280.20276    158.66325    121.53951
      4.88981    223.43939    123.72055     99.71884
      4.89981    230.49003    124.27219    106.21784
      4.90981    235.29598    125.48708    109.80890
      4.91981    228.30472    122.14973    106.15499
      4.92981    202.16286    108.23651     93.92635
      4.93981    165.75170     88.73260     77.01910
      4.94981    168.28781     91.49302     76.79478
      4.95981    166.46109     90.63963     75.82146
      4.96981    182.96866     99.81226     83.15640
      4.97981    233.69753    128.02960    105.66792
      4.98981    224.74601    123.10086    101.64515
      4.99981    208.16104    115.54228     92.61876
      5.00981    223.20589    126.00728     97.19861
      5.01981    217.12596    123.60260     93.52336
      5.02981    215.65807    122.72672     92.93135
      5.03981    226.26003    127.66119     98.59884
      5.04981    213.45689    118.29088     95.16601
      5.05981    244.31988    132.39061    111.92927
