Energy-E_F (eV)    DOS (1/eV)    PDOS (1/eV)  of atom type W  S  
     -5.09403    114.05370      0.00000      0.00000
     -5.08403    103.74066      0.00000      0.00000
     -5.07403     93.42871      0.00000      0.00000
     -5.06403    101.37321      0.00000      0.00000
     -5.05403     90.87399      0.00000      0.00000
     -5.04403     73.21111      0.00000      0.00000
     -5.03403     82.03694      0.00000      0.00000
     -5.02403    101.40004      0.00000      0.00000
     -5.01403    114.61124      0.00000      0.00000
     -5.00403    128.13299      0.00000      0.00000
     -4.99403    153.94420      0.00000      0.00000
     -4.98403    185.56549      0.00000      0.00000
     -4.97403    191.54284      0.00000      0.00000
     -4.96403    195.91199      0.00000      0.00000
     -4.95403    235.00668      0.00000      0.00000
     -4.94403    256.71493      0.00000      0.00000
     -4.93403    264.35275      0.00000      0.00000
     -4.92403    300.94771      0.00000      0.00000
     -4.91403    348.12489      0.00000      0.00000
     -4.90403    391.05691      0.00000      0.00000
     -4.89403    391.74584      0.00000      0.00000
     -4.88403    356.98908      0.00000      0.00000
     -4.87403    329.90976      0.00000      0.00000
     -4.86403    313.87411      0.00000      0.00000
     -4.85403    334.71768      0.00000      0.00000
     -4.84403    356.65913      0.00000      0.00000
     -4.83403    305.01653      0.00000      0.00000
     -4.82403    236.33848      0.00000      0.00000
     -4.81403    204.75881      0.00000      0.00000
     -4.80403    193.12224      0.00000      0.00000
     -4.79403    173.97648      0.00000      0.00000
     -4.78403    151.13815      0.00000      0.00000
     -4.77403    138.13000      0.00000      0.00000
     -4.76403    129.28086      0.00000      0.00000
     -4.75403    115.06707      0.00000      0.00000
     -4.74403    105.13917      0.00000      0.00000
     -4.73403     90.74428      0.00000      0.00000
     -4.72403     68.10550      0.00000      0.00000
     -4.71403     60.77692      0.00000      0.00000
     -4.70403     80.21508      0.00000      0.00000
     -4.69403    143.81205      0.00000      0.00000
     -4.68403    235.60981      0.00000      0.00000
     -4.67403    314.76931      0.00000      0.00000
     -4.66403    391.56970      0.00000      0.00000
     -4.65403    524.31298      0.00000      0.00000
     -4.64403    713.56485      0.00000      0.00000
     -4.63403    859.89792      0.00000      0.00000
     -4.62403    852.75219      0.00000      0.00000
     -4.61403    746.07080      0.00000      0.00000
     -4.60403    673.94208      0.00000      0.00000
     -4.59403    658.50517      0.00000      0.00000
     -4.58403    642.65226      0.00000      0.00000
     -4.57403    602.92265      0.00000      0.00000
     -4.56403    565.25474      0.00000      0.00000
     -4.55403    544.07127      0.00000      0.00000
     -4.54403    525.72848      0.00000      0.00000
     -4.53403    495.81519      0.00000      0.00000
     -4.52403    450.78415      0.00000      0.00000
     -4.51403    399.44190      0.00000      0.00000
     -4.50403    367.91471      0.00000      0.00000
     -4.49403    365.76163      0.00000      0.00000
     -4.48403    367.52166      0.00000      0.00000
     -4.47403    344.71156      0.00000      0.00000
     -4.46403    304.38833      0.00000      0.00000
     -4.45403    283.99061      0.00000      0.00000
     -4.44403    262.02645      0.00000      0.00000
     -4.43403    222.19124      0.00000      0.00000
     -4.42403    216.56072      0.00000      0.00000
     -4.41403    226.51463      0.00000      0.00000
     -4.40403    207.57174      0.00000      0.00000
     -4.39403    164.20888      0.00000      0.00000
     -4.38403    134.34849      0.00000      0.00000
     -4.37403    125.24212      0.00000      0.00000
     -4.36403    128.26175      0.00000      0.00000
     -4.35403    129.83888      0.00000      0.00000
     -4.34403    110.43082      0.00000      0.00000
     -4.33403     77.71578      0.00000      0.00000
     -4.32403     60.37048      0.00000      0.00000
     -4.31403     63.95742      0.00000      0.00000
     -4.30403     70.03644      0.00000      0.00000
     -4.29403     80.67003      0.00000      0.00000
     -4.28403     68.73115      0.00000      0.00000
     -4.27403     41.93763      0.00000      0.00000
     -4.26403     47.60795      0.00000      0.00000
     -4.25403     73.13301      0.00000      0.00000
     -4.24403     86.86038      0.00000      0.00000
     -4.23403     83.13603      0.00000      0.00000
     -4.22403     74.78668      0.00000      0.00000
     -4.21403     71.09151      0.00000      0.00000
     -4.20403     87.38718      0.00000      0.00000
     -4.19403    108.15885      0.00000      0.00000
     -4.18403    115.69558      0.00000      0.00000
     -4.17403    130.87846      0.00000      0.00000
     -4.16403    137.92021      0.00000      0.00000
     -4.15403    133.01691      0.00000      0.00000
     -4.14403    131.36064      0.00000      0.00000
     -4.13403    123.86884      0.00000      0.00000
     -4.12403    104.06837      0.00000      0.00000
     -4.11403     80.09147      0.00000      0.00000
     -4.10403     83.83340      0.00000      0.00000
     -4.09403    114.28106      0.00000      0.00000
     -4.08403    156.53416      0.00000      0.00000
     -4.07403    189.34935      0.00000      0.00000
     -4.06403    175.09375      0.00000      0.00000
     -4.05403    143.06914      0.00000      0.00000
     -4.04403    123.22277      0.00000      0.00000
     -4.03403    129.88143      0.00000      0.00000
     -4.02403    139.35388      0.00000      0.00000
     -4.01403    134.81755      0.00000      0.00000
     -4.00403    110.57048      0.00000      0.00000
     -3.99403     97.97289      0.00000      0.00000
     -3.98403    110.06271      0.00000      0.00000
     -3.97403    122.29624      0.00000      0.00000
     -3.96403    142.56465      0.00000      0.00000
     -3.95403    154.18275      0.00000      0.00000
     -3.94403    149.97762      0.00000      0.00000
     -3.93403    149.99846      0.00000      0.00000
     -3.92403    133.33742      0.00000      0.00000
     -3.91403     93.32145      0.00000      0.00000
     -3.90403     65.93862      0.00000      0.00000
     -3.89403     88.31220      0.00000      0.00000
     -3.88403    160.91879      0.00000      0.00000
     -3.87403    255.47645      0.00000      0.00000
     -3.86403    294.43541      0.00000      0.00000
     -3.85403    252.11241      0.00000      0.00000
     -3.84403    221.06827      0.00000      0.00000
     -3.83403    242.41648      0.00000      0.00000
     -3.82403    261.52947      0.00000      0.00000
     -3.81403    245.43865      0.00000      0.00000
     -3.80403    217.91617      0.00000      0.00000
     -3.79403    207.19957      0.00000      0.00000
     -3.78403    231.97116      0.00000      0.00000
     -3.77403    292.07572      0.00000      0.00000
     -3.76403    348.65851      0.00000      0.00000
     -3.75403    390.12564      0.00000      0.00000
     -3.74403    383.61785      0.00000      0.00000
     -3.73403    315.71576      0.00000      0.00000
     -3.72403    257.45667      0.00000      0.00000
     -3.71403    271.99386      0.00000      0.00000
     -3.70403    323.52871      0.00000      0.00000
     -3.69403    370.44378      0.00000      0.00000
     -3.68403    383.31196      0.00000      0.00000
     -3.67403    364.06343      0.00000      0.00000
     -3.66403    384.29362      0.00000      0.00000
     -3.65403    449.17158      0.00000      0.00000
     -3.64403    505.07414      0.00000      0.00000
     -3.63403    533.85761      0.00000      0.00000
     -3.62403    574.08025      0.00000      0.00000
     -3.61403    608.57323      0.00000      0.00000
     -3.60403    598.97295      0.00000      0.00000
     -3.59403    538.73997      0.00000      0.00000
     -3.58403    455.96206      0.00000      0.00000
     -3.57403    394.87896      0.00000      0.00000
     -3.56403    372.42470      0.00000      0.00000
     -3.55403    361.52326      0.00000      0.00000
     -3.54403    359.11017      0.00000      0.00000
     -3.53403    336.59827      0.00000      0.00000
     -3.52403    289.92781      0.00000      0.00000
     -3.51403    243.84215      0.00000      0.00000
     -3.50403    233.50744      0.00000      0.00000
     -3.49403    263.69568      0.00000      0.00000
     -3.48403    289.64483      0.00000      0.00000
     -3.47403    300.10938      0.00000      0.00000
     -3.46403    285.88085      0.00000      0.00000
     -3.45403    215.14923      0.00000      0.00000
     -3.44403    159.93865      0.00000      0.00000
     -3.43403    167.06135      0.00000      0.00000
     -3.42403    202.97841      0.00000      0.00000
     -3.41403    228.08702      0.00000      0.00000
     -3.40403    260.86331      0.00000      0.00000
     -3.39403    318.54047      0.00000      0.00000
     -3.38403    330.51744      0.00000      0.00000
     -3.37403    295.35932      0.00000      0.00000
     -3.36403    304.36490      0.00000      0.00000
     -3.35403    321.96928      0.00000      0.00000
     -3.34403    275.16775      0.00000      0.00000
     -3.33403    238.91740      0.00000      0.00000
     -3.32403    245.02103      0.00000      0.00000
     -3.31403    228.82507      0.00000      0.00000
     -3.30403    170.79035      0.00000      0.00000
     -3.29403    136.00044      0.00000      0.00000
     -3.28403    144.52419      0.00000      0.00000
     -3.27403    180.33786      0.00000      0.00000
     -3.26403    211.16459      0.00000      0.00000
     -3.25403    247.14390      0.00000      0.00000
     -3.24403    286.28518      0.00000      0.00000
     -3.23403    269.83785      0.00000      0.00000
     -3.22403    228.14588      0.00000      0.00000
     -3.21403    209.77376      0.00000      0.00000
     -3.20403    169.58761      0.00000      0.00000
     -3.19403    115.80548      0.00000      0.00000
     -3.18403    100.35141      0.00000      0.00000
     -3.17403    106.15872      0.00000      0.00000
     -3.16403    123.58998      0.00000      0.00000
     -3.15403    127.83188      0.00000      0.00000
     -3.14403    124.53960      0.00000      0.00000
     -3.13403    107.16516      0.00000      0.00000
     -3.12403     96.69231      0.00000      0.00000
     -3.11403    134.07984      0.00000      0.00000
     -3.10403    169.69020      0.00000      0.00000
     -3.09403    167.19631      0.00000      0.00000
     -3.08403    136.41940      0.00000      0.00000
     -3.07403    110.91167      0.00000      0.00000
     -3.06403    105.79046      0.00000      0.00000
     -3.05403    128.95435      0.00000      0.00000
     -3.04403    153.19212      0.00000      0.00000
     -3.03403    150.47103      0.00000      0.00000
     -3.02403    143.39962      0.00000      0.00000
     -3.01403    135.94711      0.00000      0.00000
     -3.00403    149.62332      0.00000      0.00000
     -2.99403    178.73698      0.00000      0.00000
     -2.98403    192.29767      0.00000      0.00000
     -2.97403    178.88292      0.00000      0.00000
     -2.96403    170.49376      0.00000      0.00000
     -2.95403    185.77611      0.00000      0.00000
     -2.94403    204.77931      0.00000      0.00000
     -2.93403    194.46374      0.00000      0.00000
     -2.92403    141.52762      0.00000      0.00000
     -2.91403     97.35827      0.00000      0.00000
     -2.90403    107.69123      0.00000      0.00000
     -2.89403    159.73468      0.00000      0.00000
     -2.88403    179.23374      0.00000      0.00000
     -2.87403    168.21534      0.00000      0.00000
     -2.86403    166.13729      0.00000      0.00000
     -2.85403    180.48307      0.00000      0.00000
     -2.84403    185.90376      0.00000      0.00000
     -2.83403    195.09895      0.00000      0.00000
     -2.82403    250.18379      0.00000      0.00000
     -2.81403    282.06413      0.00000      0.00000
     -2.80403    275.70327      0.00000      0.00000
     -2.79403    262.44964      0.00000      0.00000
     -2.78403    245.13761      0.00000      0.00000
     -2.77403    217.13155      0.00000      0.00000
     -2.76403    207.47447      0.00000      0.00000
     -2.75403    240.54186      0.00000      0.00000
     -2.74403    238.26958      0.00000      0.00000
     -2.73403    208.33182      0.00000      0.00000
     -2.72403    191.41626      0.00000      0.00000
     -2.71403    180.23930      0.00000      0.00000
     -2.70403    162.04879      0.00000      0.00000
     -2.69403    145.16632      0.00000      0.00000
     -2.68403    146.27545      0.00000      0.00000
     -2.67403    172.74204      0.00000      0.00000
     -2.66403    192.27448      0.00000      0.00000
     -2.65403    186.84019      0.00000      0.00000
     -2.64403    191.10388      0.00000      0.00000
     -2.63403    226.30356      0.00000      0.00000
     -2.62403    255.31129      0.00000      0.00000
     -2.61403    258.80570      0.00000      0.00000
     -2.60403    233.44940      0.00000      0.00000
     -2.59403    189.00762      0.00000      0.00000
     -2.58403    153.21598      0.00000      0.00000
     -2.57403    142.09580      0.00000      0.00000
     -2.56403    131.28404      0.00000      0.00000
     -2.55403    141.08032      0.00000      0.00000
     -2.54403    164.01005      0.00000      0.00000
     -2.53403    160.82837      0.00000      0.00000
     -2.52403    161.62063      0.00000      0.00000
     -2.51403    164.98701      0.00000      0.00000
     -2.50403    143.38773      0.00000      0.00000
     -2.49403    132.59565      0.00000      0.00000
     -2.48403    156.59853      0.00000      0.00000
     -2.47403    185.82104      0.00000      0.00000
     -2.46403    223.76739      0.00000      0.00000
     -2.45403    289.39263      0.00000      0.00000
     -2.44403    357.27436      0.00000      0.00000
     -2.43403    385.92530      0.00000      0.00000
     -2.42403    390.71623      0.00000      0.00000
     -2.41403    369.88104      0.00000      0.00000
     -2.40403    330.33370      0.00000      0.00000
     -2.39403    335.03531      0.00000      0.00000
     -2.38403    363.59178      0.00000      0.00000
     -2.37403    370.67908      0.00000      0.00000
     -2.36403    347.01395      0.00000      0.00000
     -2.35403    308.42945      0.00000      0.00000
     -2.34403    298.91057      0.00000      0.00000
     -2.33403    334.74588      0.00000      0.00000
     -2.32403    378.46368      0.00000      0.00000
     -2.31403    445.15492      0.00000      0.00000
     -2.30403    553.47385      0.00000      0.00000
     -2.29403    660.43417      0.00000      0.00000
     -2.28403    678.82261      0.00000      0.00000
     -2.27403    597.47578      0.00000      0.00000
     -2.26403    509.93391      0.00000      0.00000
     -2.25403    463.64611      0.00000      0.00000
     -2.24403    442.84581      0.00000      0.00000
     -2.23403    436.31528      0.00000      0.00000
     -2.22403    431.57509      0.00000      0.00000
     -2.21403    412.46900      0.00000      0.00000
     -2.20403    413.45931      0.00000      0.00000
     -2.19403    423.00177      0.00000      0.00000
     -2.18403    397.26022      0.00000      0.00000
     -2.17403    382.14975      0.00000      0.00000
     -2.16403    409.93304      0.00000      0.00000
     -2.15403    427.73465      0.00000      0.00000
     -2.14403    420.21543      0.00000      0.00000
     -2.13403    401.73375      0.00000      0.00000
     -2.12403    369.58693      0.00000      0.00000
     -2.11403    290.19128      0.00000      0.00000
     -2.10403    211.75643      0.00000      0.00000
     -2.09403    163.10308      0.00000      0.00000
     -2.08403    119.95921      0.00000      0.00000
     -2.07403    121.42297      0.00000      0.00000
     -2.06403    166.88880      0.00000      0.00000
     -2.05403    209.55138      0.00000      0.00000
     -2.04403    205.24677      0.00000      0.00000
     -2.03403    172.81220      0.00000      0.00000
     -2.02403    149.73554      0.00000      0.00000
     -2.01403    155.93903      0.00000      0.00000
     -2.00403    185.27868      0.00000      0.00000
     -1.99403    200.07874      0.00000      0.00000
     -1.98403    200.11847      0.00000      0.00000
     -1.97403    206.10713      0.00000      0.00000
     -1.96403    218.40273      0.00000      0.00000
     -1.95403    224.12158      0.00000      0.00000
     -1.94403    221.36319      0.00000      0.00000
     -1.93403    209.32619      0.00000      0.00000
     -1.92403    199.02932      0.00000      0.00000
     -1.91403    195.56001      0.00000      0.00000
     -1.90403    213.48979      0.00000      0.00000
     -1.89403    244.94377      0.00000      0.00000
     -1.88403    248.45231      0.00000      0.00000
     -1.87403    225.42964      0.00000      0.00000
     -1.86403    216.51364      0.00000      0.00000
     -1.85403    244.44606      0.00000      0.00000
     -1.84403    258.13688      0.00000      0.00000
     -1.83403    256.30651      0.00000      0.00000
     -1.82403    261.66596      0.00000      0.00000
     -1.81403    264.25098      0.00000      0.00000
     -1.80403    255.76870      0.00000      0.00000
     -1.79403    249.94877      0.00000      0.00000
     -1.78403    293.76252      0.00000      0.00000
     -1.77403    346.27903      0.00000      0.00000
     -1.76403    329.45976      0.00000      0.00000
     -1.75403    281.68160      0.00000      0.00000
     -1.74403    230.19878      0.00000      0.00000
     -1.73403    190.52921      0.00000      0.00000
     -1.72403    191.58414      0.00000      0.00000
     -1.71403    201.62867      0.00000      0.00000
     -1.70403    227.97639      0.00000      0.00000
     -1.69403    248.19239      0.00000      0.00000
     -1.68403    236.92276      0.00000      0.00000
     -1.67403    229.07877      0.00000      0.00000
     -1.66403    214.18724      0.00000      0.00000
     -1.65403    203.90666      0.00000      0.00000
     -1.64403    220.40243      0.00000      0.00000
     -1.63403    242.20796      0.00000      0.00000
     -1.62403    248.25128      0.00000      0.00000
     -1.61403    251.99367      0.00000      0.00000
     -1.60403    283.96213      0.00000      0.00000
     -1.59403    326.14963      0.00000      0.00000
     -1.58403    324.14188      0.00000      0.00000
     -1.57403    265.51971      0.00000      0.00000
     -1.56403    235.90858      0.00000      0.00000
     -1.55403    257.36304      0.00000      0.00000
     -1.54403    295.29573      0.00000      0.00000
     -1.53403    323.84102      0.00000      0.00000
     -1.52403    322.21659      0.00000      0.00000
     -1.51403    280.41131      0.00000      0.00000
     -1.50403    242.04362      0.00000      0.00000
     -1.49403    243.89970      0.00000      0.00000
     -1.48403    237.25344      0.00000      0.00000
     -1.47403    234.34953      0.00000      0.00000
     -1.46403    223.09017      0.00000      0.00000
     -1.45403    177.31342      0.00000      0.00000
     -1.44403    138.85869      0.00000      0.00000
     -1.43403    116.09731      0.00000      0.00000
     -1.42403     74.28710      0.00000      0.00000
     -1.41403     28.58568      0.00000      0.00000
     -1.40403      5.67109      0.00000      0.00000
     -1.39403      2.06818      0.00000      0.00000
     -1.38403     14.76929      0.00000      0.00000
     -1.37403     56.07182      0.00000      0.00000
     -1.36403     96.02292      0.00000      0.00000
     -1.35403     87.93691      0.00000      0.00000
     -1.34403     64.01237      0.00000      0.00000
     -1.33403     72.37681      0.00000      0.00000
     -1.32403     91.04661      0.00000      0.00000
     -1.31403    109.35524      0.00000      0.00000
     -1.30403    128.47400      0.00000      0.00000
     -1.29403    136.54785      0.00000      0.00000
     -1.28403    159.16864      0.00000      0.00000
     -1.27403    182.12275      0.00000      0.00000
     -1.26403    149.88691      0.00000      0.00000
     -1.25403     98.20573      0.00000      0.00000
     -1.24403     99.48841      0.00000      0.00000
     -1.23403    141.08406      0.00000      0.00000
     -1.22403    183.36890      0.00000      0.00000
     -1.21403    209.15778      0.00000      0.00000
     -1.20403    224.20364      0.00000      0.00000
     -1.19403    231.74699      0.00000      0.00000
     -1.18403    241.92553      0.00000      0.00000
     -1.17403    255.64126      0.00000      0.00000
     -1.16403    250.29441      0.00000      0.00000
     -1.15403    229.08840      0.00000      0.00000
     -1.14403    236.30794      0.00000      0.00000
     -1.13403    272.63818      0.00000      0.00000
     -1.12403    288.69602      0.00000      0.00000
     -1.11403    275.15107      0.00000      0.00000
     -1.10403    267.98636      0.00000      0.00000
     -1.09403    241.81626      0.00000      0.00000
     -1.08403    193.77521      0.00000      0.00000
     -1.07403    162.18730      0.00000      0.00000
     -1.06403    148.67351      0.00000      0.00000
     -1.05403    147.51892      0.00000      0.00000
     -1.04403    166.04242      0.00000      0.00000
     -1.03403    203.27562      0.00000      0.00000
     -1.02403    223.45785      0.00000      0.00000
     -1.01403    206.37751      0.00000      0.00000
     -1.00403    179.07436      0.00000      0.00000
     -0.99403    162.39810      0.00000      0.00000
     -0.98403    160.95684      0.00000      0.00000
     -0.97403    174.95961      0.00000      0.00000
     -0.96403    181.80433      0.00000      0.00000
     -0.95403    187.59654      0.00000      0.00000
     -0.94403    200.03866      0.00000      0.00000
     -0.93403    196.91047      0.00000      0.00000
     -0.92403    203.40849      0.00000      0.00000
     -0.91403    211.27513      0.00000      0.00000
     -0.90403    202.90526      0.00000      0.00000
     -0.89403    201.76624      0.00000      0.00000
     -0.88403    215.16836      0.00000      0.00000
     -0.87403    250.57359      0.00000      0.00000
     -0.86403    281.05896      0.00000      0.00000
     -0.85403    277.73502      0.00000      0.00000
     -0.84403    260.34367      0.00000      0.00000
     -0.83403    248.42274      0.00000      0.00000
     -0.82403    238.41358      0.00000      0.00000
     -0.81403    254.37023      0.00000      0.00000
     -0.80403    258.48513      0.00000      0.00000
     -0.79403    220.45130      0.00000      0.00000
     -0.78403    181.30157      0.00000      0.00000
     -0.77403    153.51490      0.00000      0.00000
     -0.76403    137.99045      0.00000      0.00000
     -0.75403    150.74641      0.00000      0.00000
     -0.74403    177.08130      0.00000      0.00000
     -0.73403    185.41064      0.00000      0.00000
     -0.72403    178.28101      0.00000      0.00000
     -0.71403    168.18405      0.00000      0.00000
     -0.70403    160.64373      0.00000      0.00000
     -0.69403    153.31041      0.00000      0.00000
     -0.68403    147.91647      0.00000      0.00000
     -0.67403    160.85065      0.00000      0.00000
     -0.66403    194.52971      0.00000      0.00000
     -0.65403    220.61503      0.00000      0.00000
     -0.64403    234.93319      0.00000      0.00000
     -0.63403    218.39176      0.00000      0.00000
     -0.62403    163.43995      0.00000      0.00000
     -0.61403    111.77240      0.00000      0.00000
     -0.60403     93.43805      0.00000      0.00000
     -0.59403    102.30120      0.00000      0.00000
     -0.58403    114.09943      0.00000      0.00000
     -0.57403    112.23143      0.00000      0.00000
     -0.56403    112.11487      0.00000      0.00000
     -0.55403    137.11548      0.00000      0.00000
     -0.54403    154.54442      0.00000      0.00000
     -0.53403    144.28277      0.00000      0.00000
     -0.52403    135.46530      0.00000      0.00000
     -0.51403    129.47302      0.00000      0.00000
     -0.50403    117.06782      0.00000      0.00000
     -0.49403    116.57773      0.00000      0.00000
     -0.48403    123.80687      0.00000      0.00000
     -0.47403    124.43803      0.00000      0.00000
     -0.46403    125.99536      0.00000      0.00000
     -0.45403    139.19659      0.00000      0.00000
     -0.44403    143.70184      0.00000      0.00000
     -0.43403    128.32124      0.00000      0.00000
     -0.42403    122.93185      0.00000      0.00000
     -0.41403    115.47937      0.00000      0.00000
     -0.40403     99.88225      0.00000      0.00000
     -0.39403     90.76686      0.00000      0.00000
     -0.38403     98.28470      0.00000      0.00000
     -0.37403    112.82507      0.00000      0.00000
     -0.36403    102.24021      0.00000      0.00000
     -0.35403     92.91731      0.00000      0.00000
     -0.34403    104.51346      0.00000      0.00000
     -0.33403    109.43108      0.00000      0.00000
     -0.32403     90.88640      0.00000      0.00000
     -0.31403     80.34651      0.00000      0.00000
     -0.30403     95.64445      0.00000      0.00000
     -0.29403     93.99455      0.00000      0.00000
     -0.28403     64.94862      0.00000      0.00000
     -0.27403     60.96536      0.00000      0.00000
     -0.26403     79.09214      0.00000      0.00000
     -0.25403     71.94657      0.00000      0.00000
     -0.24403     90.90464      0.00000      0.00000
     -0.23403    141.07022      0.00000      0.00000
     -0.22403    151.62734      0.00000      0.00000
     -0.21403    128.88080      0.00000      0.00000
     -0.20403    102.79479      0.00000      0.00000
     -0.19403     68.58300      0.00000      0.00000
     -0.18403     52.33455      0.00000      0.00000
     -0.17403     62.30237      0.00000      0.00000
     -0.16403     65.54671      0.00000      0.00000
     -0.15403     60.32350      0.00000      0.00000
     -0.14403     65.63792      0.00000      0.00000
     -0.13403     95.23906      0.00000      0.00000
     -0.12403    107.93469      0.00000      0.00000
     -0.11403     91.36120      0.00000      0.00000
     -0.10403     78.75774      0.00000      0.00000
     -0.09403     81.86612      0.00000      0.00000
     -0.08403     82.88315      0.00000      0.00000
     -0.07403     50.96450      0.00000      0.00000
     -0.06403     21.60946      0.00000      0.00000
     -0.05403     20.08176      0.00000      0.00000
     -0.04403     17.22634      0.00000      0.00000
     -0.03403      8.77607      0.00000      0.00000
     -0.02403     14.56293      0.00000      0.00000
     -0.01403     28.26306      0.00000      0.00000
     -0.00403     36.27459      0.00000      0.00000
      0.00597     36.65315      0.00000      0.00000
      0.01597     23.45632      0.00000      0.00000
      0.02597      7.26334      0.00000      0.00000
      0.03597      0.92950      0.00000      0.00000
      0.04597      0.05454      0.00000      0.00000
      0.05597      0.27400      0.00000      0.00000
      0.06597      3.10104      0.00000      0.00000
      0.07597     12.95092      0.00000      0.00000
      0.08597     19.89750      0.00000      0.00000
      0.09597     11.24610      0.00000      0.00000
      0.10597      2.33836      0.00000      0.00000
      0.11597      0.17887      0.00000      0.00000
      0.12597      0.00503      0.00000      0.00000
      0.13597      0.00000      0.00000      0.00000
      0.14597      0.00000      0.00000      0.00000
      0.15597      0.00000      0.00000      0.00000
      0.16597      0.00000      0.00000      0.00000
      0.17597      0.00000      0.00000      0.00000
      0.18597      0.00000      0.00000      0.00000
      0.19597      0.00000      0.00000      0.00000
      0.20597      0.00000      0.00000      0.00000
      0.21597      0.00000      0.00000      0.00000
      0.22597      0.00000      0.00000      0.00000
      0.23597      0.00000      0.00000      0.00000
      0.24597      0.00000      0.00000      0.00000
      0.25597      0.00000      0.00000      0.00000
      0.26597      0.00000      0.00000      0.00000
      0.27597      0.00000      0.00000      0.00000
      0.28597      0.00000      0.00000      0.00000
      0.29597      0.00000      0.00000      0.00000
      0.30597      0.00000      0.00000      0.00000
      0.31597      0.00000      0.00000      0.00000
      0.32597      0.00000      0.00000      0.00000
      0.33597      0.00000      0.00000      0.00000
      0.34597      0.00000      0.00000      0.00000
      0.35597      0.00000      0.00000      0.00000
      0.36597      0.00000      0.00000      0.00000
      0.37597      0.00000      0.00000      0.00000
      0.38597      0.00000      0.00000      0.00000
      0.39597      0.00000      0.00000      0.00000
      0.40597      0.00000      0.00000      0.00000
      0.41597      0.00000      0.00000      0.00000
      0.42597      0.00000      0.00000      0.00000
      0.43597      0.00000      0.00000      0.00000
      0.44597      0.00000      0.00000      0.00000
      0.45597      0.00000      0.00000      0.00000
      0.46597      0.00000      0.00000      0.00000
      0.47597      0.00000      0.00000      0.00000
      0.48597      0.00000      0.00000      0.00000
      0.49597      0.00000      0.00000      0.00000
      0.50597      0.00000      0.00000      0.00000
      0.51597      0.00000      0.00000      0.00000
      0.52597      0.00000      0.00000      0.00000
      0.53597      0.00000      0.00000      0.00000
      0.54597      0.00000      0.00000      0.00000
      0.55597      0.00000      0.00000      0.00000
      0.56597      0.00000      0.00000      0.00000
      0.57597      0.00000      0.00000      0.00000
      0.58597      0.00000      0.00000      0.00000
      0.59597      0.00000      0.00000      0.00000
      0.60597      0.00000      0.00000      0.00000
      0.61597      0.00000      0.00000      0.00000
      0.62597      0.00000      0.00000      0.00000
      0.63597      0.00000      0.00000      0.00000
      0.64597      0.00000      0.00000      0.00000
      0.65597      0.00000      0.00000      0.00000
      0.66597      0.00000      0.00000      0.00000
      0.67597      0.00000      0.00000      0.00000
      0.68597      0.00000      0.00000      0.00000
      0.69597      0.00000      0.00000      0.00000
      0.70597      0.00000      0.00000      0.00000
      0.71597      0.00000      0.00000      0.00000
      0.72597      0.00000      0.00000      0.00000
      0.73597      0.00000      0.00000      0.00000
      0.74597      0.00000      0.00000      0.00000
      0.75597      0.00000      0.00000      0.00000
      0.76597      0.00000      0.00000      0.00000
      0.77597      0.00000      0.00000      0.00000
      0.78597      0.00000      0.00000      0.00000
      0.79597      0.00000      0.00000      0.00000
      0.80597      0.00000      0.00000      0.00000
      0.81597      0.00000      0.00000      0.00000
      0.82597      0.00000      0.00000      0.00000
      0.83597      0.00000      0.00000      0.00000
      0.84597      0.00000      0.00000      0.00000
      0.85597      0.00000      0.00000      0.00000
      0.86597      0.00000      0.00000      0.00000
      0.87597      0.00000      0.00000      0.00000
      0.88597      0.00000      0.00000      0.00000
      0.89597      0.00000      0.00000      0.00000
      0.90597      0.00000      0.00000      0.00000
      0.91597      0.00000      0.00000      0.00000
      0.92597      0.00000      0.00000      0.00000
      0.93597      0.00000      0.00000      0.00000
      0.94597      0.00000      0.00000      0.00000
      0.95597      0.00000      0.00000      0.00000
      0.96597      0.00000      0.00000      0.00000
      0.97597      0.00000      0.00000      0.00000
      0.98597      0.00000      0.00000      0.00000
      0.99597      0.00000      0.00000      0.00000
      1.00597      0.00000      0.00000      0.00000
      1.01597      0.00000      0.00000      0.00000
      1.02597      0.00000      0.00000      0.00000
      1.03597      0.00000      0.00000      0.00000
      1.04597      0.00000      0.00000      0.00000
      1.05597      0.00000      0.00000      0.00000
      1.06597      0.00000      0.00000      0.00000
      1.07597      0.00000      0.00000      0.00000
      1.08597      0.01084      0.00000      0.00000
      1.09597      0.38286      0.00000      0.00000
      1.10597      5.05447      0.00000      0.00000
      1.11597     26.08207      0.00000      0.00000
      1.12597     58.06280      0.00000      0.00000
      1.13597     64.11914      0.00000      0.00000
      1.14597     36.14289      0.00000      0.00000
      1.15597      9.17668      0.00000      0.00000
      1.16597      0.93176      0.00000      0.00000
      1.17597      0.03581      0.00000      0.00000
      1.18597      0.00051      0.00000      0.00000
      1.19597      0.00000      0.00000      0.00000
      1.20597      0.00000      0.00000      0.00000
      1.21597      0.00000      0.00000      0.00000
      1.22597      0.00000      0.00000      0.00000
      1.23597      0.00000      0.00000      0.00000
      1.24597      0.00000      0.00000      0.00000
      1.25597      0.00000      0.00000      0.00000
      1.26597      0.00000      0.00000      0.00000
      1.27597      0.00000      0.00000      0.00000
      1.28597      0.00000      0.00000      0.00000
      1.29597      0.00163      0.00000      0.00000
      1.30597      0.09017      0.00000      0.00000
      1.31597      1.85295      0.00000      0.00000
      1.32597     14.67245      0.00000      0.00000
      1.33597     47.62318      0.00000      0.00000
      1.34597     69.61755      0.00000      0.00000
      1.35597     48.57060      0.00000      0.00000
      1.36597     15.43147      0.00000      0.00000
      1.37597      2.03373      0.00000      0.00000
      1.38597      0.10421      0.00000      0.00000
      1.39597      0.00200      0.00000      0.00000
      1.40597      0.00000      0.00000      0.00000
      1.41597      0.00000      0.00000      0.00000
      1.42597      0.00000      0.00000      0.00000
      1.43597      0.00000      0.00000      0.00000
      1.44597      0.00000      0.00000      0.00000
      1.45597      0.00000      0.00000      0.00000
      1.46597      0.00000      0.00000      0.00000
      1.47597      0.00000      0.00000      0.00000
      1.48597      0.00000      0.00000      0.00000
      1.49597      0.00000      0.00000      0.00000
      1.50597      0.00000      0.00000      0.00000
      1.51597      0.00000      0.00000      0.00000
      1.52597      0.00000      0.00000      0.00000
      1.53597      0.00000      0.00000      0.00000
      1.54597      0.00000      0.00000      0.00000
      1.55597      0.00000      0.00000      0.00000
      1.56597      0.00000      0.00000      0.00000
      1.57597      0.00000      0.00000      0.00000
      1.58597      0.00000      0.00000      0.00000
      1.59597      0.00000      0.00000      0.00000
      1.60597      0.00000      0.00000      0.00000
      1.61597      0.00000      0.00000      0.00000
      1.62597      0.00000      0.00000      0.00000
      1.63597      0.00000      0.00000      0.00000
      1.64597      0.00000      0.00000      0.00000
      1.65597      0.00000      0.00000      0.00000
      1.66597      0.00022      0.00000      0.00000
      1.67597      0.01573      0.00000      0.00000
      1.68597      0.41822      0.00000      0.00000
      1.69597      4.09102      0.00000      0.00000
      1.70597     14.77565      0.00000      0.00000
      1.71597     20.60858      0.00000      0.00000
      1.72597     17.04066      0.00000      0.00000
      1.73597     20.35825      0.00000      0.00000
      1.74597     19.22331      0.00000      0.00000
      1.75597     17.31937      0.00000      0.00000
      1.76597     23.35233      0.00000      0.00000
      1.77597     30.59366      0.00000      0.00000
      1.78597     53.36276      0.00000      0.00000
      1.79597     81.30633      0.00000      0.00000
      1.80597    106.55607      0.00000      0.00000
      1.81597    123.64748      0.00000      0.00000
      1.82597    109.22941      0.00000      0.00000
      1.83597     65.04817      0.00000      0.00000
      1.84597     58.78990      0.00000      0.00000
      1.85597     86.68606      0.00000      0.00000
      1.86597    119.90431      0.00000      0.00000
      1.87597    135.70064      0.00000      0.00000
      1.88597    127.31844      0.00000      0.00000
      1.89597    123.02984      0.00000      0.00000
      1.90597    103.25955      0.00000      0.00000
      1.91597     72.37796      0.00000      0.00000
      1.92597     60.10299      0.00000      0.00000
      1.93597     73.13535      0.00000      0.00000
      1.94597    104.07135      0.00000      0.00000
      1.95597    108.00543      0.00000      0.00000
      1.96597    107.22342      0.00000      0.00000
      1.97597    150.65656      0.00000      0.00000
      1.98597    165.50480      0.00000      0.00000
      1.99597    121.68333      0.00000      0.00000
      2.00597     88.63818      0.00000      0.00000
      2.01597     86.89508      0.00000      0.00000
      2.02597    106.55918      0.00000      0.00000
      2.03597    133.44439      0.00000      0.00000
      2.04597    149.78253      0.00000      0.00000
      2.05597    180.18732      0.00000      0.00000
      2.06597    211.62826      0.00000      0.00000
      2.07597    225.43499      0.00000      0.00000
      2.08597    243.12925      0.00000      0.00000
      2.09597    268.68841      0.00000      0.00000
      2.10597    313.35390      0.00000      0.00000
      2.11597    336.19810      0.00000      0.00000
      2.12597    309.46905      0.00000      0.00000
      2.13597    291.97262      0.00000      0.00000
      2.14597    312.73666      0.00000      0.00000
      2.15597    348.92576      0.00000      0.00000
      2.16597    374.31910      0.00000      0.00000
      2.17597    357.40282      0.00000      0.00000
      2.18597    317.65011      0.00000      0.00000
      2.19597    277.10523      0.00000      0.00000
      2.20597    244.51531      0.00000      0.00000
      2.21597    262.18254      0.00000      0.00000
      2.22597    299.81022      0.00000      0.00000
      2.23597    292.47597      0.00000      0.00000
      2.24597    261.58434      0.00000      0.00000
      2.25597    268.45721      0.00000      0.00000
      2.26597    300.98819      0.00000      0.00000
      2.27597    299.14412      0.00000      0.00000
      2.28597    281.03546      0.00000      0.00000
      2.29597    289.61471      0.00000      0.00000
      2.30597    288.08359      0.00000      0.00000
      2.31597    267.21250      0.00000      0.00000
      2.32597    259.71441      0.00000      0.00000
      2.33597    253.01682      0.00000      0.00000
      2.34597    262.87973      0.00000      0.00000
      2.35597    324.27367      0.00000      0.00000
      2.36597    351.97292      0.00000      0.00000
      2.37597    303.02924      0.00000      0.00000
      2.38597    266.13893      0.00000      0.00000
      2.39597    267.18618      0.00000      0.00000
      2.40597    285.34506      0.00000      0.00000
      2.41597    308.52844      0.00000      0.00000
      2.42597    319.10657      0.00000      0.00000
      2.43597    309.87763      0.00000      0.00000
      2.44597    302.49655      0.00000      0.00000
      2.45597    315.43292      0.00000      0.00000
      2.46597    334.58613      0.00000      0.00000
      2.47597    339.80882      0.00000      0.00000
      2.48597    359.51224      0.00000      0.00000
      2.49597    389.08247      0.00000      0.00000
      2.50597    408.56853      0.00000      0.00000
      2.51597    402.27107      0.00000      0.00000
      2.52597    404.42635      0.00000      0.00000
      2.53597    453.64847      0.00000      0.00000
      2.54597    505.40901      0.00000      0.00000
      2.55597    517.27546      0.00000      0.00000
      2.56597    474.04565      0.00000      0.00000
      2.57597    430.45743      0.00000      0.00000
      2.58597    421.56848      0.00000      0.00000
      2.59597    405.32218      0.00000      0.00000
      2.60597    383.82699      0.00000      0.00000
      2.61597    400.41405      0.00000      0.00000
      2.62597    404.22964      0.00000      0.00000
      2.63597    358.28891      0.00000      0.00000
      2.64597    323.66041      0.00000      0.00000
      2.65597    332.18893      0.00000      0.00000
      2.66597    377.26262      0.00000      0.00000
      2.67597    411.01505      0.00000      0.00000
      2.68597    413.80453      0.00000      0.00000
      2.69597    380.22731      0.00000      0.00000
      2.70597    314.16295      0.00000      0.00000
      2.71597    247.19554      0.00000      0.00000
      2.72597    198.69219      0.00000      0.00000
      2.73597    190.93030      0.00000      0.00000
      2.74597    233.06190      0.00000      0.00000
      2.75597    260.36315      0.00000      0.00000
      2.76597    222.98029      0.00000      0.00000
      2.77597    170.91050      0.00000      0.00000
      2.78597    177.05522      0.00000      0.00000
      2.79597    204.09478      0.00000      0.00000
      2.80597    207.40477      0.00000      0.00000
      2.81597    193.78952      0.00000      0.00000
      2.82597    183.41196      0.00000      0.00000
      2.83597    188.92377      0.00000      0.00000
      2.84597    232.04961      0.00000      0.00000
      2.85597    277.59902      0.00000      0.00000
      2.86597    306.26934      0.00000      0.00000
      2.87597    321.71219      0.00000      0.00000
      2.88597    318.23393      0.00000      0.00000
      2.89597    331.79326      0.00000      0.00000
      2.90597    390.02212      0.00000      0.00000
      2.91597    431.11798      0.00000      0.00000
      2.92597    402.18678      0.00000      0.00000
      2.93597    379.82143      0.00000      0.00000
      2.94597    354.92445      0.00000      0.00000
      2.95597    301.19740      0.00000      0.00000
      2.96597    258.14737      0.00000      0.00000
      2.97597    245.40428      0.00000      0.00000
      2.98597    256.31332      0.00000      0.00000
      2.99597    259.58353      0.00000      0.00000
      3.00597    250.10815      0.00000      0.00000
      3.01597    255.76090      0.00000      0.00000
      3.02597    269.23563      0.00000      0.00000
      3.03597    266.01502      0.00000      0.00000
      3.04597    265.60331      0.00000      0.00000
      3.05597    275.80585      0.00000      0.00000
      3.06597    284.36197      0.00000      0.00000
      3.07597    281.48612      0.00000      0.00000
      3.08597    281.78242      0.00000      0.00000
      3.09597    307.05955      0.00000      0.00000
      3.10597    353.85099      0.00000      0.00000
      3.11597    389.10572      0.00000      0.00000
      3.12597    399.11562      0.00000      0.00000
      3.13597    393.42881      0.00000      0.00000
      3.14597    411.88954      0.00000      0.00000
      3.15597    479.97964      0.00000      0.00000
      3.16597    548.69398      0.00000      0.00000
      3.17597    576.10126      0.00000      0.00000
      3.18597    608.62808      0.00000      0.00000
      3.19597    577.63223      0.00000      0.00000
      3.20597    459.75203      0.00000      0.00000
      3.21597    370.75344      0.00000      0.00000
      3.22597    353.16775      0.00000      0.00000
      3.23597    372.50323      0.00000      0.00000
      3.24597    352.04993      0.00000      0.00000
      3.25597    302.44322      0.00000      0.00000
      3.26597    262.30609      0.00000      0.00000
      3.27597    249.28400      0.00000      0.00000
      3.28597    253.63258      0.00000      0.00000
      3.29597    274.04222      0.00000      0.00000
      3.30597    325.35043      0.00000      0.00000
      3.31597    400.01940      0.00000      0.00000
      3.32597    440.61408      0.00000      0.00000
      3.33597    392.25229      0.00000      0.00000
      3.34597    316.66188      0.00000      0.00000
      3.35597    278.86043      0.00000      0.00000
      3.36597    280.89473      0.00000      0.00000
      3.37597    292.41647      0.00000      0.00000
      3.38597    287.56802      0.00000      0.00000
      3.39597    294.21344      0.00000      0.00000
      3.40597    287.75492      0.00000      0.00000
      3.41597    252.14945      0.00000      0.00000
      3.42597    244.27913      0.00000      0.00000
      3.43597    232.50164      0.00000      0.00000
      3.44597    177.21898      0.00000      0.00000
      3.45597    144.72675      0.00000      0.00000
      3.46597    178.87350      0.00000      0.00000
      3.47597    224.69344      0.00000      0.00000
      3.48597    220.64181      0.00000      0.00000
      3.49597    202.55578      0.00000      0.00000
      3.50597    215.52683      0.00000      0.00000
      3.51597    245.24616      0.00000      0.00000
      3.52597    250.46768      0.00000      0.00000
      3.53597    252.97578      0.00000      0.00000
      3.54597    283.40060      0.00000      0.00000
      3.55597    322.55880      0.00000      0.00000
      3.56597    309.49673      0.00000      0.00000
      3.57597    266.11108      0.00000      0.00000
      3.58597    267.66308      0.00000      0.00000
      3.59597    265.61625      0.00000      0.00000
      3.60597    238.80673      0.00000      0.00000
      3.61597    222.23847      0.00000      0.00000
      3.62597    222.86324      0.00000      0.00000
      3.63597    234.58712      0.00000      0.00000
      3.64597    247.89312      0.00000      0.00000
      3.65597    251.09539      0.00000      0.00000
      3.66597    258.07493      0.00000      0.00000
      3.67597    255.24575      0.00000      0.00000
      3.68597    235.58307      0.00000      0.00000
      3.69597    246.51560      0.00000      0.00000
      3.70597    260.52322      0.00000      0.00000
      3.71597    204.19285      0.00000      0.00000
      3.72597    124.50247      0.00000      0.00000
      3.73597     88.78588      0.00000      0.00000
      3.74597    105.04611      0.00000      0.00000
      3.75597    122.09018      0.00000      0.00000
      3.76597    109.71598      0.00000      0.00000
      3.77597    113.22145      0.00000      0.00000
      3.78597    141.17017      0.00000      0.00000
      3.79597    182.50218      0.00000      0.00000
      3.80597    202.77566      0.00000      0.00000
      3.81597    185.19258      0.00000      0.00000
      3.82597    160.94497      0.00000      0.00000
      3.83597    148.41168      0.00000      0.00000
      3.84597    159.28135      0.00000      0.00000
      3.85597    175.05699      0.00000      0.00000
      3.86597    175.54153      0.00000      0.00000
      3.87597    193.18477      0.00000      0.00000
      3.88597    218.71248      0.00000      0.00000
      3.89597    191.86434      0.00000      0.00000
      3.90597    148.25836      0.00000      0.00000
      3.91597    146.49038      0.00000      0.00000
      3.92597    158.47013      0.00000      0.00000
      3.93597    164.45411      0.00000      0.00000
      3.94597    172.74517      0.00000      0.00000
      3.95597    161.82891      0.00000      0.00000
      3.96597    141.21596      0.00000      0.00000
      3.97597    137.73846      0.00000      0.00000
      3.98597    138.02132      0.00000      0.00000
      3.99597    127.46744      0.00000      0.00000
      4.00597    136.50776      0.00000      0.00000
      4.01597    150.68029      0.00000      0.00000
      4.02597    160.61482      0.00000      0.00000
      4.03597    169.92618      0.00000      0.00000
      4.04597    181.25693      0.00000      0.00000
      4.05597    213.68594      0.00000      0.00000
      4.06597    263.76755      0.00000      0.00000
      4.07597    290.78262      0.00000      0.00000
      4.08597    262.23513      0.00000      0.00000
      4.09597    201.14564      0.00000      0.00000
      4.10597    140.22497      0.00000      0.00000
      4.11597    115.22578      0.00000      0.00000
      4.12597    153.49977      0.00000      0.00000
      4.13597    191.48669      0.00000      0.00000
      4.14597    184.31222      0.00000      0.00000
      4.15597    164.42937      0.00000      0.00000
      4.16597    153.39284      0.00000      0.00000
      4.17597    161.75978      0.00000      0.00000
      4.18597    203.74756      0.00000      0.00000
      4.19597    210.57959      0.00000      0.00000
      4.20597    158.70569      0.00000      0.00000
      4.21597    102.30171      0.00000      0.00000
      4.22597     73.51100      0.00000      0.00000
      4.23597    118.11330      0.00000      0.00000
      4.24597    185.15321      0.00000      0.00000
      4.25597    186.28252      0.00000      0.00000
      4.26597    140.05179      0.00000      0.00000
      4.27597     95.64608      0.00000      0.00000
      4.28597     66.08667      0.00000      0.00000
      4.29597     66.45538      0.00000      0.00000
      4.30597     80.36000      0.00000      0.00000
      4.31597     83.23489      0.00000      0.00000
      4.32597     93.71090      0.00000      0.00000
      4.33597    103.46951      0.00000      0.00000
      4.34597    107.83696      0.00000      0.00000
      4.35597    114.33192      0.00000      0.00000
      4.36597    108.27307      0.00000      0.00000
      4.37597     87.73228      0.00000      0.00000
      4.38597     79.25427      0.00000      0.00000
      4.39597     78.25078      0.00000      0.00000
      4.40597     84.79690      0.00000      0.00000
      4.41597     98.79901      0.00000      0.00000
      4.42597    107.48325      0.00000      0.00000
      4.43597    137.18263      0.00000      0.00000
      4.44597    157.60010      0.00000      0.00000
      4.45597    129.37678      0.00000      0.00000
      4.46597     95.44281      0.00000      0.00000
      4.47597     99.12239      0.00000      0.00000
      4.48597    104.62073      0.00000      0.00000
      4.49597     95.46231      0.00000      0.00000
      4.50597     84.35395      0.00000      0.00000
      4.51597     79.77397      0.00000      0.00000
      4.52597    112.38414      0.00000      0.00000
      4.53597    151.26438      0.00000      0.00000
      4.54597    155.17468      0.00000      0.00000
      4.55597    147.51729      0.00000      0.00000
      4.56597    144.56712      0.00000      0.00000
      4.57597    138.43877      0.00000      0.00000
      4.58597    144.26433      0.00000      0.00000
      4.59597    170.22743      0.00000      0.00000
      4.60597    208.16147      0.00000      0.00000
      4.61597    218.92251      0.00000      0.00000
      4.62597    208.74072      0.00000      0.00000
      4.63597    201.89952      0.00000      0.00000
      4.64597    209.32611      0.00000      0.00000
      4.65597    221.98165      0.00000      0.00000
      4.66597    232.38107      0.00000      0.00000
      4.67597    229.83887      0.00000      0.00000
      4.68597    190.20804      0.00000      0.00000
      4.69597    158.19372      0.00000      0.00000
      4.70597    184.07538      0.00000      0.00000
      4.71597    229.74047      0.00000      0.00000
      4.72597    284.97102      0.00000      0.00000
      4.73597    339.71712      0.00000      0.00000
      4.74597    345.97932      0.00000      0.00000
      4.75597    320.24423      0.00000      0.00000
      4.76597    320.53647      0.00000      0.00000
      4.77597    350.17360      0.00000      0.00000
      4.78597    364.18356      0.00000      0.00000
      4.79597    352.12878      0.00000      0.00000
      4.80597    333.86479      0.00000      0.00000
      4.81597    308.92983      0.00000      0.00000
      4.82597    299.36519      0.00000      0.00000
      4.83597    265.54839      0.00000      0.00000
      4.84597    178.07116      0.00000      0.00000
      4.85597    147.07730      0.00000      0.00000
      4.86597    192.88480      0.00000      0.00000
      4.87597    202.31910      0.00000      0.00000
      4.88597    175.23040      0.00000      0.00000
      4.89597    159.57996      0.00000      0.00000
      4.90597    178.16063      0.00000      0.00000
      4.91597    217.31748      0.00000      0.00000
      4.92597    227.25259      0.00000      0.00000
      4.93597    203.16338      0.00000      0.00000
      4.94597    183.39108      0.00000      0.00000
      4.95597    164.74140      0.00000      0.00000
      4.96597    126.51907      0.00000      0.00000
      4.97597    110.22047      0.00000      0.00000
      4.98597    115.70103      0.00000      0.00000
      4.99597    131.95160      0.00000      0.00000
      5.00597    136.49476      0.00000      0.00000
      5.01597    148.23400      0.00000      0.00000
      5.02597    158.64097      0.00000      0.00000
      5.03597    143.77076      0.00000      0.00000
      5.04597    134.22826      0.00000      0.00000
      5.05597    141.53176      0.00000      0.00000
      5.06597    129.39045      0.00000      0.00000
      5.07597    134.86535      0.00000      0.00000
      5.08597    200.42820      0.00000      0.00000
      5.09597    293.08130      0.00000      0.00000
      5.10597    320.66677      0.00000      0.00000
      5.11597    262.57886      0.00000      0.00000
      5.12597    204.34774      0.00000      0.00000
      5.13597    177.50798      0.00000      0.00000
      5.14597    151.08710      0.00000      0.00000
      5.15597    120.95287      0.00000      0.00000
      5.16597    100.46664      0.00000      0.00000
      5.17597     91.80686      0.00000      0.00000
      5.18597     86.19217      0.00000      0.00000
      5.19597     86.61265      0.00000      0.00000
      5.20597     90.10841      0.00000      0.00000
      5.21597    108.80678      0.00000      0.00000
      5.22597    129.68332      0.00000      0.00000
      5.23597    132.13244      0.00000      0.00000
