Energy-E_F (eV)    DOS (1/eV)    PDOS (1/eV)  of atom type W  S  
     -4.99000     37.09660     11.67280     25.42380
     -4.98000     65.66198     20.74081     44.92117
     -4.97000    109.66969     34.83419     74.83550
     -4.96000    137.06381     43.64416     93.41964
     -4.95000    120.21326     37.93021     82.28305
     -4.94000     89.50982     28.11013     61.39969
     -4.93000     57.00407     18.58624     38.41783
     -4.92000     70.27765     24.31881     45.95884
     -4.91000     92.77796     33.11830     59.65966
     -4.90000     87.75012     32.33728     55.41284
     -4.89000     93.81072     34.81308     58.99764
     -4.88000    122.68473     45.93327     76.75146
     -4.87000    135.48655     51.84020     83.64635
     -4.86000    169.03909     65.61251    103.42657
     -4.85000    203.37848     78.98493    124.39354
     -4.84000    216.73570     82.40833    134.32738
     -4.83000    219.28613     81.85069    137.43543
     -4.82000    217.09305     79.96950    137.12356
     -4.81000    216.58834     77.77311    138.81523
     -4.80000    209.05164     74.18376    134.86788
     -4.79000    264.36905     96.13738    168.23167
     -4.78000    326.33984    120.06115    206.27868
     -4.77000    296.76640    108.13752    188.62888
     -4.76000    242.36182     86.50733    155.85449
     -4.75000    231.95347     81.43996    150.51351
     -4.74000    271.26721     95.83080    175.43642
     -4.73000    320.02043    114.55462    205.46581
     -4.72000    329.21019    118.00773    211.20246
     -4.71000    285.87103    102.38189    183.48913
     -4.70000    219.36929     79.66841    139.70088
     -4.69000    227.56961     84.95334    142.61627
     -4.68000    236.96831     89.41246    147.55585
     -4.67000    244.60221     93.29230    151.30990
     -4.66000    323.67287    124.29551    199.37736
     -4.65000    389.17011    146.45012    242.71999
     -4.64000    373.69496    138.04601    235.64895
     -4.63000    287.38780    105.45446    181.93335
     -4.62000    243.10950     88.56758    154.54192
     -4.61000    252.45525     91.19130    161.26395
     -4.60000    241.09479     85.92219    155.17259
     -4.59000    246.06797     87.02591    159.04206
     -4.58000    237.62615     84.29521    153.33094
     -4.57000    184.41531     65.40992    119.00539
     -4.56000    190.60508     66.42412    124.18096
     -4.55000    226.87906     78.95634    147.92273
     -4.54000    261.36948     95.11415    166.25534
     -4.53000    393.63831    152.36127    241.27704
     -4.52000    711.90767    284.65686    427.25081
     -4.51000    986.84997    395.96694    590.88303
     -4.50000    903.76435    359.82396    543.94040
     -4.49000    678.86939    269.36357    409.50582
     -4.48000    552.46796    219.47026    332.99769
     -4.47000    477.84497    189.48550    288.35947
     -4.46000    461.34397    183.20734    278.13663
     -4.45000    511.17385    203.95220    307.22165
     -4.44000    556.17414    219.57435    336.59978
     -4.43000    495.58410    191.15935    304.42474
     -4.42000    431.82171    164.36817    267.45354
     -4.41000    422.20306    161.37795    260.82511
     -4.40000    377.03495    144.57058    232.46437
     -4.39000    376.02736    143.19409    232.83327
     -4.38000    441.60204    166.83739    274.76466
     -4.37000    472.37033    177.84943    294.52090
     -4.36000    417.06513    155.16418    261.90095
     -4.35000    355.42610    128.84448    226.58162
     -4.34000    341.08311    122.42968    218.65342
     -4.33000    275.89901     99.82850    176.07052
     -4.32000    192.91606     72.10892    120.80713
     -4.31000    211.20303     81.71872    129.48432
     -4.30000    288.09790    110.90787    177.19003
     -4.29000    296.64117    112.91920    183.72198
     -4.28000    244.56290     93.24689    151.31601
     -4.27000    190.22767     74.00611    116.22156
     -4.26000    146.68451     58.31873     88.36578
     -4.25000    138.45334     55.22880     83.22454
     -4.24000    103.37143     41.61091     61.76052
     -4.23000     73.02317     31.02373     41.99944
     -4.22000     82.62209     36.17928     46.44281
     -4.21000     56.62797     24.91863     31.70934
     -4.20000     47.22252     20.79825     26.42427
     -4.19000     95.37234     40.17669     55.19565
     -4.18000    124.85896     49.61069     75.24827
     -4.17000     92.97242     35.17077     57.80165
     -4.16000     42.25156     15.62544     26.62612
     -4.15000     27.52961     10.27602     17.25358
     -4.14000     40.44234     15.23871     25.20363
     -4.13000     36.14450     14.04087     22.10364
     -4.12000     36.27194     15.34369     20.92825
     -4.11000     44.75116     19.20188     25.54929
     -4.10000     48.26177     19.71166     28.55012
     -4.09000     83.92216     34.47548     49.44668
     -4.08000    140.73225     59.78625     80.94600
     -4.07000    182.23921     76.59242    105.64679
     -4.06000    167.28444     69.15372     98.13072
     -4.05000     98.75183     40.31770     58.43413
     -4.04000     72.79906     28.24569     44.55336
     -4.03000     92.70958     35.11084     57.59874
     -4.02000    115.74021     42.77693     72.96328
     -4.01000    119.40059     43.50206     75.89852
     -4.00000     77.09775     28.42077     48.67699
     -3.99000     43.74320     17.82203     25.92117
     -3.98000     71.11951     31.94633     39.17318
     -3.97000    109.72606     48.21015     61.51591
     -3.96000    121.82139     48.46498     73.35640
     -3.95000    111.71502     40.58471     71.13031
     -3.94000    106.52389     36.95768     69.56621
     -3.93000     94.88218     31.84449     63.03769
     -3.92000     62.46822     22.16361     40.30461
     -3.91000     64.24862     26.56144     37.68718
     -3.90000    102.83042     39.18239     63.64803
     -3.89000    127.87421     44.48820     83.38601
     -3.88000    144.55992     52.06492     92.49499
     -3.87000    185.55287     68.87685    116.67602
     -3.86000    253.71965     96.38449    157.33516
     -3.85000    253.70599     99.71025    153.99574
     -3.84000    163.91976     64.24921     99.67055
     -3.83000    105.94062     38.91290     67.02772
     -3.82000     69.85432     24.59301     45.26131
     -3.81000     25.80115      8.96545     16.83571
     -3.80000     19.58920      6.86176     12.72744
     -3.79000     39.66080     13.78863     25.87217
     -3.78000     49.83248     15.99901     33.83347
     -3.77000     79.37525     22.51419     56.86106
     -3.76000    137.23319     40.90915     96.32403
     -3.75000    185.23177     62.18717    123.04460
     -3.74000    176.47409     66.75930    109.71479
     -3.73000    119.48714     50.01225     69.47489
     -3.72000     88.62127     35.87090     52.75036
     -3.71000     69.55462     26.78125     42.77337
     -3.70000     52.62837     18.97048     33.65790
     -3.69000     98.56075     32.07786     66.48289
     -3.68000    187.84273     60.94593    126.89680
     -3.67000    253.99258     83.48537    170.50722
     -3.66000    334.72327    112.13829    222.58498
     -3.65000    425.13763    146.35433    278.78329
     -3.64000    441.69897    153.21820    288.48077
     -3.63000    381.58760    128.07525    253.51235
     -3.62000    347.76135    112.08037    235.68098
     -3.61000    333.41908    109.66774    223.75134
     -3.60000    334.59191    113.39962    221.19229
     -3.59000    382.84544    123.30296    259.54249
     -3.58000    450.57281    132.26521    318.30760
     -3.57000    535.93978    153.60425    382.33553
     -3.56000    653.78012    201.09621    452.68391
     -3.55000    762.29812    248.08820    514.20991
     -3.54000    812.59251    267.46235    545.13016
     -3.53000    781.31317    265.72712    515.58605
     -3.52000    717.46935    265.16961    452.29975
     -3.51000    653.65797    254.47502    399.18295
     -3.50000    661.80849    256.51030    405.29818
     -3.49000    734.15682    277.19486    456.96196
     -3.48000    730.74097    273.47370    457.26727
     -3.47000    555.07584    216.96736    338.10847
     -3.46000    405.69955    169.13356    236.56599
     -3.45000    398.37007    159.96816    238.40191
     -3.44000    382.30581    139.98339    242.32243
     -3.43000    354.71533    126.06443    228.65090
     -3.42000    375.67073    141.06498    234.60575
     -3.41000    421.90417    157.13526    264.76891
     -3.40000    388.78097    131.77538    257.00559
     -3.39000    265.27582     77.65950    187.61632
     -3.38000    165.29357     45.01236    120.28121
     -3.37000    147.81077     48.92955     98.88122
     -3.36000    171.34009     68.80400    102.53609
     -3.35000    194.54635     82.11823    112.42812
     -3.34000    183.39976     75.75120    107.64856
     -3.33000    183.91952     74.85546    109.06406
     -3.32000    271.44315    114.93335    156.50980
     -3.31000    352.01111    152.50310    199.50801
     -3.30000    332.39616    141.86893    190.52723
     -3.29000    275.26893    113.87096    161.39797
     -3.28000    237.74033     97.24695    140.49338
     -3.27000    213.16445     83.50279    129.66166
     -3.26000    144.27126     53.45827     90.81299
     -3.25000     77.19235     28.90923     48.28312
     -3.24000     73.40337     29.32400     44.07937
     -3.23000     98.06348     41.43516     56.62832
     -3.22000    128.79796     57.64241     71.15556
     -3.21000    135.53991     61.36381     74.17611
     -3.20000    141.18345     61.98317     79.20029
     -3.19000    181.50672     76.18432    105.32240
     -3.18000    196.06393     82.41417    113.64976
     -3.17000    169.66001     74.07205     95.58795
     -3.16000    162.87426     73.89636     88.97789
     -3.15000    205.11603     95.19010    109.92593
     -3.14000    201.04827     93.41549    107.63278
     -3.13000    139.57119     63.96286     75.60833
     -3.12000    117.37324     51.99009     65.38315
     -3.11000    178.64195     77.65121    100.99074
     -3.10000    229.67023     98.69596    130.97427
     -3.09000    209.06960     88.56145    120.50815
     -3.08000    140.23228     57.69109     82.54119
     -3.07000    101.86648     38.57076     63.29572
     -3.06000    107.16263     37.50546     69.65717
     -3.05000    156.93990     49.39505    107.54485
     -3.04000    236.14584     68.89072    167.25512
     -3.03000    276.01009     83.89865    192.11144
     -3.02000    237.27709     79.08860    158.18849
     -3.01000    167.48168     59.75131    107.73036
     -3.00000    141.13644     52.62566     88.51077
     -2.99000    180.71958     72.28958    108.43000
     -2.98000    189.86428     82.44584    107.41844
     -2.97000    142.63370     66.21466     76.41904
     -2.96000    118.37080     53.41227     64.95853
     -2.95000    115.55907     51.32859     64.23047
     -2.94000     82.97216     37.18649     45.78567
     -2.93000     96.00259     39.95069     56.05190
     -2.92000    188.58608     76.98581    111.60027
     -2.91000    222.46147     92.00616    130.45532
     -2.90000    190.85647     80.95077    109.90570
     -2.89000    160.18384     70.80974     89.37409
     -2.88000    134.62510     64.69650     69.92860
     -2.87000    160.74702     83.86326     76.88377
     -2.86000    216.46694    110.56409    105.90285
     -2.85000    203.23953     97.06510    106.17443
     -2.84000    160.91008     70.10409     90.80599
     -2.83000    127.64780     52.55316     75.09464
     -2.82000    117.98818     50.54198     67.44620
     -2.81000    150.41116     65.64470     84.76646
     -2.80000    150.35059     63.52796     86.82263
     -2.79000    117.47097     48.23491     69.23606
     -2.78000    117.51502     45.95804     71.55698
     -2.77000    158.78344     59.41743     99.36601
     -2.76000    209.72383     78.41570    131.30813
     -2.75000    250.58098     96.92551    153.65547
     -2.74000    239.41476     98.65745    140.75731
     -2.73000    195.00358     86.61963    108.38394
     -2.72000    154.14544     72.13217     82.01327
     -2.71000    159.84449     72.90974     86.93475
     -2.70000    182.10042     77.65429    104.44613
     -2.69000    188.91065     80.20374    108.70690
     -2.68000    173.75948     76.81644     96.94304
     -2.67000    134.13630     60.15408     73.98223
     -2.66000    123.80393     54.64613     69.15781
     -2.65000    149.83720     62.01452     87.82268
     -2.64000    168.34590     67.62884    100.71706
     -2.63000    131.76682     56.27833     75.48849
     -2.62000     84.14261     39.20084     44.94177
     -2.61000    106.09461     52.00027     54.09433
     -2.60000    168.82473     83.92433     84.90039
     -2.59000    190.05294     93.27039     96.78255
     -2.58000    174.69022     82.17290     92.51732
     -2.57000    146.22912     65.99638     80.23275
     -2.56000    119.19812     50.38379     68.81433
     -2.55000    134.18411     52.95817     81.22594
     -2.54000    144.98770     57.48336     87.50434
     -2.53000    151.59301     64.96846     86.62455
     -2.52000    203.64797     86.95921    116.68876
     -2.51000    271.58968    108.92849    162.66118
     -2.50000    296.95176    107.88259    189.06917
     -2.49000    292.05662     93.88968    198.16694
     -2.48000    288.15304     87.86825    200.28479
     -2.47000    292.76298     89.59299    203.16999
     -2.46000    289.73860     90.16402    199.57458
     -2.45000    266.65405     90.35786    176.29619
     -2.44000    251.30852     97.11978    154.18875
     -2.43000    215.71923     91.90069    123.81855
     -2.42000    169.90510     76.16817     93.73693
     -2.41000    159.58497     69.37686     90.20810
     -2.40000    173.16424     71.12345    102.04079
     -2.39000    161.80835     61.74472    100.06363
     -2.38000    146.35698     52.98859     93.36839
     -2.37000    211.42169     77.67523    133.74647
     -2.36000    308.40172    108.19290    200.20881
     -2.35000    307.59428    102.82209    204.77219
     -2.34000    295.31786    103.12805    192.18981
     -2.33000    340.21335    126.54492    213.66844
     -2.32000    381.48884    149.04737    232.44147
     -2.31000    408.00340    160.06316    247.94024
     -2.30000    417.60768    157.49302    260.11466
     -2.29000    329.59946    122.03918    207.56028
     -2.28000    184.42820     63.00998    121.41822
     -2.27000    159.18780     44.88311    114.30469
     -2.26000    240.51470     69.45398    171.06072
     -2.25000    303.59944     91.45262    212.14682
     -2.24000    337.05211    102.58549    234.46662
     -2.23000    405.93816    120.39576    285.54240
     -2.22000    392.98709    109.09009    283.89700
     -2.21000    290.97476     72.81042    218.16434
     -2.20000    213.88464     49.08363    164.80101
     -2.19000    219.57827     47.94324    171.63504
     -2.18000    348.14235     77.85827    270.28408
     -2.17000    569.94267    132.52827    437.41440
     -2.16000    752.40245    172.53757    579.86487
     -2.15000    801.32997    176.93137    624.39860
     -2.14000    643.41559    140.58099    502.83460
     -2.13000    442.52623     96.56413    345.96210
     -2.12000    404.77102     88.63748    316.13354
     -2.11000    391.41328     85.31755    306.09573
     -2.10000    368.50351     79.25153    289.25198
     -2.09000    426.74154     86.83156    339.90998
     -2.08000    535.40365    105.00061    430.40304
     -2.07000    546.34188    111.92136    434.42052
     -2.06000    423.18049     98.56636    324.61413
     -2.05000    306.27208     82.36426    223.90782
     -2.04000    283.73604     74.58059    209.15545
     -2.03000    343.56491     81.87169    261.69321
     -2.02000    369.08401     94.21234    274.87167
     -2.01000    308.55363     89.73474    218.81888
     -2.00000    286.39830     80.81385    205.58446
     -1.99000    338.53143     88.06806    250.46336
     -1.98000    382.01506     90.96471    291.05035
     -1.97000    374.21269     77.18676    297.02592
     -1.96000    331.98954     62.03769    269.95184
     -1.95000    328.29143     62.52076    265.77068
     -1.94000    343.47397     68.64179    274.83218
     -1.93000    316.21665     64.11138    252.10527
     -1.92000    292.59694     59.26341    233.33353
     -1.91000    243.36990     49.22637    194.14354
     -1.90000    229.12561     49.80776    179.31785
     -1.89000    285.53839     69.28922    216.24917
     -1.88000    291.36135     69.44763    221.91372
     -1.87000    259.90636     54.19844    205.70792
     -1.86000    241.97969     45.72062    196.25907
     -1.85000    241.50908     47.33352    194.17557
     -1.84000    220.55185     43.70915    176.84270
     -1.83000    204.54941     39.41244    165.13697
     -1.82000    217.06495     46.38159    170.68337
     -1.81000    177.23546     41.02412    136.21134
     -1.80000    143.37435     30.70331    112.67104
     -1.79000    237.74471     48.97396    188.77075
     -1.78000    364.81522     76.38390    288.43132
     -1.77000    363.32155     73.24138    290.08017
     -1.76000    287.80468     55.88379    231.92089
     -1.75000    207.87157     41.64460    166.22698
     -1.74000    156.76239     29.80178    126.96061
     -1.73000    154.21885     29.40660    124.81225
     -1.72000    174.13390     36.91876    137.21514
     -1.71000    187.30280     38.98091    148.32190
     -1.70000    210.91611     43.99536    166.92075
     -1.69000    290.42683     62.46583    227.96100
     -1.68000    327.50906     64.55050    262.95856
     -1.67000    260.06716     43.48103    216.58612
     -1.66000    204.44306     31.56496    172.87810
     -1.65000    192.70400     31.46982    161.23419
     -1.64000    158.92692     28.44624    130.48068
     -1.63000    144.13753     28.83704    115.30049
     -1.62000    174.21496     35.13736    139.07760
     -1.61000    200.18797     35.84312    164.34485
     -1.60000    244.58470     38.13816    206.44654
     -1.59000    267.87134     40.75617    227.11518
     -1.58000    259.26925     40.63709    218.63215
     -1.57000    248.53029     40.28191    208.24838
     -1.56000    242.29708     41.19727    201.09981
     -1.55000    202.85176     33.53674    169.31502
     -1.54000    172.06958     25.46740    146.60218
     -1.53000    203.13632     29.95171    173.18461
     -1.52000    247.59383     39.68195    207.91188
     -1.51000    261.49203     45.47150    216.02053
     -1.50000    273.10153     46.20736    226.89417
     -1.49000    283.81920     44.18677    239.63242
     -1.48000    302.46049     46.01069    256.44979
     -1.47000    300.79809     46.24846    254.54962
     -1.46000    283.81551     42.74750    241.06801
     -1.45000    301.94034     42.72422    259.21612
     -1.44000    340.98741     46.14595    294.84146
     -1.43000    348.27923     45.98100    302.29823
     -1.42000    298.57467     38.88273    259.69194
     -1.41000    228.20923     29.71301    198.49622
     -1.40000    199.86147     25.55205    174.30941
     -1.39000    182.70472     23.23453    159.47020
     -1.38000    192.23660     24.17314    168.06346
     -1.37000    241.93097     29.23744    212.69353
     -1.36000    232.12434     27.66143    204.46291
     -1.35000    182.20810     20.99396    161.21415
     -1.34000    119.21517     13.11652    106.09865
     -1.33000     42.71559      4.60299     38.11260
     -1.32000      6.54452      0.70179      5.84274
     -1.31000      0.47088      0.09443      0.37645
     -1.30000      1.44900      1.03761      0.41140
     -1.29000     11.00422      7.92409      3.08013
     -1.28000     32.62688     23.49996      9.12692
     -1.27000     41.28627     29.80298     11.48329
     -1.26000     40.32252     29.31547     11.00705
     -1.25000     66.27157     47.62805     18.64352
     -1.24000    117.89713     82.50470     35.39244
     -1.23000    147.57030    101.62901     45.94129
     -1.22000    101.58153     69.41458     32.16695
     -1.21000     48.93696     33.37104     15.56592
     -1.20000     73.33173     50.12517     23.20656
     -1.19000    136.61488     93.11003     43.50485
     -1.18000    122.13025     83.05182     39.07842
     -1.17000     59.42591     40.32914     19.09677
     -1.16000     54.61281     36.63856     17.97425
     -1.15000     97.91950     64.88863     33.03087
     -1.14000    114.82487     74.89933     39.92554
     -1.13000    104.93777     66.94186     37.99592
     -1.12000     92.91699     59.34078     33.57621
     -1.11000     99.16404     67.66467     31.49937
     -1.10000    144.15657    102.89747     41.25910
     -1.09000    136.04383     97.57014     38.47369
     -1.08000     96.86009     67.15789     29.70220
     -1.07000    145.35363     96.17592     49.17772
     -1.06000    232.79736    152.21367     80.58369
     -1.05000    269.56007    174.77216     94.78790
     -1.04000    244.05387    157.81797     86.23589
     -1.03000    194.58377    127.15828     67.42548
     -1.02000    148.48734     99.21939     49.26794
     -1.01000    141.94533     95.99473     45.95060
     -1.00000    188.30983    124.48511     63.82472
     -0.99000    205.21896    132.29243     72.92653
     -0.98000    164.21319    104.84024     59.37295
     -0.97000    166.25394    109.00510     57.24884
     -0.96000    243.69404    163.86937     79.82467
     -0.95000    279.99692    190.33853     89.65838
     -0.94000    299.10045    204.45573     94.64472
     -0.93000    376.85715    256.86582    119.99132
     -0.92000    413.17183    278.47511    134.69672
     -0.91000    356.32755    238.92284    117.40471
     -0.90000    291.07893    200.09009     90.98884
     -0.89000    317.63314    224.57937     93.05377
     -0.88000    356.03159    252.69189    103.33970
     -0.87000    328.91289    230.22997     98.68292
     -0.86000    315.68465    215.17130    100.51336
     -0.85000    318.06578    215.05034    103.01543
     -0.84000    289.36344    196.96126     92.40218
     -0.83000    226.45339    154.90758     71.54581
     -0.82000    204.58299    140.56496     64.01803
     -0.81000    288.13872    197.21766     90.92106
     -0.80000    359.12113    245.03763    114.08350
     -0.79000    325.85264    220.79820    105.05444
     -0.78000    235.38142    155.64035     79.74106
     -0.77000    164.37634    105.56211     58.81423
     -0.76000    145.21244     95.04254     50.16990
     -0.75000    203.58106    139.27124     64.30982
     -0.74000    264.61773    185.01322     79.60450
     -0.73000    289.35624    204.88047     84.47578
     -0.72000    307.98891    218.86922     89.11968
     -0.71000    266.15076    186.07792     80.07285
     -0.70000    192.88954    130.30793     62.58162
     -0.69000    126.04978     82.71530     43.33447
     -0.68000     73.76552     48.60263     25.16289
     -0.67000     89.40746     62.09611     27.31135
     -0.66000    169.76121    118.79788     50.96332
     -0.65000    226.35282    157.42282     68.92999
     -0.64000    241.64516    168.24594     73.39922
     -0.63000    223.82525    155.67330     68.15195
     -0.62000    178.66495    122.50824     56.15671
     -0.61000    154.72156    104.99996     49.72160
     -0.60000    141.58970     96.68602     44.90367
     -0.59000    108.74986     75.28793     33.46193
     -0.58000    112.94227     79.30462     33.63765
     -0.57000    147.13516    104.35292     42.78223
     -0.56000    169.64971    121.70851     47.94119
     -0.55000    183.50436    133.35324     50.15111
     -0.54000    207.04039    152.44583     54.59457
     -0.53000    197.82675    145.93001     51.89674
     -0.52000    172.41095    124.63789     47.77305
     -0.51000    150.94651    107.12367     43.82284
     -0.50000    138.80508     98.05545     40.74964
     -0.49000    166.88417    117.49669     49.38749
     -0.48000    183.07634    128.38626     54.69008
     -0.47000    141.95646     99.47636     42.48010
     -0.46000     86.67874     61.65391     25.02483
     -0.45000     74.68464     55.42495     19.25969
     -0.44000     79.62584     60.14734     19.47850
     -0.43000     72.35398     54.47409     17.87989
     -0.42000    106.78627     79.56026     27.22601
     -0.41000    134.03889     98.73458     35.30431
     -0.40000    107.07079     76.78901     30.28178
     -0.39000     96.27971     67.25742     29.02229
     -0.38000     97.65001     68.59215     29.05786
     -0.37000     94.39168     68.59132     25.80036
     -0.36000     92.66434     68.84277     23.82158
     -0.35000     81.96341     59.56907     22.39434
     -0.34000    103.08221     73.26498     29.81723
     -0.33000    137.72667    100.26591     37.46076
     -0.32000    154.89383    116.18368     38.71015
     -0.31000    171.13914    129.28202     41.85711
     -0.30000    192.71601    143.48982     49.22619
     -0.29000    163.42912    119.02758     44.40154
     -0.28000    112.23496     78.85437     33.38059
     -0.27000     88.06588     60.41132     27.65456
     -0.26000     63.34612     43.40966     19.93646
     -0.25000     59.12193     40.89547     18.22646
     -0.24000     74.21024     51.88177     22.32846
     -0.23000     96.32017     67.64941     28.67075
     -0.22000    100.98767     71.10630     29.88136
     -0.21000     90.64835     65.70356     24.94479
     -0.20000    114.60192     86.54046     28.06146
     -0.19000    126.36479     95.42776     30.93704
     -0.18000     94.84306     68.73288     26.11018
     -0.17000     67.60437     46.55849     21.04588
     -0.16000     50.07882     34.41292     15.66590
     -0.15000     65.11731     46.77666     18.34065
     -0.14000    124.59117     90.08159     34.50958
     -0.13000    160.00364    114.30742     45.69622
     -0.12000    134.93423     94.61367     40.32056
     -0.11000     90.10101     62.89013     27.21088
     -0.10000     80.97038     60.26536     20.70502
     -0.09000    104.53948     79.95126     24.58823
     -0.08000    103.70858     75.71917     27.98941
     -0.07000     80.73059     55.16204     25.56856
     -0.06000     58.71840     38.91941     19.79899
     -0.05000     65.02303     42.96951     22.05352
     -0.04000    107.24930     72.37481     34.87449
     -0.03000    129.67147     90.17825     39.49323
     -0.02000     97.62112     68.48152     29.13960
     -0.01000     71.11472     47.73307     23.38164
      0.00000     67.34961     43.76108     23.58853
      0.01000     45.30107     29.26699     16.03408
      0.02000     15.85530     10.22923      5.62607
      0.03000      2.55015      1.64421      0.90594
      0.04000      0.17049      0.10989      0.06060
      0.05000      0.00432      0.00279      0.00154
      0.06000      0.00000      0.00000      0.00000
      0.07000      0.00000      0.00000      0.00000
      0.08000      0.00000      0.00000      0.00000
      0.09000      0.00000      0.00000      0.00000
      0.10000      0.00000      0.00000      0.00000
      0.11000      0.00000      0.00000      0.00000
      0.12000      0.00000      0.00000      0.00000
      0.13000      0.00000      0.00000      0.00000
      0.14000      0.00000      0.00000      0.00000
      0.15000      0.00000      0.00000      0.00000
      0.16000      0.00000      0.00000      0.00000
      0.17000      0.00000      0.00000      0.00000
      0.18000      0.00000      0.00000      0.00000
      0.19000      0.00000      0.00000      0.00000
      0.20000      0.00000      0.00000      0.00000
      0.21000      0.00000      0.00000      0.00000
      0.22000      0.00000      0.00000      0.00000
      0.23000      0.00000      0.00000      0.00000
      0.24000      0.00000      0.00000      0.00000
      0.25000      0.00000      0.00000      0.00000
      0.26000      0.00000      0.00000      0.00000
      0.27000      0.00000      0.00000      0.00000
      0.28000      0.00000      0.00000      0.00000
      0.29000      0.00000      0.00000      0.00000
      0.30000      0.00000      0.00000      0.00000
      0.31000      0.00000      0.00000      0.00000
      0.32000      0.00000      0.00000      0.00000
      0.33000      0.00000      0.00000      0.00000
      0.34000      0.00000      0.00000      0.00000
      0.35000      0.00000      0.00000      0.00000
      0.36000      0.00000      0.00000      0.00000
      0.37000      0.00000      0.00000      0.00000
      0.38000      0.00000      0.00000      0.00000
      0.39000      0.00000      0.00000      0.00000
      0.40000      0.00000      0.00000      0.00000
      0.41000      0.00000      0.00000      0.00000
      0.42000      0.00000      0.00000      0.00000
      0.43000      0.00000      0.00000      0.00000
      0.44000      0.00000      0.00000      0.00000
      0.45000      0.00000      0.00000      0.00000
      0.46000      0.00000      0.00000      0.00000
      0.47000      0.00000      0.00000      0.00000
      0.48000      0.00000      0.00000      0.00000
      0.49000      0.00000      0.00000      0.00000
      0.50000      0.00000      0.00000      0.00000
      0.51000      0.00000      0.00000      0.00000
      0.52000      0.00000      0.00000      0.00000
      0.53000      0.00000      0.00000      0.00000
      0.54000      0.00000      0.00000      0.00000
      0.55000      0.00000      0.00000      0.00000
      0.56000      0.00000      0.00000      0.00000
      0.57000      0.00000      0.00000      0.00000
      0.58000      0.00000      0.00000      0.00000
      0.59000      0.00000      0.00000      0.00000
      0.60000      0.00000      0.00000      0.00000
      0.61000      0.00000      0.00000      0.00000
      0.62000      0.00000      0.00000      0.00000
      0.63000      0.00000      0.00000      0.00000
      0.64000      0.00000      0.00000      0.00000
      0.65000      0.00000      0.00000      0.00000
      0.66000      0.00000      0.00000      0.00000
      0.67000      0.00000      0.00000      0.00000
      0.68000      0.00000      0.00000      0.00000
      0.69000      0.00000      0.00000      0.00000
      0.70000      0.00000      0.00000      0.00000
      0.71000      0.00000      0.00000      0.00000
      0.72000      0.00000      0.00000      0.00000
      0.73000      0.00000      0.00000      0.00000
      0.74000      0.00000      0.00000      0.00000
      0.75000      0.00000      0.00000      0.00000
      0.76000      0.00000      0.00000      0.00000
      0.77000      0.00000      0.00000      0.00000
      0.78000      0.00000      0.00000      0.00000
      0.79000      0.00000      0.00000      0.00000
      0.80000      0.00000      0.00000      0.00000
      0.81000      0.00000      0.00000      0.00000
      0.82000      0.00000      0.00000      0.00000
      0.83000      0.00000      0.00000      0.00000
      0.84000      0.00000      0.00000      0.00000
      0.85000      0.00000      0.00000      0.00000
      0.86000      0.00000      0.00000      0.00000
      0.87000      0.00000      0.00000      0.00000
      0.88000      0.00000      0.00000      0.00000
      0.89000      0.00000      0.00000      0.00000
      0.90000      0.00000      0.00000      0.00000
      0.91000      0.00000      0.00000      0.00000
      0.92000      0.00000      0.00000      0.00000
      0.93000      0.00000      0.00000      0.00000
      0.94000      0.00000      0.00000      0.00000
      0.95000      0.00000      0.00000      0.00000
      0.96000      0.00000      0.00000      0.00000
      0.97000      0.00000      0.00000      0.00000
      0.98000      0.00000      0.00000      0.00000
      0.99000      0.00000      0.00000      0.00000
      1.00000      0.00000      0.00000      0.00000
      1.01000      0.00000      0.00000      0.00000
      1.02000      0.00000      0.00000      0.00000
      1.03000      0.00000      0.00000      0.00000
      1.04000      0.00000      0.00000      0.00000
      1.05000      0.00000      0.00000      0.00000
      1.06000      0.00000      0.00000      0.00000
      1.07000      0.00000      0.00000      0.00000
      1.08000      0.00000      0.00000      0.00000
      1.09000      0.00000      0.00000      0.00000
      1.10000      0.00000      0.00000      0.00000
      1.11000      0.00000      0.00000      0.00000
      1.12000      0.00000      0.00000      0.00000
      1.13000      0.00000      0.00000      0.00000
      1.14000      0.00000      0.00000      0.00000
      1.15000      0.00000      0.00000      0.00000
      1.16000      0.00000      0.00000      0.00000
      1.17000      0.00000      0.00000      0.00000
      1.18000      0.00000      0.00000      0.00000
      1.19000      0.00000      0.00000      0.00000
      1.20000      0.00000      0.00000      0.00000
      1.21000      0.00000      0.00000      0.00000
      1.22000      0.00000      0.00000      0.00000
      1.23000      0.00000      0.00000      0.00000
      1.24000      0.00000      0.00000      0.00000
      1.25000      0.00000      0.00000      0.00000
      1.26000      0.00000      0.00000      0.00000
      1.27000      0.00000      0.00000      0.00000
      1.28000      0.00000      0.00000      0.00000
      1.29000      0.00000      0.00000      0.00000
      1.30000      0.00000      0.00000      0.00000
      1.31000      0.01555      0.01125      0.00430
      1.32000      0.59315      0.42926      0.16389
      1.33000      8.45596      6.11939      2.33657
      1.34000     46.88951     33.93105     12.95846
      1.35000    111.08394     80.37540     30.70854
      1.36000    129.95343     94.01215     35.94128
      1.37000     78.65219     56.89081     21.76138
      1.38000     21.81073     15.77491      6.03582
      1.39000      2.44001      1.76471      0.67530
      1.40000      0.10368      0.07498      0.02870
      1.41000      0.00164      0.00118      0.00045
      1.42000      0.00000      0.00000      0.00000
      1.43000      0.00000      0.00000      0.00000
      1.44000      0.00000      0.00000      0.00000
      1.45000      0.00000      0.00000      0.00000
      1.46000      0.00000      0.00000      0.00000
      1.47000      0.00000      0.00000      0.00000
      1.48000      0.00000      0.00000      0.00000
      1.49000      0.00000      0.00000      0.00000
      1.50000      0.00000      0.00000      0.00000
      1.51000      0.00000      0.00000      0.00000
      1.52000      0.00000      0.00000      0.00000
      1.53000      0.00000      0.00000      0.00000
      1.54000      0.00000      0.00000      0.00000
      1.55000      0.00000      0.00000      0.00000
      1.56000      0.00000      0.00000      0.00000
      1.57000      0.00000      0.00000      0.00000
      1.58000      0.00000      0.00000      0.00000
      1.59000      0.00000      0.00000      0.00000
      1.60000      0.00000      0.00000      0.00000
      1.61000      0.00000      0.00000      0.00000
      1.62000      0.00000      0.00000      0.00000
      1.63000      0.00000      0.00000      0.00000
      1.64000      0.00000      0.00000      0.00000
      1.65000      0.00000      0.00000      0.00000
      1.66000      0.00000      0.00000      0.00000
      1.67000      0.00000      0.00000      0.00000
      1.68000      0.00000      0.00000      0.00000
      1.69000      0.00000      0.00000      0.00000
      1.70000      0.00000      0.00000      0.00000
      1.71000      0.00000      0.00000      0.00000
      1.72000      0.00000      0.00000      0.00000
      1.73000      0.00000      0.00000      0.00000
      1.74000      0.00000      0.00000      0.00000
      1.75000      0.00000      0.00000      0.00000
      1.76000      0.00000      0.00000      0.00000
      1.77000      0.00000      0.00000      0.00000
      1.78000      0.00000      0.00000      0.00000
      1.79000      0.00000      0.00000      0.00000
      1.80000      0.00000      0.00000      0.00000
      1.81000      0.00000      0.00000      0.00000
      1.82000      0.00000      0.00000      0.00000
      1.83000      0.00000      0.00000      0.00000
      1.84000      0.00000      0.00000      0.00000
      1.85000      0.00043      0.00039      0.00004
      1.86000      0.02900      0.02626      0.00274
      1.87000      0.71299      0.64564      0.06735
      1.88000      6.75645      6.11839      0.63806
      1.89000     25.24038     22.85739      2.38299
      1.90000     37.93075     34.35077      3.57998
      1.91000     23.11009     20.92960      2.18049
      1.92000      5.65514      5.12170      0.53344
      1.93000      0.54432      0.49298      0.05133
      1.94000      0.02415      0.02183      0.00231
      1.95000      0.17874      0.16016      0.01858
      1.96000      3.09302      2.77070      0.32231
      1.97000     21.42677     19.18794      2.23883
      1.98000     60.75088     54.38491      6.36596
      1.99000     71.64464     64.11535      7.52929
      2.00000     35.19917     31.48956      3.70961
      2.01000      7.11057      6.35919      0.75137
      2.02000      0.71363      0.63733      0.07629
      2.03000      2.39154      2.11729      0.27425
      2.04000     16.93664     14.84294      2.09370
      2.05000     54.15492     46.08539      8.06953
      2.06000     92.83474     72.31469     20.52005
      2.07000    113.81046     74.52650     39.28396
      2.08000    112.70622     63.13119     49.57503
      2.09000     96.89902     49.97462     46.92440
      2.10000    116.22928     58.08599     58.14329
      2.11000    166.46285     84.62429     81.83856
      2.12000    195.18961    106.74185     88.44776
      2.13000    217.00274    130.43405     86.56869
      2.14000    239.54547    144.57108     94.97439
      2.15000    219.79203    123.87105     95.92098
      2.16000    186.13120     97.61084     88.52037
      2.17000    194.24649     99.03662     95.20987
      2.18000    190.96284    102.26187     88.70096
      2.19000    139.87068     83.18569     56.68499
      2.20000    119.63137     70.24434     49.38704
      2.21000    172.65780     91.07228     81.58552
      2.22000    221.09596    113.05683    108.03914
      2.23000    236.53727    119.07293    117.46434
      2.24000    210.99361    105.19404    105.79957
      2.25000    166.77108     90.02686     76.74422
      2.26000    169.54528    104.87801     64.66727
      2.27000    200.85224    118.49737     82.35487
      2.28000    227.58664    115.80479    111.78184
      2.29000    271.41561    132.92995    138.48567
      2.30000    319.34920    167.72430    151.62489
      2.31000    329.77384    186.54643    143.22741
      2.32000    338.80142    193.05907    145.74235
      2.33000    368.48898    200.50398    167.98500
      2.34000    357.92793    192.70747    165.22045
      2.35000    337.76771    186.54676    151.22095
      2.36000    279.51701    154.12710    125.38991
      2.37000    197.05295    106.12759     90.92537
      2.38000    257.64305    140.05168    117.59137
      2.39000    357.99634    202.56534    155.43100
      2.40000    327.06121    193.63063    133.43058
      2.41000    213.55826    126.70125     86.85700
      2.42000    162.72977     87.50539     75.22437
      2.43000    207.79463    107.35863    100.43601
      2.44000    269.33938    139.45792    129.88146
      2.45000    261.05488    135.05083    126.00405
      2.46000    246.10591    133.36681    112.73910
      2.47000    271.44711    160.18058    111.26653
      2.48000    239.95437    148.54550     91.40887
      2.49000    163.06707    101.09482     61.97225
      2.50000    170.03783    102.62239     67.41545
      2.51000    236.31868    144.55387     91.76481
      2.52000    310.65730    197.24692    113.41038
      2.53000    322.66597    207.05987    115.60610
      2.54000    270.33853    172.63921     97.69932
      2.55000    228.96804    144.53010     84.43794
      2.56000    243.57836    148.94429     94.63408
      2.57000    274.14155    165.52590    108.61565
      2.58000    261.65673    158.02186    103.63487
      2.59000    217.57764    133.49543     84.08221
      2.60000    200.13785    127.77355     72.36430
      2.61000    197.94173    126.50521     71.43652
      2.62000    175.75884    105.86976     69.88907
      2.63000    183.12234    101.33501     81.78732
      2.64000    254.86467    144.33629    110.52838
      2.65000    410.52170    247.71505    162.80665
      2.66000    497.95040    310.66462    187.28578
      2.67000    446.50140    286.78601    159.71539
      2.68000    432.26835    279.80822    152.46014
      2.69000    439.33478    276.06645    163.26833
      2.70000    413.71242    245.39991    168.31251
      2.71000    416.28263    233.70544    182.57719
      2.72000    425.80932    232.69224    193.11708
      2.73000    435.96462    239.76245    196.20217
      2.74000    447.42450    247.60686    199.81764
      2.75000    399.06871    214.82717    184.24155
      2.76000    371.09861    197.51365    173.58495
      2.77000    450.90894    251.39827    199.51067
      2.78000    529.92278    308.23209    221.69070
      2.79000    529.51763    320.61235    208.90528
      2.80000    618.01740    389.06288    228.95452
      2.81000    775.28641    498.64233    276.64407
      2.82000    791.77193    510.30504    281.46689
      2.83000    663.05037    418.01879    245.03159
      2.84000    509.73839    312.09930    197.63909
      2.85000    422.30847    251.30364    171.00483
      2.86000    407.07425    234.21542    172.85882
      2.87000    410.61099    235.27613    175.33486
      2.88000    432.45602    253.91911    178.53691
      2.89000    465.19090    279.21443    185.97647
      2.90000    516.42888    319.00869    197.42019
      2.91000    550.90736    355.48388    195.42347
      2.92000    545.00925    358.78790    186.22135
      2.93000    457.78539    295.29470    162.49069
      2.94000    367.58746    225.45789    142.12957
      2.95000    318.34909    190.91989    127.42920
      2.96000    328.32648    207.56221    120.76427
      2.97000    368.62106    242.40013    126.22093
      2.98000    364.18478    238.76030    125.42447
      2.99000    391.43350    262.54177    128.89174
      3.00000    484.93242    335.40048    149.53194
      3.01000    459.27384    315.69674    143.57711
      3.02000    353.24031    232.49100    120.74931
      3.03000    348.51669    224.99420    123.52249
      3.04000    352.00377    235.69705    116.30672
      3.05000    327.52957    227.61826     99.91132
      3.06000    320.31594    227.83695     92.47899
      3.07000    329.38113    241.26588     88.11525
      3.08000    393.54696    291.78008    101.76689
      3.09000    435.16481    313.43649    121.72832
      3.10000    362.56185    251.78432    110.77753
      3.11000    205.56014    138.35898     67.20116
      3.12000    114.00276     71.13016     42.87260
      3.13000    140.27444     84.19760     56.07685
      3.14000    186.35736    117.55166     68.80570
      3.15000    229.19218    155.56607     73.62611
      3.16000    282.27192    199.34228     82.92964
      3.17000    287.00619    202.41744     84.58875
      3.18000    297.61516    206.61640     90.99876
      3.19000    306.82008    211.56869     95.25139
      3.20000    267.05526    179.53241     87.52285
      3.21000    252.77353    166.01338     86.76015
      3.22000    236.41616    156.75395     79.66221
      3.23000    234.80315    158.26999     76.53315
      3.24000    239.40870    165.75467     73.65404
      3.25000    211.43919    150.16514     61.27405
      3.26000    233.86233    170.46106     63.40127
      3.27000    310.04389    230.80891     79.23499
      3.28000    331.29745    245.83712     85.46034
      3.29000    257.13205    185.83979     71.29226
      3.30000    209.15586    148.21964     60.93622
      3.31000    194.01770    137.34877     56.66893
      3.32000    192.16402    128.16306     64.00095
      3.33000    257.97575    161.42631     96.54944
      3.34000    322.33506    203.90373    118.43133
      3.35000    250.09790    164.14266     85.95524
      3.36000    169.82086    116.41395     53.40691
      3.37000    243.45817    170.67279     72.78538
      3.38000    371.69163    271.43507    100.25656
      3.39000    421.81971    315.56142    106.25828
      3.40000    417.18623    314.51686    102.66937
      3.41000    408.92557    313.13836     95.78721
      3.42000    379.57518    281.32203     98.25315
      3.43000    326.54706    216.32902    110.21804
      3.44000    295.29566    170.15551    125.14015
      3.45000    285.73103    152.15022    133.58081
      3.46000    273.69625    152.03393    121.66233
      3.47000    321.96662    195.96785    125.99877
      3.48000    476.14166    296.11184    180.02982
      3.49000    568.84049    350.43331    218.40718
      3.50000    513.85061    309.77508    204.07553
      3.51000    426.92427    248.54262    178.38164
      3.52000    379.72877    211.15324    168.57553
      3.53000    373.13273    194.99711    178.13561
      3.54000    432.08969    219.02517    213.06452
      3.55000    457.08946    241.09083    215.99863
      3.56000    402.62811    235.41846    167.20965
      3.57000    353.19759    226.98781    126.20978
      3.58000    335.54990    224.83885    110.71104
      3.59000    322.23832    221.19777    101.04055
      3.60000    342.86926    235.66551    107.20375
      3.61000    445.03275    292.20887    152.82388
      3.62000    476.63659    292.74480    183.89179
      3.63000    404.40456    229.71916    174.68540
      3.64000    331.10254    176.35177    154.75077
      3.65000    294.16941    159.45296    134.71645
      3.66000    274.48502    155.04745    119.43757
      3.67000    231.18473    125.46232    105.72241
      3.68000    201.35753    102.66891     98.68862
      3.69000    178.57287     92.63149     85.94138
      3.70000    139.77095     78.86108     60.90987
      3.71000    148.14399     92.21483     55.92916
      3.72000    226.94681    137.75260     89.19421
      3.73000    281.27368    160.98584    120.28784
      3.74000    269.67979    151.17169    118.50811
      3.75000    265.67489    154.49116    111.18373
      3.76000    297.99776    174.47976    123.51800
      3.77000    303.10991    170.76531    132.34461
      3.78000    258.68305    142.97597    115.70707
      3.79000    206.88010    120.33879     86.54131
      3.80000    202.16673    118.46003     83.70670
      3.81000    179.85220    100.83136     79.02084
      3.82000    126.68074     69.50879     57.17196
      3.83000    128.14498     69.39729     58.74769
      3.84000    186.80693    102.56057     84.24636
      3.85000    232.08640    125.83564    106.25076
      3.86000    211.53908    111.80414     99.73494
      3.87000    216.48023    117.51017     98.97005
      3.88000    253.23418    141.03943    112.19474
      3.89000    232.22908    133.36401     98.86507
      3.90000    248.48398    147.35965    101.12433
      3.91000    268.50311    160.46666    108.03645
      3.92000    212.40995    126.63602     85.77394
      3.93000    140.18335     82.98829     57.19506
      3.94000    102.65607     59.78945     42.86662
      3.95000    134.91976     76.77393     58.14583
      3.96000    197.62209    112.92663     84.69547
      3.97000    221.17514    123.91483     97.26031
      3.98000    214.05778    115.09088     98.96690
      3.99000    186.41493     98.11165     88.30329
      4.00000    187.00282     98.26136     88.74146
      4.01000    235.41634    121.68628    113.73007
      4.02000    263.91920    133.59847    130.32073
      4.03000    303.63916    155.78028    147.85888
      4.04000    350.78932    187.68286    163.10646
      4.05000    292.92688    165.36476    127.56212
      4.06000    192.51632    112.94305     79.57327
      4.07000    180.97281    103.01719     77.95563
      4.08000    201.42315    111.23013     90.19302
      4.09000    195.50857    108.18227     87.32630
      4.10000    167.56082     94.53350     73.02732
      4.11000    146.90582     85.10231     61.80350
      4.12000    144.22371     83.72615     60.49756
      4.13000    153.35817     85.54159     67.81659
      4.14000    165.97118     91.88675     74.08442
      4.15000    132.57381     76.11252     56.46129
      4.16000     93.21958     53.78848     39.43109
      4.17000    109.31820     58.22921     51.08899
      4.18000    159.21983     81.12787     78.09196
      4.19000    203.87183    102.27909    101.59274
      4.20000    198.53839     98.92691     99.61148
      4.21000    142.04405     69.97815     72.06590
      4.22000     82.12351     41.65560     40.46791
      4.23000     70.20213     38.58877     31.61336
      4.24000     96.70387     52.80648     43.89740
      4.25000    111.11214     59.46566     51.64648
      4.26000     97.51929     51.26268     46.25661
      4.27000     76.04994     38.87784     37.17210
      4.28000     61.25208     30.77525     30.47684
      4.29000     87.72647     43.98202     43.74444
      4.30000    110.79256     55.26264     55.52992
      4.31000     72.36311     35.64023     36.72289
      4.32000     53.15227     25.07415     28.07812
      4.33000     97.14025     45.09805     52.04220
      4.34000    161.02374     75.13611     85.88764
      4.35000    197.94579     92.74112    105.20467
      4.36000    150.28071     70.32565     79.95506
      4.37000     77.37004     35.97616     41.39388
      4.38000     53.28230     25.02671     28.25559
      4.39000     49.42035     24.78611     24.63424
      4.40000     55.97985     29.14995     26.82991
      4.41000     57.13254     28.92449     28.20805
      4.42000     41.00676     20.15495     20.85181
      4.43000     19.39157      9.36374     10.02783
      4.44000     25.70225     12.14999     13.55226
      4.45000     49.61531     23.33981     26.27549
      4.46000     81.01047     37.82146     43.18901
      4.47000    125.80763     58.51453     67.29310
      4.48000    119.24387     55.64646     63.59741
      4.49000    105.70311     49.72150     55.98161
      4.50000    110.47918     51.84930     58.62987
      4.51000     89.23662     41.57267     47.66395
      4.52000     71.68310     33.39556     38.28755
      4.53000     80.01488     37.71717     42.29771
      4.54000     87.54160     41.39736     46.14424
      4.55000     67.87525     31.85897     36.01628
      4.56000     75.31189     34.96720     40.34468
      4.57000    112.09403     52.01251     60.08152
      4.58000    156.94484     73.75768     83.18716
      4.59000    184.25432     87.66103     96.59329
      4.60000    175.12209     83.02051     92.10158
      4.61000    176.26339     83.29317     92.97022
      4.62000    197.94698     92.90984    105.03713
      4.63000    207.28048     96.40831    110.87218
      4.64000    191.94252     90.42243    101.52009
      4.65000    177.04474     85.51178     91.53296
      4.66000    202.32750     96.91171    105.41580
      4.67000    260.21835    122.26946    137.94890
      4.68000    236.17564    110.01850    126.15714
      4.69000    164.94573     76.65356     88.29216
      4.70000    145.46858     67.99095     77.47763
      4.71000    175.47341     82.40424     93.06917
      4.72000    235.64582    110.79739    124.84843
      4.73000    283.55434    132.79648    150.75786
      4.74000    307.98403    143.33103    164.65300
      4.75000    323.18422    149.94337    173.24085
      4.76000    380.67540    175.69955    204.97585
      4.77000    410.98018    189.94995    221.03023
      4.78000    365.20893    171.61724    193.59169
      4.79000    286.95468    138.07666    148.87802
      4.80000    232.48689    115.08667    117.40023
      4.81000    269.39096    135.32858    134.06238
      4.82000    309.98947    156.74867    153.24079
      4.83000    281.93846    142.95101    138.98744
      4.84000    288.94965    142.63878    146.31087
      4.85000    377.28290    183.40876    193.87414
      4.86000    417.59726    202.20166    215.39560
      4.87000    332.06128    160.07597    171.98531
      4.88000    212.01263    102.72172    109.29090
      4.89000    175.44462     85.49599     89.94863
      4.90000    145.49487     70.50424     74.99063
      4.91000    104.06036     51.39832     52.66204
      4.92000     77.69073     39.91507     37.77566
      4.93000     70.78242     37.18247     33.59996
      4.94000     96.62809     51.56917     45.05892
      4.95000    157.69697     86.03782     71.65915
      4.96000    215.68797    118.61110     97.07686
      4.97000    217.11150    119.05126     98.06024
      4.98000    179.95597    100.73943     79.21654
      4.99000    158.66984     91.35288     67.31696
      5.00000    159.53869     91.41357     68.12512
      5.01000    157.81012     87.86321     69.94690
      5.02000    172.56274     93.31370     79.24904
      5.03000    189.78143    102.10573     87.67570
      5.04000    192.17946    103.15320     89.02626
      5.05000    181.22558     95.94944     85.27614
      5.06000    126.91448     66.86571     60.04877
      5.07000     58.46004     33.26080     25.19924
      5.08000     52.37977     35.08458     17.29519
      5.09000     84.53835     54.60883     29.92953
      5.10000    113.70181     69.09975     44.60206
      5.11000    113.76684     67.62374     46.14310
      5.12000    124.44696     76.88680     47.56016
      5.13000    183.06577    116.30086     66.76491
      5.14000    222.70613    136.60112     86.10501
      5.15000    171.09199    101.32651     69.76548
      5.16000    100.67083     59.16540     41.50543
      5.17000     98.00555     57.79416     40.21138
      5.18000    134.41958     80.05635     54.36323
      5.19000    138.70989     85.24557     53.46431
      5.20000    140.23542     87.93522     52.30020
      5.21000    156.76175     94.75499     62.00676
      5.22000    150.43815     88.76833     61.66981
      5.23000    121.71842     72.18166     49.53676
      5.24000     85.74452     52.92484     32.81969
      5.25000     79.18366     52.82379     26.35986
      5.26000     80.61891     53.62267     26.99623
      5.27000     55.79687     35.22491     20.57195
      5.28000     48.80958     29.29413     19.51544
      5.29000     47.42318     28.08595     19.33723
      5.30000     46.26046     27.20103     19.05943
      5.31000     32.84077     19.33291     13.50786
      5.32000     33.34506     20.17874     13.16632
      5.33000    111.38377     67.45104     43.93278
      5.34000    232.49953    139.44238     93.06019
