Energy-E_F (eV)    DOS (1/eV)    PDOS (1/eV)  of atom type W  S  
     -5.34299    244.63006      0.00000      0.00000
     -5.33299    264.61344      0.00000      0.00000
     -5.32299    302.63318      0.00000      0.00000
     -5.31299    331.94423      0.00000      0.00000
     -5.30299    331.72889      0.00000      0.00000
     -5.29299    335.23228      0.00000      0.00000
     -5.28299    360.26523      0.00000      0.00000
     -5.27299    397.51004      0.00000      0.00000
     -5.26299    446.55707      0.00000      0.00000
     -5.25299    514.62006      0.00000      0.00000
     -5.24299    567.75846      0.00000      0.00000
     -5.23299    600.52481      0.00000      0.00000
     -5.22299    627.40875      0.00000      0.00000
     -5.21299    629.01905      0.00000      0.00000
     -5.20299    586.28250      0.00000      0.00000
     -5.19299    580.02408      0.00000      0.00000
     -5.18299    621.79171      0.00000      0.00000
     -5.17299    611.07178      0.00000      0.00000
     -5.16299    561.11982      0.00000      0.00000
     -5.15299    520.94764      0.00000      0.00000
     -5.14299    490.60272      0.00000      0.00000
     -5.13299    465.50298      0.00000      0.00000
     -5.12299    465.83913      0.00000      0.00000
     -5.11299    471.73419      0.00000      0.00000
     -5.10299    427.10121      0.00000      0.00000
     -5.09299    331.49100      0.00000      0.00000
     -5.08299    257.08126      0.00000      0.00000
     -5.07299    220.11085      0.00000      0.00000
     -5.06299    177.85475      0.00000      0.00000
     -5.05299    140.26729      0.00000      0.00000
     -5.04299    126.65800      0.00000      0.00000
     -5.03299    113.90411      0.00000      0.00000
     -5.02299     87.05698      0.00000      0.00000
     -5.01299     71.98799      0.00000      0.00000
     -5.00299     82.24623      0.00000      0.00000
     -4.99299     90.56969      0.00000      0.00000
     -4.98299     85.97944      0.00000      0.00000
     -4.97299     84.08172      0.00000      0.00000
     -4.96299     83.05808      0.00000      0.00000
     -4.95299     73.49727      0.00000      0.00000
     -4.94299     68.04940      0.00000      0.00000
     -4.93299     71.44425      0.00000      0.00000
     -4.92299     94.23082      0.00000      0.00000
     -4.91299    107.87557      0.00000      0.00000
     -4.90299     89.51053      0.00000      0.00000
     -4.89299     81.45639      0.00000      0.00000
     -4.88299     93.21535      0.00000      0.00000
     -4.87299     93.00781      0.00000      0.00000
     -4.86299     93.26756      0.00000      0.00000
     -4.85299     91.65288      0.00000      0.00000
     -4.84299     73.77555      0.00000      0.00000
     -4.83299     79.92851      0.00000      0.00000
     -4.82299    102.51480      0.00000      0.00000
     -4.81299    109.95760      0.00000      0.00000
     -4.80299    118.32606      0.00000      0.00000
     -4.79299    130.88824      0.00000      0.00000
     -4.78299    163.07878      0.00000      0.00000
     -4.77299    177.11557      0.00000      0.00000
     -4.76299    157.10913      0.00000      0.00000
     -4.75299    151.04081      0.00000      0.00000
     -4.74299    169.60705      0.00000      0.00000
     -4.73299    180.31543      0.00000      0.00000
     -4.72299    169.91295      0.00000      0.00000
     -4.71299    152.66376      0.00000      0.00000
     -4.70299    125.55585      0.00000      0.00000
     -4.69299    100.64929      0.00000      0.00000
     -4.68299    103.62669      0.00000      0.00000
     -4.67299    107.51696      0.00000      0.00000
     -4.66299    102.69546      0.00000      0.00000
     -4.65299    104.55101      0.00000      0.00000
     -4.64299     98.47157      0.00000      0.00000
     -4.63299     89.61856      0.00000      0.00000
     -4.62299     88.00289      0.00000      0.00000
     -4.61299    100.68767      0.00000      0.00000
     -4.60299    115.17773      0.00000      0.00000
     -4.59299    121.06600      0.00000      0.00000
     -4.58299    139.36877      0.00000      0.00000
     -4.57299    157.30731      0.00000      0.00000
     -4.56299    169.55583      0.00000      0.00000
     -4.55299    185.43288      0.00000      0.00000
     -4.54299    185.75272      0.00000      0.00000
     -4.53299    179.28413      0.00000      0.00000
     -4.52299    178.60905      0.00000      0.00000
     -4.51299    192.91662      0.00000      0.00000
     -4.50299    206.59861      0.00000      0.00000
     -4.49299    220.20982      0.00000      0.00000
     -4.48299    243.92929      0.00000      0.00000
     -4.47299    241.94946      0.00000      0.00000
     -4.46299    226.91768      0.00000      0.00000
     -4.45299    221.90291      0.00000      0.00000
     -4.44299    212.56915      0.00000      0.00000
     -4.43299    222.07208      0.00000      0.00000
     -4.42299    236.50314      0.00000      0.00000
     -4.41299    239.43330      0.00000      0.00000
     -4.40299    237.44357      0.00000      0.00000
     -4.39299    222.63749      0.00000      0.00000
     -4.38299    229.55088      0.00000      0.00000
     -4.37299    284.13322      0.00000      0.00000
     -4.36299    343.39871      0.00000      0.00000
     -4.35299    380.44609      0.00000      0.00000
     -4.34299    383.59003      0.00000      0.00000
     -4.33299    348.38091      0.00000      0.00000
     -4.32299    308.93688      0.00000      0.00000
     -4.31299    285.92352      0.00000      0.00000
     -4.30299    295.38567      0.00000      0.00000
     -4.29299    343.60244      0.00000      0.00000
     -4.28299    388.31906      0.00000      0.00000
     -4.27299    383.40960      0.00000      0.00000
     -4.26299    377.67235      0.00000      0.00000
     -4.25299    380.09969      0.00000      0.00000
     -4.24299    380.72448      0.00000      0.00000
     -4.23299    396.04562      0.00000      0.00000
     -4.22299    388.66852      0.00000      0.00000
     -4.21299    371.98223      0.00000      0.00000
     -4.20299    371.92318      0.00000      0.00000
     -4.19299    374.76468      0.00000      0.00000
     -4.18299    364.54122      0.00000      0.00000
     -4.17299    350.04257      0.00000      0.00000
     -4.16299    355.65437      0.00000      0.00000
     -4.15299    361.85034      0.00000      0.00000
     -4.14299    341.42254      0.00000      0.00000
     -4.13299    333.95295      0.00000      0.00000
     -4.12299    348.73223      0.00000      0.00000
     -4.11299    352.79187      0.00000      0.00000
     -4.10299    315.44432      0.00000      0.00000
     -4.09299    253.62920      0.00000      0.00000
     -4.08299    224.56035      0.00000      0.00000
     -4.07299    246.92661      0.00000      0.00000
     -4.06299    295.83600      0.00000      0.00000
     -4.05299    323.84403      0.00000      0.00000
     -4.04299    307.68022      0.00000      0.00000
     -4.03299    286.00901      0.00000      0.00000
     -4.02299    265.50728      0.00000      0.00000
     -4.01299    249.54056      0.00000      0.00000
     -4.00299    266.48677      0.00000      0.00000
     -3.99299    269.35343      0.00000      0.00000
     -3.98299    243.29682      0.00000      0.00000
     -3.97299    204.80689      0.00000      0.00000
     -3.96299    164.86557      0.00000      0.00000
     -3.95299    174.44173      0.00000      0.00000
     -3.94299    218.08584      0.00000      0.00000
     -3.93299    237.67175      0.00000      0.00000
     -3.92299    215.93894      0.00000      0.00000
     -3.91299    193.47924      0.00000      0.00000
     -3.90299    179.33201      0.00000      0.00000
     -3.89299    144.40220      0.00000      0.00000
     -3.88299    111.78650      0.00000      0.00000
     -3.87299     97.65084      0.00000      0.00000
     -3.86299     97.64566      0.00000      0.00000
     -3.85299    140.11402      0.00000      0.00000
     -3.84299    189.92584      0.00000      0.00000
     -3.83299    212.76121      0.00000      0.00000
     -3.82299    208.35354      0.00000      0.00000
     -3.81299    189.01817      0.00000      0.00000
     -3.80299    171.82741      0.00000      0.00000
     -3.79299    173.11154      0.00000      0.00000
     -3.78299    198.76577      0.00000      0.00000
     -3.77299    187.89754      0.00000      0.00000
     -3.76299    166.33351      0.00000      0.00000
     -3.75299    169.12837      0.00000      0.00000
     -3.74299    188.64153      0.00000      0.00000
     -3.73299    213.04978      0.00000      0.00000
     -3.72299    211.16399      0.00000      0.00000
     -3.71299    204.50379      0.00000      0.00000
     -3.70299    179.46435      0.00000      0.00000
     -3.69299    148.99678      0.00000      0.00000
     -3.68299    129.82410      0.00000      0.00000
     -3.67299    113.34907      0.00000      0.00000
     -3.66299    108.12784      0.00000      0.00000
     -3.65299    111.47610      0.00000      0.00000
     -3.64299    120.52749      0.00000      0.00000
     -3.63299    128.21628      0.00000      0.00000
     -3.62299    129.50082      0.00000      0.00000
     -3.61299    104.56236      0.00000      0.00000
     -3.60299     80.38283      0.00000      0.00000
     -3.59299     81.25373      0.00000      0.00000
     -3.58299     89.32326      0.00000      0.00000
     -3.57299     96.42078      0.00000      0.00000
     -3.56299    109.58512      0.00000      0.00000
     -3.55299    120.90399      0.00000      0.00000
     -3.54299    121.52928      0.00000      0.00000
     -3.53299    141.48782      0.00000      0.00000
     -3.52299    167.87929      0.00000      0.00000
     -3.51299    168.55096      0.00000      0.00000
     -3.50299    155.17142      0.00000      0.00000
     -3.49299    152.20348      0.00000      0.00000
     -3.48299    157.61099      0.00000      0.00000
     -3.47299    160.21958      0.00000      0.00000
     -3.46299    147.13741      0.00000      0.00000
     -3.45299    157.06539      0.00000      0.00000
     -3.44299    199.32282      0.00000      0.00000
     -3.43299    233.85830      0.00000      0.00000
     -3.42299    240.36292      0.00000      0.00000
     -3.41299    218.61823      0.00000      0.00000
     -3.40299    198.11590      0.00000      0.00000
     -3.39299    185.07337      0.00000      0.00000
     -3.38299    175.30373      0.00000      0.00000
     -3.37299    170.00696      0.00000      0.00000
     -3.36299    156.93624      0.00000      0.00000
     -3.35299    154.84523      0.00000      0.00000
     -3.34299    167.55289      0.00000      0.00000
     -3.33299    171.28836      0.00000      0.00000
     -3.32299    172.90374      0.00000      0.00000
     -3.31299    169.89105      0.00000      0.00000
     -3.30299    152.08578      0.00000      0.00000
     -3.29299    131.67918      0.00000      0.00000
     -3.28299    146.75858      0.00000      0.00000
     -3.27299    182.54184      0.00000      0.00000
     -3.26299    218.39150      0.00000      0.00000
     -3.25299    243.10145      0.00000      0.00000
     -3.24299    251.23962      0.00000      0.00000
     -3.23299    278.64215      0.00000      0.00000
     -3.22299    322.27333      0.00000      0.00000
     -3.21299    338.36407      0.00000      0.00000
     -3.20299    295.94182      0.00000      0.00000
     -3.19299    250.84021      0.00000      0.00000
     -3.18299    255.43492      0.00000      0.00000
     -3.17299    270.46335      0.00000      0.00000
     -3.16299    306.81842      0.00000      0.00000
     -3.15299    346.21733      0.00000      0.00000
     -3.14299    342.83436      0.00000      0.00000
     -3.13299    341.65061      0.00000      0.00000
     -3.12299    375.54464      0.00000      0.00000
     -3.11299    390.08947      0.00000      0.00000
     -3.10299    353.94919      0.00000      0.00000
     -3.09299    335.46942      0.00000      0.00000
     -3.08299    373.48251      0.00000      0.00000
     -3.07299    399.83184      0.00000      0.00000
     -3.06299    422.48179      0.00000      0.00000
     -3.05299    483.49046      0.00000      0.00000
     -3.04299    584.85001      0.00000      0.00000
     -3.03299    653.39768      0.00000      0.00000
     -3.02299    641.52646      0.00000      0.00000
     -3.01299    573.42374      0.00000      0.00000
     -3.00299    496.94247      0.00000      0.00000
     -2.99299    461.23515      0.00000      0.00000
     -2.98299    459.03360      0.00000      0.00000
     -2.97299    481.25758      0.00000      0.00000
     -2.96299    507.85846      0.00000      0.00000
     -2.95299    511.82377      0.00000      0.00000
     -2.94299    526.79668      0.00000      0.00000
     -2.93299    564.47617      0.00000      0.00000
     -2.92299    577.53018      0.00000      0.00000
     -2.91299    558.41535      0.00000      0.00000
     -2.90299    560.31843      0.00000      0.00000
     -2.89299    575.76898      0.00000      0.00000
     -2.88299    577.24659      0.00000      0.00000
     -2.87299    568.33283      0.00000      0.00000
     -2.86299    532.93854      0.00000      0.00000
     -2.85299    497.37706      0.00000      0.00000
     -2.84299    451.65280      0.00000      0.00000
     -2.83299    372.00278      0.00000      0.00000
     -2.82299    279.71897      0.00000      0.00000
     -2.81299    213.27370      0.00000      0.00000
     -2.80299    191.71101      0.00000      0.00000
     -2.79299    199.14791      0.00000      0.00000
     -2.78299    217.52766      0.00000      0.00000
     -2.77299    211.02145      0.00000      0.00000
     -2.76299    195.57017      0.00000      0.00000
     -2.75299    212.52416      0.00000      0.00000
     -2.74299    260.54624      0.00000      0.00000
     -2.73299    295.44055      0.00000      0.00000
     -2.72299    264.48846      0.00000      0.00000
     -2.71299    208.49604      0.00000      0.00000
     -2.70299    193.16183      0.00000      0.00000
     -2.69299    203.66021      0.00000      0.00000
     -2.68299    196.56061      0.00000      0.00000
     -2.67299    187.01264      0.00000      0.00000
     -2.66299    191.57738      0.00000      0.00000
     -2.65299    205.11244      0.00000      0.00000
     -2.64299    210.38812      0.00000      0.00000
     -2.63299    200.07235      0.00000      0.00000
     -2.62299    200.37287      0.00000      0.00000
     -2.61299    209.39551      0.00000      0.00000
     -2.60299    207.49681      0.00000      0.00000
     -2.59299    216.91662      0.00000      0.00000
     -2.58299    250.24107      0.00000      0.00000
     -2.57299    264.79896      0.00000      0.00000
     -2.56299    263.95348      0.00000      0.00000
     -2.55299    246.25684      0.00000      0.00000
     -2.54299    219.04389      0.00000      0.00000
     -2.53299    224.97426      0.00000      0.00000
     -2.52299    245.50125      0.00000      0.00000
     -2.51299    252.59995      0.00000      0.00000
     -2.50299    265.16321      0.00000      0.00000
     -2.49299    297.22406      0.00000      0.00000
     -2.48299    322.23877      0.00000      0.00000
     -2.47299    337.11431      0.00000      0.00000
     -2.46299    359.19531      0.00000      0.00000
     -2.45299    376.02949      0.00000      0.00000
     -2.44299    364.23204      0.00000      0.00000
     -2.43299    305.22777      0.00000      0.00000
     -2.42299    242.94564      0.00000      0.00000
     -2.41299    209.63007      0.00000      0.00000
     -2.40299    194.14619      0.00000      0.00000
     -2.39299    203.89443      0.00000      0.00000
     -2.38299    229.71462      0.00000      0.00000
     -2.37299    268.33928      0.00000      0.00000
     -2.36299    320.93347      0.00000      0.00000
     -2.35299    351.53495      0.00000      0.00000
     -2.34299    321.91876      0.00000      0.00000
     -2.33299    286.52193      0.00000      0.00000
     -2.32299    270.36046      0.00000      0.00000
     -2.31299    284.84370      0.00000      0.00000
     -2.30299    347.77016      0.00000      0.00000
     -2.29299    397.96444      0.00000      0.00000
     -2.28299    391.85318      0.00000      0.00000
     -2.27299    363.24864      0.00000      0.00000
     -2.26299    356.08697      0.00000      0.00000
     -2.25299    367.57290      0.00000      0.00000
     -2.24299    363.01831      0.00000      0.00000
     -2.23299    314.87684      0.00000      0.00000
     -2.22299    256.84897      0.00000      0.00000
     -2.21299    204.06454      0.00000      0.00000
     -2.20299    124.26759      0.00000      0.00000
     -2.19299     56.34125      0.00000      0.00000
     -2.18299     32.29362      0.00000      0.00000
     -2.17299     30.91255      0.00000      0.00000
     -2.16299     40.85398      0.00000      0.00000
     -2.15299     46.73410      0.00000      0.00000
     -2.14299     28.76812      0.00000      0.00000
     -2.13299      7.34819      0.00000      0.00000
     -2.12299      0.71756      0.00000      0.00000
     -2.11299      0.02624      0.00000      0.00000
     -2.10299      0.00036      0.00000      0.00000
     -2.09299      0.00000      0.00000      0.00000
     -2.08299      0.00000      0.00000      0.00000
     -2.07299      0.00000      0.00000      0.00000
     -2.06299      0.00000      0.00000      0.00000
     -2.05299      0.00000      0.00000      0.00000
     -2.04299      0.00000      0.00000      0.00000
     -2.03299      0.00000      0.00000      0.00000
     -2.02299      0.00000      0.00000      0.00000
     -2.01299      0.00000      0.00000      0.00000
     -2.00299      0.00000      0.00000      0.00000
     -1.99299      0.00000      0.00000      0.00000
     -1.98299      0.00000      0.00000      0.00000
     -1.97299      0.00000      0.00000      0.00000
     -1.96299      0.00000      0.00000      0.00000
     -1.95299      0.00000      0.00000      0.00000
     -1.94299      0.00000      0.00000      0.00000
     -1.93299      0.00000      0.00000      0.00000
     -1.92299      0.00000      0.00000      0.00000
     -1.91299      0.00000      0.00000      0.00000
     -1.90299      0.00000      0.00000      0.00000
     -1.89299      0.00000      0.00000      0.00000
     -1.88299      0.00000      0.00000      0.00000
     -1.87299      0.00000      0.00000      0.00000
     -1.86299      0.00000      0.00000      0.00000
     -1.85299      0.00000      0.00000      0.00000
     -1.84299      0.00000      0.00000      0.00000
     -1.83299      0.00000      0.00000      0.00000
     -1.82299      0.00000      0.00000      0.00000
     -1.81299      0.00000      0.00000      0.00000
     -1.80299      0.00000      0.00000      0.00000
     -1.79299      0.00000      0.00000      0.00000
     -1.78299      0.00000      0.00000      0.00000
     -1.77299      0.00000      0.00000      0.00000
     -1.76299      0.00000      0.00000      0.00000
     -1.75299      0.00000      0.00000      0.00000
     -1.74299      0.00000      0.00000      0.00000
     -1.73299      0.00000      0.00000      0.00000
     -1.72299      0.00000      0.00000      0.00000
     -1.71299      0.00000      0.00000      0.00000
     -1.70299      0.00072      0.00000      0.00000
     -1.69299      0.04073      0.00000      0.00000
     -1.68299      0.85168      0.00000      0.00000
     -1.67299      6.85599      0.00000      0.00000
     -1.66299     23.75593      0.00000      0.00000
     -1.65299     46.82338      0.00000      0.00000
     -1.64299     68.91158      0.00000      0.00000
     -1.63299     76.74625      0.00000      0.00000
     -1.62299     78.84700      0.00000      0.00000
     -1.61299     88.01142      0.00000      0.00000
     -1.60299     81.81727      0.00000      0.00000
     -1.59299     59.07086      0.00000      0.00000
     -1.58299     37.79549      0.00000      0.00000
     -1.57299     30.21550      0.00000      0.00000
     -1.56299     48.12671      0.00000      0.00000
     -1.55299     98.37372      0.00000      0.00000
     -1.54299    143.63373      0.00000      0.00000
     -1.53299    151.47143      0.00000      0.00000
     -1.52299    122.68070      0.00000      0.00000
     -1.51299     94.96861      0.00000      0.00000
     -1.50299     75.22922      0.00000      0.00000
     -1.49299     50.84623      0.00000      0.00000
     -1.48299     44.70542      0.00000      0.00000
     -1.47299     80.56111      0.00000      0.00000
     -1.46299    141.77888      0.00000      0.00000
     -1.45299    188.38634      0.00000      0.00000
     -1.44299    197.23270      0.00000      0.00000
     -1.43299    176.74517      0.00000      0.00000
     -1.42299    133.82112      0.00000      0.00000
     -1.41299    101.78354      0.00000      0.00000
     -1.40299     99.27632      0.00000      0.00000
     -1.39299    124.81500      0.00000      0.00000
     -1.38299    179.97729      0.00000      0.00000
     -1.37299    223.27037      0.00000      0.00000
     -1.36299    223.44459      0.00000      0.00000
     -1.35299    201.80908      0.00000      0.00000
     -1.34299    183.24610      0.00000      0.00000
     -1.33299    196.87641      0.00000      0.00000
     -1.32299    233.45949      0.00000      0.00000
     -1.31299    236.27109      0.00000      0.00000
     -1.30299    235.43173      0.00000      0.00000
     -1.29299    245.44011      0.00000      0.00000
     -1.28299    222.43237      0.00000      0.00000
     -1.27299    190.05181      0.00000      0.00000
     -1.26299    182.29294      0.00000      0.00000
     -1.25299    201.29456      0.00000      0.00000
     -1.24299    214.19123      0.00000      0.00000
     -1.23299    203.52362      0.00000      0.00000
     -1.22299    175.88810      0.00000      0.00000
     -1.21299    169.05813      0.00000      0.00000
     -1.20299    175.97730      0.00000      0.00000
     -1.19299    172.63740      0.00000      0.00000
     -1.18299    175.11485      0.00000      0.00000
     -1.17299    193.55640      0.00000      0.00000
     -1.16299    199.02420      0.00000      0.00000
     -1.15299    180.41119      0.00000      0.00000
     -1.14299    158.32673      0.00000      0.00000
     -1.13299    164.43633      0.00000      0.00000
     -1.12299    163.08132      0.00000      0.00000
     -1.11299    121.87545      0.00000      0.00000
     -1.10299     95.27429      0.00000      0.00000
     -1.09299    103.37757      0.00000      0.00000
     -1.08299    134.15757      0.00000      0.00000
     -1.07299    157.61634      0.00000      0.00000
     -1.06299    148.61688      0.00000      0.00000
     -1.05299    145.39039      0.00000      0.00000
     -1.04299    173.29745      0.00000      0.00000
     -1.03299    211.54885      0.00000      0.00000
     -1.02299    232.49934      0.00000      0.00000
     -1.01299    229.84983      0.00000      0.00000
     -1.00299    215.22270      0.00000      0.00000
     -0.99299    207.95937      0.00000      0.00000
     -0.98299    217.68672      0.00000      0.00000
     -0.97299    224.91233      0.00000      0.00000
     -0.96299    219.33901      0.00000      0.00000
     -0.95299    241.59105      0.00000      0.00000
     -0.94299    279.40760      0.00000      0.00000
     -0.93299    272.17853      0.00000      0.00000
     -0.92299    198.38380      0.00000      0.00000
     -0.91299    131.80937      0.00000      0.00000
     -0.90299    114.76738      0.00000      0.00000
     -0.89299    129.89882      0.00000      0.00000
     -0.88299    152.11779      0.00000      0.00000
     -0.87299    165.15702      0.00000      0.00000
     -0.86299    163.08788      0.00000      0.00000
     -0.85299    161.25184      0.00000      0.00000
     -0.84299    162.17447      0.00000      0.00000
     -0.83299    140.01286      0.00000      0.00000
     -0.82299    129.31027      0.00000      0.00000
     -0.81299    150.20018      0.00000      0.00000
     -0.80299    173.11455      0.00000      0.00000
     -0.79299    163.20072      0.00000      0.00000
     -0.78299    145.26212      0.00000      0.00000
     -0.77299    147.71821      0.00000      0.00000
     -0.76299    156.53803      0.00000      0.00000
     -0.75299    143.75377      0.00000      0.00000
     -0.74299    120.21357      0.00000      0.00000
     -0.73299    116.13856      0.00000      0.00000
     -0.72299    115.71328      0.00000      0.00000
     -0.71299    111.80358      0.00000      0.00000
     -0.70299    140.33428      0.00000      0.00000
     -0.69299    178.22126      0.00000      0.00000
     -0.68299    164.79798      0.00000      0.00000
     -0.67299    118.15868      0.00000      0.00000
     -0.66299    101.60765      0.00000      0.00000
     -0.65299     99.12722      0.00000      0.00000
     -0.64299     82.19306      0.00000      0.00000
     -0.63299     72.91531      0.00000      0.00000
     -0.62299     76.96734      0.00000      0.00000
     -0.61299     78.91040      0.00000      0.00000
     -0.60299     79.34170      0.00000      0.00000
     -0.59299     95.15646      0.00000      0.00000
     -0.58299    111.60750      0.00000      0.00000
     -0.57299    123.49245      0.00000      0.00000
     -0.56299    134.64522      0.00000      0.00000
     -0.55299    134.73985      0.00000      0.00000
     -0.54299    133.68752      0.00000      0.00000
     -0.53299    135.66352      0.00000      0.00000
     -0.52299    125.31592      0.00000      0.00000
     -0.51299    112.21301      0.00000      0.00000
     -0.50299    101.15527      0.00000      0.00000
     -0.49299     84.88016      0.00000      0.00000
     -0.48299     76.86490      0.00000      0.00000
     -0.47299     75.07812      0.00000      0.00000
     -0.46299     67.19322      0.00000      0.00000
     -0.45299     79.77459      0.00000      0.00000
     -0.44299     96.94423      0.00000      0.00000
     -0.43299     96.42272      0.00000      0.00000
     -0.42299     84.78316      0.00000      0.00000
     -0.41299     77.39470      0.00000      0.00000
     -0.40299     88.51616      0.00000      0.00000
     -0.39299    100.80207      0.00000      0.00000
     -0.38299     83.46131      0.00000      0.00000
     -0.37299     56.39055      0.00000      0.00000
     -0.36299     57.77023      0.00000      0.00000
     -0.35299     65.69514      0.00000      0.00000
     -0.34299     58.40660      0.00000      0.00000
     -0.33299     63.38265      0.00000      0.00000
     -0.32299     82.68410      0.00000      0.00000
     -0.31299     79.74694      0.00000      0.00000
     -0.30299     74.02277      0.00000      0.00000
     -0.29299     99.62785      0.00000      0.00000
     -0.28299    117.45285      0.00000      0.00000
     -0.27299    121.45841      0.00000      0.00000
     -0.26299    125.03935      0.00000      0.00000
     -0.25299    100.45158      0.00000      0.00000
     -0.24299     69.40237      0.00000      0.00000
     -0.23299     56.77362      0.00000      0.00000
     -0.22299     41.18306      0.00000      0.00000
     -0.21299     16.73845      0.00000      0.00000
     -0.20299      3.06186      0.00000      0.00000
     -0.19299      0.86711      0.00000      0.00000
     -0.18299      5.60100      0.00000      0.00000
     -0.17299     19.89849      0.00000      0.00000
     -0.16299     36.78344      0.00000      0.00000
     -0.15299     46.07758      0.00000      0.00000
     -0.14299     39.12047      0.00000      0.00000
     -0.13299     28.37140      0.00000      0.00000
     -0.12299     18.15470      0.00000      0.00000
     -0.11299     12.69489      0.00000      0.00000
     -0.10299     33.92170      0.00000      0.00000
     -0.09299     58.18273      0.00000      0.00000
     -0.08299     42.72577      0.00000      0.00000
     -0.07299     27.49918      0.00000      0.00000
     -0.06299     35.86157      0.00000      0.00000
     -0.05299     30.79088      0.00000      0.00000
     -0.04299     11.77745      0.00000      0.00000
     -0.03299      3.41441      0.00000      0.00000
     -0.02299     13.08347      0.00000      0.00000
     -0.01299     42.82224      0.00000      0.00000
     -0.00299     62.14827      0.00000      0.00000
      0.00701     48.37176      0.00000      0.00000
      0.01701     24.32207      0.00000      0.00000
      0.02701      6.83332      0.00000      0.00000
      0.03701      0.83505      0.00000      0.00000
      0.04701      0.04311      0.00000      0.00000
      0.05701      0.14082      0.00000      0.00000
      0.06701      1.98149      0.00000      0.00000
      0.07701     10.30791      0.00000      0.00000
      0.08701     19.72673      0.00000      0.00000
      0.09701     13.88817      0.00000      0.00000
      0.10701      3.59700      0.00000      0.00000
      0.11701      0.34272      0.00000      0.00000
      0.12701      0.01201      0.00000      0.00000
      0.13701      0.00015      0.00000      0.00000
      0.14701      0.00000      0.00000      0.00000
      0.15701      0.00000      0.00000      0.00000
      0.16701      0.00000      0.00000      0.00000
      0.17701      0.00000      0.00000      0.00000
      0.18701      0.00000      0.00000      0.00000
      0.19701      0.00000      0.00000      0.00000
      0.20701      0.00000      0.00000      0.00000
      0.21701      0.00000      0.00000      0.00000
      0.22701      0.00000      0.00000      0.00000
      0.23701      0.00000      0.00000      0.00000
      0.24701      0.00000      0.00000      0.00000
      0.25701      0.00000      0.00000      0.00000
      0.26701      0.00000      0.00000      0.00000
      0.27701      0.00000      0.00000      0.00000
      0.28701      0.00000      0.00000      0.00000
      0.29701      0.00000      0.00000      0.00000
      0.30701      0.00000      0.00000      0.00000
      0.31701      0.00000      0.00000      0.00000
      0.32701      0.00000      0.00000      0.00000
      0.33701      0.00000      0.00000      0.00000
      0.34701      0.00000      0.00000      0.00000
      0.35701      0.00000      0.00000      0.00000
      0.36701      0.00000      0.00000      0.00000
      0.37701      0.00000      0.00000      0.00000
      0.38701      0.00000      0.00000      0.00000
      0.39701      0.00000      0.00000      0.00000
      0.40701      0.00000      0.00000      0.00000
      0.41701      0.00000      0.00000      0.00000
      0.42701      0.00000      0.00000      0.00000
      0.43701      0.00000      0.00000      0.00000
      0.44701      0.00000      0.00000      0.00000
      0.45701      0.00000      0.00000      0.00000
      0.46701      0.00000      0.00000      0.00000
      0.47701      0.00000      0.00000      0.00000
      0.48701      0.00000      0.00000      0.00000
      0.49701      0.00000      0.00000      0.00000
      0.50701      0.00000      0.00000      0.00000
      0.51701      0.00000      0.00000      0.00000
      0.52701      0.00000      0.00000      0.00000
      0.53701      0.00000      0.00000      0.00000
      0.54701      0.00000      0.00000      0.00000
      0.55701      0.00000      0.00000      0.00000
      0.56701      0.00000      0.00000      0.00000
      0.57701      0.00000      0.00000      0.00000
      0.58701      0.00000      0.00000      0.00000
      0.59701      0.00000      0.00000      0.00000
      0.60701      0.00000      0.00000      0.00000
      0.61701      0.00000      0.00000      0.00000
      0.62701      0.00000      0.00000      0.00000
      0.63701      0.00000      0.00000      0.00000
      0.64701      0.00000      0.00000      0.00000
      0.65701      0.00000      0.00000      0.00000
      0.66701      0.00000      0.00000      0.00000
      0.67701      0.00000      0.00000      0.00000
      0.68701      0.00000      0.00000      0.00000
      0.69701      0.00000      0.00000      0.00000
      0.70701      0.00000      0.00000      0.00000
      0.71701      0.00000      0.00000      0.00000
      0.72701      0.00000      0.00000      0.00000
      0.73701      0.00000      0.00000      0.00000
      0.74701      0.00000      0.00000      0.00000
      0.75701      0.00000      0.00000      0.00000
      0.76701      0.00000      0.00000      0.00000
      0.77701      0.00000      0.00000      0.00000
      0.78701      0.00000      0.00000      0.00000
      0.79701      0.00000      0.00000      0.00000
      0.80701      0.00000      0.00000      0.00000
      0.81701      0.00000      0.00000      0.00000
      0.82701      0.00000      0.00000      0.00000
      0.83701      0.00000      0.00000      0.00000
      0.84701      0.00000      0.00000      0.00000
      0.85701      0.00000      0.00000      0.00000
      0.86701      0.00000      0.00000      0.00000
      0.87701      0.00000      0.00000      0.00000
      0.88701      0.00000      0.00000      0.00000
      0.89701      0.00000      0.00000      0.00000
      0.90701      0.00000      0.00000      0.00000
      0.91701      0.00000      0.00000      0.00000
      0.92701      0.00000      0.00000      0.00000
      0.93701      0.00000      0.00000      0.00000
      0.94701      0.00000      0.00000      0.00000
      0.95701      0.00000      0.00000      0.00000
      0.96701      0.00000      0.00000      0.00000
      0.97701      0.00000      0.00000      0.00000
      0.98701      0.00000      0.00000      0.00000
      0.99701      0.00000      0.00000      0.00000
      1.00701      0.00000      0.00000      0.00000
      1.01701      0.00000      0.00000      0.00000
      1.02701      0.00000      0.00000      0.00000
      1.03701      0.00000      0.00000      0.00000
      1.04701      0.00000      0.00000      0.00000
      1.05701      0.00000      0.00000      0.00000
      1.06701      0.00000      0.00000      0.00000
      1.07701      0.00000      0.00000      0.00000
      1.08701      0.00000      0.00000      0.00000
      1.09701      0.00000      0.00000      0.00000
      1.10701      0.00000      0.00000      0.00000
      1.11701      0.00000      0.00000      0.00000
      1.12701      0.00000      0.00000      0.00000
      1.13701      0.00000      0.00000      0.00000
      1.14701      0.00000      0.00000      0.00000
      1.15701      0.00000      0.00000      0.00000
      1.16701      0.00000      0.00000      0.00000
      1.17701      0.00000      0.00000      0.00000
      1.18701      0.00000      0.00000      0.00000
      1.19701      0.00000      0.00000      0.00000
      1.20701      0.00000      0.00000      0.00000
      1.21701      0.00000      0.00000      0.00000
      1.22701      0.00000      0.00000      0.00000
      1.23701      0.00000      0.00000      0.00000
      1.24701      0.00000      0.00000      0.00000
      1.25701      0.00000      0.00000      0.00000
      1.26701      0.00000      0.00000      0.00000
      1.27701      0.00000      0.00000      0.00000
      1.28701      0.00000      0.00000      0.00000
      1.29701      0.00000      0.00000      0.00000
      1.30701      0.00000      0.00000      0.00000
      1.31701      0.00000      0.00000      0.00000
      1.32701      0.00000      0.00000      0.00000
      1.33701      0.00000      0.00000      0.00000
      1.34701      0.00000      0.00000      0.00000
      1.35701      0.00000      0.00000      0.00000
      1.36701      0.00000      0.00000      0.00000
      1.37701      0.00000      0.00000      0.00000
      1.38701      0.00000      0.00000      0.00000
      1.39701      0.00000      0.00000      0.00000
      1.40701      0.00000      0.00000      0.00000
      1.41701      0.00000      0.00000      0.00000
      1.42701      0.00000      0.00000      0.00000
      1.43701      0.00000      0.00000      0.00000
      1.44701      0.00000      0.00000      0.00000
      1.45701      0.00000      0.00000      0.00000
      1.46701      0.00000      0.00000      0.00000
      1.47701      0.00000      0.00000      0.00000
      1.48701      0.00000      0.00000      0.00000
      1.49701      0.00000      0.00000      0.00000
      1.50701      0.00000      0.00000      0.00000
      1.51701      0.00000      0.00000      0.00000
      1.52701      0.00000      0.00000      0.00000
      1.53701      0.00000      0.00000      0.00000
      1.54701      0.00000      0.00000      0.00000
      1.55701      0.00000      0.00000      0.00000
      1.56701      0.00000      0.00000      0.00000
      1.57701      0.00000      0.00000      0.00000
      1.58701      0.00000      0.00000      0.00000
      1.59701      0.00000      0.00000      0.00000
      1.60701      0.00000      0.00000      0.00000
      1.61701      0.00000      0.00000      0.00000
      1.62701      0.00000      0.00000      0.00000
      1.63701      0.00000      0.00000      0.00000
      1.64701      0.00000      0.00000      0.00000
      1.65701      0.00000      0.00000      0.00000
      1.66701      0.00000      0.00000      0.00000
      1.67701      0.00000      0.00000      0.00000
      1.68701      0.00000      0.00000      0.00000
      1.69701      0.00000      0.00000      0.00000
      1.70701      0.00000      0.00000      0.00000
      1.71701      0.00000      0.00000      0.00000
      1.72701      0.00000      0.00000      0.00000
      1.73701      0.00000      0.00000      0.00000
      1.74701      0.00000      0.00000      0.00000
      1.75701      0.00000      0.00000      0.00000
      1.76701      0.00000      0.00000      0.00000
      1.77701      0.00000      0.00000      0.00000
      1.78701      0.00000      0.00000      0.00000
      1.79701      0.00000      0.00000      0.00000
      1.80701      0.00000      0.00000      0.00000
      1.81701      0.00527      0.00000      0.00000
      1.82701      0.21877      0.00000      0.00000
      1.83701      3.35075      0.00000      0.00000
      1.84701     19.10337      0.00000      0.00000
      1.85701     43.14438      0.00000      0.00000
      1.86701     51.03994      0.00000      0.00000
      1.87701     47.91873      0.00000      0.00000
      1.88701     27.80089      0.00000      0.00000
      1.89701      6.77513      0.00000      0.00000
      1.90701      0.62134      0.00000      0.00000
      1.91701      0.02104      0.00000      0.00000
      1.92701      0.00026      0.00000      0.00000
      1.93701      0.00000      0.00000      0.00000
      1.94701      0.00000      0.00000      0.00000
      1.95701      0.00000      0.00000      0.00000
      1.96701      0.00000      0.00000      0.00000
      1.97701      0.00000      0.00000      0.00000
      1.98701      0.00000      0.00000      0.00000
      1.99701      0.00000      0.00000      0.00000
      2.00701      0.00000      0.00000      0.00000
      2.01701      0.00000      0.00000      0.00000
      2.02701      0.00038      0.00000      0.00000
      2.03701      0.02799      0.00000      0.00000
      2.04701      0.76822      0.00000      0.00000
      2.05701      7.79822      0.00000      0.00000
      2.06701     30.06123      0.00000      0.00000
      2.07701     50.23374      0.00000      0.00000
      2.08701     52.90368      0.00000      0.00000
      2.09701     40.48247      0.00000      0.00000
      2.10701     15.31627      0.00000      0.00000
      2.11701      2.27875      0.00000      0.00000
      2.12701      0.12638      0.00000      0.00000
      2.13701      0.00259      0.00000      0.00000
      2.14701      0.00000      0.00000      0.00000
      2.15701      0.00000      0.00000      0.00000
      2.16701      0.00000      0.00000      0.00000
      2.17701      0.00000      0.00000      0.00000
      2.18701      0.00000      0.00000      0.00000
      2.19701      0.00000      0.00000      0.00000
      2.20701      0.00000      0.00000      0.00000
      2.21701      0.00000      0.00000      0.00000
      2.22701      0.00000      0.00000      0.00000
      2.23701      0.00000      0.00000      0.00000
      2.24701      0.00000      0.00000      0.00000
      2.25701      0.00000      0.00000      0.00000
      2.26701      0.00000      0.00000      0.00000
      2.27701      0.00000      0.00000      0.00000
      2.28701      0.00000      0.00000      0.00000
      2.29701      0.00000      0.00000      0.00000
      2.30701      0.00000      0.00000      0.00000
      2.31701      0.00000      0.00000      0.00000
      2.32701      0.00000      0.00000      0.00000
      2.33701      0.00000      0.00000      0.00000
      2.34701      0.00000      0.00000      0.00000
      2.35701      0.00000      0.00000      0.00000
      2.36701      0.00000      0.00000      0.00000
      2.37701      0.00000      0.00000      0.00000
      2.38701      0.00000      0.00000      0.00000
      2.39701      0.00000      0.00000      0.00000
      2.40701      0.00000      0.00000      0.00000
      2.41701      0.00000      0.00000      0.00000
      2.42701      0.00000      0.00000      0.00000
      2.43701      0.00000      0.00000      0.00000
      2.44701      0.00000      0.00000      0.00000
      2.45701      0.00000      0.00000      0.00000
      2.46701      0.00000      0.00000      0.00000
      2.47701      0.00000      0.00000      0.00000
      2.48701      0.00000      0.00000      0.00000
      2.49701      0.00000      0.00000      0.00000
      2.50701      0.00559      0.00000      0.00000
      2.51701      0.19369      0.00000      0.00000
      2.52701      2.47419      0.00000      0.00000
      2.53701     11.82150      0.00000      0.00000
      2.54701     23.32634      0.00000      0.00000
      2.55701     30.86882      0.00000      0.00000
      2.56701     48.71915      0.00000      0.00000
      2.57701     64.71036      0.00000      0.00000
      2.58701     65.45892      0.00000      0.00000
      2.59701     57.21695      0.00000      0.00000
      2.60701     51.26982      0.00000      0.00000
      2.61701     61.91613      0.00000      0.00000
      2.62701     74.18515      0.00000      0.00000
      2.63701     78.36775      0.00000      0.00000
      2.64701     78.30144      0.00000      0.00000
      2.65701     72.43965      0.00000      0.00000
      2.66701     76.02989      0.00000      0.00000
      2.67701     71.90013      0.00000      0.00000
      2.68701     65.48212      0.00000      0.00000
      2.69701     98.31622      0.00000      0.00000
      2.70701    118.90942      0.00000      0.00000
      2.71701    116.33284      0.00000      0.00000
      2.72701    114.46725      0.00000      0.00000
      2.73701    104.92646      0.00000      0.00000
      2.74701    104.77327      0.00000      0.00000
      2.75701    118.57844      0.00000      0.00000
      2.76701    113.64627      0.00000      0.00000
      2.77701    127.03592      0.00000      0.00000
      2.78701    159.21435      0.00000      0.00000
      2.79701    153.40715      0.00000      0.00000
      2.80701    140.20232      0.00000      0.00000
      2.81701    135.39305      0.00000      0.00000
      2.82701    113.85404      0.00000      0.00000
      2.83701    124.45368      0.00000      0.00000
      2.84701    167.31834      0.00000      0.00000
      2.85701    192.93895      0.00000      0.00000
      2.86701    215.31677      0.00000      0.00000
      2.87701    252.79858      0.00000      0.00000
      2.88701    292.38074      0.00000      0.00000
      2.89701    308.87429      0.00000      0.00000
      2.90701    317.17328      0.00000      0.00000
      2.91701    346.45004      0.00000      0.00000
      2.92701    368.11917      0.00000      0.00000
      2.93701    347.24127      0.00000      0.00000
      2.94701    279.71901      0.00000      0.00000
      2.95701    246.93596      0.00000      0.00000
      2.96701    260.21198      0.00000      0.00000
      2.97701    257.71177      0.00000      0.00000
      2.98701    244.24039      0.00000      0.00000
      2.99701    227.64235      0.00000      0.00000
      3.00701    223.22592      0.00000      0.00000
      3.01701    241.23411      0.00000      0.00000
      3.02701    240.71289      0.00000      0.00000
      3.03701    212.09208      0.00000      0.00000
      3.04701    184.34515      0.00000      0.00000
      3.05701    172.95119      0.00000      0.00000
      3.06701    207.48348      0.00000      0.00000
      3.07701    242.84425      0.00000      0.00000
      3.08701    245.35176      0.00000      0.00000
      3.09701    241.00469      0.00000      0.00000
      3.10701    220.50670      0.00000      0.00000
      3.11701    208.18429      0.00000      0.00000
      3.12701    211.51683      0.00000      0.00000
      3.13701    219.12590      0.00000      0.00000
      3.14701    216.91583      0.00000      0.00000
      3.15701    203.57559      0.00000      0.00000
      3.16701    189.29597      0.00000      0.00000
      3.17701    182.76689      0.00000      0.00000
      3.18701    215.49386      0.00000      0.00000
      3.19701    266.16312      0.00000      0.00000
      3.20701    301.89410      0.00000      0.00000
      3.21701    303.65956      0.00000      0.00000
      3.22701    279.80801      0.00000      0.00000
      3.23701    282.98072      0.00000      0.00000
      3.24701    303.71856      0.00000      0.00000
      3.25701    300.90885      0.00000      0.00000
      3.26701    291.04427      0.00000      0.00000
      3.27701    277.67903      0.00000      0.00000
      3.28701    271.24523      0.00000      0.00000
      3.29701    289.87523      0.00000      0.00000
      3.30701    321.05693      0.00000      0.00000
      3.31701    359.59597      0.00000      0.00000
      3.32701    386.45466      0.00000      0.00000
      3.33701    418.57468      0.00000      0.00000
      3.34701    455.55666      0.00000      0.00000
      3.35701    449.65813      0.00000      0.00000
      3.36701    408.45850      0.00000      0.00000
      3.37701    367.66254      0.00000      0.00000
      3.38701    332.97175      0.00000      0.00000
      3.39701    309.71348      0.00000      0.00000
      3.40701    307.63923      0.00000      0.00000
      3.41701    322.15534      0.00000      0.00000
      3.42701    332.80724      0.00000      0.00000
      3.43701    333.65364      0.00000      0.00000
      3.44701    336.79104      0.00000      0.00000
      3.45701    329.99642      0.00000      0.00000
      3.46701    311.99836      0.00000      0.00000
      3.47701    319.16100      0.00000      0.00000
      3.48701    319.19283      0.00000      0.00000
      3.49701    293.04933      0.00000      0.00000
      3.50701    280.34398      0.00000      0.00000
      3.51701    284.95213      0.00000      0.00000
      3.52701    284.81674      0.00000      0.00000
      3.53701    281.75786      0.00000      0.00000
      3.54701    293.84183      0.00000      0.00000
      3.55701    300.62417      0.00000      0.00000
      3.56701    269.06118      0.00000      0.00000
      3.57701    233.46891      0.00000      0.00000
      3.58701    222.97983      0.00000      0.00000
      3.59701    216.12373      0.00000      0.00000
      3.60701    185.96300      0.00000      0.00000
      3.61701    168.99087      0.00000      0.00000
      3.62701    177.27000      0.00000      0.00000
      3.63701    209.64619      0.00000      0.00000
      3.64701    235.09670      0.00000      0.00000
      3.65701    237.88152      0.00000      0.00000
      3.66701    230.48278      0.00000      0.00000
      3.67701    207.05199      0.00000      0.00000
      3.68701    188.57292      0.00000      0.00000
      3.69701    173.10067      0.00000      0.00000
      3.70701    176.62281      0.00000      0.00000
      3.71701    207.31500      0.00000      0.00000
      3.72701    232.48181      0.00000      0.00000
      3.73701    231.29214      0.00000      0.00000
      3.74701    241.63295      0.00000      0.00000
      3.75701    250.71285      0.00000      0.00000
      3.76701    245.90642      0.00000      0.00000
      3.77701    271.09582      0.00000      0.00000
      3.78701    318.98338      0.00000      0.00000
      3.79701    350.80717      0.00000      0.00000
      3.80701    369.08253      0.00000      0.00000
      3.81701    377.19409      0.00000      0.00000
      3.82701    377.05857      0.00000      0.00000
      3.83701    372.37498      0.00000      0.00000
      3.84701    366.81699      0.00000      0.00000
      3.85701    332.59312      0.00000      0.00000
      3.86701    290.41562      0.00000      0.00000
      3.87701    275.32732      0.00000      0.00000
      3.88701    272.00038      0.00000      0.00000
      3.89701    264.73844      0.00000      0.00000
      3.90701    255.27337      0.00000      0.00000
      3.91701    255.33821      0.00000      0.00000
      3.92701    230.79724      0.00000      0.00000
      3.93701    182.19191      0.00000      0.00000
      3.94701    142.91100      0.00000      0.00000
      3.95701    137.38486      0.00000      0.00000
      3.96701    145.42304      0.00000      0.00000
      3.97701    154.94072      0.00000      0.00000
      3.98701    165.71406      0.00000      0.00000
      3.99701    170.94989      0.00000      0.00000
      4.00701    213.49049      0.00000      0.00000
      4.01701    269.37506      0.00000      0.00000
      4.02701    273.07202      0.00000      0.00000
      4.03701    248.67212      0.00000      0.00000
      4.04701    242.92410      0.00000      0.00000
      4.05701    239.60048      0.00000      0.00000
      4.06701    227.58007      0.00000      0.00000
      4.07701    206.00171      0.00000      0.00000
      4.08701    200.76770      0.00000      0.00000
      4.09701    203.92333      0.00000      0.00000
      4.10701    218.78591      0.00000      0.00000
      4.11701    252.56699      0.00000      0.00000
      4.12701    295.34906      0.00000      0.00000
      4.13701    348.03875      0.00000      0.00000
      4.14701    398.91371      0.00000      0.00000
      4.15701    397.37997      0.00000      0.00000
      4.16701    361.01437      0.00000      0.00000
      4.17701    346.67732      0.00000      0.00000
      4.18701    385.08273      0.00000      0.00000
      4.19701    448.35743      0.00000      0.00000
      4.20701    455.51009      0.00000      0.00000
      4.21701    418.46544      0.00000      0.00000
      4.22701    418.77638      0.00000      0.00000
      4.23701    437.61878      0.00000      0.00000
      4.24701    420.92741      0.00000      0.00000
      4.25701    383.23553      0.00000      0.00000
      4.26701    326.85525      0.00000      0.00000
      4.27701    278.04161      0.00000      0.00000
      4.28701    275.53524      0.00000      0.00000
      4.29701    282.01483      0.00000      0.00000
      4.30701    286.93478      0.00000      0.00000
      4.31701    329.14797      0.00000      0.00000
      4.32701    378.42370      0.00000      0.00000
      4.33701    393.78308      0.00000      0.00000
      4.34701    367.79939      0.00000      0.00000
      4.35701    350.56539      0.00000      0.00000
      4.36701    370.71768      0.00000      0.00000
      4.37701    361.77943      0.00000      0.00000
      4.38701    366.17381      0.00000      0.00000
      4.39701    368.94302      0.00000      0.00000
      4.40701    320.60426      0.00000      0.00000
      4.41701    251.15742      0.00000      0.00000
      4.42701    192.36951      0.00000      0.00000
      4.43701    177.44765      0.00000      0.00000
      4.44701    180.70505      0.00000      0.00000
      4.45701    189.36656      0.00000      0.00000
      4.46701    223.78125      0.00000      0.00000
      4.47701    266.43079      0.00000      0.00000
      4.48701    295.75341      0.00000      0.00000
      4.49701    295.77790      0.00000      0.00000
      4.50701    284.47243      0.00000      0.00000
      4.51701    279.13838      0.00000      0.00000
      4.52701    257.80326      0.00000      0.00000
      4.53701    245.49721      0.00000      0.00000
      4.54701    253.19030      0.00000      0.00000
      4.55701    257.09894      0.00000      0.00000
      4.56701    255.69171      0.00000      0.00000
      4.57701    253.47684      0.00000      0.00000
      4.58701    259.59866      0.00000      0.00000
      4.59701    276.91222      0.00000      0.00000
      4.60701    309.07931      0.00000      0.00000
      4.61701    326.07379      0.00000      0.00000
      4.62701    290.69936      0.00000      0.00000
      4.63701    242.92025      0.00000      0.00000
      4.64701    235.91426      0.00000      0.00000
      4.65701    259.91281      0.00000      0.00000
      4.66701    266.61194      0.00000      0.00000
      4.67701    245.52071      0.00000      0.00000
      4.68701    209.02535      0.00000      0.00000
      4.69701    172.01609      0.00000      0.00000
      4.70701    145.98251      0.00000      0.00000
      4.71701    124.02107      0.00000      0.00000
      4.72701    112.89042      0.00000      0.00000
      4.73701    121.59730      0.00000      0.00000
      4.74701    141.77341      0.00000      0.00000
      4.75701    163.59026      0.00000      0.00000
      4.76701    178.85687      0.00000      0.00000
      4.77701    176.50178      0.00000      0.00000
      4.78701    177.00731      0.00000      0.00000
      4.79701    186.17119      0.00000      0.00000
      4.80701    174.06619      0.00000      0.00000
      4.81701    147.42139      0.00000      0.00000
      4.82701    139.11859      0.00000      0.00000
      4.83701    137.60396      0.00000      0.00000
      4.84701    127.18630      0.00000      0.00000
      4.85701    136.87949      0.00000      0.00000
      4.86701    159.09779      0.00000      0.00000
      4.87701    163.73878      0.00000      0.00000
      4.88701    161.59470      0.00000      0.00000
      4.89701    180.10629      0.00000      0.00000
      4.90701    204.10676      0.00000      0.00000
      4.91701    201.26501      0.00000      0.00000
      4.92701    193.04954      0.00000      0.00000
      4.93701    175.18575      0.00000      0.00000
      4.94701    150.66588      0.00000      0.00000
      4.95701    141.13403      0.00000      0.00000
      4.96701    136.50835      0.00000      0.00000
      4.97701    149.72450      0.00000      0.00000
      4.98701    170.78834      0.00000      0.00000
