Energy-E_F (eV)    DOS (1/eV)    PDOS (1/eV)  of atom type W  S  
     -5.08888     83.85148      0.00000      0.00000
     -5.07888     62.50370      0.00000      0.00000
     -5.06888     66.24334      0.00000      0.00000
     -5.05888     81.71218      0.00000      0.00000
     -5.04888     45.27734      0.00000      0.00000
     -5.03888     50.41001      0.00000      0.00000
     -5.02888     64.54562      0.00000      0.00000
     -5.01888     80.79309      0.00000      0.00000
     -5.00888     82.05699      0.00000      0.00000
     -4.99888     97.05272      0.00000      0.00000
     -4.98888    122.32999      0.00000      0.00000
     -4.97888    147.30971      0.00000      0.00000
     -4.96888    124.44159      0.00000      0.00000
     -4.95888    145.26443      0.00000      0.00000
     -4.94888    192.25777      0.00000      0.00000
     -4.93888    173.69783      0.00000      0.00000
     -4.92888    195.19405      0.00000      0.00000
     -4.91888    232.66363      0.00000      0.00000
     -4.90888    262.23729      0.00000      0.00000
     -4.89888    293.28681      0.00000      0.00000
     -4.88888    262.55589      0.00000      0.00000
     -4.87888    241.30462      0.00000      0.00000
     -4.86888    227.06182      0.00000      0.00000
     -4.85888    207.03210      0.00000      0.00000
     -4.84888    259.26951      0.00000      0.00000
     -4.83888    257.54744      0.00000      0.00000
     -4.82888    181.76134      0.00000      0.00000
     -4.81888    148.37943      0.00000      0.00000
     -4.80888    139.84592      0.00000      0.00000
     -4.79888    131.50605      0.00000      0.00000
     -4.78888    112.58882      0.00000      0.00000
     -4.77888     99.42332      0.00000      0.00000
     -4.76888     96.92988      0.00000      0.00000
     -4.75888     87.35351      0.00000      0.00000
     -4.74888     73.85548      0.00000      0.00000
     -4.73888     75.47125      0.00000      0.00000
     -4.72888     54.52463      0.00000      0.00000
     -4.71888     38.29648      0.00000      0.00000
     -4.70888     41.30859      0.00000      0.00000
     -4.69888     62.65799      0.00000      0.00000
     -4.68888    133.40346      0.00000      0.00000
     -4.67888    206.82850      0.00000      0.00000
     -4.66888    247.63263      0.00000      0.00000
     -4.65888    305.97750      0.00000      0.00000
     -4.64888    432.25846      0.00000      0.00000
     -4.63888    586.67882      0.00000      0.00000
     -4.62888    652.28063      0.00000      0.00000
     -4.61888    562.19851      0.00000      0.00000
     -4.60888    474.89613      0.00000      0.00000
     -4.59888    461.02013      0.00000      0.00000
     -4.58888    467.78214      0.00000      0.00000
     -4.57888    453.99056      0.00000      0.00000
     -4.56888    415.91249      0.00000      0.00000
     -4.55888    391.42618      0.00000      0.00000
     -4.54888    376.59239      0.00000      0.00000
     -4.53888    355.05893      0.00000      0.00000
     -4.52888    344.56201      0.00000      0.00000
     -4.51888    304.96945      0.00000      0.00000
     -4.50888    251.81479      0.00000      0.00000
     -4.49888    241.43412      0.00000      0.00000
     -4.48888    266.68307      0.00000      0.00000
     -4.47888    262.18398      0.00000      0.00000
     -4.46888    231.80634      0.00000      0.00000
     -4.45888    202.99320      0.00000      0.00000
     -4.44888    207.27151      0.00000      0.00000
     -4.43888    166.54187      0.00000      0.00000
     -4.42888    139.81042      0.00000      0.00000
     -4.41888    160.42075      0.00000      0.00000
     -4.40888    160.94610      0.00000      0.00000
     -4.39888    136.04471      0.00000      0.00000
     -4.38888     93.86789      0.00000      0.00000
     -4.37888     89.82881      0.00000      0.00000
     -4.36888     87.62591      0.00000      0.00000
     -4.35888     92.89521      0.00000      0.00000
     -4.34888     92.53348      0.00000      0.00000
     -4.33888     68.15560      0.00000      0.00000
     -4.32888     38.33217      0.00000      0.00000
     -4.31888     44.31614      0.00000      0.00000
     -4.30888     47.36849      0.00000      0.00000
     -4.29888     49.50483      0.00000      0.00000
     -4.28888     66.30696      0.00000      0.00000
     -4.27888     32.91680      0.00000      0.00000
     -4.26888     20.62470      0.00000      0.00000
     -4.25888     43.49196      0.00000      0.00000
     -4.24888     63.32555      0.00000      0.00000
     -4.23888     61.12294      0.00000      0.00000
     -4.22888     56.48621      0.00000      0.00000
     -4.21888     53.10900      0.00000      0.00000
     -4.20888     42.91849      0.00000      0.00000
     -4.19888     79.52981      0.00000      0.00000
     -4.18888     73.52712      0.00000      0.00000
     -4.17888     87.83740      0.00000      0.00000
     -4.16888    100.39340      0.00000      0.00000
     -4.15888     99.52562      0.00000      0.00000
     -4.14888     90.77066      0.00000      0.00000
     -4.13888     96.02791      0.00000      0.00000
     -4.12888     77.11661      0.00000      0.00000
     -4.11888     66.48230      0.00000      0.00000
     -4.10888     42.89957      0.00000      0.00000
     -4.09888     74.87689      0.00000      0.00000
     -4.08888     85.29831      0.00000      0.00000
     -4.07888    137.44161      0.00000      0.00000
     -4.06888    136.25482      0.00000      0.00000
     -4.05888    114.24440      0.00000      0.00000
     -4.04888     87.27761      0.00000      0.00000
     -4.03888     84.96181      0.00000      0.00000
     -4.02888     95.63175      0.00000      0.00000
     -4.01888    105.19516      0.00000      0.00000
     -4.00888     92.44197      0.00000      0.00000
     -3.99888     59.92202      0.00000      0.00000
     -3.98888     72.11782      0.00000      0.00000
     -3.97888     82.18203      0.00000      0.00000
     -3.96888     88.01858      0.00000      0.00000
     -3.95888    117.31065      0.00000      0.00000
     -3.94888    103.87232      0.00000      0.00000
     -3.93888    107.34626      0.00000      0.00000
     -3.92888    108.54582      0.00000      0.00000
     -3.91888     83.74545      0.00000      0.00000
     -3.90888     43.46994      0.00000      0.00000
     -3.89888     39.04409      0.00000      0.00000
     -3.88888     80.21964      0.00000      0.00000
     -3.87888    153.22154      0.00000      0.00000
     -3.86888    225.79238      0.00000      0.00000
     -3.85888    202.67871      0.00000      0.00000
     -3.84888    142.52752      0.00000      0.00000
     -3.83888    156.47205      0.00000      0.00000
     -3.82888    184.42475      0.00000      0.00000
     -3.81888    190.50823      0.00000      0.00000
     -3.80888    158.98204      0.00000      0.00000
     -3.79888    147.44972      0.00000      0.00000
     -3.78888    140.54494      0.00000      0.00000
     -3.77888    181.23479      0.00000      0.00000
     -3.76888    232.03379      0.00000      0.00000
     -3.75888    271.34592      0.00000      0.00000
     -3.74888    296.94133      0.00000      0.00000
     -3.73888    252.67335      0.00000      0.00000
     -3.72888    180.90663      0.00000      0.00000
     -3.71888    171.09274      0.00000      0.00000
     -3.70888    218.06636      0.00000      0.00000
     -3.69888    242.59091      0.00000      0.00000
     -3.68888    284.92054      0.00000      0.00000
     -3.67888    259.52403      0.00000      0.00000
     -3.66888    247.20539      0.00000      0.00000
     -3.65888    284.39062      0.00000      0.00000
     -3.64888    350.50302      0.00000      0.00000
     -3.63888    372.07580      0.00000      0.00000
     -3.62888    388.48339      0.00000      0.00000
     -3.61888    426.98654      0.00000      0.00000
     -3.60888    442.82296      0.00000      0.00000
     -3.59888    406.67922      0.00000      0.00000
     -3.58888    356.45008      0.00000      0.00000
     -3.57888    282.87680      0.00000      0.00000
     -3.56888    264.70045      0.00000      0.00000
     -3.55888    259.77578      0.00000      0.00000
     -3.54888    254.68689      0.00000      0.00000
     -3.53888    255.57365      0.00000      0.00000
     -3.52888    226.55261      0.00000      0.00000
     -3.51888    179.57920      0.00000      0.00000
     -3.50888    153.75792      0.00000      0.00000
     -3.49888    167.90458      0.00000      0.00000
     -3.48888    210.01235      0.00000      0.00000
     -3.47888    204.91807      0.00000      0.00000
     -3.46888    227.95991      0.00000      0.00000
     -3.45888    186.48594      0.00000      0.00000
     -3.44888    108.88623      0.00000      0.00000
     -3.43888    103.35974      0.00000      0.00000
     -3.42888    131.72784      0.00000      0.00000
     -3.41888    156.73532      0.00000      0.00000
     -3.40888    164.91986      0.00000      0.00000
     -3.39888    203.64354      0.00000      0.00000
     -3.38888    254.67048      0.00000      0.00000
     -3.37888    218.14417      0.00000      0.00000
     -3.36888    182.77199      0.00000      0.00000
     -3.35888    241.06612      0.00000      0.00000
     -3.34888    230.40407      0.00000      0.00000
     -3.33888    169.10132      0.00000      0.00000
     -3.32888    167.25390      0.00000      0.00000
     -3.31888    182.49903      0.00000      0.00000
     -3.30888    144.04426      0.00000      0.00000
     -3.29888     87.45969      0.00000      0.00000
     -3.28888     91.61146      0.00000      0.00000
     -3.27888    108.79283      0.00000      0.00000
     -3.26888    150.38883      0.00000      0.00000
     -3.25888    151.47056      0.00000      0.00000
     -3.24888    199.99827      0.00000      0.00000
     -3.23888    211.68740      0.00000      0.00000
     -3.22888    169.28072      0.00000      0.00000
     -3.21888    146.88722      0.00000      0.00000
     -3.20888    156.09860      0.00000      0.00000
     -3.19888     86.69487      0.00000      0.00000
     -3.18888     67.60807      0.00000      0.00000
     -3.17888     68.90282      0.00000      0.00000
     -3.16888     82.70781      0.00000      0.00000
     -3.15888     96.82213      0.00000      0.00000
     -3.14888     84.94399      0.00000      0.00000
     -3.13888     94.71573      0.00000      0.00000
     -3.12888     57.16182      0.00000      0.00000
     -3.11888     68.34147      0.00000      0.00000
     -3.10888    121.48518      0.00000      0.00000
     -3.09888    127.07325      0.00000      0.00000
     -3.08888    112.84925      0.00000      0.00000
     -3.07888     82.77773      0.00000      0.00000
     -3.06888     67.75656      0.00000      0.00000
     -3.05888     74.32534      0.00000      0.00000
     -3.04888    110.74243      0.00000      0.00000
     -3.03888    107.97976      0.00000      0.00000
     -3.02888     99.42410      0.00000      0.00000
     -3.01888    100.35427      0.00000      0.00000
     -3.00888     93.57242      0.00000      0.00000
     -2.99888    117.15711      0.00000      0.00000
     -2.98888    140.61959      0.00000      0.00000
     -2.97888    136.20990      0.00000      0.00000
     -2.96888    117.93368      0.00000      0.00000
     -2.95888    123.43379      0.00000      0.00000
     -2.94888    137.62515      0.00000      0.00000
     -2.93888    154.76489      0.00000      0.00000
     -2.92888    126.20041      0.00000      0.00000
     -2.91888     71.30362      0.00000      0.00000
     -2.90888     52.04174      0.00000      0.00000
     -2.89888     94.42959      0.00000      0.00000
     -2.88888    140.11500      0.00000      0.00000
     -2.87888    121.46055      0.00000      0.00000
     -2.86888    118.82594      0.00000      0.00000
     -2.85888    115.00319      0.00000      0.00000
     -2.84888    141.51452      0.00000      0.00000
     -2.83888    120.77562      0.00000      0.00000
     -2.82888    149.99419      0.00000      0.00000
     -2.81888    214.36983      0.00000      0.00000
     -2.80888    191.66236      0.00000      0.00000
     -2.79888    193.43972      0.00000      0.00000
     -2.78888    175.95661      0.00000      0.00000
     -2.77888    172.10670      0.00000      0.00000
     -2.76888    128.53706      0.00000      0.00000
     -2.75888    156.52237      0.00000      0.00000
     -2.74888    192.64088      0.00000      0.00000
     -2.73888    150.40087      0.00000      0.00000
     -2.72888    136.93080      0.00000      0.00000
     -2.71888    133.74106      0.00000      0.00000
     -2.70888    122.74302      0.00000      0.00000
     -2.69888    105.35195      0.00000      0.00000
     -2.68888     95.20779      0.00000      0.00000
     -2.67888    106.00132      0.00000      0.00000
     -2.66888    137.61741      0.00000      0.00000
     -2.65888    141.01058      0.00000      0.00000
     -2.64888    122.57073      0.00000      0.00000
     -2.63888    143.91887      0.00000      0.00000
     -2.62888    178.24346      0.00000      0.00000
     -2.61888    188.04102      0.00000      0.00000
     -2.60888    182.66171      0.00000      0.00000
     -2.59888    151.07183      0.00000      0.00000
     -2.58888    107.74627      0.00000      0.00000
     -2.57888     99.03800      0.00000      0.00000
     -2.56888    103.04274      0.00000      0.00000
     -2.55888     86.72297      0.00000      0.00000
     -2.54888    109.87335      0.00000      0.00000
     -2.53888    123.54969      0.00000      0.00000
     -2.52888    102.36415      0.00000      0.00000
     -2.51888    123.22096      0.00000      0.00000
     -2.50888    117.70468      0.00000      0.00000
     -2.49888     89.15508      0.00000      0.00000
     -2.48888     97.37961      0.00000      0.00000
     -2.47888    122.64346      0.00000      0.00000
     -2.46888    134.76491      0.00000      0.00000
     -2.45888    176.57691      0.00000      0.00000
     -2.44888    237.85966      0.00000      0.00000
     -2.43888    277.00638      0.00000      0.00000
     -2.42888    269.67581      0.00000      0.00000
     -2.41888    280.76207      0.00000      0.00000
     -2.40888    236.17469      0.00000      0.00000
     -2.39888    222.88056      0.00000      0.00000
     -2.38888    248.11636      0.00000      0.00000
     -2.37888    267.98103      0.00000      0.00000
     -2.36888    261.76972      0.00000      0.00000
     -2.35888    231.69559      0.00000      0.00000
     -2.34888    198.30040      0.00000      0.00000
     -2.33888    219.59842      0.00000      0.00000
     -2.32888    253.36972      0.00000      0.00000
     -2.31888    283.15519      0.00000      0.00000
     -2.30888    352.00088      0.00000      0.00000
     -2.29888    444.13675      0.00000      0.00000
     -2.28888    504.86982      0.00000      0.00000
     -2.27888    454.50994      0.00000      0.00000
     -2.26888    378.95380      0.00000      0.00000
     -2.25888    338.29647      0.00000      0.00000
     -2.24888    316.27680      0.00000      0.00000
     -2.23888    311.59429      0.00000      0.00000
     -2.22888    309.36138      0.00000      0.00000
     -2.21888    303.59142      0.00000      0.00000
     -2.20888    275.64399      0.00000      0.00000
     -2.19888    306.72423      0.00000      0.00000
     -2.18888    299.46011      0.00000      0.00000
     -2.17888    253.76984      0.00000      0.00000
     -2.16888    276.25514      0.00000      0.00000
     -2.15888    308.09849      0.00000      0.00000
     -2.14888    299.50196      0.00000      0.00000
     -2.13888    291.55479      0.00000      0.00000
     -2.12888    283.02114      0.00000      0.00000
     -2.11888    254.05174      0.00000      0.00000
     -2.10888    151.35669      0.00000      0.00000
     -2.09888    135.68352      0.00000      0.00000
     -2.08888     92.07427      0.00000      0.00000
     -2.07888     71.24978      0.00000      0.00000
     -2.06888     89.86151      0.00000      0.00000
     -2.05888    147.19022      0.00000      0.00000
     -2.04888    165.23169      0.00000      0.00000
     -2.03888    134.20267      0.00000      0.00000
     -2.02888    107.83927      0.00000      0.00000
     -2.01888     99.27023      0.00000      0.00000
     -2.00888    115.50471      0.00000      0.00000
     -1.99888    147.39132      0.00000      0.00000
     -1.98888    139.87880      0.00000      0.00000
     -1.97888    143.43647      0.00000      0.00000
     -1.96888    150.72787      0.00000      0.00000
     -1.95888    158.61246      0.00000      0.00000
     -1.94888    160.62325      0.00000      0.00000
     -1.93888    155.93856      0.00000      0.00000
     -1.92888    135.31381      0.00000      0.00000
     -1.91888    142.18777      0.00000      0.00000
     -1.90888    130.53329      0.00000      0.00000
     -1.89888    170.35055      0.00000      0.00000
     -1.88888    187.88430      0.00000      0.00000
     -1.87888    166.45752      0.00000      0.00000
     -1.86888    142.51561      0.00000      0.00000
     -1.85888    158.70396      0.00000      0.00000
     -1.84888    193.84082      0.00000      0.00000
     -1.83888    174.79888      0.00000      0.00000
     -1.82888    186.51675      0.00000      0.00000
     -1.81888    183.44662      0.00000      0.00000
     -1.80888    192.33940      0.00000      0.00000
     -1.79888    168.38664      0.00000      0.00000
     -1.78888    170.71520      0.00000      0.00000
     -1.77888    236.69023      0.00000      0.00000
     -1.76888    263.06127      0.00000      0.00000
     -1.75888    213.27542      0.00000      0.00000
     -1.74888    189.93780      0.00000      0.00000
     -1.73888    133.45133      0.00000      0.00000
     -1.72888    125.42849      0.00000      0.00000
     -1.71888    142.99736      0.00000      0.00000
     -1.70888    141.68725      0.00000      0.00000
     -1.69888    183.34794      0.00000      0.00000
     -1.68888    173.52288      0.00000      0.00000
     -1.67888    158.71679      0.00000      0.00000
     -1.66888    165.07020      0.00000      0.00000
     -1.65888    137.41828      0.00000      0.00000
     -1.64888    146.94425      0.00000      0.00000
     -1.63888    166.75092      0.00000      0.00000
     -1.62888    180.83891      0.00000      0.00000
     -1.61888    170.40144      0.00000      0.00000
     -1.60888    184.24617      0.00000      0.00000
     -1.59888    214.75385      0.00000      0.00000
     -1.58888    253.77132      0.00000      0.00000
     -1.57888    214.85922      0.00000      0.00000
     -1.56888    153.96089      0.00000      0.00000
     -1.55888    166.83433      0.00000      0.00000
     -1.54888    196.44830      0.00000      0.00000
     -1.53888    222.31159      0.00000      0.00000
     -1.52888    234.34556      0.00000      0.00000
     -1.51888    229.36566      0.00000      0.00000
     -1.50888    167.84217      0.00000      0.00000
     -1.49888    165.11158      0.00000      0.00000
     -1.48888    180.84555      0.00000      0.00000
     -1.47888    163.77873      0.00000      0.00000
     -1.46888    169.59360      0.00000      0.00000
     -1.45888    145.40186      0.00000      0.00000
     -1.44888    101.30844      0.00000      0.00000
     -1.43888     93.92586      0.00000      0.00000
     -1.42888     74.04429      0.00000      0.00000
     -1.41888     31.20849      0.00000      0.00000
     -1.40888      3.82042      0.00000      0.00000
     -1.39888      0.08481      0.00000      0.00000
     -1.38888      0.31246      0.00000      0.00000
     -1.37888      9.76050      0.00000      0.00000
     -1.36888     55.47317      0.00000      0.00000
     -1.35888     81.45671      0.00000      0.00000
     -1.34888     55.49212      0.00000      0.00000
     -1.33888     41.29994      0.00000      0.00000
     -1.32888     65.23139      0.00000      0.00000
     -1.31888     71.66241      0.00000      0.00000
     -1.30888     91.86975      0.00000      0.00000
     -1.29888     96.62850      0.00000      0.00000
     -1.28888    102.75704      0.00000      0.00000
     -1.27888    124.61967      0.00000      0.00000
     -1.26888    127.91055      0.00000      0.00000
     -1.25888     72.63773      0.00000      0.00000
     -1.24888     52.57435      0.00000      0.00000
     -1.23888     80.58093      0.00000      0.00000
     -1.22888    119.92921      0.00000      0.00000
     -1.21888    144.75327      0.00000      0.00000
     -1.20888    150.15347      0.00000      0.00000
     -1.19888    157.79605      0.00000      0.00000
     -1.18888    171.02612      0.00000      0.00000
     -1.17888    186.30479      0.00000      0.00000
     -1.16888    185.13534      0.00000      0.00000
     -1.15888    168.44358      0.00000      0.00000
     -1.14888    155.98631      0.00000      0.00000
     -1.13888    176.84254      0.00000      0.00000
     -1.12888    203.55409      0.00000      0.00000
     -1.11888    208.35386      0.00000      0.00000
     -1.10888    188.29162      0.00000      0.00000
     -1.09888    190.81021      0.00000      0.00000
     -1.08888    145.52751      0.00000      0.00000
     -1.07888    114.70717      0.00000      0.00000
     -1.06888    105.18299      0.00000      0.00000
     -1.05888    108.03359      0.00000      0.00000
     -1.04888    103.85800      0.00000      0.00000
     -1.03888    120.13045      0.00000      0.00000
     -1.02888    161.16672      0.00000      0.00000
     -1.01888    162.79903      0.00000      0.00000
     -1.00888    140.11082      0.00000      0.00000
     -0.99888    115.91734      0.00000      0.00000
     -0.98888    107.06853      0.00000      0.00000
     -0.97888    113.05236      0.00000      0.00000
     -0.96888    139.80213      0.00000      0.00000
     -0.95888    131.07224      0.00000      0.00000
     -0.94888    133.62434      0.00000      0.00000
     -0.93888    140.82047      0.00000      0.00000
     -0.92888    131.82802      0.00000      0.00000
     -0.91888    161.61502      0.00000      0.00000
     -0.90888    157.77185      0.00000      0.00000
     -0.89888    138.52651      0.00000      0.00000
     -0.88888    140.60942      0.00000      0.00000
     -0.87888    158.73087      0.00000      0.00000
     -0.86888    198.17049      0.00000      0.00000
     -0.85888    203.74182      0.00000      0.00000
     -0.84888    182.41127      0.00000      0.00000
     -0.83888    175.46414      0.00000      0.00000
     -0.82888    170.33298      0.00000      0.00000
     -0.81888    178.63127      0.00000      0.00000
     -0.80888    193.97014      0.00000      0.00000
     -0.79888    161.79111      0.00000      0.00000
     -0.78888    126.21660      0.00000      0.00000
     -0.77888    123.97537      0.00000      0.00000
     -0.76888     99.67145      0.00000      0.00000
     -0.75888     97.66852      0.00000      0.00000
     -0.74888    120.83685      0.00000      0.00000
     -0.73888    140.34729      0.00000      0.00000
     -0.72888    135.01002      0.00000      0.00000
     -0.71888    116.48892      0.00000      0.00000
     -0.70888    106.55673      0.00000      0.00000
     -0.69888    108.88670      0.00000      0.00000
     -0.68888    111.49766      0.00000      0.00000
     -0.67888    106.75795      0.00000      0.00000
     -0.66888    126.25322      0.00000      0.00000
     -0.65888    153.82836      0.00000      0.00000
     -0.64888    161.66659      0.00000      0.00000
     -0.63888    159.74414      0.00000      0.00000
     -0.62888    134.58926      0.00000      0.00000
     -0.61888     99.72568      0.00000      0.00000
     -0.60888     59.41794      0.00000      0.00000
     -0.59888     64.39862      0.00000      0.00000
     -0.58888     81.36713      0.00000      0.00000
     -0.57888     82.72707      0.00000      0.00000
     -0.56888     69.73779      0.00000      0.00000
     -0.55888     88.44404      0.00000      0.00000
     -0.54888    116.47274      0.00000      0.00000
     -0.53888    107.41783      0.00000      0.00000
     -0.52888     93.57551      0.00000      0.00000
     -0.51888     96.77201      0.00000      0.00000
     -0.50888     79.61133      0.00000      0.00000
     -0.49888     84.94493      0.00000      0.00000
     -0.48888     90.20414      0.00000      0.00000
     -0.47888     87.39545      0.00000      0.00000
     -0.46888     82.54523      0.00000      0.00000
     -0.45888     84.62588      0.00000      0.00000
     -0.44888    107.58258      0.00000      0.00000
     -0.43888    104.30786      0.00000      0.00000
     -0.42888     87.64287      0.00000      0.00000
     -0.41888     83.77495      0.00000      0.00000
     -0.40888     65.15640      0.00000      0.00000
     -0.39888     72.76569      0.00000      0.00000
     -0.38888     71.24096      0.00000      0.00000
     -0.37888     85.51381      0.00000      0.00000
     -0.36888     77.14144      0.00000      0.00000
     -0.35888     54.55116      0.00000      0.00000
     -0.34888     66.58542      0.00000      0.00000
     -0.33888     78.88918      0.00000      0.00000
     -0.32888     76.51470      0.00000      0.00000
     -0.31888     58.22611      0.00000      0.00000
     -0.30888     63.53116      0.00000      0.00000
     -0.29888     81.23504      0.00000      0.00000
     -0.28888     53.83026      0.00000      0.00000
     -0.27888     24.71221      0.00000      0.00000
     -0.26888     51.33459      0.00000      0.00000
     -0.25888     56.40235      0.00000      0.00000
     -0.24888     44.81555      0.00000      0.00000
     -0.23888     94.19664      0.00000      0.00000
     -0.22888    120.35154      0.00000      0.00000
     -0.21888     95.25513      0.00000      0.00000
     -0.20888     75.40317      0.00000      0.00000
     -0.19888     60.28029      0.00000      0.00000
     -0.18888     30.81962      0.00000      0.00000
     -0.17888     41.26932      0.00000      0.00000
     -0.16888     52.92488      0.00000      0.00000
     -0.15888     45.26438      0.00000      0.00000
     -0.14888     35.47688      0.00000      0.00000
     -0.13888     47.28926      0.00000      0.00000
     -0.12888     88.74079      0.00000      0.00000
     -0.11888     78.90538      0.00000      0.00000
     -0.10888     51.11350      0.00000      0.00000
     -0.09888     52.77002      0.00000      0.00000
     -0.08888     70.22840      0.00000      0.00000
     -0.07888     53.20870      0.00000      0.00000
     -0.06888     13.66913      0.00000      0.00000
     -0.05888      7.82616      0.00000      0.00000
     -0.04888     19.65514      0.00000      0.00000
     -0.03888      7.85552      0.00000      0.00000
     -0.02888      2.34210      0.00000      0.00000
     -0.01888     15.53450      0.00000      0.00000
     -0.00888     27.37647      0.00000      0.00000
      0.00112     27.31821      0.00000      0.00000
      0.01112     24.12952      0.00000      0.00000
      0.02112      9.18043      0.00000      0.00000
      0.03112      0.59317      0.00000      0.00000
      0.04112      0.00549      0.00000      0.00000
      0.05112      0.00044      0.00000      0.00000
      0.06112      0.10601      0.00000      0.00000
      0.07112      3.67734      0.00000      0.00000
      0.08112     17.96156      0.00000      0.00000
      0.09112     12.38705      0.00000      0.00000
      0.10112      1.20536      0.00000      0.00000
      0.11112      0.01649      0.00000      0.00000
      0.12112      0.00003      0.00000      0.00000
      0.13112      0.00000      0.00000      0.00000
      0.14112      0.00000      0.00000      0.00000
      0.15112      0.00000      0.00000      0.00000
      0.16112      0.00000      0.00000      0.00000
      0.17112      0.00000      0.00000      0.00000
      0.18112      0.00000      0.00000      0.00000
      0.19112      0.00000      0.00000      0.00000
      0.20112      0.00000      0.00000      0.00000
      0.21112      0.00000      0.00000      0.00000
      0.22112      0.00000      0.00000      0.00000
      0.23112      0.00000      0.00000      0.00000
      0.24112      0.00000      0.00000      0.00000
      0.25112      0.00000      0.00000      0.00000
      0.26112      0.00000      0.00000      0.00000
      0.27112      0.00000      0.00000      0.00000
      0.28112      0.00000      0.00000      0.00000
      0.29112      0.00000      0.00000      0.00000
      0.30112      0.00000      0.00000      0.00000
      0.31112      0.00000      0.00000      0.00000
      0.32112      0.00000      0.00000      0.00000
      0.33112      0.00000      0.00000      0.00000
      0.34112      0.00000      0.00000      0.00000
      0.35112      0.00000      0.00000      0.00000
      0.36112      0.00000      0.00000      0.00000
      0.37112      0.00000      0.00000      0.00000
      0.38112      0.00000      0.00000      0.00000
      0.39112      0.00000      0.00000      0.00000
      0.40112      0.00000      0.00000      0.00000
      0.41112      0.00000      0.00000      0.00000
      0.42112      0.00000      0.00000      0.00000
      0.43112      0.00000      0.00000      0.00000
      0.44112      0.00000      0.00000      0.00000
      0.45112      0.00000      0.00000      0.00000
      0.46112      0.00000      0.00000      0.00000
      0.47112      0.00000      0.00000      0.00000
      0.48112      0.00000      0.00000      0.00000
      0.49112      0.00000      0.00000      0.00000
      0.50112      0.00000      0.00000      0.00000
      0.51112      0.00000      0.00000      0.00000
      0.52112      0.00000      0.00000      0.00000
      0.53112      0.00000      0.00000      0.00000
      0.54112      0.00000      0.00000      0.00000
      0.55112      0.00000      0.00000      0.00000
      0.56112      0.00000      0.00000      0.00000
      0.57112      0.00000      0.00000      0.00000
      0.58112      0.00000      0.00000      0.00000
      0.59112      0.00000      0.00000      0.00000
      0.60112      0.00000      0.00000      0.00000
      0.61112      0.00000      0.00000      0.00000
      0.62112      0.00000      0.00000      0.00000
      0.63112      0.00000      0.00000      0.00000
      0.64112      0.00000      0.00000      0.00000
      0.65112      0.00000      0.00000      0.00000
      0.66112      0.00000      0.00000      0.00000
      0.67112      0.00000      0.00000      0.00000
      0.68112      0.00000      0.00000      0.00000
      0.69112      0.00000      0.00000      0.00000
      0.70112      0.00000      0.00000      0.00000
      0.71112      0.00000      0.00000      0.00000
      0.72112      0.00000      0.00000      0.00000
      0.73112      0.00000      0.00000      0.00000
      0.74112      0.00000      0.00000      0.00000
      0.75112      0.00000      0.00000      0.00000
      0.76112      0.00000      0.00000      0.00000
      0.77112      0.00000      0.00000      0.00000
      0.78112      0.00000      0.00000      0.00000
      0.79112      0.00000      0.00000      0.00000
      0.80112      0.00000      0.00000      0.00000
      0.81112      0.00000      0.00000      0.00000
      0.82112      0.00000      0.00000      0.00000
      0.83112      0.00000      0.00000      0.00000
      0.84112      0.00000      0.00000      0.00000
      0.85112      0.00000      0.00000      0.00000
      0.86112      0.00000      0.00000      0.00000
      0.87112      0.00000      0.00000      0.00000
      0.88112      0.00000      0.00000      0.00000
      0.89112      0.00000      0.00000      0.00000
      0.90112      0.00000      0.00000      0.00000
      0.91112      0.00000      0.00000      0.00000
      0.92112      0.00000      0.00000      0.00000
      0.93112      0.00000      0.00000      0.00000
      0.94112      0.00000      0.00000      0.00000
      0.95112      0.00000      0.00000      0.00000
      0.96112      0.00000      0.00000      0.00000
      0.97112      0.00000      0.00000      0.00000
      0.98112      0.00000      0.00000      0.00000
      0.99112      0.00000      0.00000      0.00000
      1.00112      0.00000      0.00000      0.00000
      1.01112      0.00000      0.00000      0.00000
      1.02112      0.00000      0.00000      0.00000
      1.03112      0.00000      0.00000      0.00000
      1.04112      0.00000      0.00000      0.00000
      1.05112      0.00000      0.00000      0.00000
      1.06112      0.00000      0.00000      0.00000
      1.07112      0.00000      0.00000      0.00000
      1.08112      0.00000      0.00000      0.00000
      1.09112      0.00013      0.00000      0.00000
      1.10112      0.05782      0.00000      0.00000
      1.11112      3.54744      0.00000      0.00000
      1.12112     31.29588      0.00000      0.00000
      1.13112     56.80162      0.00000      0.00000
      1.14112     41.74364      0.00000      0.00000
      1.15112      7.74912      0.00000      0.00000
      1.16112      0.21658      0.00000      0.00000
      1.17112      0.00083      0.00000      0.00000
      1.18112      0.00000      0.00000      0.00000
      1.19112      0.00000      0.00000      0.00000
      1.20112      0.00000      0.00000      0.00000
      1.21112      0.00000      0.00000      0.00000
      1.22112      0.00000      0.00000      0.00000
      1.23112      0.00000      0.00000      0.00000
      1.24112      0.00000      0.00000      0.00000
      1.25112      0.00000      0.00000      0.00000
      1.26112      0.00000      0.00000      0.00000
      1.27112      0.00000      0.00000      0.00000
      1.28112      0.00000      0.00000      0.00000
      1.29112      0.00000      0.00000      0.00000
      1.30112      0.00001      0.00000      0.00000
      1.31112      0.00855      0.00000      0.00000
      1.32112      1.02033      0.00000      0.00000
      1.33112     17.51681      0.00000      0.00000
      1.34112     52.18736      0.00000      0.00000
      1.35112     52.17813      0.00000      0.00000
      1.36112     17.50288      0.00000      0.00000
      1.37112      1.01048      0.00000      0.00000
      1.38112      0.00826      0.00000      0.00000
      1.39112      0.00001      0.00000      0.00000
      1.40112      0.00000      0.00000      0.00000
      1.41112      0.00000      0.00000      0.00000
      1.42112      0.00000      0.00000      0.00000
      1.43112      0.00000      0.00000      0.00000
      1.44112      0.00000      0.00000      0.00000
      1.45112      0.00000      0.00000      0.00000
      1.46112      0.00000      0.00000      0.00000
      1.47112      0.00000      0.00000      0.00000
      1.48112      0.00000      0.00000      0.00000
      1.49112      0.00000      0.00000      0.00000
      1.50112      0.00000      0.00000      0.00000
      1.51112      0.00000      0.00000      0.00000
      1.52112      0.00000      0.00000      0.00000
      1.53112      0.00000      0.00000      0.00000
      1.54112      0.00000      0.00000      0.00000
      1.55112      0.00000      0.00000      0.00000
      1.56112      0.00000      0.00000      0.00000
      1.57112      0.00000      0.00000      0.00000
      1.58112      0.00000      0.00000      0.00000
      1.59112      0.00000      0.00000      0.00000
      1.60112      0.00000      0.00000      0.00000
      1.61112      0.00000      0.00000      0.00000
      1.62112      0.00000      0.00000      0.00000
      1.63112      0.00000      0.00000      0.00000
      1.64112      0.00000      0.00000      0.00000
      1.65112      0.00000      0.00000      0.00000
      1.66112      0.00000      0.00000      0.00000
      1.67112      0.00001      0.00000      0.00000
      1.68112      0.00702      0.00000      0.00000
      1.69112      0.61218      0.00000      0.00000
      1.70112      8.12032      0.00000      0.00000
      1.71112     18.42126      0.00000      0.00000
      1.72112      7.96587      0.00000      0.00000
      1.73112      6.31823      0.00000      0.00000
      1.74112     17.87543      0.00000      0.00000
      1.75112     11.73228      0.00000      0.00000
      1.76112     14.04460      0.00000      0.00000
      1.77112     18.49584      0.00000      0.00000
      1.78112     20.92712      0.00000      0.00000
      1.79112     54.35173      0.00000      0.00000
      1.80112     67.96896      0.00000      0.00000
      1.81112     85.01517      0.00000      0.00000
      1.82112     98.75260      0.00000      0.00000
      1.83112     56.72324      0.00000      0.00000
      1.84112     27.46099      0.00000      0.00000
      1.85112     54.96264      0.00000      0.00000
      1.86112     80.75407      0.00000      0.00000
      1.87112    102.98658      0.00000      0.00000
      1.88112     81.74865      0.00000      0.00000
      1.89112     80.78778      0.00000      0.00000
      1.90112     89.74263      0.00000      0.00000
      1.91112     57.93912      0.00000      0.00000
      1.92112     45.01534      0.00000      0.00000
      1.93112     37.82912      0.00000      0.00000
      1.94112     64.26323      0.00000      0.00000
      1.95112     87.95345      0.00000      0.00000
      1.96112     66.32051      0.00000      0.00000
      1.97112     77.17570      0.00000      0.00000
      1.98112    133.93538      0.00000      0.00000
      1.99112    107.46616      0.00000      0.00000
      2.00112     59.33562      0.00000      0.00000
      2.01112     57.03684      0.00000      0.00000
      2.02112     66.41743      0.00000      0.00000
      2.03112     88.08427      0.00000      0.00000
      2.04112     99.79301      0.00000      0.00000
      2.05112    109.74156      0.00000      0.00000
      2.06112    148.85324      0.00000      0.00000
      2.07112    155.24780      0.00000      0.00000
      2.08112    154.45209      0.00000      0.00000
      2.09112    172.29890      0.00000      0.00000
      2.10112    212.84175      0.00000      0.00000
      2.11112    259.44241      0.00000      0.00000
      2.12112    232.95257      0.00000      0.00000
      2.13112    193.78493      0.00000      0.00000
      2.14112    212.47487      0.00000      0.00000
      2.15112    223.24151      0.00000      0.00000
      2.16112    252.95185      0.00000      0.00000
      2.17112    284.01090      0.00000      0.00000
      2.18112    247.48401      0.00000      0.00000
      2.19112    203.05917      0.00000      0.00000
      2.20112    173.83028      0.00000      0.00000
      2.21112    165.87833      0.00000      0.00000
      2.22112    210.72989      0.00000      0.00000
      2.23112    223.25938      0.00000      0.00000
      2.24112    186.07915      0.00000      0.00000
      2.25112    172.85766      0.00000      0.00000
      2.26112    212.22106      0.00000      0.00000
      2.27112    230.51950      0.00000      0.00000
      2.28112    200.06973      0.00000      0.00000
      2.29112    202.72555      0.00000      0.00000
      2.30112    211.33025      0.00000      0.00000
      2.31112    194.02017      0.00000      0.00000
      2.32112    181.19648      0.00000      0.00000
      2.33112    184.53462      0.00000      0.00000
      2.34112    169.14020      0.00000      0.00000
      2.35112    194.00136      0.00000      0.00000
      2.36112    261.32353      0.00000      0.00000
      2.37112    236.31313      0.00000      0.00000
      2.38112    199.29260      0.00000      0.00000
      2.39112    178.39611      0.00000      0.00000
      2.40112    187.62079      0.00000      0.00000
      2.41112    207.48851      0.00000      0.00000
      2.42112    236.96538      0.00000      0.00000
      2.43112    227.33609      0.00000      0.00000
      2.44112    204.19641      0.00000      0.00000
      2.45112    201.95472      0.00000      0.00000
      2.46112    230.00118      0.00000      0.00000
      2.47112    243.83663      0.00000      0.00000
      2.48112    239.07165      0.00000      0.00000
      2.49112    267.69514      0.00000      0.00000
      2.50112    283.88298      0.00000      0.00000
      2.51112    297.98221      0.00000      0.00000
      2.52112    271.80519      0.00000      0.00000
      2.53112    293.37743      0.00000      0.00000
      2.54112    348.96856      0.00000      0.00000
      2.55112    380.14628      0.00000      0.00000
      2.56112    365.19246      0.00000      0.00000
      2.57112    308.42944      0.00000      0.00000
      2.58112    294.43767      0.00000      0.00000
      2.59112    303.66492      0.00000      0.00000
      2.60112    276.53061      0.00000      0.00000
      2.61112    270.10004      0.00000      0.00000
      2.62112    298.99219      0.00000      0.00000
      2.63112    270.25765      0.00000      0.00000
      2.64112    234.34518      0.00000      0.00000
      2.65112    218.43736      0.00000      0.00000
      2.66112    240.40499      0.00000      0.00000
      2.67112    287.34213      0.00000      0.00000
      2.68112    298.58246      0.00000      0.00000
      2.69112    294.91567      0.00000      0.00000
      2.70112    246.91323      0.00000      0.00000
      2.71112    196.79116      0.00000      0.00000
      2.72112    156.25583      0.00000      0.00000
      2.73112    119.70063      0.00000      0.00000
      2.74112    137.46737      0.00000      0.00000
      2.75112    191.87069      0.00000      0.00000
      2.76112    190.29686      0.00000      0.00000
      2.77112    129.05053      0.00000      0.00000
      2.78112    100.89518      0.00000      0.00000
      2.79112    138.14586      0.00000      0.00000
      2.80112    151.43002      0.00000      0.00000
      2.81112    142.65325      0.00000      0.00000
      2.82112    137.67116      0.00000      0.00000
      2.83112    128.82047      0.00000      0.00000
      2.84112    136.20359      0.00000      0.00000
      2.85112    189.41555      0.00000      0.00000
      2.86112    203.44374      0.00000      0.00000
      2.87112    228.70744      0.00000      0.00000
      2.88112    225.70724      0.00000      0.00000
      2.89112    222.27418      0.00000      0.00000
      2.90112    244.05845      0.00000      0.00000
      2.91112    318.38474      0.00000      0.00000
      2.92112    307.39189      0.00000      0.00000
      2.93112    258.09137      0.00000      0.00000
      2.94112    274.69856      0.00000      0.00000
      2.95112    228.85973      0.00000      0.00000
      2.96112    192.27776      0.00000      0.00000
      2.97112    165.50807      0.00000      0.00000
      2.98112    177.95403      0.00000      0.00000
      2.99112    189.36096      0.00000      0.00000
      3.00112    180.52142      0.00000      0.00000
      3.01112    167.35796      0.00000      0.00000
      3.02112    191.67448      0.00000      0.00000
      3.03112    191.23141      0.00000      0.00000
      3.04112    182.68599      0.00000      0.00000
      3.05112    191.80522      0.00000      0.00000
      3.06112    199.01851      0.00000      0.00000
      3.07112    203.29726      0.00000      0.00000
      3.08112    193.70494      0.00000      0.00000
      3.09112    203.17470      0.00000      0.00000
      3.10112    235.32030      0.00000      0.00000
      3.11112    257.34419      0.00000      0.00000
      3.12112    286.68888      0.00000      0.00000
      3.13112    290.64693      0.00000      0.00000
      3.14112    276.28773      0.00000      0.00000
      3.15112    303.15586      0.00000      0.00000
      3.16112    377.79495      0.00000      0.00000
      3.17112    404.16921      0.00000      0.00000
      3.18112    414.83686      0.00000      0.00000
      3.19112    443.67571      0.00000      0.00000
      3.20112    369.50045      0.00000      0.00000
      3.21112    274.77554      0.00000      0.00000
      3.22112    241.73947      0.00000      0.00000
      3.23112    260.37156      0.00000      0.00000
      3.24112    270.36295      0.00000      0.00000
      3.25112    226.43826      0.00000      0.00000
      3.26112    195.07250      0.00000      0.00000
      3.27112    173.08627      0.00000      0.00000
      3.28112    182.25539      0.00000      0.00000
      3.29112    180.88186      0.00000      0.00000
      3.30112    202.15588      0.00000      0.00000
      3.31112    250.65945      0.00000      0.00000
      3.32112    316.44050      0.00000      0.00000
      3.33112    316.37675      0.00000      0.00000
      3.34112    243.50482      0.00000      0.00000
      3.35112    203.97824      0.00000      0.00000
      3.36112    194.34068      0.00000      0.00000
      3.37112    209.45534      0.00000      0.00000
      3.38112    204.23562      0.00000      0.00000
      3.39112    195.81722      0.00000      0.00000
      3.40112    224.52912      0.00000      0.00000
      3.41112    189.03074      0.00000      0.00000
      3.42112    154.07109      0.00000      0.00000
      3.43112    188.77711      0.00000      0.00000
      3.44112    146.91025      0.00000      0.00000
      3.45112     98.61151      0.00000      0.00000
      3.46112     95.28900      0.00000      0.00000
      3.47112    155.11595      0.00000      0.00000
      3.48112    167.44352      0.00000      0.00000
      3.49112    147.41488      0.00000      0.00000
      3.50112    135.31220      0.00000      0.00000
      3.51112    167.79879      0.00000      0.00000
      3.52112    184.38289      0.00000      0.00000
      3.53112    168.41105      0.00000      0.00000
      3.54112    182.37002      0.00000      0.00000
      3.55112    219.31943      0.00000      0.00000
      3.56112    252.85677      0.00000      0.00000
      3.57112    186.62112      0.00000      0.00000
      3.58112    179.37539      0.00000      0.00000
      3.59112    203.25673      0.00000      0.00000
      3.60112    175.79083      0.00000      0.00000
      3.61112    155.54825      0.00000      0.00000
      3.62112    152.23278      0.00000      0.00000
      3.63112    156.98978      0.00000      0.00000
      3.64112    172.12009      0.00000      0.00000
      3.65112    180.23480      0.00000      0.00000
      3.66112    172.35937      0.00000      0.00000
      3.67112    194.82624      0.00000      0.00000
      3.68112    174.25147      0.00000      0.00000
      3.69112    152.79784      0.00000      0.00000
      3.70112    192.50894      0.00000      0.00000
      3.71112    190.22747      0.00000      0.00000
      3.72112    105.35684      0.00000      0.00000
      3.73112     60.76636      0.00000      0.00000
      3.74112     58.55460      0.00000      0.00000
      3.75112     94.75840      0.00000      0.00000
      3.76112     82.60277      0.00000      0.00000
      3.77112     71.06147      0.00000      0.00000
      3.78112     87.37789      0.00000      0.00000
      3.79112    110.34836      0.00000      0.00000
      3.80112    150.32751      0.00000      0.00000
      3.81112    141.95950      0.00000      0.00000
      3.82112    121.94986      0.00000      0.00000
      3.83112    103.55805      0.00000      0.00000
      3.84112    101.29043      0.00000      0.00000
      3.85112    120.49522      0.00000      0.00000
      3.86112    129.18651      0.00000      0.00000
      3.87112    120.99013      0.00000      0.00000
      3.88112    157.18419      0.00000      0.00000
      3.89112    164.46333      0.00000      0.00000
      3.90112    105.55910      0.00000      0.00000
      3.91112     90.61260      0.00000      0.00000
      3.92112    113.87490      0.00000      0.00000
      3.93112    112.75585      0.00000      0.00000
      3.94112    121.83537      0.00000      0.00000
      3.95112    124.83533      0.00000      0.00000
      3.96112    100.42661      0.00000      0.00000
      3.97112     93.03060      0.00000      0.00000
      3.98112    103.77308      0.00000      0.00000
      3.99112     93.73667      0.00000      0.00000
      4.00112     82.63055      0.00000      0.00000
      4.01112    106.19083      0.00000      0.00000
      4.02112    106.83086      0.00000      0.00000
      4.03112    120.95763      0.00000      0.00000
      4.04112    120.74217      0.00000      0.00000
      4.05112    134.16416      0.00000      0.00000
      4.06112    166.80055      0.00000      0.00000
      4.07112    211.46973      0.00000      0.00000
      4.08112    213.07975      0.00000      0.00000
      4.09112    162.91701      0.00000      0.00000
      4.10112    119.00238      0.00000      0.00000
      4.11112     70.76885      0.00000      0.00000
      4.12112     80.00811      0.00000      0.00000
      4.13112    138.81440      0.00000      0.00000
      4.14112    140.60625      0.00000      0.00000
      4.15112    120.79835      0.00000      0.00000
      4.16112    109.09002      0.00000      0.00000
      4.17112    102.39335      0.00000      0.00000
      4.18112    124.72463      0.00000      0.00000
      4.19112    173.35700      0.00000      0.00000
      4.20112    132.16960      0.00000      0.00000
      4.21112     91.86318      0.00000      0.00000
      4.22112     47.07814      0.00000      0.00000
      4.23112     41.78360      0.00000      0.00000
      4.24112    120.95017      0.00000      0.00000
      4.25112    149.15892      0.00000      0.00000
      4.26112    118.75188      0.00000      0.00000
      4.27112     80.76773      0.00000      0.00000
      4.28112     53.89909      0.00000      0.00000
      4.29112     34.86314      0.00000      0.00000
      4.30112     56.08685      0.00000      0.00000
      4.31112     59.62847      0.00000      0.00000
      4.32112     59.35409      0.00000      0.00000
      4.33112     74.18948      0.00000      0.00000
      4.34112     70.65900      0.00000      0.00000
      4.35112     77.42580      0.00000      0.00000
      4.36112     87.83303      0.00000      0.00000
      4.37112     70.13904      0.00000      0.00000
      4.38112     51.00965      0.00000      0.00000
      4.39112     58.91689      0.00000      0.00000
      4.40112     49.90314      0.00000      0.00000
      4.41112     69.24673      0.00000      0.00000
      4.42112     72.60099      0.00000      0.00000
      4.43112     73.70599      0.00000      0.00000
      4.44112    119.70943      0.00000      0.00000
      4.45112    116.15139      0.00000      0.00000
      4.46112     72.87099      0.00000      0.00000
      4.47112     56.93808      0.00000      0.00000
      4.48112     80.22950      0.00000      0.00000
      4.49112     64.56687      0.00000      0.00000
      4.50112     68.80463      0.00000      0.00000
      4.51112     52.85919      0.00000      0.00000
      4.52112     57.53616      0.00000      0.00000
      4.53112     99.47475      0.00000      0.00000
      4.54112    114.97287      0.00000      0.00000
      4.55112    105.64563      0.00000      0.00000
      4.56112    103.38869      0.00000      0.00000
      4.57112    103.62904      0.00000      0.00000
      4.58112     96.80098      0.00000      0.00000
      4.59112    105.16159      0.00000      0.00000
      4.60112    131.72799      0.00000      0.00000
      4.61112    169.40314      0.00000      0.00000
      4.62112    145.33277      0.00000      0.00000
      4.63112    148.16958      0.00000      0.00000
      4.64112    133.36245      0.00000      0.00000
      4.65112    159.39937      0.00000      0.00000
      4.66112    152.59402      0.00000      0.00000
      4.67112    175.90110      0.00000      0.00000
      4.68112    161.75434      0.00000      0.00000
      4.69112    107.85947      0.00000      0.00000
      4.70112    105.72551      0.00000      0.00000
      4.71112    151.46112      0.00000      0.00000
      4.72112    172.45871      0.00000      0.00000
      4.73112    232.26861      0.00000      0.00000
      4.74112    262.63767      0.00000      0.00000
      4.75112    232.85605      0.00000      0.00000
      4.76112    212.99156      0.00000      0.00000
      4.77112    235.01167      0.00000      0.00000
      4.78112    268.88952      0.00000      0.00000
      4.79112    253.57196      0.00000      0.00000
      4.80112    244.48874      0.00000      0.00000
      4.81112    224.53940      0.00000      0.00000
      4.82112    200.10110      0.00000      0.00000
      4.83112    221.18183      0.00000      0.00000
      4.84112    165.10745      0.00000      0.00000
      4.85112     75.78638      0.00000      0.00000
      4.86112    117.72918      0.00000      0.00000
      4.87112    159.34722      0.00000      0.00000
      4.88112    129.52835      0.00000      0.00000
      4.89112    117.07432      0.00000      0.00000
      4.90112    105.95367      0.00000      0.00000
      4.91112    143.50819      0.00000      0.00000
      4.92112    169.72160      0.00000      0.00000
      4.93112    157.28674      0.00000      0.00000
      4.94112    128.24703      0.00000      0.00000
      4.95112    133.76318      0.00000      0.00000
      4.96112    100.54240      0.00000      0.00000
      4.97112     75.77623      0.00000      0.00000
      4.98112     75.46658      0.00000      0.00000
      4.99112     89.39336      0.00000      0.00000
      5.00112    100.35056      0.00000      0.00000
      5.01112     89.02231      0.00000      0.00000
      5.02112    118.80514      0.00000      0.00000
      5.03112    115.70674      0.00000      0.00000
      5.04112     87.95431      0.00000      0.00000
      5.05112     99.39665      0.00000      0.00000
      5.06112    103.70503      0.00000      0.00000
      5.07112     76.07894      0.00000      0.00000
      5.08112    101.99508      0.00000      0.00000
      5.09112    171.15734      0.00000      0.00000
      5.10112    244.81727      0.00000      0.00000
      5.11112    221.94193      0.00000      0.00000
      5.12112    154.68716      0.00000      0.00000
      5.13112    134.03715      0.00000      0.00000
      5.14112    118.57991      0.00000      0.00000
      5.15112     98.71097      0.00000      0.00000
      5.16112     68.68724      0.00000      0.00000
      5.17112     64.18984      0.00000      0.00000
      5.18112     65.53907      0.00000      0.00000
      5.19112     59.46888      0.00000      0.00000
      5.20112     63.25380      0.00000      0.00000
