Energy-E_F (eV)    DOS (1/eV)    PDOS (1/eV)  of atom type W  S  
     -5.22236    195.83204     70.59984    125.23219
     -5.21236    188.04974     68.15536    119.89437
     -5.20236    172.93815     63.48902    109.44913
     -5.19236    200.49846     74.12868    126.36978
     -5.18236    181.72192     66.94180    114.78013
     -5.17236    149.21830     52.98981     96.22848
     -5.16236    179.96185     66.80062    113.16123
     -5.15236    197.13835     75.71426    121.42409
     -5.14236    214.04024     79.02436    135.01588
     -5.13236    189.05449     70.30049    118.75400
     -5.12236    110.53650     41.86507     68.67144
     -5.11236    143.62568     54.23264     89.39304
     -5.10236    248.36228     95.30950    153.05278
     -5.09236    238.11191     92.11832    145.99359
     -5.08236    171.81835     66.88150    104.93685
     -5.07236    300.98332    118.00752    182.97580
     -5.06236    362.72260    144.94516    217.77744
     -5.05236    336.74582    134.74216    202.00367
     -5.04236    354.51334    139.25192    215.26142
     -5.03236    366.22057    144.15020    222.07037
     -5.02236    408.06534    162.36282    245.70252
     -5.01236    440.63661    174.19356    266.44305
     -5.00236    422.10424    167.74423    254.36001
     -4.99236    400.00821    156.95819    243.05003
     -4.98236    356.27386    137.93993    218.33393
     -4.97236    280.26411    107.84792    172.41620
     -4.96236    348.25132    133.27426    214.97706
     -4.95236    451.91149    172.45908    279.45241
     -4.94236    382.73768    145.49753    237.24015
     -4.93236    334.35507    125.39209    208.96298
     -4.92236    385.06104    144.02943    241.03161
     -4.91236    367.95501    137.37239    230.58262
     -4.90236    276.13456    102.57835    173.55621
     -4.89236    162.54317     59.18412    103.35904
     -4.88236    136.39270     49.75820     86.63450
     -4.87236    126.45719     47.83373     78.62346
     -4.86236     88.18860     33.45979     54.72882
     -4.85236     53.32328     19.85443     33.46885
     -4.84236     82.58220     32.13292     50.44928
     -4.83236     99.58564     39.02715     60.55850
     -4.82236     63.25565     24.87010     38.38555
     -4.81236     23.75109      9.49913     14.25196
     -4.80236     46.32891     18.75345     27.57546
     -4.79236     91.54189     36.97615     54.56575
     -4.78236     61.73560     24.86510     36.87049
     -4.77236     55.82844     22.10673     33.72171
     -4.76236     29.67287     11.96777     17.70510
     -4.75236     38.56542     16.71716     21.84826
     -4.74236     64.45227     26.32912     38.12316
     -4.73236    113.24861     44.24435     69.00425
     -4.72236     57.35996     22.10766     35.25230
     -4.71236     20.20369      8.21390     11.98979
     -4.70236     59.35666     24.29031     35.06635
     -4.69236     78.49876     30.91100     47.58776
     -4.68236     47.24212     18.39276     28.84937
     -4.67236     17.30743      7.21361     10.09382
     -4.66236     33.85194     14.98753     18.86440
     -4.65236     47.37867     18.10265     29.27603
     -4.64236     53.36188     18.19318     35.16870
     -4.63236     71.16745     25.53480     45.63265
     -4.62236     82.22801     31.25749     50.97053
     -4.61236     67.95359     28.89345     39.06014
     -4.60236     78.97652     32.60724     46.36928
     -4.59236    123.08957     44.81372     78.27586
     -4.58236    116.27503     42.25384     74.02119
     -4.57236     96.99583     36.15577     60.84006
     -4.56236    102.95476     38.51331     64.44145
     -4.55236    102.58660     39.51747     63.06912
     -4.54236     74.76336     29.15109     45.61227
     -4.53236     75.91262     28.56919     47.34343
     -4.52236     78.08489     28.80786     49.27703
     -4.51236     53.28925     19.32973     33.95952
     -4.50236     44.47167     15.66113     28.81053
     -4.49236     92.13314     34.93413     57.19902
     -4.48236    101.69992     39.16630     62.53362
     -4.47236     70.08177     27.64687     42.43491
     -4.46236     80.87974     29.22282     51.65691
     -4.45236     69.65078     25.22910     44.42168
     -4.44236     62.65597     24.09546     38.56051
     -4.43236     83.22928     30.79683     52.43246
     -4.42236    104.89203     38.61998     66.27206
     -4.41236    104.74552     37.09501     67.65051
     -4.40236     83.49382     27.65117     55.84265
     -4.39236     52.32664     19.28748     33.03916
     -4.38236     51.45323     17.62599     33.82724
     -4.37236     90.44133     28.71927     61.72206
     -4.36236     71.85827     24.61218     47.24609
     -4.35236     60.34820     21.71952     38.62868
     -4.34236     27.43133     10.38408     17.04725
     -4.33236     49.58310     21.90223     27.68087
     -4.32236     61.98263     27.16357     34.81906
     -4.31236     38.27503     14.71862     23.55640
     -4.30236     25.97227      9.59865     16.37362
     -4.29236     67.63300     27.50688     40.12612
     -4.28236    145.41798     61.62674     83.79124
     -4.27236     95.55085     39.97520     55.57565
     -4.26236     39.04687     13.15332     25.89355
     -4.25236     68.09951     20.98627     47.11324
     -4.24236    143.37681     48.43896     94.93785
     -4.23236    180.69225     67.08460    113.60765
     -4.22236    216.48334     73.02164    143.46170
     -4.21236    270.74279     81.42551    189.31728
     -4.20236    294.55925     89.52529    205.03396
     -4.19236    320.41760     99.84389    220.57371
     -4.18236    362.80537    112.68201    250.12336
     -4.17236    332.96114     98.00093    234.96021
     -4.16236    372.64674    106.91606    265.73068
     -4.15236    394.30816    113.17434    281.13382
     -4.14236    362.72151    106.63611    256.08540
     -4.13236    375.39569    112.94373    262.45196
     -4.12236    356.90163    106.09426    250.80737
     -4.11236    276.14991     86.18707    189.96284
     -4.10236    213.69224     65.78337    147.90887
     -4.09236    281.87900     80.34683    201.53217
     -4.08236    288.60231     82.45009    206.15222
     -4.07236    295.17279     95.03793    200.13486
     -4.06236    306.80474     99.50451    207.30023
     -4.05236    350.70268    106.43486    244.26782
     -4.04236    278.61921     89.64520    188.97401
     -4.03236    166.49811     55.77655    110.72156
     -4.02236    238.44170     86.02998    152.41172
     -4.01236    324.79412    120.43314    204.36098
     -4.00236    300.78179    108.96932    191.81248
     -3.99236    278.59012    106.73464    171.85548
     -3.98236    192.06754     77.36194    114.70560
     -3.97236    164.25225     66.98379     97.26845
     -3.96236    193.69048     79.51970    114.17077
     -3.95236    184.06753     77.58415    106.48338
     -3.94236    206.59209     84.74023    121.85186
     -3.93236    198.88073     80.19033    118.69040
     -3.92236    246.61047    104.74979    141.86069
     -3.91236    238.77367    105.57943    133.19425
     -3.90236    210.66331     89.40840    121.25491
     -3.89236    158.40141     66.13922     92.26219
     -3.88236    214.03603     90.29977    123.73625
     -3.87236    194.72633     82.82865    111.89768
     -3.86236    168.81053     70.49920     98.31133
     -3.85236    189.96567     79.19972    110.76596
     -3.84236    163.17352     72.34159     90.83193
     -3.83236    141.22709     62.99585     78.23123
     -3.82236    133.11996     56.83023     76.28973
     -3.81236    182.30671     79.94250    102.36421
     -3.80236    231.26828     98.38180    132.88648
     -3.79236    206.29229     89.05658    117.23571
     -3.78236    158.53052     69.98299     88.54752
     -3.77236     86.27591     36.35818     49.91774
     -3.76236    109.36541     45.99103     63.37438
     -3.75236     90.74872     38.23679     52.51193
     -3.74236     75.56373     29.61886     45.94487
     -3.73236    107.89306     42.14793     65.74512
     -3.72236    149.34358     62.17812     87.16546
     -3.71236    178.23130     75.23873    102.99257
     -3.70236    148.41005     60.01746     88.39258
     -3.69236    106.38955     44.62086     61.76869
     -3.68236     79.19943     34.06845     45.13098
     -3.67236    103.62966     41.11902     62.51064
     -3.66236    153.92591     60.40047     93.52544
     -3.65236    162.18440     63.05422     99.13018
     -3.64236    143.94221     55.59116     88.35105
     -3.63236    144.99616     51.08050     93.91566
     -3.62236     82.27808     29.19828     53.07980
     -3.61236     76.39887     28.49218     47.90669
     -3.60236    156.59980     57.65016     98.94963
     -3.59236    136.39999     52.79956     83.60044
     -3.58236    104.00665     39.07686     64.92979
     -3.57236     56.71569     19.85045     36.86524
     -3.56236     50.99056     20.38054     30.61002
     -3.55236    118.13752     49.58486     68.55267
     -3.54236    197.02890     81.19791    115.83099
     -3.53236    190.92106     82.90662    108.01444
     -3.52236    108.93395     49.72927     59.20468
     -3.51236     62.42500     27.54391     34.88109
     -3.50236     95.43316     42.22678     53.20639
     -3.49236    141.83216     64.04258     77.78958
     -3.48236    162.94322     72.23545     90.70777
     -3.47236    167.95870     73.12963     94.82908
     -3.46236    130.44876     56.27679     74.17198
     -3.45236     93.78190     41.61865     52.16325
     -3.44236     78.02954     33.26180     44.76774
     -3.43236     69.60767     29.60085     40.00682
     -3.42236     85.67033     33.79750     51.87283
     -3.41236     81.60299     30.26880     51.33419
     -3.40236     69.33300     26.56551     42.76750
     -3.39236     77.24730     30.77606     46.47124
     -3.38236     88.91758     35.59318     53.32439
     -3.37236     77.10953     28.08208     49.02745
     -3.36236     36.79152     13.65234     23.13919
     -3.35236     24.68190      8.41449     16.26741
     -3.34236     29.70031      9.38063     20.31967
     -3.33236     77.55012     26.16435     51.38577
     -3.32236    140.93357     52.58012     88.35346
     -3.31236    119.69132     46.13776     73.55356
     -3.30236     74.95708     29.62557     45.33152
     -3.29236    109.41320     47.89421     61.51899
     -3.28236    141.34129     63.83693     77.50436
     -3.27236     90.56613     42.87828     47.68785
     -3.26236    100.95455     46.56128     54.39328
     -3.25236    143.92085     62.81722     81.10363
     -3.24236    105.56835     42.90926     62.65910
     -3.23236    112.80574     46.41390     66.39185
     -3.22236    153.36133     61.51289     91.84844
     -3.21236    100.92102     37.89910     63.02192
     -3.20236     64.68577     24.99793     39.68785
     -3.19236     89.51629     37.65285     51.86344
     -3.18236     97.31717     41.94410     55.37308
     -3.17236     75.96485     34.80207     41.16278
     -3.16236    118.23186     55.26084     62.97102
     -3.15236    133.79835     66.05959     67.73875
     -3.14236     96.81732     46.83628     49.98103
     -3.13236    128.10282     53.02153     75.08130
     -3.12236     96.43023     38.48590     57.94433
     -3.11236     73.21369     28.92150     44.29219
     -3.10236    106.65478     45.45623     61.19856
     -3.09236    142.96185     62.80591     80.15594
     -3.08236     94.76393     39.88094     54.88299
     -3.07236     70.14619     28.78736     41.35883
     -3.06236     71.83463     27.32459     44.51004
     -3.05236     77.88953     31.77199     46.11754
     -3.04236    115.92162     50.60865     65.31297
     -3.03236    205.69745     88.77037    116.92709
     -3.02236    225.91928     89.91137    136.00791
     -3.01236    238.98398     84.53095    154.45303
     -3.00236    209.50181     72.22731    137.27450
     -2.99236    192.82799     63.71000    129.11799
     -2.98236    205.05060     75.01671    130.03389
     -2.97236    201.58342     68.87002    132.71341
     -2.96236    156.54901     50.05756    106.49146
     -2.95236     91.07743     28.64136     62.43607
     -2.94236     74.20833     28.72539     45.48294
     -2.93236    167.17461     68.60267     98.57193
     -2.92236    196.35575     75.16152    121.19423
     -2.91236    156.76944     53.90497    102.86448
     -2.90236    174.40521     59.21695    115.18827
     -2.89236    167.21645     69.25722     97.95923
     -2.88236    224.81918     94.74007    130.07912
     -2.87236    251.35649     97.40114    153.95535
     -2.86236    204.24645     72.72497    131.52148
     -2.85236    191.21050     60.25096    130.95955
     -2.84236    220.54873     62.14242    158.40631
     -2.83236    259.14105     63.83681    195.30424
     -2.82236    271.25943     66.43479    204.82464
     -2.81236    364.51191     94.05868    270.45323
     -2.80236    331.31571     86.95091    244.36480
     -2.79236    208.84523     52.19052    156.65471
     -2.78236    191.58238     52.86107    138.72131
     -2.77236    325.53711    100.74894    224.78817
     -2.76236    382.09733    116.07388    266.02345
     -2.75236    350.22971    110.73707    239.49264
     -2.74236    280.34437     86.41809    193.92628
     -2.73236    366.87058    105.44985    261.42073
     -2.72236    416.74059    116.99726    299.74333
     -2.71236    329.57136     94.38292    235.18844
     -2.70236    331.73048     90.27720    241.45328
     -2.69236    467.20123    108.02122    359.18002
     -2.68236    414.63363    101.61669    313.01694
     -2.67236    309.57318     91.93110    217.64207
     -2.66236    298.97524     89.49131    209.48393
     -2.65236    269.76173     80.82643    188.93531
     -2.64236    227.84479     62.34852    165.49627
     -2.63236    220.88948     55.70624    165.18324
     -2.62236    286.49498     68.71685    217.77813
     -2.61236    353.81431     89.40594    264.40838
     -2.60236    336.96919     89.85935    247.10983
     -2.59236    324.12158     86.31967    237.80191
     -2.58236    357.35343     85.76661    271.58682
     -2.57236    377.93935     88.91941    289.01994
     -2.56236    351.09802     82.87327    268.22475
     -2.55236    302.73492     74.09572    228.63920
     -2.54236    304.95304     77.74952    227.20352
     -2.53236    356.62462     84.39447    272.23014
     -2.52236    268.50288     61.42566    207.07722
     -2.51236    247.80521     58.32714    189.47807
     -2.50236    301.22629     72.67293    228.55335
     -2.49236    270.96947     63.15608    207.81339
     -2.48236    278.77223     51.49324    227.27899
     -2.47236    259.91549     47.66171    212.25378
     -2.46236    192.23817     41.33869    150.89948
     -2.45236    214.60436     49.17787    165.42648
     -2.44236    266.04796     61.61241    204.43555
     -2.43236    260.91653     64.12068    196.79585
     -2.42236    298.31476     72.10617    226.20859
     -2.41236    337.96870     83.52777    254.44093
     -2.40236    334.22894     75.34820    258.88074
     -2.39236    279.30883     60.95632    218.35251
     -2.38236    299.59977     59.86795    239.73182
     -2.37236    436.12446     82.29677    353.82769
     -2.36236    468.70614     95.80011    372.90603
     -2.35236    395.51840     89.15976    306.35864
     -2.34236    340.28285     81.39768    258.88518
     -2.33236    241.22662     57.60904    183.61757
     -2.32236    242.81550     52.12626    190.68924
     -2.31236    310.20790     64.55381    245.65409
     -2.30236    372.04308     75.62504    296.41804
     -2.29236    270.14812     52.76160    217.38652
     -2.28236    267.57895     50.97274    216.60621
     -2.27236    312.99638     61.15227    251.84411
     -2.26236    325.26517     67.30057    257.96459
     -2.25236    351.25891     71.33288    279.92602
     -2.24236    408.11743     72.01073    336.10670
     -2.23236    310.04370     55.94421    254.09949
     -2.22236    216.56845     38.40477    178.16368
     -2.21236    170.35337     27.06699    143.28638
     -2.20236    173.99262     28.69860    145.29402
     -2.19236    220.77993     37.79402    182.98591
     -2.18236    138.06735     24.96112    113.10623
     -2.17236    123.09336     26.71257     96.38079
     -2.16236    101.11832     17.19662     83.92169
     -2.15236     65.71370      8.68333     57.03037
     -2.14236    135.48849     18.55631    116.93218
     -2.13236    197.53570     29.47543    168.06027
     -2.12236    174.61380     32.67251    141.94130
     -2.11236     82.04998     17.80587     64.24411
     -2.10236     48.13695      9.70478     38.43218
     -2.09236     72.60142     12.90343     59.69798
     -2.08236     90.39480     12.24969     78.14511
     -2.07236     79.98330     11.57054     68.41276
     -2.06236    139.64954     23.52425    116.12529
     -2.05236    133.10026     20.81261    112.28765
     -2.04236    124.12007     17.66175    106.45832
     -2.03236    115.39606     15.62092     99.77514
     -2.02236     67.57205     11.17197     56.40008
     -2.01236     56.15896      9.61214     46.54682
     -2.00236     53.51816      8.30167     45.21650
     -1.99236     13.30356      2.03103     11.27253
     -1.98236      0.57773      0.08831      0.48941
     -1.97236      0.00393      0.00060      0.00333
     -1.96236      0.00000      0.00000      0.00000
     -1.95236      0.00000      0.00000      0.00000
     -1.94236      0.00000      0.00000      0.00000
     -1.93236      0.00000      0.00000      0.00000
     -1.92236      0.00000      0.00000      0.00000
     -1.91236      0.00000      0.00000      0.00000
     -1.90236      0.00000      0.00000      0.00000
     -1.89236      0.00000      0.00000      0.00000
     -1.88236      0.00000      0.00000      0.00000
     -1.87236      0.00000      0.00000      0.00000
     -1.86236      0.00000      0.00000      0.00000
     -1.85236      0.00000      0.00000      0.00000
     -1.84236      0.00000      0.00000      0.00000
     -1.83236      0.00000      0.00000      0.00000
     -1.82236      0.00000      0.00000      0.00000
     -1.81236      0.00000      0.00000      0.00000
     -1.80236      0.00000      0.00000      0.00000
     -1.79236      0.00000      0.00000      0.00000
     -1.78236      0.00000      0.00000      0.00000
     -1.77236      0.00000      0.00000      0.00000
     -1.76236      0.00000      0.00000      0.00000
     -1.75236      0.00000      0.00000      0.00000
     -1.74236      0.00000      0.00000      0.00000
     -1.73236      0.00000      0.00000      0.00000
     -1.72236      0.00000      0.00000      0.00000
     -1.71236      0.00000      0.00000      0.00000
     -1.70236      0.00000      0.00000      0.00000
     -1.69236      0.00000      0.00000      0.00000
     -1.68236      0.00000      0.00000      0.00000
     -1.67236      0.00000      0.00000      0.00000
     -1.66236      0.00000      0.00000      0.00000
     -1.65236      0.00000      0.00000      0.00000
     -1.64236      0.00000      0.00000      0.00000
     -1.63236      0.00000      0.00000      0.00000
     -1.62236      0.00000      0.00000      0.00000
     -1.61236      0.00000      0.00000      0.00000
     -1.60236      0.00000      0.00000      0.00000
     -1.59236      0.00000      0.00000      0.00000
     -1.58236      0.00311      0.00224      0.00087
     -1.57236      0.44605      0.32001      0.12604
     -1.56236      9.45120      6.72871      2.72249
     -1.55236     34.20693     23.93728     10.26966
     -1.54236     33.85947     23.16316     10.69631
     -1.53236     62.67410     42.35948     20.31462
     -1.52236    100.59909     67.35724     33.24185
     -1.51236    125.87261     84.24368     41.62893
     -1.50236    107.15257     71.81621     35.33636
     -1.49236    103.98277     69.39926     34.58351
     -1.48236    101.79706     68.70565     33.09141
     -1.47236     84.74144     58.95433     25.78711
     -1.46236    116.01876     80.22893     35.78983
     -1.45236     84.69459     57.41738     27.27721
     -1.44236     72.83926     48.51981     24.31945
     -1.43236     57.37968     36.91121     20.46848
     -1.42236     70.18247     43.84594     26.33653
     -1.41236    116.26163     72.62208     43.63955
     -1.40236     92.22827     58.04892     34.17935
     -1.39236     88.64913     56.46473     32.18440
     -1.38236     76.23645     49.19330     27.04315
     -1.37236    108.07497     69.48517     38.58979
     -1.36236    154.46189     98.83990     55.62199
     -1.35236    165.03672    107.33349     57.70323
     -1.34236    182.41476    120.89996     61.51480
     -1.33236    171.61875    114.05247     57.56629
     -1.32236    115.97030     79.93614     36.03416
     -1.31236     92.09323     65.35697     26.73625
     -1.30236     92.19507     65.06168     27.13340
     -1.29236     59.72047     40.35921     19.36126
     -1.28236     84.97087     56.36235     28.60852
     -1.27236    102.18866     67.59783     34.59083
     -1.26236    144.36138     93.43955     50.92183
     -1.25236    155.47901    101.65813     53.82088
     -1.24236    124.60597     83.13588     41.47009
     -1.23236    100.30951     67.81712     32.49239
     -1.22236     76.22866     52.05391     24.17476
     -1.21236    146.84802     96.39108     50.45695
     -1.20236    260.12400    173.50411     86.61989
     -1.19236    165.54321    112.78578     52.75742
     -1.18236    101.84875     70.77898     31.06978
     -1.17236    178.62307    123.77890     54.84417
     -1.16236    156.04757    105.70238     50.34518
     -1.15236    182.94114    122.61355     60.32759
     -1.14236    250.68354    169.96253     80.72101
     -1.13236    295.79063    202.75658     93.03405
     -1.12236    233.15695    161.81623     71.34072
     -1.11236    215.11440    148.80733     66.30707
     -1.10236    251.41985    173.40114     78.01871
     -1.09236    273.46865    189.89611     83.57254
     -1.08236    245.36529    168.45399     76.91130
     -1.07236    229.89970    157.31752     72.58218
     -1.06236    226.64679    156.51290     70.13388
     -1.05236    173.21340    118.86297     54.35043
     -1.04236    103.05865     69.77589     33.28276
     -1.03236     86.37216     58.36380     28.00836
     -1.02236    110.38223     76.41852     33.96370
     -1.01236    137.81701     96.86474     40.95227
     -1.00236     93.35879     65.10550     28.25329
     -0.99236    117.28173     78.93440     38.34733
     -0.98236    124.75165     84.36265     40.38900
     -0.97236     94.66576     66.13052     28.53524
     -0.96236    112.27517     78.91490     33.36027
     -0.95236    140.59056     99.02819     41.56237
     -0.94236    154.03478    108.30882     45.72596
     -0.93236    131.26546     92.70356     38.56190
     -0.92236    100.62598     70.29218     30.33380
     -0.91236     86.84959     59.92171     26.92787
     -0.90236    119.38423     83.69276     35.69148
     -0.89236    170.76956    120.97510     49.79446
     -0.88236    124.81070     88.44909     36.36161
     -0.87236     88.88077     62.64011     26.24066
     -0.86236     86.06469     60.68874     25.37595
     -0.85236     58.68522     41.21344     17.47178
     -0.84236     79.07550     56.18481     22.89069
     -0.83236     91.11628     65.04256     26.07371
     -0.82236     65.30239     46.51545     18.78694
     -0.81236     84.96402     60.19546     24.76855
     -0.80236     69.92544     49.44712     20.47832
     -0.79236     59.63335     42.64468     16.98867
     -0.78236     90.73502     64.85425     25.88077
     -0.77236     70.03735     49.43160     20.60575
     -0.76236     43.12926     30.25947     12.86979
     -0.75236     55.41362     39.66416     15.74946
     -0.74236    120.25005     87.33750     32.91255
     -0.73236    208.04470    150.31041     57.73429
     -0.72236    176.58256    125.94756     50.63500
     -0.71236    123.91483     87.56267     36.35216
     -0.70236    116.93835     83.42339     33.51497
     -0.69236    115.65052     84.11070     31.53982
     -0.68236     72.87762     53.51028     19.36734
     -0.67236     17.83418     12.88700      4.94718
     -0.66236      1.10126      0.78854      0.31272
     -0.65236      5.87280      4.36958      1.50322
     -0.64236     38.68303     28.47743     10.20560
     -0.63236     61.64984     44.60575     17.04409
     -0.62236     60.91182     44.22061     16.69121
     -0.61236     84.75784     60.03732     24.72052
     -0.60236    128.33064     91.09425     37.23639
     -0.59236     89.05359     64.28378     24.76980
     -0.58236     62.42383     45.06073     17.36310
     -0.57236     68.07206     49.10867     18.96340
     -0.56236     53.19757     38.43525     14.76232
     -0.55236     77.05209     54.97474     22.07736
     -0.54236     97.95132     70.61363     27.33770
     -0.53236     97.69281     70.80483     26.88798
     -0.52236     90.31085     64.92476     25.38609
     -0.51236     69.73381     50.50954     19.22427
     -0.50236     73.77429     51.88504     21.88925
     -0.49236     95.10619     67.03827     28.06792
     -0.48236     72.38131     51.66229     20.71902
     -0.47236     59.33679     42.48972     16.84707
     -0.46236     55.36046     41.25166     14.10880
     -0.45236     46.21308     35.28501     10.92807
     -0.44236     66.11603     49.52884     16.58719
     -0.43236     63.07980     47.32391     15.75589
     -0.42236     67.66990     51.11134     16.55856
     -0.41236     67.94716     50.46904     17.47812
     -0.40236     68.96884     51.04461     17.92423
     -0.39236     68.17941     48.74317     19.43624
     -0.38236     48.80140     33.98860     14.81280
     -0.37236     18.69154     13.23606      5.45547
     -0.36236     39.18436     27.21891     11.96545
     -0.35236     43.78644     29.54074     14.24570
     -0.34236     33.93443     23.02508     10.90935
     -0.33236     47.42931     33.13233     14.29699
     -0.32236     63.46743     45.69287     17.77456
     -0.31236     38.51319     28.80680      9.70639
     -0.30236     42.98465     31.15562     11.82903
     -0.29236     53.11579     38.05136     15.06443
     -0.28236     50.09549     35.80383     14.29165
     -0.27236     40.14079     28.63102     11.50976
     -0.26236     36.67124     24.28791     12.38333
     -0.25236     69.47156     46.30990     23.16165
     -0.24236     93.28643     65.26064     28.02578
     -0.23236     67.10911     47.89944     19.20967
     -0.22236     60.89973     43.12103     17.77870
     -0.21236     79.14849     56.65871     22.48978
     -0.20236     41.79956     29.54269     12.25687
     -0.19236      5.28833      3.68376      1.60457
     -0.18236      5.42937      4.32719      1.10218
     -0.17236     33.14374     26.50465      6.63909
     -0.16236     43.62315     34.91748      8.70567
     -0.15236     43.45303     34.82038      8.63265
     -0.14236     14.99580     12.01650      2.97930
     -0.13236      2.11363      1.49757      0.61606
     -0.12236     13.26990      8.68599      4.58391
     -0.11236     21.25072     13.96687      7.28385
     -0.10236     26.80044     18.54317      8.25728
     -0.09236     33.92378     25.54513      8.37865
     -0.08236     24.47817     19.55482      4.92336
     -0.07236     17.51814     14.09644      3.42170
     -0.06236      2.91397      2.32256      0.59141
     -0.05236      6.03419      3.94993      2.08426
     -0.04236     33.99588     22.16503     11.83085
     -0.03236     27.40968     17.84053      9.56915
     -0.02236      3.26361      2.12121      1.14240
     -0.01236      4.38030      2.85900      1.52130
     -0.00236     18.86721     12.31538      6.55184
      0.00764     11.12603      7.26240      3.86363
      0.01764      0.88795      0.57960      0.30835
      0.02764      0.00959      0.00626      0.00333
      0.03764      0.00117      0.00076      0.00041
      0.04764      0.22012      0.14339      0.07673
      0.05764      5.67800      3.69849      1.97950
      0.06764     21.29155     13.85801      7.43354
      0.07764     23.49334     15.20482      8.28853
      0.08764     17.30862     11.15893      6.14969
      0.09764      2.66008      1.71437      0.94571
      0.10764      0.05706      0.03677      0.02029
      0.11764      0.00017      0.00011      0.00006
      0.12764      0.00000      0.00000      0.00000
      0.13764      0.00000      0.00000      0.00000
      0.14764      0.00000      0.00000      0.00000
      0.15764      0.00000      0.00000      0.00000
      0.16764      0.00000      0.00000      0.00000
      0.17764      0.00000      0.00000      0.00000
      0.18764      0.00000      0.00000      0.00000
      0.19764      0.00000      0.00000      0.00000
      0.20764      0.00000      0.00000      0.00000
      0.21764      0.00000      0.00000      0.00000
      0.22764      0.00000      0.00000      0.00000
      0.23764      0.00000      0.00000      0.00000
      0.24764      0.00000      0.00000      0.00000
      0.25764      0.00000      0.00000      0.00000
      0.26764      0.00000      0.00000      0.00000
      0.27764      0.00000      0.00000      0.00000
      0.28764      0.00000      0.00000      0.00000
      0.29764      0.00000      0.00000      0.00000
      0.30764      0.00000      0.00000      0.00000
      0.31764      0.00000      0.00000      0.00000
      0.32764      0.00000      0.00000      0.00000
      0.33764      0.00000      0.00000      0.00000
      0.34764      0.00000      0.00000      0.00000
      0.35764      0.00000      0.00000      0.00000
      0.36764      0.00000      0.00000      0.00000
      0.37764      0.00000      0.00000      0.00000
      0.38764      0.00000      0.00000      0.00000
      0.39764      0.00000      0.00000      0.00000
      0.40764      0.00000      0.00000      0.00000
      0.41764      0.00000      0.00000      0.00000
      0.42764      0.00000      0.00000      0.00000
      0.43764      0.00000      0.00000      0.00000
      0.44764      0.00000      0.00000      0.00000
      0.45764      0.00000      0.00000      0.00000
      0.46764      0.00000      0.00000      0.00000
      0.47764      0.00000      0.00000      0.00000
      0.48764      0.00000      0.00000      0.00000
      0.49764      0.00000      0.00000      0.00000
      0.50764      0.00000      0.00000      0.00000
      0.51764      0.00000      0.00000      0.00000
      0.52764      0.00000      0.00000      0.00000
      0.53764      0.00000      0.00000      0.00000
      0.54764      0.00000      0.00000      0.00000
      0.55764      0.00000      0.00000      0.00000
      0.56764      0.00000      0.00000      0.00000
      0.57764      0.00000      0.00000      0.00000
      0.58764      0.00000      0.00000      0.00000
      0.59764      0.00000      0.00000      0.00000
      0.60764      0.00000      0.00000      0.00000
      0.61764      0.00000      0.00000      0.00000
      0.62764      0.00000      0.00000      0.00000
      0.63764      0.00000      0.00000      0.00000
      0.64764      0.00000      0.00000      0.00000
      0.65764      0.00000      0.00000      0.00000
      0.66764      0.00000      0.00000      0.00000
      0.67764      0.00000      0.00000      0.00000
      0.68764      0.00000      0.00000      0.00000
      0.69764      0.00000      0.00000      0.00000
      0.70764      0.00000      0.00000      0.00000
      0.71764      0.00000      0.00000      0.00000
      0.72764      0.00000      0.00000      0.00000
      0.73764      0.00000      0.00000      0.00000
      0.74764      0.00000      0.00000      0.00000
      0.75764      0.00000      0.00000      0.00000
      0.76764      0.00000      0.00000      0.00000
      0.77764      0.00000      0.00000      0.00000
      0.78764      0.00000      0.00000      0.00000
      0.79764      0.00000      0.00000      0.00000
      0.80764      0.00000      0.00000      0.00000
      0.81764      0.00000      0.00000      0.00000
      0.82764      0.00000      0.00000      0.00000
      0.83764      0.00000      0.00000      0.00000
      0.84764      0.00000      0.00000      0.00000
      0.85764      0.00000      0.00000      0.00000
      0.86764      0.00000      0.00000      0.00000
      0.87764      0.00000      0.00000      0.00000
      0.88764      0.00000      0.00000      0.00000
      0.89764      0.00000      0.00000      0.00000
      0.90764      0.00000      0.00000      0.00000
      0.91764      0.00000      0.00000      0.00000
      0.92764      0.00000      0.00000      0.00000
      0.93764      0.00000      0.00000      0.00000
      0.94764      0.00000      0.00000      0.00000
      0.95764      0.00000      0.00000      0.00000
      0.96764      0.00000      0.00000      0.00000
      0.97764      0.00000      0.00000      0.00000
      0.98764      0.00000      0.00000      0.00000
      0.99764      0.00000      0.00000      0.00000
      1.00764      0.00000      0.00000      0.00000
      1.01764      0.00000      0.00000      0.00000
      1.02764      0.00000      0.00000      0.00000
      1.03764      0.00000      0.00000      0.00000
      1.04764      0.00000      0.00000      0.00000
      1.05764      0.00000      0.00000      0.00000
      1.06764      0.00000      0.00000      0.00000
      1.07764      0.00000      0.00000      0.00000
      1.08764      0.00000      0.00000      0.00000
      1.09764      0.00000      0.00000      0.00000
      1.10764      0.00000      0.00000      0.00000
      1.11764      0.00000      0.00000      0.00000
      1.12764      0.00000      0.00000      0.00000
      1.13764      0.00000      0.00000      0.00000
      1.14764      0.00000      0.00000      0.00000
      1.15764      0.00000      0.00000      0.00000
      1.16764      0.00000      0.00000      0.00000
      1.17764      0.00000      0.00000      0.00000
      1.18764      0.00000      0.00000      0.00000
      1.19764      0.00000      0.00000      0.00000
      1.20764      0.00000      0.00000      0.00000
      1.21764      0.00000      0.00000      0.00000
      1.22764      0.00000      0.00000      0.00000
      1.23764      0.00000      0.00000      0.00000
      1.24764      0.00000      0.00000      0.00000
      1.25764      0.00000      0.00000      0.00000
      1.26764      0.00000      0.00000      0.00000
      1.27764      0.00000      0.00000      0.00000
      1.28764      0.00000      0.00000      0.00000
      1.29764      0.00000      0.00000      0.00000
      1.30764      0.00000      0.00000      0.00000
      1.31764      0.00000      0.00000      0.00000
      1.32764      0.00000      0.00000      0.00000
      1.33764      0.00000      0.00000      0.00000
      1.34764      0.00000      0.00000      0.00000
      1.35764      0.00000      0.00000      0.00000
      1.36764      0.00000      0.00000      0.00000
      1.37764      0.00000      0.00000      0.00000
      1.38764      0.00000      0.00000      0.00000
      1.39764      0.00000      0.00000      0.00000
      1.40764      0.00000      0.00000      0.00000
      1.41764      0.00000      0.00000      0.00000
      1.42764      0.00000      0.00000      0.00000
      1.43764      0.00000      0.00000      0.00000
      1.44764      0.00000      0.00000      0.00000
      1.45764      0.00000      0.00000      0.00000
      1.46764      0.00000      0.00000      0.00000
      1.47764      0.00000      0.00000      0.00000
      1.48764      0.00000      0.00000      0.00000
      1.49764      0.00000      0.00000      0.00000
      1.50764      0.00000      0.00000      0.00000
      1.51764      0.00000      0.00000      0.00000
      1.52764      0.00000      0.00000      0.00000
      1.53764      0.00000      0.00000      0.00000
      1.54764      0.00000      0.00000      0.00000
      1.55764      0.00000      0.00000      0.00000
      1.56764      0.00000      0.00000      0.00000
      1.57764      0.00000      0.00000      0.00000
      1.58764      0.00000      0.00000      0.00000
      1.59764      0.00000      0.00000      0.00000
      1.60764      0.00000      0.00000      0.00000
      1.61764      0.00000      0.00000      0.00000
      1.62764      0.00000      0.00000      0.00000
      1.63764      0.00000      0.00000      0.00000
      1.64764      0.00000      0.00000      0.00000
      1.65764      0.00000      0.00000      0.00000
      1.66764      0.00000      0.00000      0.00000
      1.67764      0.00000      0.00000      0.00000
      1.68764      0.00000      0.00000      0.00000
      1.69764      0.00000      0.00000      0.00000
      1.70764      0.00000      0.00000      0.00000
      1.71764      0.00000      0.00000      0.00000
      1.72764      0.00000      0.00000      0.00000
      1.73764      0.00000      0.00000      0.00000
      1.74764      0.00000      0.00000      0.00000
      1.75764      0.00000      0.00000      0.00000
      1.76764      0.00000      0.00000      0.00000
      1.77764      0.00000      0.00000      0.00000
      1.78764      0.00000      0.00000      0.00000
      1.79764      0.00000      0.00000      0.00000
      1.80764      0.00000      0.00000      0.00000
      1.81764      0.00000      0.00000      0.00000
      1.82764      0.00000      0.00000      0.00000
      1.83764      0.00000      0.00000      0.00000
      1.84764      0.00000      0.00000      0.00000
      1.85764      0.00000      0.00000      0.00000
      1.86764      0.00000      0.00000      0.00000
      1.87764      0.00000      0.00000      0.00000
      1.88764      0.00000      0.00000      0.00000
      1.89764      0.00000      0.00000      0.00000
      1.90764      0.00007      0.00005      0.00002
      1.91764      0.04108      0.02971      0.01138
      1.92764      3.28064      2.37229      0.90835
      1.93764     39.54403     28.59753     10.94649
      1.94764     74.94367     54.20439     20.73928
      1.95764     22.56067     16.31937      6.24130
      1.96764      1.04681      0.75729      0.28953
      1.97764      0.00715      0.00517      0.00198
      1.98764      0.00001      0.00001      0.00000
      1.99764      0.00000      0.00000      0.00000
      2.00764      0.00000      0.00000      0.00000
      2.01764      0.00000      0.00000      0.00000
      2.02764      0.00000      0.00000      0.00000
      2.03764      0.00000      0.00000      0.00000
      2.04764      0.00000      0.00000      0.00000
      2.05764      0.00000      0.00000      0.00000
      2.06764      0.00000      0.00000      0.00000
      2.07764      0.00000      0.00000      0.00000
      2.08764      0.00000      0.00000      0.00000
      2.09764      0.00000      0.00000      0.00000
      2.10764      0.00000      0.00000      0.00000
      2.11764      0.00000      0.00000      0.00000
      2.12764      0.00000      0.00000      0.00000
      2.13764      0.00000      0.00000      0.00000
      2.14764      0.00000      0.00000      0.00000
      2.15764      0.00000      0.00000      0.00000
      2.16764      0.00001      0.00001      0.00000
      2.17764      0.00858      0.00621      0.00237
      2.18764      1.08045      0.78182      0.29863
      2.19764     20.01333     14.48216      5.53117
      2.20764     64.44573     46.63768     17.80805
      2.21764     47.51299     34.38480     13.12819
      2.22764      8.11585      5.87295      2.24291
      2.23764      0.24795      0.17941      0.06854
      2.24764      0.00115      0.00083      0.00032
      2.25764      0.00000      0.00000      0.00000
      2.26764      0.00000      0.00000      0.00000
      2.27764      0.00000      0.00000      0.00000
      2.28764      0.00000      0.00000      0.00000
      2.29764      0.00000      0.00000      0.00000
      2.30764      0.00000      0.00000      0.00000
      2.31764      0.00000      0.00000      0.00000
      2.32764      0.00000      0.00000      0.00000
      2.33764      0.00000      0.00000      0.00000
      2.34764      0.00000      0.00000      0.00000
      2.35764      0.00000      0.00000      0.00000
      2.36764      0.00000      0.00000      0.00000
      2.37764      0.00000      0.00000      0.00000
      2.38764      0.00000      0.00000      0.00000
      2.39764      0.00000      0.00000      0.00000
      2.40764      0.00000      0.00000      0.00000
      2.41764      0.00000      0.00000      0.00000
      2.42764      0.00000      0.00000      0.00000
      2.43764      0.00000      0.00000      0.00000
      2.44764      0.00000      0.00000      0.00000
      2.45764      0.00000      0.00000      0.00000
      2.46764      0.00000      0.00000      0.00000
      2.47764      0.00000      0.00000      0.00000
      2.48764      0.00000      0.00000      0.00000
      2.49764      0.00000      0.00000      0.00000
      2.50764      0.00000      0.00000      0.00000
      2.51764      0.00000      0.00000      0.00000
      2.52764      0.00000      0.00000      0.00000
      2.53764      0.00000      0.00000      0.00000
      2.54764      0.00000      0.00000      0.00000
      2.55764      0.00000      0.00000      0.00000
      2.56764      0.00000      0.00000      0.00000
      2.57764      0.00000      0.00000      0.00000
      2.58764      0.00000      0.00000      0.00000
      2.59764      0.00000      0.00000      0.00000
      2.60764      0.00000      0.00000      0.00000
      2.61764      0.00000      0.00000      0.00000
      2.62764      0.00000      0.00000      0.00000
      2.63764      0.00000      0.00000      0.00000
      2.64764      0.00000      0.00000      0.00000
      2.65764      0.00000      0.00000      0.00000
      2.66764      0.00000      0.00000      0.00000
      2.67764      0.00000      0.00000      0.00000
      2.68764      0.00000      0.00000      0.00000
      2.69764      0.00000      0.00000      0.00000
      2.70764      0.00000      0.00000      0.00000
      2.71764      0.00000      0.00000      0.00000
      2.72764      0.00000      0.00000      0.00000
      2.73764      0.00000      0.00000      0.00000
      2.74764      0.00000      0.00000      0.00000
      2.75764      0.00000      0.00000      0.00000
      2.76764      0.00000      0.00000      0.00000
      2.77764      0.00000      0.00000      0.00000
      2.78764      0.00005      0.00005      0.00000
      2.79764      0.02438      0.02208      0.00230
      2.80764      1.61024      1.45789      0.15235
      2.81764     15.60148     14.03122      1.57026
      2.82764     35.73305     29.73522      5.99782
      2.83764     51.45433     32.99928     18.45505
      2.84764    120.59209     60.76243     59.82966
      2.85764    186.46429     93.47871     92.98558
      2.86764    114.33074     58.00937     56.32137
      2.87764    127.70718     64.58787     63.11931
      2.88764    108.70416     55.15176     53.55239
      2.89764    148.56918     86.41982     62.14936
      2.90764    181.90970    109.99236     71.91733
      2.91764    180.35517     99.21743     81.13775
      2.92764    207.06291    107.92072     99.14219
      2.93764    222.00163    117.84646    104.15516
      2.94764    195.99959     98.57275     97.42684
      2.95764    193.88949    103.86638     90.02312
      2.96764    160.25789     94.86255     65.39534
      2.97764    135.84912     79.91117     55.93795
      2.98764    125.53394     64.31131     61.22263
      2.99764    121.59218     60.83368     60.75850
      3.00764    151.60867     82.53113     69.07754
      3.01764    220.12931    130.13759     89.99172
      3.02764    240.65805    140.07940    100.57865
      3.03764    189.07099    100.22113     88.84985
      3.04764    166.71937     85.45478     81.26459
      3.05764    212.90276    110.58763    102.31513
      3.06764    200.87576    107.98965     92.88611
      3.07764    282.56744    157.39229    125.17516
      3.08764    293.92745    161.03670    132.89075
      3.09764    210.02140    116.58025     93.44115
      3.10764    147.37471     96.97851     50.39620
      3.11764    164.04344    106.19422     57.84922
      3.12764    118.08562     70.83073     47.25489
      3.13764    100.14113     54.91021     45.23092
      3.14764    159.20363     85.88090     73.32273
      3.15764    175.69216     95.55852     80.13364
      3.16764    221.95829    126.83876     95.11952
      3.17764    244.63482    142.54336    102.09146
      3.18764    272.22987    155.02973    117.20015
      3.19764    210.26248    116.31114     93.95134
      3.20764    172.09495     90.97382     81.12113
      3.21764    147.34348     84.45615     62.88733
      3.22764    171.82086    109.77852     62.04233
      3.23764    177.12298    107.66052     69.46246
      3.24764    137.87213     83.46873     54.40339
      3.25764     99.26255     55.94442     43.31812
      3.26764    155.38585     81.49904     73.88681
      3.27764    193.76772    108.96155     84.80618
      3.28764    254.18510    145.75425    108.43084
      3.29764    277.83323    157.83070    120.00253
      3.30764    272.76128    157.95632    114.80496
      3.31764    282.39052    159.53756    122.85296
      3.32764    284.18787    153.59491    130.59296
      3.33764    197.47773    112.12467     85.35306
      3.34764    258.91812    154.02731    104.89080
      3.35764    339.66388    204.40528    135.25860
      3.36764    264.27563    157.40966    106.86597
      3.37764    227.04623    127.13409     99.91214
      3.38764    182.26739    105.39280     76.87459
      3.39764    278.14400    171.35535    106.78865
      3.40764    340.10244    204.59354    135.50890
      3.41764    413.18256    242.59271    170.58985
      3.42764    380.29591    228.57014    151.72577
      3.43764    282.58489    167.37282    115.21207
      3.44764    316.93072    185.95732    130.97339
      3.45764    274.58642    170.75597    103.83045
      3.46764    264.24255    163.77707    100.46548
      3.47764    284.48020    171.63505    112.84515
      3.48764    244.69042    147.02409     97.66633
      3.49764    209.26597    127.63725     81.62872
      3.50764    154.36107     92.58205     61.77902
      3.51764    115.80744     69.15031     46.65713
      3.52764    179.41107    107.06064     72.35043
      3.53764    192.28835    115.22402     77.06433
      3.54764    163.59121     97.92206     65.66915
      3.55764    141.41835     81.49536     59.92299
      3.56764    211.96296    123.47518     88.48778
      3.57764    230.56864    135.61761     94.95103
      3.58764    184.86446    109.05570     75.80877
      3.59764    196.97707    121.87940     75.09767
      3.60764    242.71452    153.01579     89.69873
      3.61764    228.01991    140.50161     87.51830
      3.62764    276.15972    163.50276    112.65696
      3.63764    354.72315    208.34272    146.38044
      3.64764    361.09448    212.40795    148.68653
      3.65764    278.88025    165.69875    113.18151
      3.66764    280.92105    172.11924    108.80181
      3.67764    263.13207    165.03797     98.09410
      3.68764    200.93730    128.95916     71.97813
      3.69764    251.70940    167.55956     84.14984
      3.70764    301.81618    195.73650    106.07968
      3.71764    219.95691    138.57617     81.38074
      3.72764    195.66832    121.15920     74.50912
      3.73764    191.14205    119.92845     71.21360
      3.74764    175.65980    113.16926     62.49054
      3.75764    175.65431    114.70942     60.94489
      3.76764    167.13033    106.69465     60.43568
      3.77764    175.02783    114.06825     60.95958
      3.78764    182.57885    123.87582     58.70303
      3.79764    111.32831     76.33324     34.99507
      3.80764     58.26058     37.13996     21.12062
      3.81764     84.87569     53.38434     31.49135
      3.82764    167.74831    109.50063     58.24767
      3.83764    166.33884    112.09906     54.23978
      3.84764    108.64424     77.61701     31.02722
      3.85764     87.72734     60.75873     26.96860
      3.86764    158.65064    105.08342     53.56723
      3.87764    225.23701    148.58668     76.65033
      3.88764    209.06745    146.32053     62.74691
      3.89764    205.96713    146.29335     59.67378
      3.90764    190.00839    133.98033     56.02806
      3.91764    154.69106    112.05403     42.63704
      3.92764    112.41317     79.34530     33.06787
      3.93764     90.93687     61.84849     29.08839
      3.94764     62.78692     41.18535     21.60158
      3.95764    107.33699     69.05980     38.27719
      3.96764    135.65393     90.45414     45.19979
      3.97764    119.15273     79.03188     40.12085
      3.98764     86.74798     60.89439     25.85359
      3.99764    108.57024     82.97274     25.59750
      4.00764    146.58721    106.61143     39.97579
      4.01764    177.10687    130.69205     46.41482
      4.02764    177.94823    133.85946     44.08877
      4.03764    196.84399    143.14429     53.69971
      4.04764    206.46416    145.37159     61.09257
      4.05764    241.88210    170.06338     71.81872
      4.06764    195.73406    135.73613     59.99793
      4.07764    135.48083     89.21110     46.26974
      4.08764    103.58318     68.81171     34.77147
      4.09764    170.46961    117.68099     52.78862
      4.10764    267.90959    183.26842     84.64117
      4.11764    244.15056    171.61962     72.53095
      4.12764    133.31731     93.39391     39.92340
      4.13764    144.62663     98.72084     45.90579
      4.14764    137.25883     94.68322     42.57562
      4.15764    117.86960     84.35599     33.51361
      4.16764     91.12093     66.39237     24.72856
      4.17764     84.84620     57.73490     27.11130
      4.18764    149.23657    100.86528     48.37128
      4.19764    249.53731    173.79521     75.74210
      4.20764    310.65989    217.09796     93.56193
      4.21764    254.77253    174.98256     79.78997
      4.22764    187.86682    126.32520     61.54162
      4.23764    147.73460     92.41677     55.31783
      4.24764    115.29068     76.11788     39.17280
      4.25764     59.47417     41.34883     18.12534
      4.26764    145.82299     95.61677     50.20623
      4.27764    244.30155    158.03741     86.26415
      4.28764    249.15154    160.52352     88.62803
      4.29764    227.09950    156.24905     70.85045
      4.30764    247.62594    178.66461     68.96133
      4.31764    239.04815    165.76614     73.28201
      4.32764    188.10848    127.53234     60.57613
      4.33764    223.58297    148.53008     75.05288
      4.34764    282.77706    180.61346    102.16360
      4.35764    198.27123    118.79467     79.47656
      4.36764    227.78216    132.97374     94.80842
      4.37764    298.84368    170.02799    128.81569
      4.38764    349.34295    204.39210    144.95085
      4.39764    297.43718    186.01334    111.42384
      4.40764    320.70175    195.32508    125.37667
      4.41764    267.51186    159.41130    108.10056
      4.42764    310.05659    190.48278    119.57381
      4.43764    460.86773    272.57767    188.29005
      4.44764    443.38667    258.64741    184.73926
      4.45764    422.41860    256.72359    165.69501
      4.46764    589.48184    358.93018    230.55166
      4.47764    560.34543    343.86666    216.47877
      4.48764    404.15237    246.44327    157.70910
      4.49764    288.24104    180.23344    108.00760
      4.50764    393.74184    247.29774    146.44410
      4.51764    463.24793    288.75754    174.49039
      4.52764    468.70178    295.43799    173.26380
      4.53764    470.91823    300.50030    170.41793
      4.54764    360.00600    232.74643    127.25957
      4.55764    252.38397    168.84495     83.53902
      4.56764    240.26974    158.93718     81.33255
      4.57764    286.84270    183.03368    103.80903
      4.58764    250.61681    157.53233     93.08447
      4.59764    200.89169    119.69627     81.19542
      4.60764    180.28109    109.97211     70.30898
      4.61764    254.38616    162.16452     92.22163
      4.62764    230.74290    147.33029     83.41261
      4.63764    200.86499    115.42927     85.43572
      4.64764    229.74381    120.85770    108.88610
      4.65764    161.06474     88.61634     72.44841
      4.66764    220.25546    131.39472     88.86075
      4.67764    335.99259    190.41203    145.58056
      4.68764    266.08279    144.92041    121.16238
      4.69764    146.62689     76.77937     69.84751
      4.70764    132.92546     66.41116     66.51431
      4.71764    159.57979     78.61580     80.96400
      4.72764    178.84937     91.31284     87.53653
      4.73764    206.25066    109.84915     96.40151
      4.74764    155.00183     82.39252     72.60930
      4.75764    113.62951     63.52791     50.10160
      4.76764    124.78714     69.70826     55.07889
      4.77764    142.28325     82.22866     60.05459
      4.78764    172.58795     98.09084     74.49712
      4.79764    211.30329    115.59982     95.70347
      4.80764    184.70437    104.92706     79.77731
      4.81764    129.51597     71.38704     58.12893
      4.82764    142.97270     73.38353     69.58917
      4.83764    197.05002    103.90116     93.14887
      4.84764    191.13858    104.07196     87.06662
      4.85764    146.48344     77.64315     68.84029
      4.86764    110.47493     59.88030     50.59463
      4.87764     80.90438     46.61264     34.29174
      4.88764     75.02062     39.53722     35.48340
      4.89764     63.09538     31.45532     31.64006
      4.90764     76.79124     38.37211     38.41913
      4.91764    122.80957     67.33385     55.47571
      4.92764    122.10706     66.63664     55.47042
      4.93764    104.54054     56.28851     48.25203
      4.94764    163.72093     85.80638     77.91456
      4.95764    183.28815     96.31227     86.97589
      4.96764    161.89803     90.06808     71.82994
      4.97764     98.87019     53.05261     45.81758
      4.98764     91.91567     49.11749     42.79818
      4.99764     93.98254     48.36461     45.61793
      5.00764    118.26577     61.14908     57.11669
      5.01764    145.52070     73.15877     72.36193
      5.02764    130.38225     63.98042     66.40184
      5.03764     95.45827     47.10746     48.35081
      5.04764     72.82111     35.07473     37.74638
      5.05764    132.96870     64.74728     68.22143
      5.06764    116.27888     56.25891     60.01998
